13:50:01.401 [main                     ] DEBUG Logger               - Configured Logger
13:50:01.427 [main                     ] DEBUG GameApplication      - Logging settings
Title: Simulador Restaurante :D
Version: 0.0
Width: 1200
Height: 750
Fullscreen: false
Intro: false
Profiling: false
Single step:false
App Mode: DEVELOPER
Menu Key: ESCAPE
Stage Style: DECORATED
Scene Factory: class com.almasb.fxgl.app.scene.SceneFactory

13:50:01.652 [JavaFX Application Thread] DEBUG FXGLApplication      - Initializing FXGL
13:50:01.655 [JavaFX Application Thread] INFO  Engine               - FXGL-17.3 (30.03.2023 11.49) on WINDOWS (J:17.0.9 FX:17.0.6)
13:50:01.656 [JavaFX Application Thread] DEBUG Engine               - JRE Vendor Name: Oracle Corporation
13:50:01.656 [JavaFX Application Thread] DEBUG Engine               - Running on OS: Windows 11 version 10.0
13:50:01.656 [JavaFX Application Thread] DEBUG Engine               - Architecture: amd64
13:50:01.656 [JavaFX Application Thread] INFO  Engine               - Source code and latest versions at: https://github.com/AlmasB/FXGL
13:50:01.656 [JavaFX Application Thread] INFO  Engine               -       Ask questions and discuss at: https://github.com/AlmasB/FXGL/discussions
13:50:01.656 [JavaFX Application Thread] INFO  Engine               -              Join the FXGL chat at: https://gitter.im/AlmasB/FXGL
13:50:01.718 [JavaFX Application Thread] DEBUG PrimaryStageWindow   - Creating a JavaFX scene
13:50:01.747 [JavaFX Application Thread] DEBUG PrimaryStageWindow   - Target settings size: 1200.0 x 750.0
13:50:01.747 [JavaFX Application Thread] DEBUG PrimaryStageWindow   - Scaled scene size:    1200.0 x 750.0
13:50:01.748 [JavaFX Application Thread] DEBUG PrimaryStageWindow   - Scaled ratio: (1.0, 1.0)
13:50:01.748 [JavaFX Application Thread] DEBUG PrimaryStageWindow   - Set initial scene to FXGLStartupScene
13:50:01.754 [JavaFX Application Thread] DEBUG PrimaryStageWindow   - Opening main window
13:50:01.820 [JavaFX Application Thread] DEBUG PrimaryStageWindow   - Window border size: (14.4000244140625, 38.0)
13:50:01.820 [JavaFX Application Thread] DEBUG PrimaryStageWindow   - Scaled size: 1200.0 x 750.0
13:50:01.820 [JavaFX Application Thread] DEBUG PrimaryStageWindow   - Scaled ratio: (1.0, 1.0)
13:50:01.820 [JavaFX Application Thread] DEBUG PrimaryStageWindow   - Scene size: 1200.0 x 750.0
13:50:01.820 [JavaFX Application Thread] DEBUG PrimaryStageWindow   - Stage size: 1214.4000244140625 x 788.0
13:50:01.825 [FXGL Background Thread 1 ] DEBUG Engine               - Initializing environment variables
13:50:01.848 [FXGL Background Thread 1 ] DEBUG FXGLAssetLoaderServi - User app class for loading assets: class org.example.simulador_restaurante.HelloApplication
13:50:01.849 [FXGL Background Thread 1 ] DEBUG GameApplicationServi - Applying CSS: fxgl_dark.css
13:50:01.849 [FXGL Background Thread 1 ] DEBUG FXGLAssetLoaderServi - Loading from file system: jar:file:///C:/Users/emili/.m2/repository/com/github/almasb/fxgl/17.3/fxgl-17.3.jar!/fxglassets/ui/css/fxgl_dark.css
13:50:01.896 [FXGL Background Thread 1 ] DEBUG GameApplicationServi - Initializing application scenes
13:50:01.943 [FXGL Background Thread 1 ] DEBUG GameWorld            - Game world initialized
13:50:02.003 [FXGL Background Thread 1 ] DEBUG PhysicsWorld         - Physics world initialized: appHeight=750, physics.ppm=50.0
13:50:02.003 [FXGL Background Thread 1 ] DEBUG PhysicsWorld         - Using strategy: BRUTE_FORCE
13:50:02.007 [FXGL Background Thread 1 ] DEBUG GameScene            - Game scene initialized: 1200x750
13:50:02.019 [FXGL Background Thread 1 ] DEBUG FXGL.DefaultMenu     - createMenuBodyGameMenu()
13:50:02.036 [FXGL Background Thread 1 ] DEBUG FXGL.DefaultMenu     - createOptionsMenu()
13:50:02.044 [FXGL Background Thread 1 ] DEBUG FXGLAssetLoaderServi - Loading from file system: jar:file:///C:/Users/emili/.m2/repository/com/github/almasb/fxgl/17.3/fxgl-17.3.jar!/fxglassets/textures/particles/smoke.png
13:50:02.136 [FXGL Background Thread 1 ] DEBUG FXGLAssetLoaderServi - Loading from file system: jar:file:///C:/Users/emili/.m2/repository/com/github/almasb/fxgl/17.3/fxgl-17.3.jar!/fxglassets/textures/particles/trace_horizontal.png
13:50:02.172 [FXGL Background Thread 1 ] DEBUG GameApplicationServi - Application scenes initialized
13:50:02.182 [FXGL Background Thread 1 ] DEBUG SystemBundleService  - Loading FXGL system data
13:50:02.186 [FXGL Background Thread 1 ] DEBUG FileSystemAccess     - Reading from: C:\Users\emili\OneDrive\Escritorio\UP\Septimo cuatrimestre\programacion concurrente\corte 3\Simulador-restaurante\system\fxgl.bundle
13:50:02.195 [FXGL Background Thread 1 ] DEBUG SystemBundleService  - Bundle FXGL: {}
13:50:02.196 [FXGL Background Thread 1 ] DEBUG UpdaterService       - Checking for updates
13:50:02.203 [FXGL Background Thread 4 ] DEBUG FXGLApplication      - Loading fonts
13:50:02.203 [FXGL Background Thread 4 ] DEBUG FXGLAssetLoaderServi - Loading from file system: jar:file:///C:/Users/emili/.m2/repository/com/github/almasb/fxgl/17.3/fxgl-17.3.jar!/fxglassets/ui/fonts/VarelaRound-Regular.ttf
13:50:02.204 [FXGL Background Thread 1 ] DEBUG FXGLApplication      - Loading default localization
13:50:02.205 [FXGL Background Thread 1 ] DEBUG FXGLAssetLoaderServi - Loading from file system: jar:file:///C:/Users/emili/.m2/repository/com/github/almasb/fxgl/17.3/fxgl-17.3.jar!/fxglassets/languages/english.lang
13:50:02.230 [FXGL Background Thread 1 ] INFO  FXGLApplication      - FXGL initialization took: 0.404 sec
13:50:02.231 [JavaFX Application Thread] DEBUG FXGLAssetLoaderServi - Loading from file system: jar:file:///C:/Users/emili/.m2/repository/com/github/almasb/fxgl/17.3/fxgl-17.3.jar!/fxglassets/textures/fxgl_icon.png
13:50:02.250 [JavaFX Application Thread] DEBUG FXGLAssetLoaderServi - Loading from file system: jar:file:///C:/Users/emili/.m2/repository/com/github/almasb/fxgl/17.3/fxgl-17.3.jar!/fxglassets/textures/fxgl_default_cursor.png
13:50:02.262 [JavaFX Application Thread] DEBUG Input                - Registered new binding: Screenshot - CTRL+8
13:50:02.262 [JavaFX Application Thread] DEBUG Input                - Registered new binding: System info dump - CTRL+9
13:50:02.263 [JavaFX Application Thread] DEBUG Input                - Registered new binding: Restart - CTRL+R
13:50:02.264 [JavaFX Application Thread] DEBUG Input                - Registered new binding: Toggle Debug Camera - CTRL+7
13:50:02.273 [JavaFX Application Thread] DEBUG LoopRunner           - Starting loop
13:50:02.273 [JavaFX Application Thread] DEBUG LoopRunner           - Initializing JavaFX AnimationTimerLoop
13:50:02.281 [JavaFX Application Thread] DEBUG GameApplicationServi - Starting new game
13:50:02.281 [JavaFX Application Thread] DEBUG Input                - Clearing active input actions
13:50:02.290 [FXGL Background Thread 4 ] DEBUG FXGLAssetLoaderServi - Loading from file system: jar:file:///C:/Users/emili/.m2/repository/com/github/almasb/fxgl/17.3/fxgl-17.3.jar!/fxglassets/ui/fonts/Abel-Regular.ttf
13:50:02.293 [FXGL Background Thread 4 ] DEBUG FXGLAssetLoaderServi - Loading from file system: jar:file:///C:/Users/emili/.m2/repository/com/github/almasb/fxgl/17.3/fxgl-17.3.jar!/fxglassets/ui/fonts/TerminalLandMono-Regular.otf
13:50:02.296 [FXGL Background Thread 4 ] DEBUG FXGLAssetLoaderServi - Loading from file system: jar:file:///C:/Users/emili/.m2/repository/com/github/almasb/fxgl/17.3/fxgl-17.3.jar!/fxglassets/ui/fonts/Courier-Prime.ttf
13:50:02.297 [JavaFX Application Thread] DEBUG GameApplicationServi - Removing overlay from FXGLStartupScene and adding to FXGLLoadingScene
13:50:02.298 [JavaFX Application Thread] DEBUG PrimaryStageWindow   - FXGLStartupScene -> FXGLLoadingScene
13:50:02.298 [JavaFX Application Thread] DEBUG GameApplicationServi - Clearing previous game
13:50:02.298 [JavaFX Application Thread] DEBUG GameScene            - Clearing game scene
13:50:02.298 [JavaFX Application Thread] DEBUG GameWorld            - Clearing game world
13:50:02.298 [JavaFX Application Thread] DEBUG PhysicsWorld         - Clearing physics world
13:50:02.303 [FXGL Background Thread 1 ] DEBUG FXGLApplication      - Initializing game
13:50:02.325 [FXGL Background Thread 1 ] DEBUG FXGLAssetLoaderServi - Loading from file system: file:/C:/Users/emili/OneDrive/Escritorio/UP/Septimo%20cuatrimestre/programacion%20concurrente/corte%203/Simulador-restaurante/target/classes/assets/textures/wood_floor.jpg
13:50:02.342 [FXGL Background Thread 1 ] DEBUG FXGLAssetLoaderServi - Loading from file system: file:/C:/Users/emili/OneDrive/Escritorio/UP/Septimo%20cuatrimestre/programacion%20concurrente/corte%203/Simulador-restaurante/target/classes/assets/textures/chef.png
13:50:02.371 [JavaFX Application Thread] DEBUG FXGLApplication      - Registering font factories with UI factory
13:50:02.388 [FXGL Background Thread 1 ] INFO  FXGLApplication      - Game initialization took: 0.085 sec
13:50:02.453 [JavaFX Application Thread] DEBUG Input                - Clearing active input actions
13:50:02.460 [JavaFX Application Thread] DEBUG GameApplicationServi - Removing overlay from FXGLLoadingScene and adding to GameScene
13:50:02.460 [JavaFX Application Thread] DEBUG PrimaryStageWindow   - FXGLLoadingScene -> GameScene
13:50:02.816 [FXGL Background Thread 2 ] INFO  UpdaterService       - Your current version:  17.3
13:50:02.816 [FXGL Background Thread 2 ] INFO  UpdaterService       - Latest stable version: 21.1
13:50:03.536 [JavaFX Application Thread] DEBUG FXGLApplication      - Exiting FXGL
13:50:03.537 [JavaFX Application Thread] DEBUG LoopRunner           - Stopping loop
13:50:03.537 [JavaFX Application Thread] DEBUG SystemBundleService  - Saving FXGL system data
13:50:03.539 [JavaFX Application Thread] DEBUG FileSystemAccess     - Writing to: C:\Users\emili\OneDrive\Escritorio\UP\Septimo cuatrimestre\programacion concurrente\corte 3\Simulador-restaurante\system\fxgl.bundle
13:50:03.540 [JavaFX Application Thread] DEBUG Async                - Shutting down background threads
13:50:03.540 [JavaFX Application Thread] DEBUG PrimaryStageWindow   - Closing main window
13:50:03.552 [JavaFX Application Thread] DEBUG Logger               - Closing Logger
