12:56:04.925 [main                     ] DEBUG Logger               - Configured Logger
12:56:04.948 [main                     ] DEBUG GameApplication      - Logging settings
Title: Simulador Restaurante :D
Version: 1.0
Width: 1200
Height: 760
Fullscreen: false
Intro: false
Profiling: false
Single step:false
App Mode: DEVELOPER
Menu Key: ESCAPE
Stage Style: DECORATED
Scene Factory: class com.almasb.fxgl.app.scene.SceneFactory

12:56:10.248 [JavaFX Application Thread] DEBUG FXGLApplication      - Initializing FXGL
12:56:10.252 [JavaFX Application Thread] INFO  Engine               - FXGL-17.3 (30.03.2023 11.49) on MAC (J:17.0.9 FX:20)
12:56:10.252 [JavaFX Application Thread] DEBUG Engine               - JRE Vendor Name: Amazon.com Inc.
12:56:10.252 [JavaFX Application Thread] DEBUG Engine               - Running on OS: Mac OS X version 15.0
12:56:10.253 [JavaFX Application Thread] DEBUG Engine               - Architecture: x86_64
12:56:10.253 [JavaFX Application Thread] INFO  Engine               - Source code and latest versions at: https://github.com/AlmasB/FXGL
12:56:10.253 [JavaFX Application Thread] INFO  Engine               -       Ask questions and discuss at: https://github.com/AlmasB/FXGL/discussions
12:56:10.253 [JavaFX Application Thread] INFO  Engine               -              Join the FXGL chat at: https://gitter.im/AlmasB/FXGL
12:56:10.355 [JavaFX Application Thread] DEBUG PrimaryStageWindow   - Creating a JavaFX scene
12:56:10.388 [JavaFX Application Thread] DEBUG PrimaryStageWindow   - Target settings size: 1200.0 x 760.0
12:56:10.389 [JavaFX Application Thread] DEBUG PrimaryStageWindow   - Scaled scene size:    1200.0 x 760.0
12:56:10.389 [JavaFX Application Thread] DEBUG PrimaryStageWindow   - Scaled ratio: (1.0, 1.0)
12:56:10.390 [JavaFX Application Thread] DEBUG PrimaryStageWindow   - Set initial scene to FXGLStartupScene
12:56:10.392 [JavaFX Application Thread] DEBUG PrimaryStageWindow   - Opening main window
12:56:10.472 [JavaFX Application Thread] DEBUG PrimaryStageWindow   - Window border size: (0.0, 28.0)
12:56:10.472 [JavaFX Application Thread] DEBUG PrimaryStageWindow   - Scaled size: 1200.0 x 760.0
12:56:10.473 [JavaFX Application Thread] DEBUG PrimaryStageWindow   - Scaled ratio: (1.0, 1.0)
12:56:10.473 [JavaFX Application Thread] DEBUG PrimaryStageWindow   - Scene size: 1200.0 x 760.0
12:56:10.473 [JavaFX Application Thread] DEBUG PrimaryStageWindow   - Stage size: 1200.0 x 788.0
12:56:10.477 [FXGL Background Thread 1 ] DEBUG Engine               - Initializing environment variables
12:56:10.501 [FXGL Background Thread 1 ] DEBUG FXGLAssetLoaderServi - User app class for loading assets: class org.example.simulador_restaurante.HelloApplication
12:56:10.502 [FXGL Background Thread 1 ] DEBUG GameApplicationServi - Applying CSS: fxgl_dark.css
12:56:10.502 [FXGL Background Thread 1 ] DEBUG FXGLAssetLoaderServi - Loading from file system: jar:file:///Users/rextro/.m2/repository/com/github/almasb/fxgl/17.3/fxgl-17.3.jar!/fxglassets/ui/css/fxgl_dark.css
12:56:10.538 [FXGL Background Thread 1 ] DEBUG GameApplicationServi - Initializing application scenes
12:56:10.612 [FXGL Background Thread 1 ] DEBUG GameWorld            - Game world initialized
12:56:10.649 [FXGL Background Thread 1 ] DEBUG PhysicsWorld         - Physics world initialized: appHeight=760, physics.ppm=50.0
12:56:10.650 [FXGL Background Thread 1 ] DEBUG PhysicsWorld         - Using strategy: BRUTE_FORCE
12:56:10.653 [FXGL Background Thread 1 ] DEBUG GameScene            - Game scene initialized: 1200x760
12:56:10.663 [FXGL Background Thread 1 ] DEBUG FXGL.DefaultMenu     - createMenuBodyGameMenu()
12:56:10.679 [FXGL Background Thread 1 ] DEBUG FXGL.DefaultMenu     - createOptionsMenu()
12:56:10.687 [FXGL Background Thread 1 ] DEBUG FXGLAssetLoaderServi - Loading from file system: jar:file:///Users/rextro/.m2/repository/com/github/almasb/fxgl/17.3/fxgl-17.3.jar!/fxglassets/textures/particles/smoke.png
12:56:10.757 [FXGL Background Thread 1 ] DEBUG FXGLAssetLoaderServi - Loading from file system: jar:file:///Users/rextro/.m2/repository/com/github/almasb/fxgl/17.3/fxgl-17.3.jar!/fxglassets/textures/particles/trace_horizontal.png
12:56:10.777 [FXGL Background Thread 1 ] DEBUG GameApplicationServi - Application scenes initialized
12:56:10.786 [FXGL Background Thread 1 ] DEBUG SystemBundleService  - Loading FXGL system data
12:56:10.789 [FXGL Background Thread 1 ] DEBUG FileSystemAccess     - Reading from: /Users/rextro/Documents/7mo/Concurrente/C3/Simulador-restaurante/system/fxgl.bundle
12:56:10.794 [FXGL Background Thread 1 ] DEBUG SystemBundleService  - Bundle FXGL: {}
12:56:10.794 [FXGL Background Thread 1 ] DEBUG UpdaterService       - Checking for updates
12:56:10.797 [FXGL Background Thread 4 ] DEBUG FXGLApplication      - Loading fonts
12:56:10.798 [FXGL Background Thread 4 ] DEBUG FXGLAssetLoaderServi - Loading from file system: jar:file:///Users/rextro/.m2/repository/com/github/almasb/fxgl/17.3/fxgl-17.3.jar!/fxglassets/ui/fonts/VarelaRound-Regular.ttf
12:56:10.798 [FXGL Background Thread 1 ] DEBUG FXGLApplication      - Loading default localization
12:56:10.798 [FXGL Background Thread 1 ] DEBUG FXGLAssetLoaderServi - Loading from file system: jar:file:///Users/rextro/.m2/repository/com/github/almasb/fxgl/17.3/fxgl-17.3.jar!/fxglassets/languages/english.lang
12:56:10.807 [FXGL Background Thread 4 ] DEBUG FXGLAssetLoaderServi - Loading from file system: jar:file:///Users/rextro/.m2/repository/com/github/almasb/fxgl/17.3/fxgl-17.3.jar!/fxglassets/ui/fonts/Abel-Regular.ttf
12:56:10.809 [FXGL Background Thread 4 ] DEBUG FXGLAssetLoaderServi - Loading from file system: jar:file:///Users/rextro/.m2/repository/com/github/almasb/fxgl/17.3/fxgl-17.3.jar!/fxglassets/ui/fonts/TerminalLandMono-Regular.otf
12:56:10.812 [FXGL Background Thread 1 ] INFO  FXGLApplication      - FXGL initialization took: 0.335 sec
12:56:10.813 [FXGL Background Thread 4 ] DEBUG FXGLAssetLoaderServi - Loading from file system: jar:file:///Users/rextro/.m2/repository/com/github/almasb/fxgl/17.3/fxgl-17.3.jar!/fxglassets/ui/fonts/Courier-Prime.ttf
12:56:10.813 [JavaFX Application Thread] DEBUG FXGLAssetLoaderServi - Loading from file system: jar:file:///Users/rextro/.m2/repository/com/github/almasb/fxgl/17.3/fxgl-17.3.jar!/fxglassets/textures/fxgl_icon.png
12:56:10.832 [JavaFX Application Thread] DEBUG FXGLAssetLoaderServi - Loading from file system: jar:file:///Users/rextro/.m2/repository/com/github/almasb/fxgl/17.3/fxgl-17.3.jar!/fxglassets/textures/fxgl_default_cursor.png
12:56:10.845 [JavaFX Application Thread] DEBUG Input                - Registered new binding: Screenshot - CTRL+8
12:56:10.845 [JavaFX Application Thread] DEBUG Input                - Registered new binding: System info dump - CTRL+9
12:56:10.845 [JavaFX Application Thread] DEBUG Input                - Registered new binding: Restart - CTRL+R
12:56:10.846 [JavaFX Application Thread] DEBUG Input                - Registered new binding: Toggle Debug Camera - CTRL+7
12:56:10.847 [JavaFX Application Thread] DEBUG LoopRunner           - Starting loop
12:56:10.847 [JavaFX Application Thread] DEBUG LoopRunner           - Initializing JavaFX AnimationTimerLoop
12:56:10.848 [JavaFX Application Thread] DEBUG GameApplicationServi - Starting new game
12:56:10.848 [JavaFX Application Thread] DEBUG Input                - Clearing active input actions
12:56:10.856 [JavaFX Application Thread] DEBUG GameApplicationServi - Removing overlay from FXGLStartupScene and adding to FXGLLoadingScene
12:56:10.856 [JavaFX Application Thread] DEBUG PrimaryStageWindow   - FXGLStartupScene -> FXGLLoadingScene
12:56:10.856 [JavaFX Application Thread] DEBUG GameApplicationServi - Clearing previous game
12:56:10.856 [JavaFX Application Thread] DEBUG GameScene            - Clearing game scene
12:56:10.857 [JavaFX Application Thread] DEBUG GameWorld            - Clearing game world
12:56:10.857 [JavaFX Application Thread] DEBUG PhysicsWorld         - Clearing physics world
12:56:10.858 [FXGL Background Thread 4 ] DEBUG FXGLApplication      - Initializing game
12:56:10.861 [JavaFX Application Thread] DEBUG FXGLApplication      - Registering font factories with UI factory
12:56:10.861 [FXGL Background Thread 4 ] DEBUG FXGLAssetLoaderServi - Loading from file system: file:/Users/rextro/Documents/7mo/Concurrente/C3/Simulador-restaurante/target/classes/assets/music/soundtrack.mp3
12:56:10.956 [FXGL Background Thread 4 ] DEBUG AudioPlayer          - Playing music com.almasb.fxgl.audio.Music@71c366ed
12:56:10.956 [FXGL Background Thread 4 ] DEBUG FXGLAssetLoaderServi - Loading from file system: file:/Users/rextro/Documents/7mo/Concurrente/C3/Simulador-restaurante/target/classes/assets/textures/wood_floor.jpg
12:56:10.978 [FXGL Background Thread 4 ] DEBUG FXGLAssetLoaderServi - Loading from file system: file:/Users/rextro/Documents/7mo/Concurrente/C3/Simulador-restaurante/target/classes/assets/textures/receptionist.png
12:56:10.982 [FXGL Background Thread 4 ] DEBUG FXGLAssetLoaderServi - Loading from file system: file:/Users/rextro/Documents/7mo/Concurrente/C3/Simulador-restaurante/target/classes/assets/textures/table.png
12:56:10.992 [FXGL Background Thread 4 ] DEBUG FXGLAssetLoaderServi - Loading from file system: file:/Users/rextro/Documents/7mo/Concurrente/C3/Simulador-restaurante/target/classes/assets/textures/chef.png
12:56:11.001 [FXGL Background Thread 4 ] INFO  FXGLApplication      - Game initialization took: 0.143 sec
12:56:11.001 [JavaFX Application Thread] DEBUG Input                - Clearing active input actions
12:56:11.001 [Thread-9                 ] DEBUG FXGLAssetLoaderServi - Loading from file system: file:/Users/rextro/Documents/7mo/Concurrente/C3/Simulador-restaurante/target/classes/assets/textures/client.png
12:56:11.003 [Thread-9                 ] DEBUG LoopRunner           - Stopping loop
12:56:11.004 [Thread-9                 ] FATAL FXGLApplication      - Uncaught Exception:
java.lang.IllegalStateException: Not on FX application thread; currentThread = Thread-9
	at javafx.graphics@20/com.sun.javafx.tk.Toolkit.checkFxUserThread(Toolkit.java:294)
	at javafx.graphics@20/com.sun.javafx.tk.quantum.QuantumToolkit.checkFxUserThread(QuantumToolkit.java:475)
	at javafx.graphics@20/javafx.scene.Parent$3.onProposedChange(Parent.java:475)
	at javafx.base@20/com.sun.javafx.collections.VetoableListDecorator.add(VetoableListDecorator.java:205)
	at com.almasb.fxgl.all@17.3/com.almasb.fxgl.app.scene.GameScene.addGameView(GameScene.kt:373)
	at com.almasb.fxgl.all@17.3/com.almasb.fxgl.app.scene.GameScene.initView(GameScene.kt:388)
	at com.almasb.fxgl.all@17.3/com.almasb.fxgl.app.scene.GameScene.onEntityAdded(GameScene.kt:361)
	at com.almasb.fxgl.entity@17.3/com.almasb.fxgl.entity.GameWorld.notifyEntityAdded(GameWorld.kt:233)
	at com.almasb.fxgl.entity@17.3/com.almasb.fxgl.entity.GameWorld.add(GameWorld.kt:96)
	at com.almasb.fxgl.entity@17.3/com.almasb.fxgl.entity.GameWorld.addEntity(GameWorld.kt:85)
	at com.almasb.fxgl.entity@17.3/com.almasb.fxgl.entity.GameWorld.spawn(GameWorld.kt:397)
	at com.almasb.fxgl.entity@17.3/com.almasb.fxgl.entity.GameWorld.spawn(GameWorld.kt:384)
	at org.example.simulador_restaurante/org.example.simulador_restaurante.entities.EntityManager.spawnClient(EntityManager.java:15)
	at org.example.simulador_restaurante/org.example.simulador_restaurante.components.ClientComponent.spawnClient(ClientComponent.java:11)
	at org.example.simulador_restaurante/org.example.simulador_restaurante.controllers.ManagerController.lambda$initController$0(ManagerController.java:38)
	at java.base/java.lang.Thread.run(Thread.java:840)

12:56:11.005 [Thread-9                 ] FATAL FXGLApplication      - Application will now exit
12:56:11.007 [JavaFX Application Thread] DEBUG GameApplicationServi - Removing overlay from FXGLLoadingScene and adding to GameScene
12:56:11.007 [JavaFX Application Thread] DEBUG PrimaryStageWindow   - FXGLLoadingScene -> GameScene
12:56:11.022 [Thread-9                 ] DEBUG PrimaryStageWindow   - Push state: ErrorSubScene
12:56:11.022 [Thread-9                 ] DEBUG Input                - Clearing active input actions
12:56:11.636 [FXGL Background Thread 2 ] INFO  UpdaterService       - Your current version:  17.3
12:56:11.636 [FXGL Background Thread 2 ] INFO  UpdaterService       - Latest stable version: 21.1
12:56:13.797 [FXGL Background Thread 3 ] DEBUG Engine               - Logging environment variables
12:56:13.798 [FXGL Background Thread 3 ] DEBUG Engine               - achievements: []
12:56:13.798 [FXGL Background Thread 3 ] DEBUG Engine               - actualHeight: 760.0
12:56:13.798 [FXGL Background Thread 3 ] DEBUG Engine               - actualHeightProperty: ReadOnlyDoubleProperty [value: 760.0]
12:56:13.798 [FXGL Background Thread 3 ] DEBUG Engine               - actualWidth: 1200.0
12:56:13.798 [FXGL Background Thread 3 ] DEBUG Engine               - actualWidthProperty: ReadOnlyDoubleProperty [value: 1200.0]
12:56:13.798 [FXGL Background Thread 3 ] DEBUG Engine               - appIcon: fxgl_icon.png
12:56:13.799 [FXGL Background Thread 3 ] DEBUG Engine               - applicationMode: DEVELOPER
12:56:13.799 [FXGL Background Thread 3 ] DEBUG Engine               - cSSList: [fxgl_dark.css]
12:56:13.799 [FXGL Background Thread 3 ] DEBUG Engine               - collisionDetectionStrategy: BRUTE_FORCE
12:56:13.799 [FXGL Background Thread 3 ] DEBUG Engine               - configClass: Optional.empty
12:56:13.799 [FXGL Background Thread 3 ] DEBUG Engine               - credits: []
12:56:13.799 [FXGL Background Thread 3 ] DEBUG Engine               - defaultCursor: CursorInfo(imageName=fxgl_default_cursor.png, hotspotX=7.0, hotspotY=6.0)
12:56:13.799 [FXGL Background Thread 3 ] DEBUG Engine               - devBBoxColorProperty: ObjectProperty [value: 0xff0000ff]
12:56:13.799 [FXGL Background Thread 3 ] DEBUG Engine               - devEnableDebugCameraProperty: BooleanProperty [value: false]
12:56:13.800 [FXGL Background Thread 3 ] DEBUG Engine               - devSensorColorProperty: ObjectProperty [value: 0xffff00ff]
12:56:13.800 [FXGL Background Thread 3 ] DEBUG Engine               - devShowBBoxProperty: BooleanProperty [value: false]
12:56:13.800 [FXGL Background Thread 3 ] DEBUG Engine               - devShowPositionProperty: BooleanProperty [value: false]
12:56:13.800 [FXGL Background Thread 3 ] DEBUG Engine               - enabledMenuItems: []
12:56:13.800 [FXGL Background Thread 3 ] DEBUG Engine               - engineServices: [class com.almasb.fxgl.app.services.FXGLAssetLoaderService, class com.almasb.fxgl.app.FXGLApplication$GameApplicationService, class com.almasb.fxgl.app.services.FXGLDialogService, class com.almasb.fxgl.app.services.IOTaskExecutorService, class com.almasb.fxgl.io.FileSystemService, class com.almasb.fxgl.localization.LocalizationService, class com.almasb.fxgl.app.services.SystemBundleService, class com.almasb.fxgl.profile.SaveLoadService, class com.almasb.fxgl.ui.FXGLUIFactoryServiceProvider, class com.almasb.fxgl.ui.FXGLDialogFactoryServiceProvider, class com.almasb.fxgl.audio.AudioPlayer, class com.almasb.fxgl.notification.impl.NotificationServiceProvider, class com.almasb.fxgl.achievement.AchievementService, class com.almasb.fxgl.cutscene.CutsceneService, class com.almasb.fxgl.minigames.MiniGameService, class com.almasb.fxgl.net.NetService, class com.almasb.fxgl.app.services.UpdaterService, class com.almasb.fxgl.dev.DevService]
12:56:13.800 [FXGL Background Thread 3 ] DEBUG Engine               - fontGame: Abel-Regular.ttf
12:56:13.800 [FXGL Background Thread 3 ] DEBUG Engine               - fontMono: TerminalLandMono-Regular.otf
12:56:13.800 [FXGL Background Thread 3 ] DEBUG Engine               - fontSizeScaleUI: 1.0
12:56:13.800 [FXGL Background Thread 3 ] DEBUG Engine               - fontText: Courier-Prime.ttf
12:56:13.800 [FXGL Background Thread 3 ] DEBUG Engine               - fontUI: VarelaRound-Regular.ttf
12:56:13.800 [FXGL Background Thread 3 ] DEBUG Engine               - fullScreen: BooleanProperty [value: false]
12:56:13.800 [FXGL Background Thread 3 ] DEBUG Engine               - gameDifficulty: MEDIUM
12:56:13.801 [FXGL Background Thread 3 ] DEBUG Engine               - gameDifficultyProperty: ObjectProperty [value: MEDIUM]
12:56:13.801 [FXGL Background Thread 3 ] DEBUG Engine               - globalMusicVolume: 0.5
12:56:13.801 [FXGL Background Thread 3 ] DEBUG Engine               - globalMusicVolumeProperty: DoubleProperty [value: 0.5]
12:56:13.801 [FXGL Background Thread 3 ] DEBUG Engine               - globalSoundVolume: 0.5
12:56:13.801 [FXGL Background Thread 3 ] DEBUG Engine               - globalSoundVolumeProperty: DoubleProperty [value: 0.5]
12:56:13.801 [FXGL Background Thread 3 ] DEBUG Engine               - height: 760
12:56:13.801 [FXGL Background Thread 3 ] DEBUG Engine               - is3D: false
12:56:13.801 [FXGL Background Thread 3 ] DEBUG Engine               - isAndroid: false
12:56:13.801 [FXGL Background Thread 3 ] DEBUG Engine               - isBrowser: false
12:56:13.801 [FXGL Background Thread 3 ] DEBUG Engine               - isClickFeedbackEnabled: false
12:56:13.801 [FXGL Background Thread 3 ] DEBUG Engine               - isCloseConfirmation: false
12:56:13.802 [FXGL Background Thread 3 ] DEBUG Engine               - isDesktop: true
12:56:13.802 [FXGL Background Thread 3 ] DEBUG Engine               - isDeveloperMenuEnabled: false
12:56:13.802 [FXGL Background Thread 3 ] DEBUG Engine               - isEmbedded: false
12:56:13.802 [FXGL Background Thread 3 ] DEBUG Engine               - isEntityPreloadEnabled: true
12:56:13.802 [FXGL Background Thread 3 ] DEBUG Engine               - isExperimentalTiledLargeMap: false
12:56:13.802 [FXGL Background Thread 3 ] DEBUG Engine               - isFileSystemWriteAllowed: true
12:56:13.802 [FXGL Background Thread 3 ] DEBUG Engine               - isFullScreenAllowed: false
12:56:13.802 [FXGL Background Thread 3 ] DEBUG Engine               - isFullScreenFromStart: false
12:56:13.802 [FXGL Background Thread 3 ] DEBUG Engine               - isGameMenuEnabled: true
12:56:13.802 [FXGL Background Thread 3 ] DEBUG Engine               - isIOS: false
12:56:13.802 [FXGL Background Thread 3 ] DEBUG Engine               - isIntroEnabled: false
12:56:13.802 [FXGL Background Thread 3 ] DEBUG Engine               - isLinux: false
12:56:13.802 [FXGL Background Thread 3 ] DEBUG Engine               - isMac: true
12:56:13.803 [FXGL Background Thread 3 ] DEBUG Engine               - isMainMenuEnabled: false
12:56:13.803 [FXGL Background Thread 3 ] DEBUG Engine               - isManualResizeEnabled: false
12:56:13.803 [FXGL Background Thread 3 ] DEBUG Engine               - isMobile: false
12:56:13.803 [FXGL Background Thread 3 ] DEBUG Engine               - isNative: false
12:56:13.803 [FXGL Background Thread 3 ] DEBUG Engine               - isPauseMusicWhenMinimized: true
12:56:13.803 [FXGL Background Thread 3 ] DEBUG Engine               - isPreserveResizeRatio: false
12:56:13.803 [FXGL Background Thread 3 ] DEBUG Engine               - isProfilingEnabled: false
12:56:13.803 [FXGL Background Thread 3 ] DEBUG Engine               - isScaleAffectedOnResize: true
12:56:13.803 [FXGL Background Thread 3 ] DEBUG Engine               - isSingleStep: false
12:56:13.803 [FXGL Background Thread 3 ] DEBUG Engine               - isUserProfileEnabled: false
12:56:13.803 [FXGL Background Thread 3 ] DEBUG Engine               - isWindows: false
12:56:13.803 [FXGL Background Thread 3 ] DEBUG Engine               - language: ObjectProperty [value: ENGLISH]
12:56:13.803 [FXGL Background Thread 3 ] DEBUG Engine               - menuKey: ESCAPE
12:56:13.803 [FXGL Background Thread 3 ] DEBUG Engine               - mouseSensitivity: 0.2
12:56:13.803 [FXGL Background Thread 3 ] DEBUG Engine               - notificationViewClass: class com.almasb.fxgl.notification.view.XboxNotificationView
12:56:13.803 [FXGL Background Thread 3 ] DEBUG Engine               - pixelsPerMeter: 50.0
12:56:13.804 [FXGL Background Thread 3 ] DEBUG Engine               - platform: MAC
12:56:13.804 [FXGL Background Thread 3 ] DEBUG Engine               - prefHeightProperty: ReadOnlyDoubleProperty [value: 760.0]
12:56:13.804 [FXGL Background Thread 3 ] DEBUG Engine               - prefWidthProperty: ReadOnlyDoubleProperty [value: 1200.0]
12:56:13.804 [FXGL Background Thread 3 ] DEBUG Engine               - profileDir: profiles/
12:56:13.804 [FXGL Background Thread 3 ] DEBUG Engine               - profileName: StringProperty [value: DEFAULT]
12:56:13.804 [FXGL Background Thread 3 ] DEBUG Engine               - randomSeed: -1
12:56:13.804 [FXGL Background Thread 3 ] DEBUG Engine               - runtimeInfo: RuntimeInfo(platform=MAC, version=17.3, build=30.03.2023 11.49)
12:56:13.804 [FXGL Background Thread 3 ] DEBUG Engine               - saveFileExt: sav
12:56:13.804 [FXGL Background Thread 3 ] DEBUG Engine               - scaledHeightProp$fxgl: DoubleProperty [bound, value: 760.0]
12:56:13.804 [FXGL Background Thread 3 ] DEBUG Engine               - scaledWidthProp$fxgl: DoubleProperty [bound, value: 1200.0]
12:56:13.804 [FXGL Background Thread 3 ] DEBUG Engine               - sceneFactory: com.almasb.fxgl.app.scene.SceneFactory@6e0e8bc7
12:56:13.805 [FXGL Background Thread 3 ] DEBUG Engine               - secondsIn24h: 60
12:56:13.805 [FXGL Background Thread 3 ] DEBUG Engine               - soundMenuBack: menu/back.wav
12:56:13.805 [FXGL Background Thread 3 ] DEBUG Engine               - soundMenuPress: menu/press.wav
12:56:13.805 [FXGL Background Thread 3 ] DEBUG Engine               - soundMenuSelect: menu/select.wav
12:56:13.805 [FXGL Background Thread 3 ] DEBUG Engine               - soundNotification: core/notification.wav
12:56:13.805 [FXGL Background Thread 3 ] DEBUG Engine               - stageStyle: DECORATED
12:56:13.805 [FXGL Background Thread 3 ] DEBUG Engine               - supportedLanguages: [ENGLISH, FRENCH, GERMAN, HUNGARIAN, RUSSIAN]
12:56:13.805 [FXGL Background Thread 3 ] DEBUG Engine               - ticksPerSecond: -1
12:56:13.805 [FXGL Background Thread 3 ] DEBUG Engine               - title: Simulador Restaurante :D
12:56:13.805 [FXGL Background Thread 3 ] DEBUG Engine               - urlGithub: https://github.com/AlmasB/FXGL
12:56:13.805 [FXGL Background Thread 3 ] DEBUG Engine               - urlLeaderboard: http://fxgl-top.herokuapp.com/
12:56:13.805 [FXGL Background Thread 3 ] DEBUG Engine               - urlPOM: https://raw.githubusercontent.com/AlmasB/FXGL/release/README.md
12:56:13.805 [FXGL Background Thread 3 ] DEBUG Engine               - userAppClass: class org.example.simulador_restaurante.HelloApplication
12:56:13.805 [FXGL Background Thread 3 ] DEBUG Engine               - version: 1.0
12:56:13.806 [FXGL Background Thread 3 ] DEBUG Engine               - versionCheckDays: 7
12:56:13.806 [FXGL Background Thread 3 ] DEBUG Engine               - width: 1200
12:56:13.806 [FXGL Background Thread 3 ] DEBUG Engine               - Logging services
12:56:13.806 [FXGL Background Thread 3 ] DEBUG Engine               - class com.almasb.fxgl.app.services.FXGLAssetLoaderService
12:56:13.806 [FXGL Background Thread 3 ] DEBUG Engine               - class com.almasb.fxgl.app.FXGLApplication$GameApplicationService
12:56:13.806 [FXGL Background Thread 3 ] DEBUG Engine               - class com.almasb.fxgl.app.services.FXGLDialogService
12:56:13.806 [FXGL Background Thread 3 ] DEBUG Engine               - class com.almasb.fxgl.app.services.IOTaskExecutorService
12:56:13.806 [FXGL Background Thread 3 ] DEBUG Engine               - class com.almasb.fxgl.io.FileSystemService
12:56:13.806 [FXGL Background Thread 3 ] DEBUG Engine               - class com.almasb.fxgl.localization.LocalizationService
12:56:13.806 [FXGL Background Thread 3 ] DEBUG Engine               - class com.almasb.fxgl.app.services.SystemBundleService
12:56:13.806 [FXGL Background Thread 3 ] DEBUG Engine               - class com.almasb.fxgl.profile.SaveLoadService
12:56:13.806 [FXGL Background Thread 3 ] DEBUG Engine               - class com.almasb.fxgl.ui.FXGLUIFactoryServiceProvider
12:56:13.806 [FXGL Background Thread 3 ] DEBUG Engine               - class com.almasb.fxgl.ui.FXGLDialogFactoryServiceProvider
12:56:13.806 [FXGL Background Thread 3 ] DEBUG Engine               - class com.almasb.fxgl.audio.AudioPlayer
12:56:13.806 [FXGL Background Thread 3 ] DEBUG Engine               - class com.almasb.fxgl.notification.impl.NotificationServiceProvider
12:56:13.806 [FXGL Background Thread 3 ] DEBUG Engine               - class com.almasb.fxgl.achievement.AchievementService
12:56:13.806 [FXGL Background Thread 3 ] DEBUG Engine               - class com.almasb.fxgl.cutscene.CutsceneService
12:56:13.806 [FXGL Background Thread 3 ] DEBUG Engine               - class com.almasb.fxgl.minigames.MiniGameService
12:56:13.806 [FXGL Background Thread 3 ] DEBUG Engine               - class com.almasb.fxgl.net.NetService
12:56:13.807 [FXGL Background Thread 3 ] DEBUG Engine               - class com.almasb.fxgl.app.services.UpdaterService
12:56:13.807 [FXGL Background Thread 3 ] DEBUG Engine               - class com.almasb.fxgl.dev.DevService
12:57:33.754 [JavaFX Application Thread] DEBUG FXGLApplication      - Exiting FXGL
12:57:33.754 [JavaFX Application Thread] DEBUG Async                - Shutting down background threads
12:57:33.755 [JavaFX Application Thread] DEBUG PrimaryStageWindow   - Closing main window
12:57:33.764 [JavaFX Application Thread] DEBUG Logger               - Closing Logger
