18:05:59.732 [main                     ] DEBUG Logger               - Configured Logger
18:05:59.765 [main                     ] DEBUG GameApplication      - Logging settings
Title: Simulador Restaurante :D
Version: 0.0
Width: 1200
Height: 750
Fullscreen: false
Intro: false
Profiling: false
Single step:false
App Mode: DEVELOPER
Menu Key: ESCAPE
Stage Style: DECORATED
Scene Factory: class com.almasb.fxgl.app.scene.SceneFactory

18:06:00.052 [JavaFX Application Thread] DEBUG FXGLApplication      - Initializing FXGL
18:06:00.057 [JavaFX Application Thread] INFO  Engine               - FXGL-17.3 (30.03.2023 11.49) on WINDOWS (J:17.0.9 FX:17.0.6)
18:06:00.057 [JavaFX Application Thread] DEBUG Engine               - JRE Vendor Name: Oracle Corporation
18:06:00.058 [JavaFX Application Thread] DEBUG Engine               - Running on OS: Windows 11 version 10.0
18:06:00.058 [JavaFX Application Thread] DEBUG Engine               - Architecture: amd64
18:06:00.058 [JavaFX Application Thread] INFO  Engine               - Source code and latest versions at: https://github.com/AlmasB/FXGL
18:06:00.058 [JavaFX Application Thread] INFO  Engine               -       Ask questions and discuss at: https://github.com/AlmasB/FXGL/discussions
18:06:00.058 [JavaFX Application Thread] INFO  Engine               -              Join the FXGL chat at: https://gitter.im/AlmasB/FXGL
18:06:00.140 [JavaFX Application Thread] DEBUG PrimaryStageWindow   - Creating a JavaFX scene
18:06:00.175 [JavaFX Application Thread] DEBUG PrimaryStageWindow   - Target settings size: 1200.0 x 750.0
18:06:00.175 [JavaFX Application Thread] DEBUG PrimaryStageWindow   - Scaled scene size:    1200.0 x 750.0
18:06:00.175 [JavaFX Application Thread] DEBUG PrimaryStageWindow   - Scaled ratio: (1.0, 1.0)
18:06:00.176 [JavaFX Application Thread] DEBUG PrimaryStageWindow   - Set initial scene to FXGLStartupScene
18:06:00.181 [JavaFX Application Thread] DEBUG PrimaryStageWindow   - Opening main window
18:06:00.258 [JavaFX Application Thread] DEBUG PrimaryStageWindow   - Window border size: (14.4000244140625, 38.0)
18:06:00.259 [JavaFX Application Thread] DEBUG PrimaryStageWindow   - Scaled size: 1200.0 x 750.0
18:06:00.259 [JavaFX Application Thread] DEBUG PrimaryStageWindow   - Scaled ratio: (1.0, 1.0)
18:06:00.259 [JavaFX Application Thread] DEBUG PrimaryStageWindow   - Scene size: 1200.0 x 750.0
18:06:00.259 [JavaFX Application Thread] DEBUG PrimaryStageWindow   - Stage size: 1214.4000244140625 x 788.0
18:06:00.267 [FXGL Background Thread 1 ] DEBUG Engine               - Initializing environment variables
18:06:00.295 [FXGL Background Thread 1 ] DEBUG FXGLAssetLoaderServi - User app class for loading assets: class org.example.simulador_restaurante.HelloApplication
18:06:00.295 [FXGL Background Thread 1 ] DEBUG GameApplicationServi - Applying CSS: fxgl_dark.css
18:06:00.296 [FXGL Background Thread 1 ] DEBUG FXGLAssetLoaderServi - Loading from file system: jar:file:///C:/Users/emili/.m2/repository/com/github/almasb/fxgl/17.3/fxgl-17.3.jar!/fxglassets/ui/css/fxgl_dark.css
18:06:00.337 [FXGL Background Thread 1 ] DEBUG GameApplicationServi - Initializing application scenes
18:06:00.397 [FXGL Background Thread 1 ] DEBUG GameWorld            - Game world initialized
18:06:00.462 [FXGL Background Thread 1 ] DEBUG PhysicsWorld         - Physics world initialized: appHeight=750, physics.ppm=50.0
18:06:00.462 [FXGL Background Thread 1 ] DEBUG PhysicsWorld         - Using strategy: BRUTE_FORCE
18:06:00.467 [FXGL Background Thread 1 ] DEBUG GameScene            - Game scene initialized: 1200x750
18:06:00.495 [FXGL Background Thread 1 ] DEBUG FXGL.DefaultMenu     - createMenuBodyGameMenu()
18:06:00.508 [FXGL Background Thread 1 ] DEBUG FXGL.DefaultMenu     - createOptionsMenu()
18:06:00.518 [FXGL Background Thread 1 ] DEBUG FXGLAssetLoaderServi - Loading from file system: jar:file:///C:/Users/emili/.m2/repository/com/github/almasb/fxgl/17.3/fxgl-17.3.jar!/fxglassets/textures/particles/smoke.png
18:06:00.611 [FXGL Background Thread 1 ] DEBUG FXGLAssetLoaderServi - Loading from file system: jar:file:///C:/Users/emili/.m2/repository/com/github/almasb/fxgl/17.3/fxgl-17.3.jar!/fxglassets/textures/particles/trace_horizontal.png
18:06:00.646 [FXGL Background Thread 1 ] DEBUG GameApplicationServi - Application scenes initialized
18:06:00.658 [FXGL Background Thread 1 ] DEBUG SystemBundleService  - Loading FXGL system data
18:06:00.663 [FXGL Background Thread 1 ] DEBUG FileSystemAccess     - Reading from: C:\Users\emili\OneDrive\Escritorio\UP\Septimo cuatrimestre\programacion concurrente\corte 3\Simulador-restaurante\system\fxgl.bundle
18:06:00.670 [FXGL Background Thread 1 ] DEBUG SystemBundleService  - Bundle FXGL: {}
18:06:00.670 [FXGL Background Thread 1 ] DEBUG UpdaterService       - Checking for updates
18:06:00.675 [FXGL Background Thread 4 ] DEBUG FXGLApplication      - Loading fonts
18:06:00.675 [FXGL Background Thread 1 ] DEBUG FXGLApplication      - Loading default localization
18:06:00.676 [FXGL Background Thread 4 ] DEBUG FXGLAssetLoaderServi - Loading from file system: jar:file:///C:/Users/emili/.m2/repository/com/github/almasb/fxgl/17.3/fxgl-17.3.jar!/fxglassets/ui/fonts/VarelaRound-Regular.ttf
18:06:00.676 [FXGL Background Thread 1 ] DEBUG FXGLAssetLoaderServi - Loading from file system: jar:file:///C:/Users/emili/.m2/repository/com/github/almasb/fxgl/17.3/fxgl-17.3.jar!/fxglassets/languages/english.lang
18:06:00.704 [FXGL Background Thread 1 ] INFO  FXGLApplication      - FXGL initialization took: 0.436 sec
18:06:00.705 [JavaFX Application Thread] DEBUG FXGLAssetLoaderServi - Loading from file system: jar:file:///C:/Users/emili/.m2/repository/com/github/almasb/fxgl/17.3/fxgl-17.3.jar!/fxglassets/textures/fxgl_icon.png
18:06:00.733 [JavaFX Application Thread] DEBUG FXGLAssetLoaderServi - Loading from file system: jar:file:///C:/Users/emili/.m2/repository/com/github/almasb/fxgl/17.3/fxgl-17.3.jar!/fxglassets/textures/fxgl_default_cursor.png
18:06:00.765 [JavaFX Application Thread] DEBUG Input                - Registered new binding: Screenshot - CTRL+8
18:06:00.766 [JavaFX Application Thread] DEBUG Input                - Registered new binding: System info dump - CTRL+9
18:06:00.767 [JavaFX Application Thread] DEBUG Input                - Registered new binding: Restart - CTRL+R
18:06:00.770 [JavaFX Application Thread] DEBUG Input                - Registered new binding: Toggle Debug Camera - CTRL+7
18:06:00.771 [FXGL Background Thread 4 ] DEBUG FXGLAssetLoaderServi - Loading from file system: jar:file:///C:/Users/emili/.m2/repository/com/github/almasb/fxgl/17.3/fxgl-17.3.jar!/fxglassets/ui/fonts/Abel-Regular.ttf
18:06:00.773 [FXGL Background Thread 4 ] DEBUG FXGLAssetLoaderServi - Loading from file system: jar:file:///C:/Users/emili/.m2/repository/com/github/almasb/fxgl/17.3/fxgl-17.3.jar!/fxglassets/ui/fonts/TerminalLandMono-Regular.otf
18:06:00.776 [FXGL Background Thread 4 ] DEBUG FXGLAssetLoaderServi - Loading from file system: jar:file:///C:/Users/emili/.m2/repository/com/github/almasb/fxgl/17.3/fxgl-17.3.jar!/fxglassets/ui/fonts/Courier-Prime.ttf
18:06:00.781 [JavaFX Application Thread] DEBUG LoopRunner           - Starting loop
18:06:00.781 [JavaFX Application Thread] DEBUG LoopRunner           - Initializing JavaFX AnimationTimerLoop
18:06:00.785 [JavaFX Application Thread] DEBUG GameApplicationServi - Starting new game
18:06:00.785 [JavaFX Application Thread] DEBUG Input                - Clearing active input actions
18:06:00.797 [JavaFX Application Thread] DEBUG GameApplicationServi - Removing overlay from FXGLStartupScene and adding to FXGLLoadingScene
18:06:00.798 [JavaFX Application Thread] DEBUG PrimaryStageWindow   - FXGLStartupScene -> FXGLLoadingScene
18:06:00.798 [JavaFX Application Thread] DEBUG GameApplicationServi - Clearing previous game
18:06:00.798 [JavaFX Application Thread] DEBUG GameScene            - Clearing game scene
18:06:00.798 [JavaFX Application Thread] DEBUG GameWorld            - Clearing game world
18:06:00.798 [JavaFX Application Thread] DEBUG PhysicsWorld         - Clearing physics world
18:06:00.802 [FXGL Background Thread 4 ] DEBUG FXGLApplication      - Initializing game
18:06:00.804 [JavaFX Application Thread] DEBUG FXGLApplication      - Registering font factories with UI factory
18:06:00.813 [FXGL Background Thread 4 ] DEBUG FXGLAssetLoaderServi - Loading from file system: file:/C:/Users/emili/OneDrive/Escritorio/UP/Septimo%20cuatrimestre/programacion%20concurrente/corte%203/Simulador-restaurante/target/classes/assets/textures/wood_floor.jpg
18:06:00.856 [FXGL Background Thread 4 ] DEBUG FXGLAssetLoaderServi - Loading from file system: file:/C:/Users/emili/OneDrive/Escritorio/UP/Septimo%20cuatrimestre/programacion%20concurrente/corte%203/Simulador-restaurante/target/classes/assets/textures/receptionist.png
18:06:00.860 [FXGL Background Thread 4 ] DEBUG FXGLAssetLoaderServi - Loading from file system: file:/C:/Users/emili/OneDrive/Escritorio/UP/Septimo%20cuatrimestre/programacion%20concurrente/corte%203/Simulador-restaurante/target/classes/assets/textures/table.png
18:06:00.873 [FXGL Background Thread 4 ] DEBUG FXGLAssetLoaderServi - Loading from file system: file:/C:/Users/emili/OneDrive/Escritorio/UP/Septimo%20cuatrimestre/programacion%20concurrente/corte%203/Simulador-restaurante/target/classes/assets/textures/chef.png
18:06:00.878 [FXGL Background Thread 4 ] INFO  FXGLApplication      - Game initialization took: 0.076 sec
18:06:00.945 [JavaFX Application Thread] DEBUG Input                - Clearing active input actions
18:06:00.953 [JavaFX Application Thread] DEBUG GameApplicationServi - Removing overlay from FXGLLoadingScene and adding to GameScene
18:06:00.953 [JavaFX Application Thread] DEBUG PrimaryStageWindow   - FXGLLoadingScene -> GameScene
18:06:01.221 [FXGL Background Thread 2 ] INFO  UpdaterService       - Your current version:  17.3
18:06:01.221 [FXGL Background Thread 2 ] INFO  UpdaterService       - Latest stable version: 21.1
18:06:03.673 [FXGL Background Thread 3 ] DEBUG Engine               - Logging environment variables
18:06:03.673 [FXGL Background Thread 3 ] DEBUG Engine               - achievements: []
18:06:03.674 [FXGL Background Thread 3 ] DEBUG Engine               - actualHeight: 750.0
18:06:03.674 [FXGL Background Thread 3 ] DEBUG Engine               - actualHeightProperty: ReadOnlyDoubleProperty [value: 750.0]
18:06:03.674 [FXGL Background Thread 3 ] DEBUG Engine               - actualWidth: 1200.0
18:06:03.674 [FXGL Background Thread 3 ] DEBUG Engine               - actualWidthProperty: ReadOnlyDoubleProperty [value: 1200.0]
18:06:03.674 [FXGL Background Thread 3 ] DEBUG Engine               - appIcon: fxgl_icon.png
18:06:03.674 [FXGL Background Thread 3 ] DEBUG Engine               - applicationMode: DEVELOPER
18:06:03.674 [FXGL Background Thread 3 ] DEBUG Engine               - cSSList: [fxgl_dark.css]
18:06:03.674 [FXGL Background Thread 3 ] DEBUG Engine               - collisionDetectionStrategy: BRUTE_FORCE
18:06:03.674 [FXGL Background Thread 3 ] DEBUG Engine               - configClass: Optional.empty
18:06:03.674 [FXGL Background Thread 3 ] DEBUG Engine               - credits: []
18:06:03.676 [FXGL Background Thread 3 ] DEBUG Engine               - defaultCursor: CursorInfo(imageName=fxgl_default_cursor.png, hotspotX=7.0, hotspotY=6.0)
18:06:03.676 [FXGL Background Thread 3 ] DEBUG Engine               - devBBoxColorProperty: ObjectProperty [value: 0xff0000ff]
18:06:03.676 [FXGL Background Thread 3 ] DEBUG Engine               - devEnableDebugCameraProperty: BooleanProperty [value: false]
18:06:03.676 [FXGL Background Thread 3 ] DEBUG Engine               - devSensorColorProperty: ObjectProperty [value: 0xffff00ff]
18:06:03.676 [FXGL Background Thread 3 ] DEBUG Engine               - devShowBBoxProperty: BooleanProperty [value: false]
18:06:03.676 [FXGL Background Thread 3 ] DEBUG Engine               - devShowPositionProperty: BooleanProperty [value: false]
18:06:03.676 [FXGL Background Thread 3 ] DEBUG Engine               - enabledMenuItems: []
18:06:03.676 [FXGL Background Thread 3 ] DEBUG Engine               - engineServices: [class com.almasb.fxgl.app.services.FXGLAssetLoaderService, class com.almasb.fxgl.app.FXGLApplication$GameApplicationService, class com.almasb.fxgl.app.services.FXGLDialogService, class com.almasb.fxgl.app.services.IOTaskExecutorService, class com.almasb.fxgl.io.FileSystemService, class com.almasb.fxgl.localization.LocalizationService, class com.almasb.fxgl.app.services.SystemBundleService, class com.almasb.fxgl.profile.SaveLoadService, class com.almasb.fxgl.ui.FXGLUIFactoryServiceProvider, class com.almasb.fxgl.ui.FXGLDialogFactoryServiceProvider, class com.almasb.fxgl.audio.AudioPlayer, class com.almasb.fxgl.notification.impl.NotificationServiceProvider, class com.almasb.fxgl.achievement.AchievementService, class com.almasb.fxgl.cutscene.CutsceneService, class com.almasb.fxgl.minigames.MiniGameService, class com.almasb.fxgl.net.NetService, class com.almasb.fxgl.app.services.UpdaterService, class com.almasb.fxgl.dev.DevService]
18:06:03.676 [FXGL Background Thread 3 ] DEBUG Engine               - fontGame: Abel-Regular.ttf
18:06:03.676 [FXGL Background Thread 3 ] DEBUG Engine               - fontMono: TerminalLandMono-Regular.otf
18:06:03.676 [FXGL Background Thread 3 ] DEBUG Engine               - fontSizeScaleUI: 1.0
18:06:03.676 [FXGL Background Thread 3 ] DEBUG Engine               - fontText: Courier-Prime.ttf
18:06:03.676 [FXGL Background Thread 3 ] DEBUG Engine               - fontUI: VarelaRound-Regular.ttf
18:06:03.676 [FXGL Background Thread 3 ] DEBUG Engine               - fullScreen: BooleanProperty [value: false]
18:06:03.676 [FXGL Background Thread 3 ] DEBUG Engine               - gameDifficulty: MEDIUM
18:06:03.676 [FXGL Background Thread 3 ] DEBUG Engine               - gameDifficultyProperty: ObjectProperty [value: MEDIUM]
18:06:03.676 [FXGL Background Thread 3 ] DEBUG Engine               - globalMusicVolume: 0.5
18:06:03.676 [FXGL Background Thread 3 ] DEBUG Engine               - globalMusicVolumeProperty: DoubleProperty [value: 0.5]
18:06:03.677 [FXGL Background Thread 3 ] DEBUG Engine               - globalSoundVolume: 0.5
18:06:03.677 [FXGL Background Thread 3 ] DEBUG Engine               - globalSoundVolumeProperty: DoubleProperty [value: 0.5]
18:06:03.677 [FXGL Background Thread 3 ] DEBUG Engine               - height: 750
18:06:03.677 [FXGL Background Thread 3 ] DEBUG Engine               - is3D: false
18:06:03.677 [FXGL Background Thread 3 ] DEBUG Engine               - isAndroid: false
18:06:03.677 [FXGL Background Thread 3 ] DEBUG Engine               - isBrowser: false
18:06:03.677 [FXGL Background Thread 3 ] DEBUG Engine               - isClickFeedbackEnabled: false
18:06:03.677 [FXGL Background Thread 3 ] DEBUG Engine               - isCloseConfirmation: false
18:06:03.677 [FXGL Background Thread 3 ] DEBUG Engine               - isDesktop: true
18:06:03.677 [FXGL Background Thread 3 ] DEBUG Engine               - isDeveloperMenuEnabled: false
18:06:03.677 [FXGL Background Thread 3 ] DEBUG Engine               - isEmbedded: false
18:06:03.677 [FXGL Background Thread 3 ] DEBUG Engine               - isEntityPreloadEnabled: true
18:06:03.677 [FXGL Background Thread 3 ] DEBUG Engine               - isExperimentalTiledLargeMap: false
18:06:03.677 [FXGL Background Thread 3 ] DEBUG Engine               - isFileSystemWriteAllowed: true
18:06:03.677 [FXGL Background Thread 3 ] DEBUG Engine               - isFullScreenAllowed: false
18:06:03.677 [FXGL Background Thread 3 ] DEBUG Engine               - isFullScreenFromStart: false
18:06:03.677 [FXGL Background Thread 3 ] DEBUG Engine               - isGameMenuEnabled: true
18:06:03.677 [FXGL Background Thread 3 ] DEBUG Engine               - isIOS: false
18:06:03.677 [FXGL Background Thread 3 ] DEBUG Engine               - isIntroEnabled: false
18:06:03.677 [FXGL Background Thread 3 ] DEBUG Engine               - isLinux: false
18:06:03.677 [FXGL Background Thread 3 ] DEBUG Engine               - isMac: false
18:06:03.678 [FXGL Background Thread 3 ] DEBUG Engine               - isMainMenuEnabled: false
18:06:03.678 [FXGL Background Thread 3 ] DEBUG Engine               - isManualResizeEnabled: false
18:06:03.678 [FXGL Background Thread 3 ] DEBUG Engine               - isMobile: false
18:06:03.678 [FXGL Background Thread 3 ] DEBUG Engine               - isNative: false
18:06:03.678 [FXGL Background Thread 3 ] DEBUG Engine               - isPauseMusicWhenMinimized: true
18:06:03.678 [FXGL Background Thread 3 ] DEBUG Engine               - isPreserveResizeRatio: false
18:06:03.678 [FXGL Background Thread 3 ] DEBUG Engine               - isProfilingEnabled: false
18:06:03.678 [FXGL Background Thread 3 ] DEBUG Engine               - isScaleAffectedOnResize: true
18:06:03.678 [FXGL Background Thread 3 ] DEBUG Engine               - isSingleStep: false
18:06:03.678 [FXGL Background Thread 3 ] DEBUG Engine               - isUserProfileEnabled: false
18:06:03.678 [FXGL Background Thread 3 ] DEBUG Engine               - isWindows: true
18:06:03.678 [FXGL Background Thread 3 ] DEBUG Engine               - language: ObjectProperty [value: ENGLISH]
18:06:03.678 [FXGL Background Thread 3 ] DEBUG Engine               - menuKey: ESCAPE
18:06:03.678 [FXGL Background Thread 3 ] DEBUG Engine               - mouseSensitivity: 0.2
18:06:03.678 [FXGL Background Thread 3 ] DEBUG Engine               - notificationViewClass: class com.almasb.fxgl.notification.view.XboxNotificationView
18:06:03.678 [FXGL Background Thread 3 ] DEBUG Engine               - pixelsPerMeter: 50.0
18:06:03.678 [FXGL Background Thread 3 ] DEBUG Engine               - platform: WINDOWS
18:06:03.678 [FXGL Background Thread 3 ] DEBUG Engine               - prefHeightProperty: ReadOnlyDoubleProperty [value: 750.0]
18:06:03.678 [FXGL Background Thread 3 ] DEBUG Engine               - prefWidthProperty: ReadOnlyDoubleProperty [value: 1200.0]
18:06:03.679 [FXGL Background Thread 3 ] DEBUG Engine               - profileDir: profiles/
18:06:03.679 [FXGL Background Thread 3 ] DEBUG Engine               - profileName: StringProperty [value: DEFAULT]
18:06:03.679 [FXGL Background Thread 3 ] DEBUG Engine               - randomSeed: -1
18:06:03.679 [FXGL Background Thread 3 ] DEBUG Engine               - runtimeInfo: RuntimeInfo(platform=WINDOWS, version=17.3, build=30.03.2023 11.49)
18:06:03.679 [FXGL Background Thread 3 ] DEBUG Engine               - saveFileExt: sav
18:06:03.679 [FXGL Background Thread 3 ] DEBUG Engine               - scaledHeightProp$fxgl: DoubleProperty [bound, value: 750.0]
18:06:03.679 [FXGL Background Thread 3 ] DEBUG Engine               - scaledWidthProp$fxgl: DoubleProperty [bound, value: 1200.0]
18:06:03.679 [FXGL Background Thread 3 ] DEBUG Engine               - sceneFactory: com.almasb.fxgl.app.scene.SceneFactory@7006d714
18:06:03.679 [FXGL Background Thread 3 ] DEBUG Engine               - secondsIn24h: 60
18:06:03.679 [FXGL Background Thread 3 ] DEBUG Engine               - soundMenuBack: menu/back.wav
18:06:03.679 [FXGL Background Thread 3 ] DEBUG Engine               - soundMenuPress: menu/press.wav
18:06:03.679 [FXGL Background Thread 3 ] DEBUG Engine               - soundMenuSelect: menu/select.wav
18:06:03.679 [FXGL Background Thread 3 ] DEBUG Engine               - soundNotification: core/notification.wav
18:06:03.679 [FXGL Background Thread 3 ] DEBUG Engine               - stageStyle: DECORATED
18:06:03.679 [FXGL Background Thread 3 ] DEBUG Engine               - supportedLanguages: [ENGLISH, FRENCH, GERMAN, HUNGARIAN, RUSSIAN]
18:06:03.679 [FXGL Background Thread 3 ] DEBUG Engine               - ticksPerSecond: -1
18:06:03.679 [FXGL Background Thread 3 ] DEBUG Engine               - title: Simulador Restaurante :D
18:06:03.679 [FXGL Background Thread 3 ] DEBUG Engine               - urlGithub: https://github.com/AlmasB/FXGL
18:06:03.679 [FXGL Background Thread 3 ] DEBUG Engine               - urlLeaderboard: http://fxgl-top.herokuapp.com/
18:06:03.679 [FXGL Background Thread 3 ] DEBUG Engine               - urlPOM: https://raw.githubusercontent.com/AlmasB/FXGL/release/README.md
18:06:03.679 [FXGL Background Thread 3 ] DEBUG Engine               - userAppClass: class org.example.simulador_restaurante.HelloApplication
18:06:03.680 [FXGL Background Thread 3 ] DEBUG Engine               - version: 0.0
18:06:03.680 [FXGL Background Thread 3 ] DEBUG Engine               - versionCheckDays: 7
18:06:03.680 [FXGL Background Thread 3 ] DEBUG Engine               - width: 1200
18:06:03.680 [FXGL Background Thread 3 ] DEBUG Engine               - Logging services
18:06:03.680 [FXGL Background Thread 3 ] DEBUG Engine               - class com.almasb.fxgl.app.services.FXGLAssetLoaderService
18:06:03.680 [FXGL Background Thread 3 ] DEBUG Engine               - class com.almasb.fxgl.app.FXGLApplication$GameApplicationService
18:06:03.680 [FXGL Background Thread 3 ] DEBUG Engine               - class com.almasb.fxgl.app.services.FXGLDialogService
18:06:03.680 [FXGL Background Thread 3 ] DEBUG Engine               - class com.almasb.fxgl.app.services.IOTaskExecutorService
18:06:03.680 [FXGL Background Thread 3 ] DEBUG Engine               - class com.almasb.fxgl.io.FileSystemService
18:06:03.680 [FXGL Background Thread 3 ] DEBUG Engine               - class com.almasb.fxgl.localization.LocalizationService
18:06:03.680 [FXGL Background Thread 3 ] DEBUG Engine               - class com.almasb.fxgl.app.services.SystemBundleService
18:06:03.680 [FXGL Background Thread 3 ] DEBUG Engine               - class com.almasb.fxgl.profile.SaveLoadService
18:06:03.680 [FXGL Background Thread 3 ] DEBUG Engine               - class com.almasb.fxgl.ui.FXGLUIFactoryServiceProvider
18:06:03.680 [FXGL Background Thread 3 ] DEBUG Engine               - class com.almasb.fxgl.ui.FXGLDialogFactoryServiceProvider
18:06:03.680 [FXGL Background Thread 3 ] DEBUG Engine               - class com.almasb.fxgl.audio.AudioPlayer
18:06:03.680 [FXGL Background Thread 3 ] DEBUG Engine               - class com.almasb.fxgl.notification.impl.NotificationServiceProvider
18:06:03.680 [FXGL Background Thread 3 ] DEBUG Engine               - class com.almasb.fxgl.achievement.AchievementService
18:06:03.680 [FXGL Background Thread 3 ] DEBUG Engine               - class com.almasb.fxgl.cutscene.CutsceneService
18:06:03.680 [FXGL Background Thread 3 ] DEBUG Engine               - class com.almasb.fxgl.minigames.MiniGameService
18:06:03.680 [FXGL Background Thread 3 ] DEBUG Engine               - class com.almasb.fxgl.net.NetService
18:06:03.680 [FXGL Background Thread 3 ] DEBUG Engine               - class com.almasb.fxgl.app.services.UpdaterService
18:06:03.680 [FXGL Background Thread 3 ] DEBUG Engine               - class com.almasb.fxgl.dev.DevService
18:07:37.696 [JavaFX Application Thread] DEBUG FXGLApplication      - Exiting FXGL
18:07:37.696 [JavaFX Application Thread] DEBUG LoopRunner           - Stopping loop
18:07:37.696 [JavaFX Application Thread] DEBUG SystemBundleService  - Saving FXGL system data
18:07:37.698 [JavaFX Application Thread] DEBUG FileSystemAccess     - Writing to: C:\Users\emili\OneDrive\Escritorio\UP\Septimo cuatrimestre\programacion concurrente\corte 3\Simulador-restaurante\system\fxgl.bundle
18:07:37.700 [JavaFX Application Thread] DEBUG Async                - Shutting down background threads
18:07:37.700 [JavaFX Application Thread] DEBUG PrimaryStageWindow   - Closing main window
18:07:37.715 [JavaFX Application Thread] DEBUG Logger               - Closing Logger
