13:44:03.568 [main                     ] DEBUG Logger               - Configured Logger
13:44:03.593 [main                     ] DEBUG GameApplication      - Logging settings
Title: Simulador Restaurante :D
Version: 0.0
Width: 1200
Height: 750
Fullscreen: false
Intro: false
Profiling: false
Single step:false
App Mode: DEVELOPER
Menu Key: ESCAPE
Stage Style: DECORATED
Scene Factory: class com.almasb.fxgl.app.scene.SceneFactory

13:44:03.825 [JavaFX Application Thread] DEBUG FXGLApplication      - Initializing FXGL
13:44:03.829 [JavaFX Application Thread] INFO  Engine               - FXGL-17.3 (30.03.2023 11.49) on WINDOWS (J:17.0.9 FX:17.0.6)
13:44:03.829 [JavaFX Application Thread] DEBUG Engine               - JRE Vendor Name: Oracle Corporation
13:44:03.829 [JavaFX Application Thread] DEBUG Engine               - Running on OS: Windows 11 version 10.0
13:44:03.829 [JavaFX Application Thread] DEBUG Engine               - Architecture: amd64
13:44:03.830 [JavaFX Application Thread] INFO  Engine               - Source code and latest versions at: https://github.com/AlmasB/FXGL
13:44:03.830 [JavaFX Application Thread] INFO  Engine               -       Ask questions and discuss at: https://github.com/AlmasB/FXGL/discussions
13:44:03.830 [JavaFX Application Thread] INFO  Engine               -              Join the FXGL chat at: https://gitter.im/AlmasB/FXGL
13:44:03.890 [JavaFX Application Thread] DEBUG PrimaryStageWindow   - Creating a JavaFX scene
13:44:03.920 [JavaFX Application Thread] DEBUG PrimaryStageWindow   - Target settings size: 1200.0 x 750.0
13:44:03.921 [JavaFX Application Thread] DEBUG PrimaryStageWindow   - Scaled scene size:    1200.0 x 750.0
13:44:03.921 [JavaFX Application Thread] DEBUG PrimaryStageWindow   - Scaled ratio: (1.0, 1.0)
13:44:03.923 [JavaFX Application Thread] DEBUG PrimaryStageWindow   - Set initial scene to FXGLStartupScene
13:44:03.927 [JavaFX Application Thread] DEBUG PrimaryStageWindow   - Opening main window
13:44:03.992 [JavaFX Application Thread] DEBUG PrimaryStageWindow   - Window border size: (14.4000244140625, 38.0)
13:44:03.992 [JavaFX Application Thread] DEBUG PrimaryStageWindow   - Scaled size: 1200.0 x 750.0
13:44:03.992 [JavaFX Application Thread] DEBUG PrimaryStageWindow   - Scaled ratio: (1.0, 1.0)
13:44:03.993 [JavaFX Application Thread] DEBUG PrimaryStageWindow   - Scene size: 1200.0 x 750.0
13:44:03.993 [JavaFX Application Thread] DEBUG PrimaryStageWindow   - Stage size: 1214.4000244140625 x 788.0
13:44:03.999 [FXGL Background Thread 1 ] DEBUG Engine               - Initializing environment variables
13:44:04.028 [FXGL Background Thread 1 ] DEBUG FXGLAssetLoaderServi - User app class for loading assets: class org.example.simulador_restaurante.HelloApplication
13:44:04.028 [FXGL Background Thread 1 ] DEBUG GameApplicationServi - Applying CSS: fxgl_dark.css
13:44:04.029 [FXGL Background Thread 1 ] DEBUG FXGLAssetLoaderServi - Loading from file system: jar:file:///C:/Users/emili/.m2/repository/com/github/almasb/fxgl/17.3/fxgl-17.3.jar!/fxglassets/ui/css/fxgl_dark.css
13:44:04.073 [FXGL Background Thread 1 ] DEBUG GameApplicationServi - Initializing application scenes
13:44:04.132 [FXGL Background Thread 1 ] DEBUG GameWorld            - Game world initialized
13:44:04.191 [FXGL Background Thread 1 ] DEBUG PhysicsWorld         - Physics world initialized: appHeight=750, physics.ppm=50.0
13:44:04.191 [FXGL Background Thread 1 ] DEBUG PhysicsWorld         - Using strategy: BRUTE_FORCE
13:44:04.196 [FXGL Background Thread 1 ] DEBUG GameScene            - Game scene initialized: 1200x750
13:44:04.210 [FXGL Background Thread 1 ] DEBUG FXGL.DefaultMenu     - createMenuBodyGameMenu()
13:44:04.223 [FXGL Background Thread 1 ] DEBUG FXGL.DefaultMenu     - createOptionsMenu()
13:44:04.241 [FXGL Background Thread 1 ] DEBUG FXGLAssetLoaderServi - Loading from file system: jar:file:///C:/Users/emili/.m2/repository/com/github/almasb/fxgl/17.3/fxgl-17.3.jar!/fxglassets/textures/particles/smoke.png
13:44:04.331 [FXGL Background Thread 1 ] DEBUG FXGLAssetLoaderServi - Loading from file system: jar:file:///C:/Users/emili/.m2/repository/com/github/almasb/fxgl/17.3/fxgl-17.3.jar!/fxglassets/textures/particles/trace_horizontal.png
13:44:04.379 [FXGL Background Thread 1 ] DEBUG GameApplicationServi - Application scenes initialized
13:44:04.388 [FXGL Background Thread 1 ] DEBUG SystemBundleService  - Loading FXGL system data
13:44:04.392 [FXGL Background Thread 1 ] DEBUG FileSystemAccess     - Reading from: C:\Users\emili\OneDrive\Escritorio\UP\Septimo cuatrimestre\programacion concurrente\corte 3\Simulador-restaurante\system\fxgl.bundle
13:44:04.397 [FXGL Background Thread 1 ] DEBUG SystemBundleService  - Bundle FXGL: {}
13:44:04.397 [FXGL Background Thread 1 ] DEBUG UpdaterService       - Checking for updates
13:44:04.400 [FXGL Background Thread 4 ] DEBUG FXGLApplication      - Loading fonts
13:44:04.400 [FXGL Background Thread 1 ] DEBUG FXGLApplication      - Loading default localization
13:44:04.400 [FXGL Background Thread 4 ] DEBUG FXGLAssetLoaderServi - Loading from file system: jar:file:///C:/Users/emili/.m2/repository/com/github/almasb/fxgl/17.3/fxgl-17.3.jar!/fxglassets/ui/fonts/VarelaRound-Regular.ttf
13:44:04.401 [FXGL Background Thread 1 ] DEBUG FXGLAssetLoaderServi - Loading from file system: jar:file:///C:/Users/emili/.m2/repository/com/github/almasb/fxgl/17.3/fxgl-17.3.jar!/fxglassets/languages/english.lang
13:44:04.423 [FXGL Background Thread 1 ] INFO  FXGLApplication      - FXGL initialization took: 0.424 sec
13:44:04.423 [JavaFX Application Thread] DEBUG FXGLAssetLoaderServi - Loading from file system: jar:file:///C:/Users/emili/.m2/repository/com/github/almasb/fxgl/17.3/fxgl-17.3.jar!/fxglassets/textures/fxgl_icon.png
13:44:04.437 [JavaFX Application Thread] DEBUG FXGLAssetLoaderServi - Loading from file system: jar:file:///C:/Users/emili/.m2/repository/com/github/almasb/fxgl/17.3/fxgl-17.3.jar!/fxglassets/textures/fxgl_default_cursor.png
13:44:04.463 [JavaFX Application Thread] DEBUG Input                - Registered new binding: Screenshot - CTRL+8
13:44:04.465 [JavaFX Application Thread] DEBUG Input                - Registered new binding: System info dump - CTRL+9
13:44:04.466 [JavaFX Application Thread] DEBUG Input                - Registered new binding: Restart - CTRL+R
13:44:04.468 [JavaFX Application Thread] DEBUG Input                - Registered new binding: Toggle Debug Camera - CTRL+7
13:44:04.469 [FXGL Background Thread 4 ] DEBUG FXGLAssetLoaderServi - Loading from file system: jar:file:///C:/Users/emili/.m2/repository/com/github/almasb/fxgl/17.3/fxgl-17.3.jar!/fxglassets/ui/fonts/Abel-Regular.ttf
13:44:04.471 [FXGL Background Thread 4 ] DEBUG FXGLAssetLoaderServi - Loading from file system: jar:file:///C:/Users/emili/.m2/repository/com/github/almasb/fxgl/17.3/fxgl-17.3.jar!/fxglassets/ui/fonts/TerminalLandMono-Regular.otf
13:44:04.474 [FXGL Background Thread 4 ] DEBUG FXGLAssetLoaderServi - Loading from file system: jar:file:///C:/Users/emili/.m2/repository/com/github/almasb/fxgl/17.3/fxgl-17.3.jar!/fxglassets/ui/fonts/Courier-Prime.ttf
13:44:04.476 [JavaFX Application Thread] DEBUG LoopRunner           - Starting loop
13:44:04.476 [JavaFX Application Thread] DEBUG LoopRunner           - Initializing JavaFX AnimationTimerLoop
13:44:04.482 [JavaFX Application Thread] DEBUG GameApplicationServi - Starting new game
13:44:04.482 [JavaFX Application Thread] DEBUG Input                - Clearing active input actions
13:44:04.493 [JavaFX Application Thread] DEBUG GameApplicationServi - Removing overlay from FXGLStartupScene and adding to FXGLLoadingScene
13:44:04.493 [JavaFX Application Thread] DEBUG PrimaryStageWindow   - FXGLStartupScene -> FXGLLoadingScene
13:44:04.493 [JavaFX Application Thread] DEBUG GameApplicationServi - Clearing previous game
13:44:04.494 [JavaFX Application Thread] DEBUG GameScene            - Clearing game scene
13:44:04.494 [JavaFX Application Thread] DEBUG GameWorld            - Clearing game world
13:44:04.494 [JavaFX Application Thread] DEBUG PhysicsWorld         - Clearing physics world
13:44:04.497 [FXGL Background Thread 4 ] DEBUG FXGLApplication      - Initializing game
13:44:04.497 [JavaFX Application Thread] DEBUG FXGLApplication      - Registering font factories with UI factory
13:44:04.508 [FXGL Background Thread 4 ] DEBUG FXGLAssetLoaderServi - Loading from file system: file:/C:/Users/emili/OneDrive/Escritorio/UP/Septimo%20cuatrimestre/programacion%20concurrente/corte%203/Simulador-restaurante/target/classes/assets/textures/wood_floor.jpg
13:44:04.528 [FXGL Background Thread 4 ] DEBUG FXGLAssetLoaderServi - Loading from file system: file:/C:/Users/emili/OneDrive/Escritorio/UP/Septimo%20cuatrimestre/programacion%20concurrente/corte%203/Simulador-restaurante/target/classes/assets/textures/chef.png
13:44:04.567 [FXGL Background Thread 4 ] INFO  FXGLApplication      - Game initialization took: 0.070 sec
13:44:04.567 [JavaFX Application Thread] DEBUG Input                - Clearing active input actions
13:44:04.572 [JavaFX Application Thread] DEBUG GameApplicationServi - Removing overlay from FXGLLoadingScene and adding to GameScene
13:44:04.572 [JavaFX Application Thread] DEBUG PrimaryStageWindow   - FXGLLoadingScene -> GameScene
13:44:04.986 [FXGL Background Thread 2 ] INFO  UpdaterService       - Your current version:  17.3
13:44:04.987 [FXGL Background Thread 2 ] INFO  UpdaterService       - Latest stable version: 21.1
13:44:07.173 [JavaFX Application Thread] DEBUG FXGLApplication      - Exiting FXGL
13:44:07.174 [JavaFX Application Thread] DEBUG LoopRunner           - Stopping loop
13:44:07.174 [JavaFX Application Thread] DEBUG SystemBundleService  - Saving FXGL system data
13:44:07.176 [JavaFX Application Thread] DEBUG FileSystemAccess     - Writing to: C:\Users\emili\OneDrive\Escritorio\UP\Septimo cuatrimestre\programacion concurrente\corte 3\Simulador-restaurante\system\fxgl.bundle
13:44:07.178 [JavaFX Application Thread] DEBUG Async                - Shutting down background threads
13:44:07.179 [JavaFX Application Thread] DEBUG PrimaryStageWindow   - Closing main window
13:44:07.192 [JavaFX Application Thread] DEBUG Logger               - Closing Logger
