19:26:35.759 [main                     ] DEBUG Logger               - Configured Logger
19:26:35.789 [main                     ] DEBUG GameApplication      - Logging settings
Title: Simulador Restaurante :D
Version: 0.0
Width: 1200
Height: 750
Fullscreen: false
Intro: false
Profiling: false
Single step:false
App Mode: DEVELOPER
Menu Key: ESCAPE
Stage Style: DECORATED
Scene Factory: class com.almasb.fxgl.app.scene.SceneFactory

19:26:36.056 [JavaFX Application Thread] DEBUG FXGLApplication      - Initializing FXGL
19:26:36.060 [JavaFX Application Thread] INFO  Engine               - FXGL-17.3 (30.03.2023 11.49) on WINDOWS (J:17.0.9 FX:17.0.6)
19:26:36.060 [JavaFX Application Thread] DEBUG Engine               - JRE Vendor Name: Oracle Corporation
19:26:36.061 [JavaFX Application Thread] DEBUG Engine               - Running on OS: Windows 11 version 10.0
19:26:36.061 [JavaFX Application Thread] DEBUG Engine               - Architecture: amd64
19:26:36.061 [JavaFX Application Thread] INFO  Engine               - Source code and latest versions at: https://github.com/AlmasB/FXGL
19:26:36.061 [JavaFX Application Thread] INFO  Engine               -       Ask questions and discuss at: https://github.com/AlmasB/FXGL/discussions
19:26:36.061 [JavaFX Application Thread] INFO  Engine               -              Join the FXGL chat at: https://gitter.im/AlmasB/FXGL
19:26:36.135 [JavaFX Application Thread] DEBUG PrimaryStageWindow   - Creating a JavaFX scene
19:26:36.164 [JavaFX Application Thread] DEBUG PrimaryStageWindow   - Target settings size: 1200.0 x 750.0
19:26:36.164 [JavaFX Application Thread] DEBUG PrimaryStageWindow   - Scaled scene size:    1200.0 x 750.0
19:26:36.165 [JavaFX Application Thread] DEBUG PrimaryStageWindow   - Scaled ratio: (1.0, 1.0)
19:26:36.166 [JavaFX Application Thread] DEBUG PrimaryStageWindow   - Set initial scene to FXGLStartupScene
19:26:36.170 [JavaFX Application Thread] DEBUG PrimaryStageWindow   - Opening main window
19:26:36.243 [JavaFX Application Thread] DEBUG PrimaryStageWindow   - Window border size: (14.4000244140625, 38.0)
19:26:36.243 [JavaFX Application Thread] DEBUG PrimaryStageWindow   - Scaled size: 1200.0 x 750.0
19:26:36.243 [JavaFX Application Thread] DEBUG PrimaryStageWindow   - Scaled ratio: (1.0, 1.0)
19:26:36.244 [JavaFX Application Thread] DEBUG PrimaryStageWindow   - Scene size: 1200.0 x 750.0
19:26:36.244 [JavaFX Application Thread] DEBUG PrimaryStageWindow   - Stage size: 1214.4000244140625 x 788.0
19:26:36.249 [FXGL Background Thread 1 ] DEBUG Engine               - Initializing environment variables
19:26:36.283 [FXGL Background Thread 1 ] DEBUG FXGLAssetLoaderServi - User app class for loading assets: class org.example.simulador_restaurante.HelloApplication
19:26:36.283 [FXGL Background Thread 1 ] DEBUG GameApplicationServi - Applying CSS: fxgl_dark.css
19:26:36.284 [FXGL Background Thread 1 ] DEBUG FXGLAssetLoaderServi - Loading from file system: jar:file:///C:/Users/emili/.m2/repository/com/github/almasb/fxgl/17.3/fxgl-17.3.jar!/fxglassets/ui/css/fxgl_dark.css
19:26:36.338 [FXGL Background Thread 1 ] DEBUG GameApplicationServi - Initializing application scenes
19:26:36.413 [FXGL Background Thread 1 ] DEBUG GameWorld            - Game world initialized
19:26:36.482 [FXGL Background Thread 1 ] DEBUG PhysicsWorld         - Physics world initialized: appHeight=750, physics.ppm=50.0
19:26:36.484 [FXGL Background Thread 1 ] DEBUG PhysicsWorld         - Using strategy: BRUTE_FORCE
19:26:36.492 [FXGL Background Thread 1 ] DEBUG GameScene            - Game scene initialized: 1200x750
19:26:36.525 [FXGL Background Thread 1 ] DEBUG FXGL.DefaultMenu     - createMenuBodyGameMenu()
19:26:36.541 [FXGL Background Thread 1 ] DEBUG FXGL.DefaultMenu     - createOptionsMenu()
19:26:36.550 [FXGL Background Thread 1 ] DEBUG FXGLAssetLoaderServi - Loading from file system: jar:file:///C:/Users/emili/.m2/repository/com/github/almasb/fxgl/17.3/fxgl-17.3.jar!/fxglassets/textures/particles/smoke.png
19:26:36.638 [FXGL Background Thread 1 ] DEBUG FXGLAssetLoaderServi - Loading from file system: jar:file:///C:/Users/emili/.m2/repository/com/github/almasb/fxgl/17.3/fxgl-17.3.jar!/fxglassets/textures/particles/trace_horizontal.png
19:26:36.667 [FXGL Background Thread 1 ] DEBUG GameApplicationServi - Application scenes initialized
19:26:36.679 [FXGL Background Thread 1 ] DEBUG SystemBundleService  - Loading FXGL system data
19:26:36.682 [FXGL Background Thread 1 ] DEBUG FileSystemAccess     - Reading from: C:\Users\emili\OneDrive\Escritorio\UP\Septimo cuatrimestre\programacion concurrente\corte 3\Simulador-restaurante\system\fxgl.bundle
19:26:36.689 [FXGL Background Thread 1 ] DEBUG SystemBundleService  - Bundle FXGL: {}
19:26:36.689 [FXGL Background Thread 1 ] DEBUG UpdaterService       - Checking for updates
19:26:36.693 [FXGL Background Thread 4 ] DEBUG FXGLApplication      - Loading fonts
19:26:36.694 [FXGL Background Thread 1 ] DEBUG FXGLApplication      - Loading default localization
19:26:36.694 [FXGL Background Thread 4 ] DEBUG FXGLAssetLoaderServi - Loading from file system: jar:file:///C:/Users/emili/.m2/repository/com/github/almasb/fxgl/17.3/fxgl-17.3.jar!/fxglassets/ui/fonts/VarelaRound-Regular.ttf
19:26:36.694 [FXGL Background Thread 1 ] DEBUG FXGLAssetLoaderServi - Loading from file system: jar:file:///C:/Users/emili/.m2/repository/com/github/almasb/fxgl/17.3/fxgl-17.3.jar!/fxglassets/languages/english.lang
19:26:36.723 [FXGL Background Thread 1 ] INFO  FXGLApplication      - FXGL initialization took: 0.473 sec
19:26:36.725 [JavaFX Application Thread] DEBUG FXGLAssetLoaderServi - Loading from file system: jar:file:///C:/Users/emili/.m2/repository/com/github/almasb/fxgl/17.3/fxgl-17.3.jar!/fxglassets/textures/fxgl_icon.png
19:26:36.746 [JavaFX Application Thread] DEBUG FXGLAssetLoaderServi - Loading from file system: jar:file:///C:/Users/emili/.m2/repository/com/github/almasb/fxgl/17.3/fxgl-17.3.jar!/fxglassets/textures/fxgl_default_cursor.png
19:26:36.772 [JavaFX Application Thread] DEBUG Input                - Registered new binding: Screenshot - CTRL+8
19:26:36.774 [JavaFX Application Thread] DEBUG Input                - Registered new binding: System info dump - CTRL+9
19:26:36.775 [JavaFX Application Thread] DEBUG Input                - Registered new binding: Restart - CTRL+R
19:26:36.778 [JavaFX Application Thread] DEBUG Input                - Registered new binding: Toggle Debug Camera - CTRL+7
19:26:36.787 [FXGL Background Thread 4 ] DEBUG FXGLAssetLoaderServi - Loading from file system: jar:file:///C:/Users/emili/.m2/repository/com/github/almasb/fxgl/17.3/fxgl-17.3.jar!/fxglassets/ui/fonts/Abel-Regular.ttf
19:26:36.788 [JavaFX Application Thread] DEBUG LoopRunner           - Starting loop
19:26:36.788 [JavaFX Application Thread] DEBUG LoopRunner           - Initializing JavaFX AnimationTimerLoop
19:26:36.790 [FXGL Background Thread 4 ] DEBUG FXGLAssetLoaderServi - Loading from file system: jar:file:///C:/Users/emili/.m2/repository/com/github/almasb/fxgl/17.3/fxgl-17.3.jar!/fxglassets/ui/fonts/TerminalLandMono-Regular.otf
19:26:36.792 [JavaFX Application Thread] DEBUG GameApplicationServi - Starting new game
19:26:36.792 [FXGL Background Thread 4 ] DEBUG FXGLAssetLoaderServi - Loading from file system: jar:file:///C:/Users/emili/.m2/repository/com/github/almasb/fxgl/17.3/fxgl-17.3.jar!/fxglassets/ui/fonts/Courier-Prime.ttf
19:26:36.793 [JavaFX Application Thread] DEBUG Input                - Clearing active input actions
19:26:36.807 [JavaFX Application Thread] DEBUG GameApplicationServi - Removing overlay from FXGLStartupScene and adding to FXGLLoadingScene
19:26:36.807 [JavaFX Application Thread] DEBUG PrimaryStageWindow   - FXGLStartupScene -> FXGLLoadingScene
19:26:36.807 [JavaFX Application Thread] DEBUG GameApplicationServi - Clearing previous game
19:26:36.808 [JavaFX Application Thread] DEBUG GameScene            - Clearing game scene
19:26:36.808 [JavaFX Application Thread] DEBUG GameWorld            - Clearing game world
19:26:36.808 [JavaFX Application Thread] DEBUG PhysicsWorld         - Clearing physics world
19:26:36.811 [FXGL Background Thread 4 ] DEBUG FXGLApplication      - Initializing game
19:26:36.827 [FXGL Background Thread 4 ] DEBUG FXGLAssetLoaderServi - Loading from file system: file:/C:/Users/emili/OneDrive/Escritorio/UP/Septimo%20cuatrimestre/programacion%20concurrente/corte%203/Simulador-restaurante/target/classes/assets/music/soundtrack.mp3
19:26:36.873 [JavaFX Application Thread] DEBUG FXGLApplication      - Registering font factories with UI factory
19:26:36.971 [FXGL Background Thread 4 ] DEBUG AudioPlayer          - Playing music com.almasb.fxgl.audio.Music@3b93c692
19:26:36.973 [FXGL Background Thread 4 ] DEBUG FXGLAssetLoaderServi - Loading from file system: file:/C:/Users/emili/OneDrive/Escritorio/UP/Septimo%20cuatrimestre/programacion%20concurrente/corte%203/Simulador-restaurante/target/classes/assets/textures/wood_floor.jpg
19:26:36.985 [FXGL Background Thread 4 ] DEBUG FXGLAssetLoaderServi - Loading from file system: file:/C:/Users/emili/OneDrive/Escritorio/UP/Septimo%20cuatrimestre/programacion%20concurrente/corte%203/Simulador-restaurante/target/classes/assets/textures/receptionist.png
19:26:36.988 [FXGL Background Thread 4 ] DEBUG FXGLAssetLoaderServi - Loading from file system: file:/C:/Users/emili/OneDrive/Escritorio/UP/Septimo%20cuatrimestre/programacion%20concurrente/corte%203/Simulador-restaurante/target/classes/assets/textures/table.png
19:26:36.998 [FXGL Background Thread 4 ] DEBUG FXGLAssetLoaderServi - Loading from file system: file:/C:/Users/emili/OneDrive/Escritorio/UP/Septimo%20cuatrimestre/programacion%20concurrente/corte%203/Simulador-restaurante/target/classes/assets/textures/chef.png
19:26:37.005 [FXGL Background Thread 4 ] INFO  FXGLApplication      - Game initialization took: 0.194 sec
19:26:37.015 [JavaFX Application Thread] DEBUG Input                - Clearing active input actions
19:26:37.023 [JavaFX Application Thread] DEBUG GameApplicationServi - Removing overlay from FXGLLoadingScene and adding to GameScene
19:26:37.023 [JavaFX Application Thread] DEBUG PrimaryStageWindow   - FXGLLoadingScene -> GameScene
19:26:37.249 [FXGL Background Thread 2 ] INFO  UpdaterService       - Your current version:  17.3
19:26:37.249 [FXGL Background Thread 2 ] INFO  UpdaterService       - Latest stable version: 21.1
19:26:39.694 [FXGL Background Thread 3 ] DEBUG Engine               - Logging environment variables
19:26:39.694 [FXGL Background Thread 3 ] DEBUG Engine               - achievements: []
19:26:39.694 [FXGL Background Thread 3 ] DEBUG Engine               - actualHeight: 750.0
19:26:39.694 [FXGL Background Thread 3 ] DEBUG Engine               - actualHeightProperty: ReadOnlyDoubleProperty [value: 750.0]
19:26:39.694 [FXGL Background Thread 3 ] DEBUG Engine               - actualWidth: 1200.0
19:26:39.694 [FXGL Background Thread 3 ] DEBUG Engine               - actualWidthProperty: ReadOnlyDoubleProperty [value: 1200.0]
19:26:39.694 [FXGL Background Thread 3 ] DEBUG Engine               - appIcon: fxgl_icon.png
19:26:39.695 [FXGL Background Thread 3 ] DEBUG Engine               - applicationMode: DEVELOPER
19:26:39.695 [FXGL Background Thread 3 ] DEBUG Engine               - cSSList: [fxgl_dark.css]
19:26:39.695 [FXGL Background Thread 3 ] DEBUG Engine               - collisionDetectionStrategy: BRUTE_FORCE
19:26:39.695 [FXGL Background Thread 3 ] DEBUG Engine               - configClass: Optional.empty
19:26:39.695 [FXGL Background Thread 3 ] DEBUG Engine               - credits: []
19:26:39.697 [FXGL Background Thread 3 ] DEBUG Engine               - defaultCursor: CursorInfo(imageName=fxgl_default_cursor.png, hotspotX=7.0, hotspotY=6.0)
19:26:39.697 [FXGL Background Thread 3 ] DEBUG Engine               - devBBoxColorProperty: ObjectProperty [value: 0xff0000ff]
19:26:39.697 [FXGL Background Thread 3 ] DEBUG Engine               - devEnableDebugCameraProperty: BooleanProperty [value: false]
19:26:39.697 [FXGL Background Thread 3 ] DEBUG Engine               - devSensorColorProperty: ObjectProperty [value: 0xffff00ff]
19:26:39.697 [FXGL Background Thread 3 ] DEBUG Engine               - devShowBBoxProperty: BooleanProperty [value: false]
19:26:39.697 [FXGL Background Thread 3 ] DEBUG Engine               - devShowPositionProperty: BooleanProperty [value: false]
19:26:39.697 [FXGL Background Thread 3 ] DEBUG Engine               - enabledMenuItems: []
19:26:39.697 [FXGL Background Thread 3 ] DEBUG Engine               - engineServices: [class com.almasb.fxgl.app.services.FXGLAssetLoaderService, class com.almasb.fxgl.app.FXGLApplication$GameApplicationService, class com.almasb.fxgl.app.services.FXGLDialogService, class com.almasb.fxgl.app.services.IOTaskExecutorService, class com.almasb.fxgl.io.FileSystemService, class com.almasb.fxgl.localization.LocalizationService, class com.almasb.fxgl.app.services.SystemBundleService, class com.almasb.fxgl.profile.SaveLoadService, class com.almasb.fxgl.ui.FXGLUIFactoryServiceProvider, class com.almasb.fxgl.ui.FXGLDialogFactoryServiceProvider, class com.almasb.fxgl.audio.AudioPlayer, class com.almasb.fxgl.notification.impl.NotificationServiceProvider, class com.almasb.fxgl.achievement.AchievementService, class com.almasb.fxgl.cutscene.CutsceneService, class com.almasb.fxgl.minigames.MiniGameService, class com.almasb.fxgl.net.NetService, class com.almasb.fxgl.app.services.UpdaterService, class com.almasb.fxgl.dev.DevService]
19:26:39.697 [FXGL Background Thread 3 ] DEBUG Engine               - fontGame: Abel-Regular.ttf
19:26:39.697 [FXGL Background Thread 3 ] DEBUG Engine               - fontMono: TerminalLandMono-Regular.otf
19:26:39.697 [FXGL Background Thread 3 ] DEBUG Engine               - fontSizeScaleUI: 1.0
19:26:39.698 [FXGL Background Thread 3 ] DEBUG Engine               - fontText: Courier-Prime.ttf
19:26:39.698 [FXGL Background Thread 3 ] DEBUG Engine               - fontUI: VarelaRound-Regular.ttf
19:26:39.698 [FXGL Background Thread 3 ] DEBUG Engine               - fullScreen: BooleanProperty [value: false]
19:26:39.698 [FXGL Background Thread 3 ] DEBUG Engine               - gameDifficulty: MEDIUM
19:26:39.698 [FXGL Background Thread 3 ] DEBUG Engine               - gameDifficultyProperty: ObjectProperty [value: MEDIUM]
19:26:39.698 [FXGL Background Thread 3 ] DEBUG Engine               - globalMusicVolume: 0.5
19:26:39.698 [FXGL Background Thread 3 ] DEBUG Engine               - globalMusicVolumeProperty: DoubleProperty [value: 0.5]
19:26:39.698 [FXGL Background Thread 3 ] DEBUG Engine               - globalSoundVolume: 0.5
19:26:39.698 [FXGL Background Thread 3 ] DEBUG Engine               - globalSoundVolumeProperty: DoubleProperty [value: 0.5]
19:26:39.698 [FXGL Background Thread 3 ] DEBUG Engine               - height: 750
19:26:39.698 [FXGL Background Thread 3 ] DEBUG Engine               - is3D: false
19:26:39.698 [FXGL Background Thread 3 ] DEBUG Engine               - isAndroid: false
19:26:39.698 [FXGL Background Thread 3 ] DEBUG Engine               - isBrowser: false
19:26:39.698 [FXGL Background Thread 3 ] DEBUG Engine               - isClickFeedbackEnabled: false
19:26:39.698 [FXGL Background Thread 3 ] DEBUG Engine               - isCloseConfirmation: false
19:26:39.698 [FXGL Background Thread 3 ] DEBUG Engine               - isDesktop: true
19:26:39.698 [FXGL Background Thread 3 ] DEBUG Engine               - isDeveloperMenuEnabled: false
19:26:39.698 [FXGL Background Thread 3 ] DEBUG Engine               - isEmbedded: false
19:26:39.698 [FXGL Background Thread 3 ] DEBUG Engine               - isEntityPreloadEnabled: true
19:26:39.698 [FXGL Background Thread 3 ] DEBUG Engine               - isExperimentalTiledLargeMap: false
19:26:39.698 [FXGL Background Thread 3 ] DEBUG Engine               - isFileSystemWriteAllowed: true
19:26:39.698 [FXGL Background Thread 3 ] DEBUG Engine               - isFullScreenAllowed: false
19:26:39.699 [FXGL Background Thread 3 ] DEBUG Engine               - isFullScreenFromStart: false
19:26:39.699 [FXGL Background Thread 3 ] DEBUG Engine               - isGameMenuEnabled: true
19:26:39.699 [FXGL Background Thread 3 ] DEBUG Engine               - isIOS: false
19:26:39.699 [FXGL Background Thread 3 ] DEBUG Engine               - isIntroEnabled: false
19:26:39.699 [FXGL Background Thread 3 ] DEBUG Engine               - isLinux: false
19:26:39.699 [FXGL Background Thread 3 ] DEBUG Engine               - isMac: false
19:26:39.699 [FXGL Background Thread 3 ] DEBUG Engine               - isMainMenuEnabled: false
19:26:39.699 [FXGL Background Thread 3 ] DEBUG Engine               - isManualResizeEnabled: false
19:26:39.699 [FXGL Background Thread 3 ] DEBUG Engine               - isMobile: false
19:26:39.699 [FXGL Background Thread 3 ] DEBUG Engine               - isNative: false
19:26:39.699 [FXGL Background Thread 3 ] DEBUG Engine               - isPauseMusicWhenMinimized: true
19:26:39.699 [FXGL Background Thread 3 ] DEBUG Engine               - isPreserveResizeRatio: false
19:26:39.699 [FXGL Background Thread 3 ] DEBUG Engine               - isProfilingEnabled: false
19:26:39.699 [FXGL Background Thread 3 ] DEBUG Engine               - isScaleAffectedOnResize: true
19:26:39.699 [FXGL Background Thread 3 ] DEBUG Engine               - isSingleStep: false
19:26:39.699 [FXGL Background Thread 3 ] DEBUG Engine               - isUserProfileEnabled: false
19:26:39.699 [FXGL Background Thread 3 ] DEBUG Engine               - isWindows: true
19:26:39.699 [FXGL Background Thread 3 ] DEBUG Engine               - language: ObjectProperty [value: ENGLISH]
19:26:39.699 [FXGL Background Thread 3 ] DEBUG Engine               - menuKey: ESCAPE
19:26:39.699 [FXGL Background Thread 3 ] DEBUG Engine               - mouseSensitivity: 0.2
19:26:39.699 [FXGL Background Thread 3 ] DEBUG Engine               - notificationViewClass: class com.almasb.fxgl.notification.view.XboxNotificationView
19:26:39.699 [FXGL Background Thread 3 ] DEBUG Engine               - pixelsPerMeter: 50.0
19:26:39.699 [FXGL Background Thread 3 ] DEBUG Engine               - platform: WINDOWS
19:26:39.699 [FXGL Background Thread 3 ] DEBUG Engine               - prefHeightProperty: ReadOnlyDoubleProperty [value: 750.0]
19:26:39.699 [FXGL Background Thread 3 ] DEBUG Engine               - prefWidthProperty: ReadOnlyDoubleProperty [value: 1200.0]
19:26:39.699 [FXGL Background Thread 3 ] DEBUG Engine               - profileDir: profiles/
19:26:39.700 [FXGL Background Thread 3 ] DEBUG Engine               - profileName: StringProperty [value: DEFAULT]
19:26:39.700 [FXGL Background Thread 3 ] DEBUG Engine               - randomSeed: -1
19:26:39.700 [FXGL Background Thread 3 ] DEBUG Engine               - runtimeInfo: RuntimeInfo(platform=WINDOWS, version=17.3, build=30.03.2023 11.49)
19:26:39.700 [FXGL Background Thread 3 ] DEBUG Engine               - saveFileExt: sav
19:26:39.700 [FXGL Background Thread 3 ] DEBUG Engine               - scaledHeightProp$fxgl: DoubleProperty [bound, value: 750.0]
19:26:39.700 [FXGL Background Thread 3 ] DEBUG Engine               - scaledWidthProp$fxgl: DoubleProperty [bound, value: 1200.0]
19:26:39.700 [FXGL Background Thread 3 ] DEBUG Engine               - sceneFactory: com.almasb.fxgl.app.scene.SceneFactory@7006d714
19:26:39.700 [FXGL Background Thread 3 ] DEBUG Engine               - secondsIn24h: 60
19:26:39.700 [FXGL Background Thread 3 ] DEBUG Engine               - soundMenuBack: menu/back.wav
19:26:39.700 [FXGL Background Thread 3 ] DEBUG Engine               - soundMenuPress: menu/press.wav
19:26:39.700 [FXGL Background Thread 3 ] DEBUG Engine               - soundMenuSelect: menu/select.wav
19:26:39.700 [FXGL Background Thread 3 ] DEBUG Engine               - soundNotification: core/notification.wav
19:26:39.700 [FXGL Background Thread 3 ] DEBUG Engine               - stageStyle: DECORATED
19:26:39.700 [FXGL Background Thread 3 ] DEBUG Engine               - supportedLanguages: [ENGLISH, FRENCH, GERMAN, HUNGARIAN, RUSSIAN]
19:26:39.700 [FXGL Background Thread 3 ] DEBUG Engine               - ticksPerSecond: -1
19:26:39.700 [FXGL Background Thread 3 ] DEBUG Engine               - title: Simulador Restaurante :D
19:26:39.700 [FXGL Background Thread 3 ] DEBUG Engine               - urlGithub: https://github.com/AlmasB/FXGL
19:26:39.700 [FXGL Background Thread 3 ] DEBUG Engine               - urlLeaderboard: http://fxgl-top.herokuapp.com/
19:26:39.700 [FXGL Background Thread 3 ] DEBUG Engine               - urlPOM: https://raw.githubusercontent.com/AlmasB/FXGL/release/README.md
19:26:39.700 [FXGL Background Thread 3 ] DEBUG Engine               - userAppClass: class org.example.simulador_restaurante.HelloApplication
19:26:39.700 [FXGL Background Thread 3 ] DEBUG Engine               - version: 0.0
19:26:39.700 [FXGL Background Thread 3 ] DEBUG Engine               - versionCheckDays: 7
19:26:39.700 [FXGL Background Thread 3 ] DEBUG Engine               - width: 1200
19:26:39.700 [FXGL Background Thread 3 ] DEBUG Engine               - Logging services
19:26:39.700 [FXGL Background Thread 3 ] DEBUG Engine               - class com.almasb.fxgl.app.services.FXGLAssetLoaderService
19:26:39.701 [FXGL Background Thread 3 ] DEBUG Engine               - class com.almasb.fxgl.app.FXGLApplication$GameApplicationService
19:26:39.701 [FXGL Background Thread 3 ] DEBUG Engine               - class com.almasb.fxgl.app.services.FXGLDialogService
19:26:39.701 [FXGL Background Thread 3 ] DEBUG Engine               - class com.almasb.fxgl.app.services.IOTaskExecutorService
19:26:39.701 [FXGL Background Thread 3 ] DEBUG Engine               - class com.almasb.fxgl.io.FileSystemService
19:26:39.701 [FXGL Background Thread 3 ] DEBUG Engine               - class com.almasb.fxgl.localization.LocalizationService
19:26:39.701 [FXGL Background Thread 3 ] DEBUG Engine               - class com.almasb.fxgl.app.services.SystemBundleService
19:26:39.701 [FXGL Background Thread 3 ] DEBUG Engine               - class com.almasb.fxgl.profile.SaveLoadService
19:26:39.701 [FXGL Background Thread 3 ] DEBUG Engine               - class com.almasb.fxgl.ui.FXGLUIFactoryServiceProvider
19:26:39.701 [FXGL Background Thread 3 ] DEBUG Engine               - class com.almasb.fxgl.ui.FXGLDialogFactoryServiceProvider
19:26:39.701 [FXGL Background Thread 3 ] DEBUG Engine               - class com.almasb.fxgl.audio.AudioPlayer
19:26:39.701 [FXGL Background Thread 3 ] DEBUG Engine               - class com.almasb.fxgl.notification.impl.NotificationServiceProvider
19:26:39.701 [FXGL Background Thread 3 ] DEBUG Engine               - class com.almasb.fxgl.achievement.AchievementService
19:26:39.701 [FXGL Background Thread 3 ] DEBUG Engine               - class com.almasb.fxgl.cutscene.CutsceneService
19:26:39.701 [FXGL Background Thread 3 ] DEBUG Engine               - class com.almasb.fxgl.minigames.MiniGameService
19:26:39.701 [FXGL Background Thread 3 ] DEBUG Engine               - class com.almasb.fxgl.net.NetService
19:26:39.701 [FXGL Background Thread 3 ] DEBUG Engine               - class com.almasb.fxgl.app.services.UpdaterService
19:26:39.701 [FXGL Background Thread 3 ] DEBUG Engine               - class com.almasb.fxgl.dev.DevService
19:26:51.716 [JavaFX Application Thread] DEBUG FXGLApplication      - Exiting FXGL
19:26:51.716 [JavaFX Application Thread] DEBUG LoopRunner           - Stopping loop
19:26:51.717 [JavaFX Application Thread] DEBUG SystemBundleService  - Saving FXGL system data
19:26:51.718 [JavaFX Application Thread] DEBUG FileSystemAccess     - Writing to: C:\Users\emili\OneDrive\Escritorio\UP\Septimo cuatrimestre\programacion concurrente\corte 3\Simulador-restaurante\system\fxgl.bundle
19:26:51.720 [JavaFX Application Thread] DEBUG Async                - Shutting down background threads
19:26:51.720 [JavaFX Application Thread] DEBUG PrimaryStageWindow   - Closing main window
19:26:51.735 [JavaFX Application Thread] DEBUG Logger               - Closing Logger
