11:34:48.666 [main                     ] DEBUG Logger               - Configured Logger
11:34:48.698 [main                     ] DEBUG GameApplication      - Logging settings
Title: Simulador Restaurante :D
Version: 1.0
Width: 1200
Height: 760
Fullscreen: false
Intro: false
Profiling: false
Single step:false
App Mode: DEVELOPER
Menu Key: ESCAPE
Stage Style: DECORATED
Scene Factory: class com.almasb.fxgl.app.scene.SceneFactory

11:34:48.998 [JavaFX Application Thread] DEBUG FXGLApplication      - Initializing FXGL
11:34:49.004 [JavaFX Application Thread] INFO  Engine               - FXGL-17.3 (30.03.2023 11.49) on WINDOWS (J:17.0.13 FX:17.0.6)
11:34:49.004 [JavaFX Application Thread] DEBUG Engine               - JRE Vendor Name: Amazon.com Inc.
11:34:49.005 [JavaFX Application Thread] DEBUG Engine               - Running on OS: Windows 11 version 10.0
11:34:49.005 [JavaFX Application Thread] DEBUG Engine               - Architecture: amd64
11:34:49.005 [JavaFX Application Thread] INFO  Engine               - Source code and latest versions at: https://github.com/AlmasB/FXGL
11:34:49.005 [JavaFX Application Thread] INFO  Engine               -       Ask questions and discuss at: https://github.com/AlmasB/FXGL/discussions
11:34:49.005 [JavaFX Application Thread] INFO  Engine               -              Join the FXGL chat at: https://gitter.im/AlmasB/FXGL
11:34:49.084 [JavaFX Application Thread] DEBUG PrimaryStageWindow   - Creating a JavaFX scene
11:34:49.119 [JavaFX Application Thread] DEBUG PrimaryStageWindow   - Target settings size: 1200.0 x 760.0
11:34:49.119 [JavaFX Application Thread] DEBUG PrimaryStageWindow   - Scaled scene size:    1200.0 x 760.0
11:34:49.119 [JavaFX Application Thread] DEBUG PrimaryStageWindow   - Scaled ratio: (1.0, 1.0)
11:34:49.120 [JavaFX Application Thread] DEBUG PrimaryStageWindow   - Set initial scene to FXGLStartupScene
11:34:49.125 [JavaFX Application Thread] DEBUG PrimaryStageWindow   - Opening main window
11:34:49.194 [JavaFX Application Thread] DEBUG PrimaryStageWindow   - Window border size: (14.4000244140625, 37.5999755859375)
11:34:49.194 [JavaFX Application Thread] DEBUG PrimaryStageWindow   - Scaled size: 1200.0 x 760.0
11:34:49.195 [JavaFX Application Thread] DEBUG PrimaryStageWindow   - Scaled ratio: (1.0, 1.0)
11:34:49.195 [JavaFX Application Thread] DEBUG PrimaryStageWindow   - Scene size: 1200.0 x 760.0
11:34:49.195 [JavaFX Application Thread] DEBUG PrimaryStageWindow   - Stage size: 1214.4000244140625 x 797.5999755859375
11:34:49.201 [FXGL Background Thread 1 ] DEBUG Engine               - Initializing environment variables
11:34:49.225 [FXGL Background Thread 1 ] DEBUG FXGLAssetLoaderServi - User app class for loading assets: class org.example.simulador_restaurante.HelloApplication
11:34:49.225 [FXGL Background Thread 1 ] DEBUG GameApplicationServi - Applying CSS: fxgl_dark.css
11:34:49.226 [FXGL Background Thread 1 ] DEBUG FXGLAssetLoaderServi - Loading from file system: jar:file:///C:/Users/emili/.m2/repository/com/github/almasb/fxgl/17.3/fxgl-17.3.jar!/fxglassets/ui/css/fxgl_dark.css
11:34:49.281 [FXGL Background Thread 1 ] DEBUG GameApplicationServi - Initializing application scenes
11:34:49.344 [FXGL Background Thread 1 ] DEBUG GameWorld            - Game world initialized
11:34:49.416 [FXGL Background Thread 1 ] DEBUG PhysicsWorld         - Physics world initialized: appHeight=760, physics.ppm=50.0
11:34:49.417 [FXGL Background Thread 1 ] DEBUG PhysicsWorld         - Using strategy: BRUTE_FORCE
11:34:49.421 [FXGL Background Thread 1 ] DEBUG GameScene            - Game scene initialized: 1200x760
11:34:49.455 [FXGL Background Thread 1 ] DEBUG FXGL.DefaultMenu     - createMenuBodyGameMenu()
11:34:49.473 [FXGL Background Thread 1 ] DEBUG FXGL.DefaultMenu     - createOptionsMenu()
11:34:49.485 [FXGL Background Thread 1 ] DEBUG FXGLAssetLoaderServi - Loading from file system: jar:file:///C:/Users/emili/.m2/repository/com/github/almasb/fxgl/17.3/fxgl-17.3.jar!/fxglassets/textures/particles/smoke.png
11:34:49.584 [FXGL Background Thread 1 ] DEBUG FXGLAssetLoaderServi - Loading from file system: jar:file:///C:/Users/emili/.m2/repository/com/github/almasb/fxgl/17.3/fxgl-17.3.jar!/fxglassets/textures/particles/trace_horizontal.png
11:34:49.610 [FXGL Background Thread 1 ] DEBUG GameApplicationServi - Application scenes initialized
11:34:49.624 [FXGL Background Thread 1 ] DEBUG SystemBundleService  - Loading FXGL system data
11:34:49.628 [FXGL Background Thread 1 ] DEBUG FileSystemAccess     - Reading from: C:\Users\emili\OneDrive\Escritorio\UP\Septimo cuatrimestre\programacion concurrente\corte 3\Simulador-restaurante\system\fxgl.bundle
11:34:49.635 [FXGL Background Thread 1 ] DEBUG SystemBundleService  - Bundle FXGL: {}
11:34:49.635 [FXGL Background Thread 1 ] DEBUG UpdaterService       - Checking for updates
11:34:49.639 [FXGL Background Thread 4 ] DEBUG FXGLApplication      - Loading fonts
11:34:49.639 [FXGL Background Thread 4 ] DEBUG FXGLAssetLoaderServi - Loading from file system: jar:file:///C:/Users/emili/.m2/repository/com/github/almasb/fxgl/17.3/fxgl-17.3.jar!/fxglassets/ui/fonts/VarelaRound-Regular.ttf
11:34:49.640 [FXGL Background Thread 1 ] DEBUG FXGLApplication      - Loading default localization
11:34:49.642 [FXGL Background Thread 1 ] DEBUG FXGLAssetLoaderServi - Loading from file system: jar:file:///C:/Users/emili/.m2/repository/com/github/almasb/fxgl/17.3/fxgl-17.3.jar!/fxglassets/languages/english.lang
11:34:49.669 [FXGL Background Thread 1 ] INFO  FXGLApplication      - FXGL initialization took: 0.469 sec
11:34:49.670 [JavaFX Application Thread] DEBUG FXGLAssetLoaderServi - Loading from file system: jar:file:///C:/Users/emili/.m2/repository/com/github/almasb/fxgl/17.3/fxgl-17.3.jar!/fxglassets/textures/fxgl_icon.png
11:34:49.692 [JavaFX Application Thread] DEBUG FXGLAssetLoaderServi - Loading from file system: jar:file:///C:/Users/emili/.m2/repository/com/github/almasb/fxgl/17.3/fxgl-17.3.jar!/fxglassets/textures/fxgl_default_cursor.png
11:34:49.711 [FXGL Background Thread 4 ] DEBUG FXGLAssetLoaderServi - Loading from file system: jar:file:///C:/Users/emili/.m2/repository/com/github/almasb/fxgl/17.3/fxgl-17.3.jar!/fxglassets/ui/fonts/Abel-Regular.ttf
11:34:49.714 [FXGL Background Thread 4 ] DEBUG FXGLAssetLoaderServi - Loading from file system: jar:file:///C:/Users/emili/.m2/repository/com/github/almasb/fxgl/17.3/fxgl-17.3.jar!/fxglassets/ui/fonts/TerminalLandMono-Regular.otf
11:34:49.717 [FXGL Background Thread 4 ] DEBUG FXGLAssetLoaderServi - Loading from file system: jar:file:///C:/Users/emili/.m2/repository/com/github/almasb/fxgl/17.3/fxgl-17.3.jar!/fxglassets/ui/fonts/Courier-Prime.ttf
11:34:49.723 [JavaFX Application Thread] DEBUG Input                - Registered new binding: Screenshot - CTRL+8
11:34:49.725 [JavaFX Application Thread] DEBUG Input                - Registered new binding: System info dump - CTRL+9
11:34:49.726 [JavaFX Application Thread] DEBUG Input                - Registered new binding: Restart - CTRL+R
11:34:49.729 [JavaFX Application Thread] DEBUG Input                - Registered new binding: Toggle Debug Camera - CTRL+7
11:34:49.737 [JavaFX Application Thread] DEBUG LoopRunner           - Starting loop
11:34:49.737 [JavaFX Application Thread] DEBUG LoopRunner           - Initializing JavaFX AnimationTimerLoop
11:34:49.741 [JavaFX Application Thread] DEBUG GameApplicationServi - Starting new game
11:34:49.741 [JavaFX Application Thread] DEBUG Input                - Clearing active input actions
11:34:49.754 [JavaFX Application Thread] DEBUG GameApplicationServi - Removing overlay from FXGLStartupScene and adding to FXGLLoadingScene
11:34:49.755 [JavaFX Application Thread] DEBUG PrimaryStageWindow   - FXGLStartupScene -> FXGLLoadingScene
11:34:49.755 [JavaFX Application Thread] DEBUG GameApplicationServi - Clearing previous game
11:34:49.755 [JavaFX Application Thread] DEBUG GameScene            - Clearing game scene
11:34:49.755 [JavaFX Application Thread] DEBUG GameWorld            - Clearing game world
11:34:49.755 [JavaFX Application Thread] DEBUG PhysicsWorld         - Clearing physics world
11:34:49.758 [FXGL Background Thread 4 ] DEBUG FXGLApplication      - Initializing game
11:34:49.759 [JavaFX Application Thread] DEBUG FXGLApplication      - Registering font factories with UI factory
11:34:49.776 [FXGL Background Thread 4 ] DEBUG FXGLAssetLoaderServi - Loading from file system: file:/C:/Users/emili/OneDrive/Escritorio/UP/Septimo%20cuatrimestre/programacion%20concurrente/corte%203/Simulador-restaurante/target/classes/assets/music/soundtrack.mp3
11:34:49.944 [FXGL Background Thread 4 ] DEBUG AudioPlayer          - Playing music com.almasb.fxgl.audio.Music@8ace517
11:34:49.944 [FXGL Background Thread 4 ] DEBUG FXGLAssetLoaderServi - Loading from file system: file:/C:/Users/emili/OneDrive/Escritorio/UP/Septimo%20cuatrimestre/programacion%20concurrente/corte%203/Simulador-restaurante/target/classes/assets/textures/wood_floor.jpg
11:34:49.970 [FXGL Background Thread 4 ] DEBUG FXGLAssetLoaderServi - Loading from file system: file:/C:/Users/emili/OneDrive/Escritorio/UP/Septimo%20cuatrimestre/programacion%20concurrente/corte%203/Simulador-restaurante/target/classes/assets/textures/receptionist.png
11:34:49.973 [FXGL Background Thread 4 ] DEBUG FXGLAssetLoaderServi - Loading from file system: file:/C:/Users/emili/OneDrive/Escritorio/UP/Septimo%20cuatrimestre/programacion%20concurrente/corte%203/Simulador-restaurante/target/classes/assets/textures/table.png
11:34:49.985 [FXGL Background Thread 4 ] DEBUG FXGLAssetLoaderServi - Loading from file system: file:/C:/Users/emili/OneDrive/Escritorio/UP/Septimo%20cuatrimestre/programacion%20concurrente/corte%203/Simulador-restaurante/target/classes/assets/textures/chef.png
11:34:50.004 [FXGL Background Thread 4 ] INFO  FXGLApplication      - Game initialization took: 0.246 sec
11:34:50.005 [JavaFX Application Thread] DEBUG Input                - Clearing active input actions
11:34:50.012 [JavaFX Application Thread] DEBUG GameApplicationServi - Removing overlay from FXGLLoadingScene and adding to GameScene
11:34:50.012 [JavaFX Application Thread] DEBUG PrimaryStageWindow   - FXGLLoadingScene -> GameScene
11:34:50.025 [JavaFX Application Thread] DEBUG FXGLAssetLoaderServi - Loading from file system: file:/C:/Users/emili/OneDrive/Escritorio/UP/Septimo%20cuatrimestre/programacion%20concurrente/corte%203/Simulador-restaurante/target/classes/assets/textures/client.png
11:34:50.322 [FXGL Background Thread 2 ] INFO  UpdaterService       - Your current version:  17.3
11:34:50.322 [FXGL Background Thread 2 ] INFO  UpdaterService       - Latest stable version: 21.1
11:34:50.607 [Thread-18                ] DEBUG LoopRunner           - Stopping loop
11:34:50.607 [Thread-18                ] FATAL FXGLApplication      - Uncaught Exception:
java.lang.IllegalStateException: Not on FX application thread; currentThread = Thread-18
	at javafx.graphics/com.sun.javafx.tk.Toolkit.checkFxUserThread(Toolkit.java:297)
	at javafx.graphics/com.sun.javafx.tk.quantum.QuantumToolkit.checkFxUserThread(QuantumToolkit.java:458)
	at javafx.graphics/javafx.scene.Parent$3.onProposedChange(Parent.java:474)
	at javafx.base/com.sun.javafx.collections.VetoableListDecorator.remove(VetoableListDecorator.java:328)
	at javafx.base/com.sun.javafx.collections.VetoableListDecorator.remove(VetoableListDecorator.java:220)
	at com.almasb.fxgl.all@17.3/com.almasb.fxgl.app.scene.GameScene.removeGameView(GameScene.kt:381)
	at com.almasb.fxgl.all@17.3/com.almasb.fxgl.app.scene.GameScene.destroyView(GameScene.kt:399)
	at com.almasb.fxgl.all@17.3/com.almasb.fxgl.app.scene.GameScene.onEntityRemoved(GameScene.kt:366)
	at com.almasb.fxgl.entity@17.3/com.almasb.fxgl.entity.GameWorld.notifyEntityRemoved(GameWorld.kt:237)
	at com.almasb.fxgl.entity@17.3/com.almasb.fxgl.entity.GameWorld.removeEntity(GameWorld.kt:121)
	at com.almasb.fxgl.entity@17.3/com.almasb.fxgl.entity.Entity.removeFromWorld(Entity.java:194)
	at org.example.simulador_restaurante/org.example.simulador_restaurante.entities.EntityManager.deleteEntity(EntityManager.java:64)
	at org.example.simulador_restaurante/org.example.simulador_restaurante.models.ReceptionistModel.removeSeatedClient(ReceptionistModel.java:52)
	at org.example.simulador_restaurante/org.example.simulador_restaurante.controllers.WaiterController.lambda$atendCLient$0(WaiterController.java:41)
	at java.base/java.lang.Thread.run(Thread.java:840)

11:34:50.609 [Thread-18                ] FATAL FXGLApplication      - Application will now exit
11:34:50.629 [Thread-18                ] DEBUG PrimaryStageWindow   - Push state: ErrorSubScene
11:34:50.629 [Thread-18                ] DEBUG Input                - Clearing active input actions
11:34:52.639 [FXGL Background Thread 3 ] DEBUG Engine               - Logging environment variables
11:34:52.640 [FXGL Background Thread 3 ] DEBUG Engine               - achievements: []
11:34:52.640 [FXGL Background Thread 3 ] DEBUG Engine               - actualHeight: 760.0
11:34:52.640 [FXGL Background Thread 3 ] DEBUG Engine               - actualHeightProperty: ReadOnlyDoubleProperty [value: 760.0]
11:34:52.640 [FXGL Background Thread 3 ] DEBUG Engine               - actualWidth: 1200.0
11:34:52.641 [FXGL Background Thread 3 ] DEBUG Engine               - actualWidthProperty: ReadOnlyDoubleProperty [value: 1200.0]
11:34:52.641 [FXGL Background Thread 3 ] DEBUG Engine               - appIcon: fxgl_icon.png
11:34:52.641 [FXGL Background Thread 3 ] DEBUG Engine               - applicationMode: DEVELOPER
11:34:52.641 [FXGL Background Thread 3 ] DEBUG Engine               - cSSList: [fxgl_dark.css]
11:34:52.641 [FXGL Background Thread 3 ] DEBUG Engine               - collisionDetectionStrategy: BRUTE_FORCE
11:34:52.641 [FXGL Background Thread 3 ] DEBUG Engine               - configClass: Optional.empty
11:34:52.641 [FXGL Background Thread 3 ] DEBUG Engine               - credits: []
11:34:52.643 [FXGL Background Thread 3 ] DEBUG Engine               - defaultCursor: CursorInfo(imageName=fxgl_default_cursor.png, hotspotX=7.0, hotspotY=6.0)
11:34:52.643 [FXGL Background Thread 3 ] DEBUG Engine               - devBBoxColorProperty: ObjectProperty [value: 0xff0000ff]
11:34:52.643 [FXGL Background Thread 3 ] DEBUG Engine               - devEnableDebugCameraProperty: BooleanProperty [value: false]
11:34:52.643 [FXGL Background Thread 3 ] DEBUG Engine               - devSensorColorProperty: ObjectProperty [value: 0xffff00ff]
11:34:52.644 [FXGL Background Thread 3 ] DEBUG Engine               - devShowBBoxProperty: BooleanProperty [value: false]
11:34:52.644 [FXGL Background Thread 3 ] DEBUG Engine               - devShowPositionProperty: BooleanProperty [value: false]
11:34:52.644 [FXGL Background Thread 3 ] DEBUG Engine               - enabledMenuItems: []
11:34:52.644 [FXGL Background Thread 3 ] DEBUG Engine               - engineServices: [class com.almasb.fxgl.app.services.FXGLAssetLoaderService, class com.almasb.fxgl.app.FXGLApplication$GameApplicationService, class com.almasb.fxgl.app.services.FXGLDialogService, class com.almasb.fxgl.app.services.IOTaskExecutorService, class com.almasb.fxgl.io.FileSystemService, class com.almasb.fxgl.localization.LocalizationService, class com.almasb.fxgl.app.services.SystemBundleService, class com.almasb.fxgl.profile.SaveLoadService, class com.almasb.fxgl.ui.FXGLUIFactoryServiceProvider, class com.almasb.fxgl.ui.FXGLDialogFactoryServiceProvider, class com.almasb.fxgl.audio.AudioPlayer, class com.almasb.fxgl.notification.impl.NotificationServiceProvider, class com.almasb.fxgl.achievement.AchievementService, class com.almasb.fxgl.cutscene.CutsceneService, class com.almasb.fxgl.minigames.MiniGameService, class com.almasb.fxgl.net.NetService, class com.almasb.fxgl.app.services.UpdaterService, class com.almasb.fxgl.dev.DevService]
11:34:52.644 [FXGL Background Thread 3 ] DEBUG Engine               - fontGame: Abel-Regular.ttf
11:34:52.644 [FXGL Background Thread 3 ] DEBUG Engine               - fontMono: TerminalLandMono-Regular.otf
11:34:52.644 [FXGL Background Thread 3 ] DEBUG Engine               - fontSizeScaleUI: 1.0
11:34:52.644 [FXGL Background Thread 3 ] DEBUG Engine               - fontText: Courier-Prime.ttf
11:34:52.644 [FXGL Background Thread 3 ] DEBUG Engine               - fontUI: VarelaRound-Regular.ttf
11:34:52.644 [FXGL Background Thread 3 ] DEBUG Engine               - fullScreen: BooleanProperty [value: false]
11:34:52.644 [FXGL Background Thread 3 ] DEBUG Engine               - gameDifficulty: MEDIUM
11:34:52.644 [FXGL Background Thread 3 ] DEBUG Engine               - gameDifficultyProperty: ObjectProperty [value: MEDIUM]
11:34:52.644 [FXGL Background Thread 3 ] DEBUG Engine               - globalMusicVolume: 0.5
11:34:52.644 [FXGL Background Thread 3 ] DEBUG Engine               - globalMusicVolumeProperty: DoubleProperty [value: 0.5]
11:34:52.644 [FXGL Background Thread 3 ] DEBUG Engine               - globalSoundVolume: 0.5
11:34:52.644 [FXGL Background Thread 3 ] DEBUG Engine               - globalSoundVolumeProperty: DoubleProperty [value: 0.5]
11:34:52.644 [FXGL Background Thread 3 ] DEBUG Engine               - height: 760
11:34:52.645 [FXGL Background Thread 3 ] DEBUG Engine               - is3D: false
11:34:52.645 [FXGL Background Thread 3 ] DEBUG Engine               - isAndroid: false
11:34:52.645 [FXGL Background Thread 3 ] DEBUG Engine               - isBrowser: false
11:34:52.645 [FXGL Background Thread 3 ] DEBUG Engine               - isClickFeedbackEnabled: false
11:34:52.645 [FXGL Background Thread 3 ] DEBUG Engine               - isCloseConfirmation: false
11:34:52.645 [FXGL Background Thread 3 ] DEBUG Engine               - isDesktop: true
11:34:52.645 [FXGL Background Thread 3 ] DEBUG Engine               - isDeveloperMenuEnabled: false
11:34:52.645 [FXGL Background Thread 3 ] DEBUG Engine               - isEmbedded: false
11:34:52.645 [FXGL Background Thread 3 ] DEBUG Engine               - isEntityPreloadEnabled: true
11:34:52.645 [FXGL Background Thread 3 ] DEBUG Engine               - isExperimentalTiledLargeMap: false
11:34:52.645 [FXGL Background Thread 3 ] DEBUG Engine               - isFileSystemWriteAllowed: true
11:34:52.645 [FXGL Background Thread 3 ] DEBUG Engine               - isFullScreenAllowed: false
11:34:52.645 [FXGL Background Thread 3 ] DEBUG Engine               - isFullScreenFromStart: false
11:34:52.645 [FXGL Background Thread 3 ] DEBUG Engine               - isGameMenuEnabled: true
11:34:52.645 [FXGL Background Thread 3 ] DEBUG Engine               - isIOS: false
11:34:52.645 [FXGL Background Thread 3 ] DEBUG Engine               - isIntroEnabled: false
11:34:52.645 [FXGL Background Thread 3 ] DEBUG Engine               - isLinux: false
11:34:52.645 [FXGL Background Thread 3 ] DEBUG Engine               - isMac: false
11:34:52.645 [FXGL Background Thread 3 ] DEBUG Engine               - isMainMenuEnabled: false
11:34:52.645 [FXGL Background Thread 3 ] DEBUG Engine               - isManualResizeEnabled: false
11:34:52.645 [FXGL Background Thread 3 ] DEBUG Engine               - isMobile: false
11:34:52.645 [FXGL Background Thread 3 ] DEBUG Engine               - isNative: false
11:34:52.645 [FXGL Background Thread 3 ] DEBUG Engine               - isPauseMusicWhenMinimized: true
11:34:52.645 [FXGL Background Thread 3 ] DEBUG Engine               - isPreserveResizeRatio: false
11:34:52.645 [FXGL Background Thread 3 ] DEBUG Engine               - isProfilingEnabled: false
11:34:52.645 [FXGL Background Thread 3 ] DEBUG Engine               - isScaleAffectedOnResize: true
11:34:52.645 [FXGL Background Thread 3 ] DEBUG Engine               - isSingleStep: false
11:34:52.645 [FXGL Background Thread 3 ] DEBUG Engine               - isUserProfileEnabled: false
11:34:52.645 [FXGL Background Thread 3 ] DEBUG Engine               - isWindows: true
11:34:52.646 [FXGL Background Thread 3 ] DEBUG Engine               - language: ObjectProperty [value: ENGLISH]
11:34:52.646 [FXGL Background Thread 3 ] DEBUG Engine               - menuKey: ESCAPE
11:34:52.646 [FXGL Background Thread 3 ] DEBUG Engine               - mouseSensitivity: 0.2
11:34:52.646 [FXGL Background Thread 3 ] DEBUG Engine               - notificationViewClass: class com.almasb.fxgl.notification.view.XboxNotificationView
11:34:52.646 [FXGL Background Thread 3 ] DEBUG Engine               - pixelsPerMeter: 50.0
11:34:52.646 [FXGL Background Thread 3 ] DEBUG Engine               - platform: WINDOWS
11:34:52.646 [FXGL Background Thread 3 ] DEBUG Engine               - prefHeightProperty: ReadOnlyDoubleProperty [value: 760.0]
11:34:52.646 [FXGL Background Thread 3 ] DEBUG Engine               - prefWidthProperty: ReadOnlyDoubleProperty [value: 1200.0]
11:34:52.646 [FXGL Background Thread 3 ] DEBUG Engine               - profileDir: profiles/
11:34:52.646 [FXGL Background Thread 3 ] DEBUG Engine               - profileName: StringProperty [value: DEFAULT]
11:34:52.646 [FXGL Background Thread 3 ] DEBUG Engine               - randomSeed: -1
11:34:52.646 [FXGL Background Thread 3 ] DEBUG Engine               - runtimeInfo: RuntimeInfo(platform=WINDOWS, version=17.3, build=30.03.2023 11.49)
11:34:52.646 [FXGL Background Thread 3 ] DEBUG Engine               - saveFileExt: sav
11:34:52.646 [FXGL Background Thread 3 ] DEBUG Engine               - scaledHeightProp$fxgl: DoubleProperty [bound, value: 760.0]
11:34:52.646 [FXGL Background Thread 3 ] DEBUG Engine               - scaledWidthProp$fxgl: DoubleProperty [bound, value: 1200.0]
11:34:52.646 [FXGL Background Thread 3 ] DEBUG Engine               - sceneFactory: com.almasb.fxgl.app.scene.SceneFactory@3dc04ffc
11:34:52.646 [FXGL Background Thread 3 ] DEBUG Engine               - secondsIn24h: 60
11:34:52.646 [FXGL Background Thread 3 ] DEBUG Engine               - soundMenuBack: menu/back.wav
11:34:52.646 [FXGL Background Thread 3 ] DEBUG Engine               - soundMenuPress: menu/press.wav
11:34:52.646 [FXGL Background Thread 3 ] DEBUG Engine               - soundMenuSelect: menu/select.wav
11:34:52.646 [FXGL Background Thread 3 ] DEBUG Engine               - soundNotification: core/notification.wav
11:34:52.646 [FXGL Background Thread 3 ] DEBUG Engine               - stageStyle: DECORATED
11:34:52.646 [FXGL Background Thread 3 ] DEBUG Engine               - supportedLanguages: [ENGLISH, FRENCH, GERMAN, HUNGARIAN, RUSSIAN]
11:34:52.646 [FXGL Background Thread 3 ] DEBUG Engine               - ticksPerSecond: -1
11:34:52.647 [FXGL Background Thread 3 ] DEBUG Engine               - title: Simulador Restaurante :D
11:34:52.647 [FXGL Background Thread 3 ] DEBUG Engine               - urlGithub: https://github.com/AlmasB/FXGL
11:34:52.647 [FXGL Background Thread 3 ] DEBUG Engine               - urlLeaderboard: http://fxgl-top.herokuapp.com/
11:34:52.647 [FXGL Background Thread 3 ] DEBUG Engine               - urlPOM: https://raw.githubusercontent.com/AlmasB/FXGL/release/README.md
11:34:52.647 [FXGL Background Thread 3 ] DEBUG Engine               - userAppClass: class org.example.simulador_restaurante.HelloApplication
11:34:52.647 [FXGL Background Thread 3 ] DEBUG Engine               - version: 1.0
11:34:52.647 [FXGL Background Thread 3 ] DEBUG Engine               - versionCheckDays: 7
11:34:52.647 [FXGL Background Thread 3 ] DEBUG Engine               - width: 1200
11:34:52.647 [FXGL Background Thread 3 ] DEBUG Engine               - Logging services
11:34:52.647 [FXGL Background Thread 3 ] DEBUG Engine               - class com.almasb.fxgl.app.services.FXGLAssetLoaderService
11:34:52.647 [FXGL Background Thread 3 ] DEBUG Engine               - class com.almasb.fxgl.app.FXGLApplication$GameApplicationService
11:34:52.647 [FXGL Background Thread 3 ] DEBUG Engine               - class com.almasb.fxgl.app.services.FXGLDialogService
11:34:52.647 [FXGL Background Thread 3 ] DEBUG Engine               - class com.almasb.fxgl.app.services.IOTaskExecutorService
11:34:52.647 [FXGL Background Thread 3 ] DEBUG Engine               - class com.almasb.fxgl.io.FileSystemService
11:34:52.647 [FXGL Background Thread 3 ] DEBUG Engine               - class com.almasb.fxgl.localization.LocalizationService
11:34:52.647 [FXGL Background Thread 3 ] DEBUG Engine               - class com.almasb.fxgl.app.services.SystemBundleService
11:34:52.647 [FXGL Background Thread 3 ] DEBUG Engine               - class com.almasb.fxgl.profile.SaveLoadService
11:34:52.647 [FXGL Background Thread 3 ] DEBUG Engine               - class com.almasb.fxgl.ui.FXGLUIFactoryServiceProvider
11:34:52.647 [FXGL Background Thread 3 ] DEBUG Engine               - class com.almasb.fxgl.ui.FXGLDialogFactoryServiceProvider
11:34:52.647 [FXGL Background Thread 3 ] DEBUG Engine               - class com.almasb.fxgl.audio.AudioPlayer
11:34:52.647 [FXGL Background Thread 3 ] DEBUG Engine               - class com.almasb.fxgl.notification.impl.NotificationServiceProvider
11:34:52.647 [FXGL Background Thread 3 ] DEBUG Engine               - class com.almasb.fxgl.achievement.AchievementService
11:34:52.647 [FXGL Background Thread 3 ] DEBUG Engine               - class com.almasb.fxgl.cutscene.CutsceneService
11:34:52.647 [FXGL Background Thread 3 ] DEBUG Engine               - class com.almasb.fxgl.minigames.MiniGameService
11:34:52.647 [FXGL Background Thread 3 ] DEBUG Engine               - class com.almasb.fxgl.net.NetService
11:34:52.647 [FXGL Background Thread 3 ] DEBUG Engine               - class com.almasb.fxgl.app.services.UpdaterService
11:34:52.647 [FXGL Background Thread 3 ] DEBUG Engine               - class com.almasb.fxgl.dev.DevService
11:34:55.159 [JavaFX Application Thread] DEBUG FXGLApplication      - Exiting FXGL
11:34:55.159 [JavaFX Application Thread] DEBUG Async                - Shutting down background threads
11:34:55.159 [JavaFX Application Thread] DEBUG PrimaryStageWindow   - Closing main window
11:34:55.172 [JavaFX Application Thread] DEBUG Logger               - Closing Logger
