11:59:54.350 [main                     ] DEBUG Logger               - Configured Logger
11:59:54.372 [main                     ] DEBUG GameApplication      - Logging settings
Title: Simulador Restaurante :D
Version: 1.0
Width: 1200
Height: 760
Fullscreen: false
Intro: false
Profiling: false
Single step:false
App Mode: DEVELOPER
Menu Key: ESCAPE
Stage Style: DECORATED
Scene Factory: class com.almasb.fxgl.app.scene.SceneFactory

11:59:59.681 [JavaFX Application Thread] DEBUG FXGLApplication      - Initializing FXGL
11:59:59.686 [JavaFX Application Thread] INFO  Engine               - FXGL-17.2 (20.08.2022 16.50) on MAC (J:17.0.9 FX:18)
11:59:59.686 [JavaFX Application Thread] DEBUG Engine               - JRE Vendor Name: Amazon.com Inc.
11:59:59.686 [JavaFX Application Thread] DEBUG Engine               - Running on OS: Mac OS X version 15.0
11:59:59.686 [JavaFX Application Thread] DEBUG Engine               - Architecture: x86_64
11:59:59.686 [JavaFX Application Thread] INFO  Engine               - Source code and latest versions at: https://github.com/AlmasB/FXGL
11:59:59.687 [JavaFX Application Thread] INFO  Engine               -       Ask questions and discuss at: https://github.com/AlmasB/FXGL/discussions
11:59:59.687 [JavaFX Application Thread] INFO  Engine               -              Join the FXGL chat at: https://gitter.im/AlmasB/FXGL
11:59:59.750 [JavaFX Application Thread] DEBUG PrimaryStageWindow   - Creating a JavaFX scene
11:59:59.777 [JavaFX Application Thread] DEBUG PrimaryStageWindow   - Target settings size: 1200.0 x 760.0
11:59:59.777 [JavaFX Application Thread] DEBUG PrimaryStageWindow   - Scaled scene size:    1200.0 x 760.0
11:59:59.777 [JavaFX Application Thread] DEBUG PrimaryStageWindow   - Scaled ratio: (1.0, 1.0)
11:59:59.778 [JavaFX Application Thread] DEBUG PrimaryStageWindow   - Set initial scene to FXGLStartupScene
11:59:59.782 [JavaFX Application Thread] DEBUG PrimaryStageWindow   - Opening main window
11:59:59.847 [JavaFX Application Thread] DEBUG PrimaryStageWindow   - Window border size: (0.0, 28.0)
11:59:59.847 [JavaFX Application Thread] DEBUG PrimaryStageWindow   - Scaled size: 1200.0 x 760.0
11:59:59.847 [JavaFX Application Thread] DEBUG PrimaryStageWindow   - Scaled ratio: (1.0, 1.0)
11:59:59.847 [JavaFX Application Thread] DEBUG PrimaryStageWindow   - Scene size: 1200.0 x 760.0
11:59:59.848 [JavaFX Application Thread] DEBUG PrimaryStageWindow   - Stage size: 1200.0 x 788.0
11:59:59.852 [FXGL Background Thread 1 ] DEBUG Engine               - Initializing environment variables
11:59:59.874 [FXGL Background Thread 1 ] DEBUG FXGLAssetLoaderServi - User app class for loading assets: class org.example.simulador_restaurante.HelloApplication
11:59:59.874 [FXGL Background Thread 1 ] DEBUG GameApplicationServi - Applying CSS: fxgl_dark.css
11:59:59.875 [FXGL Background Thread 1 ] DEBUG FXGLAssetLoaderServi - Loading from file system: jar:file:///Users/rextro/.m2/repository/com/github/almasb/fxgl/17.2/fxgl-17.2.jar!/fxglassets/ui/css/fxgl_dark.css
11:59:59.911 [FXGL Background Thread 1 ] DEBUG GameApplicationServi - Initializing application scenes
12:00:00.004 [FXGL Background Thread 1 ] DEBUG GameWorld            - Game world initialized
12:00:00.053 [FXGL Background Thread 1 ] DEBUG PhysicsWorld         - Physics world initialized: appHeight=760, physics.ppm=50.0
12:00:00.053 [FXGL Background Thread 1 ] DEBUG PhysicsWorld         - Using strategy: BRUTE_FORCE
12:00:00.056 [FXGL Background Thread 1 ] DEBUG GameScene            - Game scene initialized: 1200x760
12:00:00.064 [FXGL Background Thread 1 ] DEBUG FXGL.DefaultMenu     - createMenuBodyGameMenu()
12:00:00.074 [FXGL Background Thread 1 ] DEBUG FXGL.DefaultMenu     - createOptionsMenu()
12:00:00.082 [FXGL Background Thread 1 ] DEBUG FXGLAssetLoaderServi - Loading from file system: jar:file:///Users/rextro/.m2/repository/com/github/almasb/fxgl/17.2/fxgl-17.2.jar!/fxglassets/textures/particles/smoke.png
12:00:00.158 [FXGL Background Thread 1 ] DEBUG FXGLAssetLoaderServi - Loading from file system: jar:file:///Users/rextro/.m2/repository/com/github/almasb/fxgl/17.2/fxgl-17.2.jar!/fxglassets/textures/particles/trace_horizontal.png
12:00:00.176 [FXGL Background Thread 1 ] DEBUG GameApplicationServi - Application scenes initialized
12:00:00.185 [FXGL Background Thread 1 ] DEBUG SystemBundleService  - Loading FXGL system data
12:00:00.188 [FXGL Background Thread 1 ] DEBUG FileSystemAccess     - Reading from: /Users/rextro/Documents/7mo/Concurrente/C3/Simulador-restaurante/system/fxgl.bundle
12:00:00.193 [FXGL Background Thread 1 ] DEBUG SystemBundleService  - Bundle FXGL: {}
12:00:00.193 [FXGL Background Thread 1 ] DEBUG UpdaterService       - Checking for updates
12:00:00.196 [FXGL Background Thread 4 ] DEBUG FXGLApplication      - Loading fonts
12:00:00.196 [FXGL Background Thread 4 ] DEBUG FXGLAssetLoaderServi - Loading from file system: jar:file:///Users/rextro/.m2/repository/com/github/almasb/fxgl/17.2/fxgl-17.2.jar!/fxglassets/ui/fonts/VarelaRound-Regular.ttf
12:00:00.196 [FXGL Background Thread 1 ] DEBUG FXGLApplication      - Loading default localization
12:00:00.197 [FXGL Background Thread 1 ] DEBUG FXGLAssetLoaderServi - Loading from file system: jar:file:///Users/rextro/.m2/repository/com/github/almasb/fxgl/17.2/fxgl-17.2.jar!/fxglassets/languages/english.lang
12:00:00.208 [FXGL Background Thread 1 ] INFO  FXGLApplication      - FXGL initialization took: 0.355 sec
12:00:00.208 [JavaFX Application Thread] DEBUG FXGLAssetLoaderServi - Loading from file system: jar:file:///Users/rextro/.m2/repository/com/github/almasb/fxgl/17.2/fxgl-17.2.jar!/fxglassets/textures/fxgl_icon.png
12:00:00.211 [FXGL Background Thread 4 ] DEBUG FXGLAssetLoaderServi - Loading from file system: jar:file:///Users/rextro/.m2/repository/com/github/almasb/fxgl/17.2/fxgl-17.2.jar!/fxglassets/ui/fonts/TerminalLandMono-Regular.otf
12:00:00.213 [FXGL Background Thread 4 ] DEBUG FXGLAssetLoaderServi - Loading from file system: jar:file:///Users/rextro/.m2/repository/com/github/almasb/fxgl/17.2/fxgl-17.2.jar!/fxglassets/ui/fonts/Courier-Prime.ttf
12:00:00.233 [JavaFX Application Thread] DEBUG FXGLAssetLoaderServi - Loading from file system: jar:file:///Users/rextro/.m2/repository/com/github/almasb/fxgl/17.2/fxgl-17.2.jar!/fxglassets/textures/fxgl_default_cursor.png
12:00:00.241 [JavaFX Application Thread] DEBUG Input                - Registered new binding: Screenshot - CTRL+8
12:00:00.248 [JavaFX Application Thread] DEBUG Input                - Registered new binding: System info dump - CTRL+9
12:00:00.248 [JavaFX Application Thread] DEBUG Input                - Registered new binding: Restart - CTRL+R
12:00:00.249 [JavaFX Application Thread] DEBUG Input                - Registered new binding: Toggle Debug Camera - CTRL+7
12:00:00.250 [JavaFX Application Thread] DEBUG LoopRunner           - Starting loop
12:00:00.250 [JavaFX Application Thread] DEBUG LoopRunner           - Initializing JavaFX AnimationTimerLoop
12:00:00.251 [JavaFX Application Thread] DEBUG GameApplicationServi - Starting new game
12:00:00.251 [JavaFX Application Thread] DEBUG Input                - Clearing active input actions
12:00:00.258 [JavaFX Application Thread] DEBUG GameApplicationServi - Removing overlay from FXGLStartupScene and adding to FXGLLoadingScene
12:00:00.258 [JavaFX Application Thread] DEBUG PrimaryStageWindow   - FXGLStartupScene -> FXGLLoadingScene
12:00:00.258 [JavaFX Application Thread] DEBUG GameApplicationServi - Clearing previous game
12:00:00.258 [JavaFX Application Thread] DEBUG GameScene            - Clearing game scene
12:00:00.259 [JavaFX Application Thread] DEBUG GameWorld            - Clearing game world
12:00:00.259 [JavaFX Application Thread] DEBUG PhysicsWorld         - Clearing physics world
12:00:00.260 [FXGL Background Thread 4 ] DEBUG FXGLApplication      - Initializing game
12:00:00.264 [FXGL Background Thread 4 ] DEBUG FXGLAssetLoaderServi - Loading from file system: file:/Users/rextro/Documents/7mo/Concurrente/C3/Simulador-restaurante/target/classes/assets/music/soundtrack.mp3
12:00:00.264 [JavaFX Application Thread] DEBUG FXGLApplication      - Registering font factories with UI factory
12:00:00.491 [FXGL Background Thread 4 ] DEBUG AudioPlayer          - Playing music com.almasb.fxgl.audio.Music@79d64eba
12:00:00.495 [FXGL Background Thread 4 ] DEBUG FXGLAssetLoaderServi - Loading from file system: file:/Users/rextro/Documents/7mo/Concurrente/C3/Simulador-restaurante/target/classes/assets/textures/wood_floor.jpg
12:00:00.506 [FXGL Background Thread 4 ] DEBUG FXGLAssetLoaderServi - Loading from file system: file:/Users/rextro/Documents/7mo/Concurrente/C3/Simulador-restaurante/target/classes/assets/textures/receptionist.png
12:00:00.511 [FXGL Background Thread 4 ] DEBUG FXGLAssetLoaderServi - Loading from file system: file:/Users/rextro/Documents/7mo/Concurrente/C3/Simulador-restaurante/target/classes/assets/textures/table.png
12:00:00.522 [FXGL Background Thread 4 ] DEBUG FXGLAssetLoaderServi - Loading from file system: file:/Users/rextro/Documents/7mo/Concurrente/C3/Simulador-restaurante/target/classes/assets/textures/chef.png
12:00:00.527 [FXGL Background Thread 4 ] INFO  FXGLApplication      - Game initialization took: 0.267 sec
12:00:00.567 [JavaFX Application Thread] DEBUG Input                - Clearing active input actions
12:00:00.575 [JavaFX Application Thread] DEBUG GameApplicationServi - Removing overlay from FXGLLoadingScene and adding to GameScene
12:00:00.575 [JavaFX Application Thread] DEBUG PrimaryStageWindow   - FXGLLoadingScene -> GameScene
12:00:01.100 [FXGL Background Thread 2 ] INFO  UpdaterService       - Your current version:  17.2
12:00:01.100 [FXGL Background Thread 2 ] INFO  UpdaterService       - Latest stable version: 21.1
12:00:01.568 [JavaFX Application Thread] DEBUG FXGLAssetLoaderServi - Loading from file system: file:/Users/rextro/Documents/7mo/Concurrente/C3/Simulador-restaurante/target/classes/assets/textures/food.png
12:00:03.199 [FXGL Background Thread 3 ] DEBUG Engine               - Logging environment variables
12:00:03.200 [FXGL Background Thread 3 ] DEBUG Engine               - achievements: []
12:00:03.200 [FXGL Background Thread 3 ] DEBUG Engine               - actualHeight: 760.0
12:00:03.201 [FXGL Background Thread 3 ] DEBUG Engine               - actualHeightProperty: ReadOnlyDoubleProperty [value: 760.0]
12:00:03.201 [FXGL Background Thread 3 ] DEBUG Engine               - actualWidth: 1200.0
12:00:03.201 [FXGL Background Thread 3 ] DEBUG Engine               - actualWidthProperty: ReadOnlyDoubleProperty [value: 1200.0]
12:00:03.201 [FXGL Background Thread 3 ] DEBUG Engine               - appIcon: fxgl_icon.png
12:00:03.201 [FXGL Background Thread 3 ] DEBUG Engine               - applicationMode: DEVELOPER
12:00:03.201 [FXGL Background Thread 3 ] DEBUG Engine               - cSSList: [fxgl_dark.css]
12:00:03.202 [FXGL Background Thread 3 ] DEBUG Engine               - collisionDetectionStrategy: BRUTE_FORCE
12:00:03.202 [FXGL Background Thread 3 ] DEBUG Engine               - configClass: Optional.empty
12:00:03.202 [FXGL Background Thread 3 ] DEBUG Engine               - credits: []
12:00:03.202 [FXGL Background Thread 3 ] DEBUG Engine               - defaultCursor: CursorInfo(imageName=fxgl_default_cursor.png, hotspotX=7.0, hotspotY=6.0)
12:00:03.203 [FXGL Background Thread 3 ] DEBUG Engine               - devBBoxColorProperty: ObjectProperty [value: 0xff0000ff]
12:00:03.203 [FXGL Background Thread 3 ] DEBUG Engine               - devEnableDebugCameraProperty: BooleanProperty [value: false]
12:00:03.203 [FXGL Background Thread 3 ] DEBUG Engine               - devSensorColorProperty: ObjectProperty [value: 0xffff00ff]
12:00:03.203 [FXGL Background Thread 3 ] DEBUG Engine               - devShowBBoxProperty: BooleanProperty [value: false]
12:00:03.203 [FXGL Background Thread 3 ] DEBUG Engine               - devShowPositionProperty: BooleanProperty [value: false]
12:00:03.203 [FXGL Background Thread 3 ] DEBUG Engine               - enabledMenuItems: []
12:00:03.203 [FXGL Background Thread 3 ] DEBUG Engine               - engineServices: [class com.almasb.fxgl.app.services.FXGLAssetLoaderService, class com.almasb.fxgl.app.FXGLApplication$GameApplicationService, class com.almasb.fxgl.app.services.FXGLDialogService, class com.almasb.fxgl.app.services.IOTaskExecutorService, class com.almasb.fxgl.io.FileSystemService, class com.almasb.fxgl.localization.LocalizationService, class com.almasb.fxgl.app.services.SystemBundleService, class com.almasb.fxgl.profile.SaveLoadService, class com.almasb.fxgl.ui.FXGLUIFactoryServiceProvider, class com.almasb.fxgl.ui.FXGLDialogFactoryServiceProvider, class com.almasb.fxgl.audio.AudioPlayer, class com.almasb.fxgl.notification.impl.NotificationServiceProvider, class com.almasb.fxgl.achievement.AchievementService, class com.almasb.fxgl.cutscene.CutsceneService, class com.almasb.fxgl.minigames.MiniGameService, class com.almasb.fxgl.net.NetService, class com.almasb.fxgl.app.services.UpdaterService, class com.almasb.fxgl.dev.DevService]
12:00:03.203 [FXGL Background Thread 3 ] DEBUG Engine               - fontGame: Abel-Regular.ttf
12:00:03.203 [FXGL Background Thread 3 ] DEBUG Engine               - fontMono: TerminalLandMono-Regular.otf
12:00:03.204 [FXGL Background Thread 3 ] DEBUG Engine               - fontText: Courier-Prime.ttf
12:00:03.204 [FXGL Background Thread 3 ] DEBUG Engine               - fontUI: VarelaRound-Regular.ttf
12:00:03.204 [FXGL Background Thread 3 ] DEBUG Engine               - fullScreen: BooleanProperty [value: false]
12:00:03.204 [FXGL Background Thread 3 ] DEBUG Engine               - gameDifficulty: MEDIUM
12:00:03.204 [FXGL Background Thread 3 ] DEBUG Engine               - gameDifficultyProperty: ObjectProperty [value: MEDIUM]
12:00:03.204 [FXGL Background Thread 3 ] DEBUG Engine               - globalMusicVolume: 0.5
12:00:03.204 [FXGL Background Thread 3 ] DEBUG Engine               - globalMusicVolumeProperty: DoubleProperty [value: 0.5]
12:00:03.204 [FXGL Background Thread 3 ] DEBUG Engine               - globalSoundVolume: 0.5
12:00:03.204 [FXGL Background Thread 3 ] DEBUG Engine               - globalSoundVolumeProperty: DoubleProperty [value: 0.5]
12:00:03.204 [FXGL Background Thread 3 ] DEBUG Engine               - height: 760
12:00:03.205 [FXGL Background Thread 3 ] DEBUG Engine               - is3D: false
12:00:03.205 [FXGL Background Thread 3 ] DEBUG Engine               - isAndroid: false
12:00:03.205 [FXGL Background Thread 3 ] DEBUG Engine               - isBrowser: false
12:00:03.205 [FXGL Background Thread 3 ] DEBUG Engine               - isClickFeedbackEnabled: false
12:00:03.205 [FXGL Background Thread 3 ] DEBUG Engine               - isCloseConfirmation: false
12:00:03.205 [FXGL Background Thread 3 ] DEBUG Engine               - isDesktop: true
12:00:03.205 [FXGL Background Thread 3 ] DEBUG Engine               - isDeveloperMenuEnabled: false
12:00:03.205 [FXGL Background Thread 3 ] DEBUG Engine               - isEmbedded: false
12:00:03.205 [FXGL Background Thread 3 ] DEBUG Engine               - isEntityPreloadEnabled: true
12:00:03.205 [FXGL Background Thread 3 ] DEBUG Engine               - isExperimentalTiledLargeMap: false
12:00:03.205 [FXGL Background Thread 3 ] DEBUG Engine               - isFileSystemWriteAllowed: true
12:00:03.205 [FXGL Background Thread 3 ] DEBUG Engine               - isFullScreenAllowed: false
12:00:03.206 [FXGL Background Thread 3 ] DEBUG Engine               - isFullScreenFromStart: false
12:00:03.206 [FXGL Background Thread 3 ] DEBUG Engine               - isGameMenuEnabled: true
12:00:03.206 [FXGL Background Thread 3 ] DEBUG Engine               - isIOS: false
12:00:03.206 [FXGL Background Thread 3 ] DEBUG Engine               - isIntroEnabled: false
12:00:03.206 [FXGL Background Thread 3 ] DEBUG Engine               - isLinux: false
12:00:03.206 [FXGL Background Thread 3 ] DEBUG Engine               - isMac: true
12:00:03.206 [FXGL Background Thread 3 ] DEBUG Engine               - isMainMenuEnabled: false
12:00:03.206 [FXGL Background Thread 3 ] DEBUG Engine               - isManualResizeEnabled: false
12:00:03.206 [FXGL Background Thread 3 ] DEBUG Engine               - isMobile: false
12:00:03.206 [FXGL Background Thread 3 ] DEBUG Engine               - isNative: false
12:00:03.206 [FXGL Background Thread 3 ] DEBUG Engine               - isPauseMusicWhenMinimized: true
12:00:03.206 [FXGL Background Thread 3 ] DEBUG Engine               - isPreserveResizeRatio: false
12:00:03.206 [FXGL Background Thread 3 ] DEBUG Engine               - isProfilingEnabled: false
12:00:03.207 [FXGL Background Thread 3 ] DEBUG Engine               - isScaleAffectedOnResize: true
12:00:03.207 [FXGL Background Thread 3 ] DEBUG Engine               - isSingleStep: false
12:00:03.207 [FXGL Background Thread 3 ] DEBUG Engine               - isUserProfileEnabled: false
12:00:03.207 [FXGL Background Thread 3 ] DEBUG Engine               - isWindows: false
12:00:03.207 [FXGL Background Thread 3 ] DEBUG Engine               - language: ObjectProperty [value: ENGLISH]
12:00:03.207 [FXGL Background Thread 3 ] DEBUG Engine               - menuKey: ESCAPE
12:00:03.207 [FXGL Background Thread 3 ] DEBUG Engine               - mouseSensitivity: 0.2
12:00:03.207 [FXGL Background Thread 3 ] DEBUG Engine               - notificationViewClass: class com.almasb.fxgl.notification.view.XboxNotificationView
12:00:03.207 [FXGL Background Thread 3 ] DEBUG Engine               - pixelsPerMeter: 50.0
12:00:03.207 [FXGL Background Thread 3 ] DEBUG Engine               - platform: MAC
12:00:03.207 [FXGL Background Thread 3 ] DEBUG Engine               - prefHeightProperty: ReadOnlyDoubleProperty [value: 760.0]
12:00:03.207 [FXGL Background Thread 3 ] DEBUG Engine               - prefWidthProperty: ReadOnlyDoubleProperty [value: 1200.0]
12:00:03.207 [FXGL Background Thread 3 ] DEBUG Engine               - profileDir: profiles/
12:00:03.208 [FXGL Background Thread 3 ] DEBUG Engine               - profileName: StringProperty [value: DEFAULT]
12:00:03.208 [FXGL Background Thread 3 ] DEBUG Engine               - randomSeed: -1
12:00:03.208 [FXGL Background Thread 3 ] DEBUG Engine               - runtimeInfo: RuntimeInfo(platform=MAC, version=17.2, build=20.08.2022 16.50)
12:00:03.208 [FXGL Background Thread 3 ] DEBUG Engine               - saveFileExt: sav
12:00:03.208 [FXGL Background Thread 3 ] DEBUG Engine               - scaledHeightProp$fxgl: DoubleProperty [bound, value: 760.0]
12:00:03.208 [FXGL Background Thread 3 ] DEBUG Engine               - scaledWidthProp$fxgl: DoubleProperty [bound, value: 1200.0]
12:00:03.208 [FXGL Background Thread 3 ] DEBUG Engine               - sceneFactory: com.almasb.fxgl.app.scene.SceneFactory@73e76e12
12:00:03.208 [FXGL Background Thread 3 ] DEBUG Engine               - secondsIn24h: 60
12:00:03.209 [FXGL Background Thread 3 ] DEBUG Engine               - soundMenuBack: menu/back.wav
12:00:03.209 [FXGL Background Thread 3 ] DEBUG Engine               - soundMenuPress: menu/press.wav
12:00:03.209 [FXGL Background Thread 3 ] DEBUG Engine               - soundMenuSelect: menu/select.wav
12:00:03.209 [FXGL Background Thread 3 ] DEBUG Engine               - soundNotification: core/notification.wav
12:00:03.209 [FXGL Background Thread 3 ] DEBUG Engine               - stageStyle: DECORATED
12:00:03.209 [FXGL Background Thread 3 ] DEBUG Engine               - supportedLanguages: [ENGLISH, FRENCH, GERMAN, HUNGARIAN, RUSSIAN]
12:00:03.209 [FXGL Background Thread 3 ] DEBUG Engine               - ticksPerSecond: -1
12:00:03.209 [FXGL Background Thread 3 ] DEBUG Engine               - title: Simulador Restaurante :D
12:00:03.209 [FXGL Background Thread 3 ] DEBUG Engine               - urlGithub: https://github.com/AlmasB/FXGL
12:00:03.209 [FXGL Background Thread 3 ] DEBUG Engine               - urlLeaderboard: http://fxgl-top.herokuapp.com/
12:00:03.209 [FXGL Background Thread 3 ] DEBUG Engine               - urlPOM: https://raw.githubusercontent.com/AlmasB/FXGL/release/README.md
12:00:03.209 [FXGL Background Thread 3 ] DEBUG Engine               - userAppClass: class org.example.simulador_restaurante.HelloApplication
12:00:03.209 [FXGL Background Thread 3 ] DEBUG Engine               - version: 1.0
12:00:03.210 [FXGL Background Thread 3 ] DEBUG Engine               - versionCheckDays: 7
12:00:03.210 [FXGL Background Thread 3 ] DEBUG Engine               - width: 1200
12:00:03.210 [FXGL Background Thread 3 ] DEBUG Engine               - Logging services
12:00:03.210 [FXGL Background Thread 3 ] DEBUG Engine               - class com.almasb.fxgl.app.services.FXGLAssetLoaderService
12:00:03.210 [FXGL Background Thread 3 ] DEBUG Engine               - class com.almasb.fxgl.app.FXGLApplication$GameApplicationService
12:00:03.210 [FXGL Background Thread 3 ] DEBUG Engine               - class com.almasb.fxgl.app.services.FXGLDialogService
12:00:03.210 [FXGL Background Thread 3 ] DEBUG Engine               - class com.almasb.fxgl.app.services.IOTaskExecutorService
12:00:03.210 [FXGL Background Thread 3 ] DEBUG Engine               - class com.almasb.fxgl.io.FileSystemService
12:00:03.210 [FXGL Background Thread 3 ] DEBUG Engine               - class com.almasb.fxgl.localization.LocalizationService
12:00:03.210 [FXGL Background Thread 3 ] DEBUG Engine               - class com.almasb.fxgl.app.services.SystemBundleService
12:00:03.210 [FXGL Background Thread 3 ] DEBUG Engine               - class com.almasb.fxgl.profile.SaveLoadService
12:00:03.210 [FXGL Background Thread 3 ] DEBUG Engine               - class com.almasb.fxgl.ui.FXGLUIFactoryServiceProvider
12:00:03.210 [FXGL Background Thread 3 ] DEBUG Engine               - class com.almasb.fxgl.ui.FXGLDialogFactoryServiceProvider
12:00:03.210 [FXGL Background Thread 3 ] DEBUG Engine               - class com.almasb.fxgl.audio.AudioPlayer
12:00:03.210 [FXGL Background Thread 3 ] DEBUG Engine               - class com.almasb.fxgl.notification.impl.NotificationServiceProvider
12:00:03.210 [FXGL Background Thread 3 ] DEBUG Engine               - class com.almasb.fxgl.achievement.AchievementService
12:00:03.211 [FXGL Background Thread 3 ] DEBUG Engine               - class com.almasb.fxgl.cutscene.CutsceneService
12:00:03.211 [FXGL Background Thread 3 ] DEBUG Engine               - class com.almasb.fxgl.minigames.MiniGameService
12:00:03.211 [FXGL Background Thread 3 ] DEBUG Engine               - class com.almasb.fxgl.net.NetService
12:00:03.211 [FXGL Background Thread 3 ] DEBUG Engine               - class com.almasb.fxgl.app.services.UpdaterService
12:00:03.211 [FXGL Background Thread 3 ] DEBUG Engine               - class com.almasb.fxgl.dev.DevService
12:00:16.056 [JavaFX Application Thread] DEBUG FXGLApplication      - Exiting FXGL
12:00:16.056 [JavaFX Application Thread] DEBUG LoopRunner           - Stopping loop
12:00:16.056 [JavaFX Application Thread] DEBUG SystemBundleService  - Saving FXGL system data
12:00:16.058 [JavaFX Application Thread] DEBUG FileSystemAccess     - Writing to: /Users/rextro/Documents/7mo/Concurrente/C3/Simulador-restaurante/system/fxgl.bundle
12:00:16.060 [JavaFX Application Thread] DEBUG Async                - Shutting down background threads
12:00:16.060 [JavaFX Application Thread] DEBUG PrimaryStageWindow   - Closing main window
12:00:16.064 [JavaFX Application Thread] DEBUG Logger               - Closing Logger
