15:47:08.116 [main                     ] DEBUG Logger               - Configured Logger
15:47:08.153 [main                     ] DEBUG GameApplication      - Logging settings
Title: Simulador Restaurante :D
Version: 1.0
Width: 1200
Height: 760
Fullscreen: false
Intro: false
Profiling: false
Single step:false
App Mode: DEVELOPER
Menu Key: ESCAPE
Stage Style: DECORATED
Scene Factory: class com.almasb.fxgl.app.scene.SceneFactory

15:47:08.488 [JavaFX Application Thread] DEBUG FXGLApplication      - Initializing FXGL
15:47:08.494 [JavaFX Application Thread] INFO  Engine               - FXGL-17.3 (30.03.2023 11.49) on WINDOWS (J:17.0.13 FX:17.0.6)
15:47:08.494 [JavaFX Application Thread] DEBUG Engine               - JRE Vendor Name: Amazon.com Inc.
15:47:08.494 [JavaFX Application Thread] DEBUG Engine               - Running on OS: Windows 11 version 10.0
15:47:08.495 [JavaFX Application Thread] DEBUG Engine               - Architecture: amd64
15:47:08.495 [JavaFX Application Thread] INFO  Engine               - Source code and latest versions at: https://github.com/AlmasB/FXGL
15:47:08.495 [JavaFX Application Thread] INFO  Engine               -       Ask questions and discuss at: https://github.com/AlmasB/FXGL/discussions
15:47:08.495 [JavaFX Application Thread] INFO  Engine               -              Join the FXGL chat at: https://gitter.im/AlmasB/FXGL
15:47:08.581 [JavaFX Application Thread] DEBUG PrimaryStageWindow   - Creating a JavaFX scene
15:47:08.619 [JavaFX Application Thread] DEBUG PrimaryStageWindow   - Target settings size: 1200.0 x 760.0
15:47:08.619 [JavaFX Application Thread] DEBUG PrimaryStageWindow   - Scaled scene size:    1200.0 x 760.0
15:47:08.620 [JavaFX Application Thread] DEBUG PrimaryStageWindow   - Scaled ratio: (1.0, 1.0)
15:47:08.621 [JavaFX Application Thread] DEBUG PrimaryStageWindow   - Set initial scene to FXGLStartupScene
15:47:08.627 [JavaFX Application Thread] DEBUG PrimaryStageWindow   - Opening main window
15:47:08.691 [JavaFX Application Thread] DEBUG PrimaryStageWindow   - Window border size: (14.4000244140625, 37.5999755859375)
15:47:08.692 [JavaFX Application Thread] DEBUG PrimaryStageWindow   - Scaled size: 1200.0 x 760.0
15:47:08.692 [JavaFX Application Thread] DEBUG PrimaryStageWindow   - Scaled ratio: (1.0, 1.0)
15:47:08.692 [JavaFX Application Thread] DEBUG PrimaryStageWindow   - Scene size: 1200.0 x 760.0
15:47:08.693 [JavaFX Application Thread] DEBUG PrimaryStageWindow   - Stage size: 1214.4000244140625 x 797.5999755859375
15:47:08.699 [FXGL Background Thread 1 ] DEBUG Engine               - Initializing environment variables
15:47:08.728 [FXGL Background Thread 1 ] DEBUG FXGLAssetLoaderServi - User app class for loading assets: class org.example.simulador_restaurante.HelloApplication
15:47:08.729 [FXGL Background Thread 1 ] DEBUG GameApplicationServi - Applying CSS: fxgl_dark.css
15:47:08.730 [FXGL Background Thread 1 ] DEBUG FXGLAssetLoaderServi - Loading from file system: jar:file:///C:/Users/emili/.m2/repository/com/github/almasb/fxgl/17.3/fxgl-17.3.jar!/fxglassets/ui/css/fxgl_dark.css
15:47:08.774 [FXGL Background Thread 1 ] DEBUG GameApplicationServi - Initializing application scenes
15:47:08.838 [FXGL Background Thread 1 ] DEBUG GameWorld            - Game world initialized
15:47:08.939 [FXGL Background Thread 1 ] DEBUG PhysicsWorld         - Physics world initialized: appHeight=760, physics.ppm=50.0
15:47:08.940 [FXGL Background Thread 1 ] DEBUG PhysicsWorld         - Using strategy: BRUTE_FORCE
15:47:08.947 [FXGL Background Thread 1 ] DEBUG GameScene            - Game scene initialized: 1200x760
15:47:08.966 [FXGL Background Thread 1 ] DEBUG FXGL.DefaultMenu     - createMenuBodyGameMenu()
15:47:08.979 [FXGL Background Thread 1 ] DEBUG FXGL.DefaultMenu     - createOptionsMenu()
15:47:08.991 [FXGL Background Thread 1 ] DEBUG FXGLAssetLoaderServi - Loading from file system: jar:file:///C:/Users/emili/.m2/repository/com/github/almasb/fxgl/17.3/fxgl-17.3.jar!/fxglassets/textures/particles/smoke.png
15:47:09.110 [FXGL Background Thread 1 ] DEBUG FXGLAssetLoaderServi - Loading from file system: jar:file:///C:/Users/emili/.m2/repository/com/github/almasb/fxgl/17.3/fxgl-17.3.jar!/fxglassets/textures/particles/trace_horizontal.png
15:47:09.143 [FXGL Background Thread 1 ] DEBUG GameApplicationServi - Application scenes initialized
15:47:09.162 [FXGL Background Thread 1 ] DEBUG SystemBundleService  - Loading FXGL system data
15:47:09.166 [FXGL Background Thread 1 ] DEBUG FileSystemAccess     - Reading from: C:\Users\emili\OneDrive\Escritorio\UP\Septimo cuatrimestre\programacion concurrente\corte 3\Simulador-restaurante\system\fxgl.bundle
15:47:09.174 [FXGL Background Thread 1 ] DEBUG SystemBundleService  - Bundle FXGL: {}
15:47:09.174 [FXGL Background Thread 1 ] DEBUG UpdaterService       - Checking for updates
15:47:09.178 [FXGL Background Thread 4 ] DEBUG FXGLApplication      - Loading fonts
15:47:09.178 [FXGL Background Thread 4 ] DEBUG FXGLAssetLoaderServi - Loading from file system: jar:file:///C:/Users/emili/.m2/repository/com/github/almasb/fxgl/17.3/fxgl-17.3.jar!/fxglassets/ui/fonts/VarelaRound-Regular.ttf
15:47:09.178 [FXGL Background Thread 1 ] DEBUG FXGLApplication      - Loading default localization
15:47:09.180 [FXGL Background Thread 1 ] DEBUG FXGLAssetLoaderServi - Loading from file system: jar:file:///C:/Users/emili/.m2/repository/com/github/almasb/fxgl/17.3/fxgl-17.3.jar!/fxglassets/languages/english.lang
15:47:09.218 [FXGL Background Thread 1 ] INFO  FXGLApplication      - FXGL initialization took: 0.519 sec
15:47:09.219 [JavaFX Application Thread] DEBUG FXGLAssetLoaderServi - Loading from file system: jar:file:///C:/Users/emili/.m2/repository/com/github/almasb/fxgl/17.3/fxgl-17.3.jar!/fxglassets/textures/fxgl_icon.png
15:47:09.246 [JavaFX Application Thread] DEBUG FXGLAssetLoaderServi - Loading from file system: jar:file:///C:/Users/emili/.m2/repository/com/github/almasb/fxgl/17.3/fxgl-17.3.jar!/fxglassets/textures/fxgl_default_cursor.png
15:47:09.275 [FXGL Background Thread 4 ] DEBUG FXGLAssetLoaderServi - Loading from file system: jar:file:///C:/Users/emili/.m2/repository/com/github/almasb/fxgl/17.3/fxgl-17.3.jar!/fxglassets/ui/fonts/Abel-Regular.ttf
15:47:09.280 [FXGL Background Thread 4 ] DEBUG FXGLAssetLoaderServi - Loading from file system: jar:file:///C:/Users/emili/.m2/repository/com/github/almasb/fxgl/17.3/fxgl-17.3.jar!/fxglassets/ui/fonts/TerminalLandMono-Regular.otf
15:47:09.283 [FXGL Background Thread 4 ] DEBUG FXGLAssetLoaderServi - Loading from file system: jar:file:///C:/Users/emili/.m2/repository/com/github/almasb/fxgl/17.3/fxgl-17.3.jar!/fxglassets/ui/fonts/Courier-Prime.ttf
15:47:09.288 [JavaFX Application Thread] DEBUG Input                - Registered new binding: Screenshot - CTRL+8
15:47:09.289 [JavaFX Application Thread] DEBUG Input                - Registered new binding: System info dump - CTRL+9
15:47:09.291 [JavaFX Application Thread] DEBUG Input                - Registered new binding: Restart - CTRL+R
15:47:09.295 [JavaFX Application Thread] DEBUG Input                - Registered new binding: Toggle Debug Camera - CTRL+7
15:47:09.308 [JavaFX Application Thread] DEBUG LoopRunner           - Starting loop
15:47:09.308 [JavaFX Application Thread] DEBUG LoopRunner           - Initializing JavaFX AnimationTimerLoop
15:47:09.312 [JavaFX Application Thread] DEBUG GameApplicationServi - Starting new game
15:47:09.313 [JavaFX Application Thread] DEBUG Input                - Clearing active input actions
15:47:09.331 [JavaFX Application Thread] DEBUG GameApplicationServi - Removing overlay from FXGLStartupScene and adding to FXGLLoadingScene
15:47:09.332 [JavaFX Application Thread] DEBUG PrimaryStageWindow   - FXGLStartupScene -> FXGLLoadingScene
15:47:09.332 [JavaFX Application Thread] DEBUG GameApplicationServi - Clearing previous game
15:47:09.332 [JavaFX Application Thread] DEBUG GameScene            - Clearing game scene
15:47:09.332 [JavaFX Application Thread] DEBUG GameWorld            - Clearing game world
15:47:09.332 [JavaFX Application Thread] DEBUG PhysicsWorld         - Clearing physics world
15:47:09.336 [FXGL Background Thread 4 ] DEBUG FXGLApplication      - Initializing game
15:47:09.337 [JavaFX Application Thread] DEBUG FXGLApplication      - Registering font factories with UI factory
15:47:09.356 [FXGL Background Thread 4 ] DEBUG FXGLAssetLoaderServi - Loading from file system: file:/C:/Users/emili/OneDrive/Escritorio/UP/Septimo%20cuatrimestre/programacion%20concurrente/corte%203/Simulador-restaurante/target/classes/assets/music/soundtrack.mp3
15:47:09.530 [FXGL Background Thread 4 ] DEBUG AudioPlayer          - Playing music com.almasb.fxgl.audio.Music@1b3240be
15:47:09.531 [FXGL Background Thread 4 ] DEBUG FXGLAssetLoaderServi - Loading from file system: file:/C:/Users/emili/OneDrive/Escritorio/UP/Septimo%20cuatrimestre/programacion%20concurrente/corte%203/Simulador-restaurante/target/classes/assets/textures/wood_floor.jpg
15:47:09.553 [FXGL Background Thread 4 ] DEBUG FXGLAssetLoaderServi - Loading from file system: file:/C:/Users/emili/OneDrive/Escritorio/UP/Septimo%20cuatrimestre/programacion%20concurrente/corte%203/Simulador-restaurante/target/classes/assets/textures/receptionist.png
15:47:09.560 [FXGL Background Thread 4 ] DEBUG FXGLAssetLoaderServi - Loading from file system: file:/C:/Users/emili/OneDrive/Escritorio/UP/Septimo%20cuatrimestre/programacion%20concurrente/corte%203/Simulador-restaurante/target/classes/assets/textures/table.png
15:47:09.591 [FXGL Background Thread 4 ] DEBUG FXGLAssetLoaderServi - Loading from file system: file:/C:/Users/emili/OneDrive/Escritorio/UP/Septimo%20cuatrimestre/programacion%20concurrente/corte%203/Simulador-restaurante/target/classes/assets/textures/chef.png
15:47:09.598 [FXGL Background Thread 4 ] DEBUG FXGLAssetLoaderServi - Loading from file system: file:/C:/Users/emili/OneDrive/Escritorio/UP/Septimo%20cuatrimestre/programacion%20concurrente/corte%203/Simulador-restaurante/target/classes/assets/textures/waiter.png
15:47:09.605 [FXGL Background Thread 4 ] INFO  FXGLApplication      - Game initialization took: 0.269 sec
15:47:09.608 [JavaFX Application Thread] DEBUG Input                - Clearing active input actions
15:47:09.617 [JavaFX Application Thread] DEBUG GameApplicationServi - Removing overlay from FXGLLoadingScene and adding to GameScene
15:47:09.617 [JavaFX Application Thread] DEBUG PrimaryStageWindow   - FXGLLoadingScene -> GameScene
15:47:09.645 [JavaFX Application Thread] DEBUG FXGLAssetLoaderServi - Loading from file system: file:/C:/Users/emili/OneDrive/Escritorio/UP/Septimo%20cuatrimestre/programacion%20concurrente/corte%203/Simulador-restaurante/target/classes/assets/textures/client.png
15:47:09.907 [FXGL Background Thread 2 ] INFO  UpdaterService       - Your current version:  17.3
15:47:09.907 [FXGL Background Thread 2 ] INFO  UpdaterService       - Latest stable version: 21.1
15:47:12.177 [FXGL Background Thread 3 ] DEBUG Engine               - Logging environment variables
15:47:12.177 [FXGL Background Thread 3 ] DEBUG Engine               - achievements: []
15:47:12.177 [FXGL Background Thread 3 ] DEBUG Engine               - actualHeight: 760.0
15:47:12.177 [FXGL Background Thread 3 ] DEBUG Engine               - actualHeightProperty: ReadOnlyDoubleProperty [value: 760.0]
15:47:12.178 [FXGL Background Thread 3 ] DEBUG Engine               - actualWidth: 1200.0
15:47:12.178 [FXGL Background Thread 3 ] DEBUG Engine               - actualWidthProperty: ReadOnlyDoubleProperty [value: 1200.0]
15:47:12.178 [FXGL Background Thread 3 ] DEBUG Engine               - appIcon: fxgl_icon.png
15:47:12.178 [FXGL Background Thread 3 ] DEBUG Engine               - applicationMode: DEVELOPER
15:47:12.178 [FXGL Background Thread 3 ] DEBUG Engine               - cSSList: [fxgl_dark.css]
15:47:12.178 [FXGL Background Thread 3 ] DEBUG Engine               - collisionDetectionStrategy: BRUTE_FORCE
15:47:12.178 [FXGL Background Thread 3 ] DEBUG Engine               - configClass: Optional.empty
15:47:12.178 [FXGL Background Thread 3 ] DEBUG Engine               - credits: []
15:47:12.179 [FXGL Background Thread 3 ] DEBUG Engine               - defaultCursor: CursorInfo(imageName=fxgl_default_cursor.png, hotspotX=7.0, hotspotY=6.0)
15:47:12.179 [FXGL Background Thread 3 ] DEBUG Engine               - devBBoxColorProperty: ObjectProperty [value: 0xff0000ff]
15:47:12.179 [FXGL Background Thread 3 ] DEBUG Engine               - devEnableDebugCameraProperty: BooleanProperty [value: false]
15:47:12.179 [FXGL Background Thread 3 ] DEBUG Engine               - devSensorColorProperty: ObjectProperty [value: 0xffff00ff]
15:47:12.179 [FXGL Background Thread 3 ] DEBUG Engine               - devShowBBoxProperty: BooleanProperty [value: false]
15:47:12.179 [FXGL Background Thread 3 ] DEBUG Engine               - devShowPositionProperty: BooleanProperty [value: false]
15:47:12.179 [FXGL Background Thread 3 ] DEBUG Engine               - enabledMenuItems: []
15:47:12.179 [FXGL Background Thread 3 ] DEBUG Engine               - engineServices: [class com.almasb.fxgl.app.services.FXGLAssetLoaderService, class com.almasb.fxgl.app.FXGLApplication$GameApplicationService, class com.almasb.fxgl.app.services.FXGLDialogService, class com.almasb.fxgl.app.services.IOTaskExecutorService, class com.almasb.fxgl.io.FileSystemService, class com.almasb.fxgl.localization.LocalizationService, class com.almasb.fxgl.app.services.SystemBundleService, class com.almasb.fxgl.profile.SaveLoadService, class com.almasb.fxgl.ui.FXGLUIFactoryServiceProvider, class com.almasb.fxgl.ui.FXGLDialogFactoryServiceProvider, class com.almasb.fxgl.audio.AudioPlayer, class com.almasb.fxgl.notification.impl.NotificationServiceProvider, class com.almasb.fxgl.achievement.AchievementService, class com.almasb.fxgl.cutscene.CutsceneService, class com.almasb.fxgl.minigames.MiniGameService, class com.almasb.fxgl.net.NetService, class com.almasb.fxgl.app.services.UpdaterService, class com.almasb.fxgl.dev.DevService]
15:47:12.179 [FXGL Background Thread 3 ] DEBUG Engine               - fontGame: Abel-Regular.ttf
15:47:12.179 [FXGL Background Thread 3 ] DEBUG Engine               - fontMono: TerminalLandMono-Regular.otf
15:47:12.179 [FXGL Background Thread 3 ] DEBUG Engine               - fontSizeScaleUI: 1.0
15:47:12.179 [FXGL Background Thread 3 ] DEBUG Engine               - fontText: Courier-Prime.ttf
15:47:12.179 [FXGL Background Thread 3 ] DEBUG Engine               - fontUI: VarelaRound-Regular.ttf
15:47:12.180 [FXGL Background Thread 3 ] DEBUG Engine               - fullScreen: BooleanProperty [value: false]
15:47:12.180 [FXGL Background Thread 3 ] DEBUG Engine               - gameDifficulty: MEDIUM
15:47:12.180 [FXGL Background Thread 3 ] DEBUG Engine               - gameDifficultyProperty: ObjectProperty [value: MEDIUM]
15:47:12.180 [FXGL Background Thread 3 ] DEBUG Engine               - globalMusicVolume: 0.5
15:47:12.180 [FXGL Background Thread 3 ] DEBUG Engine               - globalMusicVolumeProperty: DoubleProperty [value: 0.5]
15:47:12.180 [FXGL Background Thread 3 ] DEBUG Engine               - globalSoundVolume: 0.5
15:47:12.180 [FXGL Background Thread 3 ] DEBUG Engine               - globalSoundVolumeProperty: DoubleProperty [value: 0.5]
15:47:12.180 [FXGL Background Thread 3 ] DEBUG Engine               - height: 760
15:47:12.180 [FXGL Background Thread 3 ] DEBUG Engine               - is3D: false
15:47:12.180 [FXGL Background Thread 3 ] DEBUG Engine               - isAndroid: false
15:47:12.180 [FXGL Background Thread 3 ] DEBUG Engine               - isBrowser: false
15:47:12.180 [FXGL Background Thread 3 ] DEBUG Engine               - isClickFeedbackEnabled: false
15:47:12.180 [FXGL Background Thread 3 ] DEBUG Engine               - isCloseConfirmation: false
15:47:12.180 [FXGL Background Thread 3 ] DEBUG Engine               - isDesktop: true
15:47:12.180 [FXGL Background Thread 3 ] DEBUG Engine               - isDeveloperMenuEnabled: false
15:47:12.180 [FXGL Background Thread 3 ] DEBUG Engine               - isEmbedded: false
15:47:12.180 [FXGL Background Thread 3 ] DEBUG Engine               - isEntityPreloadEnabled: true
15:47:12.180 [FXGL Background Thread 3 ] DEBUG Engine               - isExperimentalTiledLargeMap: false
15:47:12.180 [FXGL Background Thread 3 ] DEBUG Engine               - isFileSystemWriteAllowed: true
15:47:12.180 [FXGL Background Thread 3 ] DEBUG Engine               - isFullScreenAllowed: false
15:47:12.180 [FXGL Background Thread 3 ] DEBUG Engine               - isFullScreenFromStart: false
15:47:12.180 [FXGL Background Thread 3 ] DEBUG Engine               - isGameMenuEnabled: true
15:47:12.180 [FXGL Background Thread 3 ] DEBUG Engine               - isIOS: false
15:47:12.180 [FXGL Background Thread 3 ] DEBUG Engine               - isIntroEnabled: false
15:47:12.181 [FXGL Background Thread 3 ] DEBUG Engine               - isLinux: false
15:47:12.181 [FXGL Background Thread 3 ] DEBUG Engine               - isMac: false
15:47:12.181 [FXGL Background Thread 3 ] DEBUG Engine               - isMainMenuEnabled: false
15:47:12.181 [FXGL Background Thread 3 ] DEBUG Engine               - isManualResizeEnabled: false
15:47:12.181 [FXGL Background Thread 3 ] DEBUG Engine               - isMobile: false
15:47:12.181 [FXGL Background Thread 3 ] DEBUG Engine               - isNative: false
15:47:12.181 [FXGL Background Thread 3 ] DEBUG Engine               - isPauseMusicWhenMinimized: true
15:47:12.181 [FXGL Background Thread 3 ] DEBUG Engine               - isPreserveResizeRatio: false
15:47:12.181 [FXGL Background Thread 3 ] DEBUG Engine               - isProfilingEnabled: false
15:47:12.181 [FXGL Background Thread 3 ] DEBUG Engine               - isScaleAffectedOnResize: true
15:47:12.181 [FXGL Background Thread 3 ] DEBUG Engine               - isSingleStep: false
15:47:12.181 [FXGL Background Thread 3 ] DEBUG Engine               - isUserProfileEnabled: false
15:47:12.181 [FXGL Background Thread 3 ] DEBUG Engine               - isWindows: true
15:47:12.181 [FXGL Background Thread 3 ] DEBUG Engine               - language: ObjectProperty [value: ENGLISH]
15:47:12.181 [FXGL Background Thread 3 ] DEBUG Engine               - menuKey: ESCAPE
15:47:12.181 [FXGL Background Thread 3 ] DEBUG Engine               - mouseSensitivity: 0.2
15:47:12.181 [FXGL Background Thread 3 ] DEBUG Engine               - notificationViewClass: class com.almasb.fxgl.notification.view.XboxNotificationView
15:47:12.181 [FXGL Background Thread 3 ] DEBUG Engine               - pixelsPerMeter: 50.0
15:47:12.181 [FXGL Background Thread 3 ] DEBUG Engine               - platform: WINDOWS
15:47:12.181 [FXGL Background Thread 3 ] DEBUG Engine               - prefHeightProperty: ReadOnlyDoubleProperty [value: 760.0]
15:47:12.181 [FXGL Background Thread 3 ] DEBUG Engine               - prefWidthProperty: ReadOnlyDoubleProperty [value: 1200.0]
15:47:12.181 [FXGL Background Thread 3 ] DEBUG Engine               - profileDir: profiles/
15:47:12.181 [FXGL Background Thread 3 ] DEBUG Engine               - profileName: StringProperty [value: DEFAULT]
15:47:12.181 [FXGL Background Thread 3 ] DEBUG Engine               - randomSeed: -1
15:47:12.182 [FXGL Background Thread 3 ] DEBUG Engine               - runtimeInfo: RuntimeInfo(platform=WINDOWS, version=17.3, build=30.03.2023 11.49)
15:47:12.182 [FXGL Background Thread 3 ] DEBUG Engine               - saveFileExt: sav
15:47:12.182 [FXGL Background Thread 3 ] DEBUG Engine               - scaledHeightProp$fxgl: DoubleProperty [bound, value: 760.0]
15:47:12.182 [FXGL Background Thread 3 ] DEBUG Engine               - scaledWidthProp$fxgl: DoubleProperty [bound, value: 1200.0]
15:47:12.182 [FXGL Background Thread 3 ] DEBUG Engine               - sceneFactory: com.almasb.fxgl.app.scene.SceneFactory@2c91cac8
15:47:12.182 [FXGL Background Thread 3 ] DEBUG Engine               - secondsIn24h: 60
15:47:12.182 [FXGL Background Thread 3 ] DEBUG Engine               - soundMenuBack: menu/back.wav
15:47:12.182 [FXGL Background Thread 3 ] DEBUG Engine               - soundMenuPress: menu/press.wav
15:47:12.182 [FXGL Background Thread 3 ] DEBUG Engine               - soundMenuSelect: menu/select.wav
15:47:12.182 [FXGL Background Thread 3 ] DEBUG Engine               - soundNotification: core/notification.wav
15:47:12.182 [FXGL Background Thread 3 ] DEBUG Engine               - stageStyle: DECORATED
15:47:12.182 [FXGL Background Thread 3 ] DEBUG Engine               - supportedLanguages: [ENGLISH, FRENCH, GERMAN, HUNGARIAN, RUSSIAN]
15:47:12.182 [FXGL Background Thread 3 ] DEBUG Engine               - ticksPerSecond: -1
15:47:12.182 [FXGL Background Thread 3 ] DEBUG Engine               - title: Simulador Restaurante :D
15:47:12.182 [FXGL Background Thread 3 ] DEBUG Engine               - urlGithub: https://github.com/AlmasB/FXGL
15:47:12.182 [FXGL Background Thread 3 ] DEBUG Engine               - urlLeaderboard: http://fxgl-top.herokuapp.com/
15:47:12.182 [FXGL Background Thread 3 ] DEBUG Engine               - urlPOM: https://raw.githubusercontent.com/AlmasB/FXGL/release/README.md
15:47:12.182 [FXGL Background Thread 3 ] DEBUG Engine               - userAppClass: class org.example.simulador_restaurante.HelloApplication
15:47:12.182 [FXGL Background Thread 3 ] DEBUG Engine               - version: 1.0
15:47:12.182 [FXGL Background Thread 3 ] DEBUG Engine               - versionCheckDays: 7
15:47:12.182 [FXGL Background Thread 3 ] DEBUG Engine               - width: 1200
15:47:12.182 [FXGL Background Thread 3 ] DEBUG Engine               - Logging services
15:47:12.182 [FXGL Background Thread 3 ] DEBUG Engine               - class com.almasb.fxgl.app.services.FXGLAssetLoaderService
15:47:12.182 [FXGL Background Thread 3 ] DEBUG Engine               - class com.almasb.fxgl.app.FXGLApplication$GameApplicationService
15:47:12.182 [FXGL Background Thread 3 ] DEBUG Engine               - class com.almasb.fxgl.app.services.FXGLDialogService
15:47:12.182 [FXGL Background Thread 3 ] DEBUG Engine               - class com.almasb.fxgl.app.services.IOTaskExecutorService
15:47:12.182 [FXGL Background Thread 3 ] DEBUG Engine               - class com.almasb.fxgl.io.FileSystemService
15:47:12.182 [FXGL Background Thread 3 ] DEBUG Engine               - class com.almasb.fxgl.localization.LocalizationService
15:47:12.182 [FXGL Background Thread 3 ] DEBUG Engine               - class com.almasb.fxgl.app.services.SystemBundleService
15:47:12.182 [FXGL Background Thread 3 ] DEBUG Engine               - class com.almasb.fxgl.profile.SaveLoadService
15:47:12.182 [FXGL Background Thread 3 ] DEBUG Engine               - class com.almasb.fxgl.ui.FXGLUIFactoryServiceProvider
15:47:12.182 [FXGL Background Thread 3 ] DEBUG Engine               - class com.almasb.fxgl.ui.FXGLDialogFactoryServiceProvider
15:47:12.183 [FXGL Background Thread 3 ] DEBUG Engine               - class com.almasb.fxgl.audio.AudioPlayer
15:47:12.183 [FXGL Background Thread 3 ] DEBUG Engine               - class com.almasb.fxgl.notification.impl.NotificationServiceProvider
15:47:12.183 [FXGL Background Thread 3 ] DEBUG Engine               - class com.almasb.fxgl.achievement.AchievementService
15:47:12.183 [FXGL Background Thread 3 ] DEBUG Engine               - class com.almasb.fxgl.cutscene.CutsceneService
15:47:12.183 [FXGL Background Thread 3 ] DEBUG Engine               - class com.almasb.fxgl.minigames.MiniGameService
15:47:12.183 [FXGL Background Thread 3 ] DEBUG Engine               - class com.almasb.fxgl.net.NetService
15:47:12.183 [FXGL Background Thread 3 ] DEBUG Engine               - class com.almasb.fxgl.app.services.UpdaterService
15:47:12.183 [FXGL Background Thread 3 ] DEBUG Engine               - class com.almasb.fxgl.dev.DevService
15:47:14.707 [JavaFX Application Thread] DEBUG FXGLAssetLoaderServi - Loading from file system: file:/C:/Users/emili/OneDrive/Escritorio/UP/Septimo%20cuatrimestre/programacion%20concurrente/corte%203/Simulador-restaurante/target/classes/assets/textures/food.png
15:48:24.721 [Thread-19                ] DEBUG LoopRunner           - Stopping loop
15:48:24.722 [Thread-19                ] FATAL FXGLApplication      - Uncaught Exception:
java.lang.NullPointerException: Cannot load from double array because "freeTable" is null
	at org.example.simulador_restaurante/org.example.simulador_restaurante.controllers.WaiterController.lambda$atendCLient$4(WaiterController.java:68)
	at java.base/java.lang.Thread.run(Thread.java:840)

15:48:24.722 [Thread-19                ] FATAL FXGLApplication      - Application will now exit
15:48:24.733 [Thread-19                ] DEBUG PrimaryStageWindow   - Push state: ErrorSubScene
15:48:24.733 [Thread-19                ] DEBUG Input                - Clearing active input actions
15:48:34.192 [JavaFX Application Thread] DEBUG FXGLApplication      - Exiting FXGL
15:48:34.192 [JavaFX Application Thread] DEBUG Async                - Shutting down background threads
15:48:34.192 [JavaFX Application Thread] DEBUG PrimaryStageWindow   - Closing main window
15:48:34.207 [JavaFX Application Thread] DEBUG Logger               - Closing Logger
