19:28:06.670 [main                     ] DEBUG Logger               - Configured Logger
19:28:06.701 [main                     ] DEBUG GameApplication      - Logging settings
Title: Simulador Restaurante :D
Version: 0.0
Width: 1200
Height: 760
Fullscreen: false
Intro: false
Profiling: false
Single step:false
App Mode: DEVELOPER
Menu Key: ESCAPE
Stage Style: DECORATED
Scene Factory: class com.almasb.fxgl.app.scene.SceneFactory

19:28:06.945 [JavaFX Application Thread] DEBUG FXGLApplication      - Initializing FXGL
19:28:06.949 [JavaFX Application Thread] INFO  Engine               - FXGL-17.3 (30.03.2023 11.49) on WINDOWS (J:17.0.9 FX:17.0.6)
19:28:06.949 [JavaFX Application Thread] DEBUG Engine               - JRE Vendor Name: Oracle Corporation
19:28:06.950 [JavaFX Application Thread] DEBUG Engine               - Running on OS: Windows 11 version 10.0
19:28:06.950 [JavaFX Application Thread] DEBUG Engine               - Architecture: amd64
19:28:06.950 [JavaFX Application Thread] INFO  Engine               - Source code and latest versions at: https://github.com/AlmasB/FXGL
19:28:06.950 [JavaFX Application Thread] INFO  Engine               -       Ask questions and discuss at: https://github.com/AlmasB/FXGL/discussions
19:28:06.950 [JavaFX Application Thread] INFO  Engine               -              Join the FXGL chat at: https://gitter.im/AlmasB/FXGL
19:28:07.022 [JavaFX Application Thread] DEBUG PrimaryStageWindow   - Creating a JavaFX scene
19:28:07.054 [JavaFX Application Thread] DEBUG PrimaryStageWindow   - Target settings size: 1200.0 x 760.0
19:28:07.055 [JavaFX Application Thread] DEBUG PrimaryStageWindow   - Scaled scene size:    1200.0 x 760.0
19:28:07.055 [JavaFX Application Thread] DEBUG PrimaryStageWindow   - Scaled ratio: (1.0, 1.0)
19:28:07.056 [JavaFX Application Thread] DEBUG PrimaryStageWindow   - Set initial scene to FXGLStartupScene
19:28:07.060 [JavaFX Application Thread] DEBUG PrimaryStageWindow   - Opening main window
19:28:07.140 [JavaFX Application Thread] DEBUG PrimaryStageWindow   - Window border size: (14.4000244140625, 37.5999755859375)
19:28:07.140 [JavaFX Application Thread] DEBUG PrimaryStageWindow   - Scaled size: 1200.0 x 760.0
19:28:07.140 [JavaFX Application Thread] DEBUG PrimaryStageWindow   - Scaled ratio: (1.0, 1.0)
19:28:07.141 [JavaFX Application Thread] DEBUG PrimaryStageWindow   - Scene size: 1200.0 x 760.0
19:28:07.141 [JavaFX Application Thread] DEBUG PrimaryStageWindow   - Stage size: 1214.4000244140625 x 797.5999755859375
19:28:07.150 [FXGL Background Thread 1 ] DEBUG Engine               - Initializing environment variables
19:28:07.192 [FXGL Background Thread 1 ] DEBUG FXGLAssetLoaderServi - User app class for loading assets: class org.example.simulador_restaurante.HelloApplication
19:28:07.192 [FXGL Background Thread 1 ] DEBUG GameApplicationServi - Applying CSS: fxgl_dark.css
19:28:07.194 [FXGL Background Thread 1 ] DEBUG FXGLAssetLoaderServi - Loading from file system: jar:file:///C:/Users/emili/.m2/repository/com/github/almasb/fxgl/17.3/fxgl-17.3.jar!/fxglassets/ui/css/fxgl_dark.css
19:28:07.240 [FXGL Background Thread 1 ] DEBUG GameApplicationServi - Initializing application scenes
19:28:07.308 [FXGL Background Thread 1 ] DEBUG GameWorld            - Game world initialized
19:28:07.374 [FXGL Background Thread 1 ] DEBUG PhysicsWorld         - Physics world initialized: appHeight=760, physics.ppm=50.0
19:28:07.375 [FXGL Background Thread 1 ] DEBUG PhysicsWorld         - Using strategy: BRUTE_FORCE
19:28:07.381 [FXGL Background Thread 1 ] DEBUG GameScene            - Game scene initialized: 1200x760
19:28:07.404 [FXGL Background Thread 1 ] DEBUG FXGL.DefaultMenu     - createMenuBodyGameMenu()
19:28:07.427 [FXGL Background Thread 1 ] DEBUG FXGL.DefaultMenu     - createOptionsMenu()
19:28:07.439 [FXGL Background Thread 1 ] DEBUG FXGLAssetLoaderServi - Loading from file system: jar:file:///C:/Users/emili/.m2/repository/com/github/almasb/fxgl/17.3/fxgl-17.3.jar!/fxglassets/textures/particles/smoke.png
19:28:07.534 [FXGL Background Thread 1 ] DEBUG FXGLAssetLoaderServi - Loading from file system: jar:file:///C:/Users/emili/.m2/repository/com/github/almasb/fxgl/17.3/fxgl-17.3.jar!/fxglassets/textures/particles/trace_horizontal.png
19:28:07.558 [FXGL Background Thread 1 ] DEBUG GameApplicationServi - Application scenes initialized
19:28:07.568 [FXGL Background Thread 1 ] DEBUG SystemBundleService  - Loading FXGL system data
19:28:07.571 [FXGL Background Thread 1 ] DEBUG FileSystemAccess     - Reading from: C:\Users\emili\OneDrive\Escritorio\UP\Septimo cuatrimestre\programacion concurrente\corte 3\Simulador-restaurante\system\fxgl.bundle
19:28:07.576 [FXGL Background Thread 1 ] DEBUG SystemBundleService  - Bundle FXGL: {}
19:28:07.577 [FXGL Background Thread 1 ] DEBUG UpdaterService       - Checking for updates
19:28:07.579 [FXGL Background Thread 4 ] DEBUG FXGLApplication      - Loading fonts
19:28:07.580 [FXGL Background Thread 1 ] DEBUG FXGLApplication      - Loading default localization
19:28:07.580 [FXGL Background Thread 4 ] DEBUG FXGLAssetLoaderServi - Loading from file system: jar:file:///C:/Users/emili/.m2/repository/com/github/almasb/fxgl/17.3/fxgl-17.3.jar!/fxglassets/ui/fonts/VarelaRound-Regular.ttf
19:28:07.580 [FXGL Background Thread 1 ] DEBUG FXGLAssetLoaderServi - Loading from file system: jar:file:///C:/Users/emili/.m2/repository/com/github/almasb/fxgl/17.3/fxgl-17.3.jar!/fxglassets/languages/english.lang
19:28:07.598 [FXGL Background Thread 1 ] INFO  FXGLApplication      - FXGL initialization took: 0.448 sec
19:28:07.598 [JavaFX Application Thread] DEBUG FXGLAssetLoaderServi - Loading from file system: jar:file:///C:/Users/emili/.m2/repository/com/github/almasb/fxgl/17.3/fxgl-17.3.jar!/fxglassets/textures/fxgl_icon.png
19:28:07.617 [JavaFX Application Thread] DEBUG FXGLAssetLoaderServi - Loading from file system: jar:file:///C:/Users/emili/.m2/repository/com/github/almasb/fxgl/17.3/fxgl-17.3.jar!/fxglassets/textures/fxgl_default_cursor.png
19:28:07.638 [JavaFX Application Thread] DEBUG Input                - Registered new binding: Screenshot - CTRL+8
19:28:07.639 [JavaFX Application Thread] DEBUG Input                - Registered new binding: System info dump - CTRL+9
19:28:07.640 [JavaFX Application Thread] DEBUG Input                - Registered new binding: Restart - CTRL+R
19:28:07.643 [JavaFX Application Thread] DEBUG Input                - Registered new binding: Toggle Debug Camera - CTRL+7
19:28:07.654 [JavaFX Application Thread] DEBUG LoopRunner           - Starting loop
19:28:07.654 [JavaFX Application Thread] DEBUG LoopRunner           - Initializing JavaFX AnimationTimerLoop
19:28:07.660 [FXGL Background Thread 4 ] DEBUG FXGLAssetLoaderServi - Loading from file system: jar:file:///C:/Users/emili/.m2/repository/com/github/almasb/fxgl/17.3/fxgl-17.3.jar!/fxglassets/ui/fonts/Abel-Regular.ttf
19:28:07.661 [JavaFX Application Thread] DEBUG GameApplicationServi - Starting new game
19:28:07.662 [JavaFX Application Thread] DEBUG Input                - Clearing active input actions
19:28:07.663 [FXGL Background Thread 4 ] DEBUG FXGLAssetLoaderServi - Loading from file system: jar:file:///C:/Users/emili/.m2/repository/com/github/almasb/fxgl/17.3/fxgl-17.3.jar!/fxglassets/ui/fonts/TerminalLandMono-Regular.otf
19:28:07.665 [FXGL Background Thread 4 ] DEBUG FXGLAssetLoaderServi - Loading from file system: jar:file:///C:/Users/emili/.m2/repository/com/github/almasb/fxgl/17.3/fxgl-17.3.jar!/fxglassets/ui/fonts/Courier-Prime.ttf
19:28:07.676 [JavaFX Application Thread] DEBUG GameApplicationServi - Removing overlay from FXGLStartupScene and adding to FXGLLoadingScene
19:28:07.677 [JavaFX Application Thread] DEBUG PrimaryStageWindow   - FXGLStartupScene -> FXGLLoadingScene
19:28:07.677 [JavaFX Application Thread] DEBUG GameApplicationServi - Clearing previous game
19:28:07.677 [JavaFX Application Thread] DEBUG GameScene            - Clearing game scene
19:28:07.677 [JavaFX Application Thread] DEBUG GameWorld            - Clearing game world
19:28:07.677 [JavaFX Application Thread] DEBUG PhysicsWorld         - Clearing physics world
19:28:07.682 [FXGL Background Thread 4 ] DEBUG FXGLApplication      - Initializing game
19:28:07.701 [FXGL Background Thread 4 ] DEBUG FXGLAssetLoaderServi - Loading from file system: file:/C:/Users/emili/OneDrive/Escritorio/UP/Septimo%20cuatrimestre/programacion%20concurrente/corte%203/Simulador-restaurante/target/classes/assets/music/soundtrack.mp3
19:28:07.761 [JavaFX Application Thread] DEBUG FXGLApplication      - Registering font factories with UI factory
19:28:07.857 [FXGL Background Thread 4 ] DEBUG AudioPlayer          - Playing music com.almasb.fxgl.audio.Music@7ed937e8
19:28:07.858 [FXGL Background Thread 4 ] DEBUG FXGLAssetLoaderServi - Loading from file system: file:/C:/Users/emili/OneDrive/Escritorio/UP/Septimo%20cuatrimestre/programacion%20concurrente/corte%203/Simulador-restaurante/target/classes/assets/textures/wood_floor.jpg
19:28:07.880 [FXGL Background Thread 4 ] DEBUG FXGLAssetLoaderServi - Loading from file system: file:/C:/Users/emili/OneDrive/Escritorio/UP/Septimo%20cuatrimestre/programacion%20concurrente/corte%203/Simulador-restaurante/target/classes/assets/textures/receptionist.png
19:28:07.883 [FXGL Background Thread 4 ] DEBUG FXGLAssetLoaderServi - Loading from file system: file:/C:/Users/emili/OneDrive/Escritorio/UP/Septimo%20cuatrimestre/programacion%20concurrente/corte%203/Simulador-restaurante/target/classes/assets/textures/table.png
19:28:07.895 [FXGL Background Thread 4 ] DEBUG FXGLAssetLoaderServi - Loading from file system: file:/C:/Users/emili/OneDrive/Escritorio/UP/Septimo%20cuatrimestre/programacion%20concurrente/corte%203/Simulador-restaurante/target/classes/assets/textures/chef.png
19:28:07.899 [FXGL Background Thread 4 ] INFO  FXGLApplication      - Game initialization took: 0.217 sec
19:28:07.917 [JavaFX Application Thread] DEBUG Input                - Clearing active input actions
19:28:07.928 [JavaFX Application Thread] DEBUG GameApplicationServi - Removing overlay from FXGLLoadingScene and adding to GameScene
19:28:07.928 [JavaFX Application Thread] DEBUG PrimaryStageWindow   - FXGLLoadingScene -> GameScene
19:28:08.177 [FXGL Background Thread 2 ] INFO  UpdaterService       - Your current version:  17.3
19:28:08.177 [FXGL Background Thread 2 ] INFO  UpdaterService       - Latest stable version: 21.1
19:28:10.578 [FXGL Background Thread 3 ] DEBUG Engine               - Logging environment variables
19:28:10.578 [FXGL Background Thread 3 ] DEBUG Engine               - achievements: []
19:28:10.578 [FXGL Background Thread 3 ] DEBUG Engine               - actualHeight: 760.0
19:28:10.579 [FXGL Background Thread 3 ] DEBUG Engine               - actualHeightProperty: ReadOnlyDoubleProperty [value: 760.0]
19:28:10.579 [FXGL Background Thread 3 ] DEBUG Engine               - actualWidth: 1200.0
19:28:10.579 [FXGL Background Thread 3 ] DEBUG Engine               - actualWidthProperty: ReadOnlyDoubleProperty [value: 1200.0]
19:28:10.579 [FXGL Background Thread 3 ] DEBUG Engine               - appIcon: fxgl_icon.png
19:28:10.579 [FXGL Background Thread 3 ] DEBUG Engine               - applicationMode: DEVELOPER
19:28:10.579 [FXGL Background Thread 3 ] DEBUG Engine               - cSSList: [fxgl_dark.css]
19:28:10.579 [FXGL Background Thread 3 ] DEBUG Engine               - collisionDetectionStrategy: BRUTE_FORCE
19:28:10.579 [FXGL Background Thread 3 ] DEBUG Engine               - configClass: Optional.empty
19:28:10.579 [FXGL Background Thread 3 ] DEBUG Engine               - credits: []
19:28:10.581 [FXGL Background Thread 3 ] DEBUG Engine               - defaultCursor: CursorInfo(imageName=fxgl_default_cursor.png, hotspotX=7.0, hotspotY=6.0)
19:28:10.581 [FXGL Background Thread 3 ] DEBUG Engine               - devBBoxColorProperty: ObjectProperty [value: 0xff0000ff]
19:28:10.581 [FXGL Background Thread 3 ] DEBUG Engine               - devEnableDebugCameraProperty: BooleanProperty [value: false]
19:28:10.581 [FXGL Background Thread 3 ] DEBUG Engine               - devSensorColorProperty: ObjectProperty [value: 0xffff00ff]
19:28:10.581 [FXGL Background Thread 3 ] DEBUG Engine               - devShowBBoxProperty: BooleanProperty [value: false]
19:28:10.581 [FXGL Background Thread 3 ] DEBUG Engine               - devShowPositionProperty: BooleanProperty [value: false]
19:28:10.582 [FXGL Background Thread 3 ] DEBUG Engine               - enabledMenuItems: []
19:28:10.582 [FXGL Background Thread 3 ] DEBUG Engine               - engineServices: [class com.almasb.fxgl.app.services.FXGLAssetLoaderService, class com.almasb.fxgl.app.FXGLApplication$GameApplicationService, class com.almasb.fxgl.app.services.FXGLDialogService, class com.almasb.fxgl.app.services.IOTaskExecutorService, class com.almasb.fxgl.io.FileSystemService, class com.almasb.fxgl.localization.LocalizationService, class com.almasb.fxgl.app.services.SystemBundleService, class com.almasb.fxgl.profile.SaveLoadService, class com.almasb.fxgl.ui.FXGLUIFactoryServiceProvider, class com.almasb.fxgl.ui.FXGLDialogFactoryServiceProvider, class com.almasb.fxgl.audio.AudioPlayer, class com.almasb.fxgl.notification.impl.NotificationServiceProvider, class com.almasb.fxgl.achievement.AchievementService, class com.almasb.fxgl.cutscene.CutsceneService, class com.almasb.fxgl.minigames.MiniGameService, class com.almasb.fxgl.net.NetService, class com.almasb.fxgl.app.services.UpdaterService, class com.almasb.fxgl.dev.DevService]
19:28:10.582 [FXGL Background Thread 3 ] DEBUG Engine               - fontGame: Abel-Regular.ttf
19:28:10.582 [FXGL Background Thread 3 ] DEBUG Engine               - fontMono: TerminalLandMono-Regular.otf
19:28:10.582 [FXGL Background Thread 3 ] DEBUG Engine               - fontSizeScaleUI: 1.0
19:28:10.582 [FXGL Background Thread 3 ] DEBUG Engine               - fontText: Courier-Prime.ttf
19:28:10.582 [FXGL Background Thread 3 ] DEBUG Engine               - fontUI: VarelaRound-Regular.ttf
19:28:10.582 [FXGL Background Thread 3 ] DEBUG Engine               - fullScreen: BooleanProperty [value: false]
19:28:10.582 [FXGL Background Thread 3 ] DEBUG Engine               - gameDifficulty: MEDIUM
19:28:10.582 [FXGL Background Thread 3 ] DEBUG Engine               - gameDifficultyProperty: ObjectProperty [value: MEDIUM]
19:28:10.582 [FXGL Background Thread 3 ] DEBUG Engine               - globalMusicVolume: 0.5
19:28:10.582 [FXGL Background Thread 3 ] DEBUG Engine               - globalMusicVolumeProperty: DoubleProperty [value: 0.5]
19:28:10.582 [FXGL Background Thread 3 ] DEBUG Engine               - globalSoundVolume: 0.5
19:28:10.582 [FXGL Background Thread 3 ] DEBUG Engine               - globalSoundVolumeProperty: DoubleProperty [value: 0.5]
19:28:10.582 [FXGL Background Thread 3 ] DEBUG Engine               - height: 760
19:28:10.582 [FXGL Background Thread 3 ] DEBUG Engine               - is3D: false
19:28:10.582 [FXGL Background Thread 3 ] DEBUG Engine               - isAndroid: false
19:28:10.582 [FXGL Background Thread 3 ] DEBUG Engine               - isBrowser: false
19:28:10.582 [FXGL Background Thread 3 ] DEBUG Engine               - isClickFeedbackEnabled: false
19:28:10.582 [FXGL Background Thread 3 ] DEBUG Engine               - isCloseConfirmation: false
19:28:10.582 [FXGL Background Thread 3 ] DEBUG Engine               - isDesktop: true
19:28:10.582 [FXGL Background Thread 3 ] DEBUG Engine               - isDeveloperMenuEnabled: false
19:28:10.582 [FXGL Background Thread 3 ] DEBUG Engine               - isEmbedded: false
19:28:10.582 [FXGL Background Thread 3 ] DEBUG Engine               - isEntityPreloadEnabled: true
19:28:10.582 [FXGL Background Thread 3 ] DEBUG Engine               - isExperimentalTiledLargeMap: false
19:28:10.582 [FXGL Background Thread 3 ] DEBUG Engine               - isFileSystemWriteAllowed: true
19:28:10.582 [FXGL Background Thread 3 ] DEBUG Engine               - isFullScreenAllowed: false
19:28:10.582 [FXGL Background Thread 3 ] DEBUG Engine               - isFullScreenFromStart: false
19:28:10.582 [FXGL Background Thread 3 ] DEBUG Engine               - isGameMenuEnabled: true
19:28:10.582 [FXGL Background Thread 3 ] DEBUG Engine               - isIOS: false
19:28:10.582 [FXGL Background Thread 3 ] DEBUG Engine               - isIntroEnabled: false
19:28:10.583 [FXGL Background Thread 3 ] DEBUG Engine               - isLinux: false
19:28:10.583 [FXGL Background Thread 3 ] DEBUG Engine               - isMac: false
19:28:10.583 [FXGL Background Thread 3 ] DEBUG Engine               - isMainMenuEnabled: false
19:28:10.583 [FXGL Background Thread 3 ] DEBUG Engine               - isManualResizeEnabled: false
19:28:10.583 [FXGL Background Thread 3 ] DEBUG Engine               - isMobile: false
19:28:10.583 [FXGL Background Thread 3 ] DEBUG Engine               - isNative: false
19:28:10.583 [FXGL Background Thread 3 ] DEBUG Engine               - isPauseMusicWhenMinimized: true
19:28:10.583 [FXGL Background Thread 3 ] DEBUG Engine               - isPreserveResizeRatio: false
19:28:10.583 [FXGL Background Thread 3 ] DEBUG Engine               - isProfilingEnabled: false
19:28:10.583 [FXGL Background Thread 3 ] DEBUG Engine               - isScaleAffectedOnResize: true
19:28:10.583 [FXGL Background Thread 3 ] DEBUG Engine               - isSingleStep: false
19:28:10.583 [FXGL Background Thread 3 ] DEBUG Engine               - isUserProfileEnabled: false
19:28:10.583 [FXGL Background Thread 3 ] DEBUG Engine               - isWindows: true
19:28:10.583 [FXGL Background Thread 3 ] DEBUG Engine               - language: ObjectProperty [value: ENGLISH]
19:28:10.583 [FXGL Background Thread 3 ] DEBUG Engine               - menuKey: ESCAPE
19:28:10.583 [FXGL Background Thread 3 ] DEBUG Engine               - mouseSensitivity: 0.2
19:28:10.583 [FXGL Background Thread 3 ] DEBUG Engine               - notificationViewClass: class com.almasb.fxgl.notification.view.XboxNotificationView
19:28:10.583 [FXGL Background Thread 3 ] DEBUG Engine               - pixelsPerMeter: 50.0
19:28:10.583 [FXGL Background Thread 3 ] DEBUG Engine               - platform: WINDOWS
19:28:10.583 [FXGL Background Thread 3 ] DEBUG Engine               - prefHeightProperty: ReadOnlyDoubleProperty [value: 760.0]
19:28:10.583 [FXGL Background Thread 3 ] DEBUG Engine               - prefWidthProperty: ReadOnlyDoubleProperty [value: 1200.0]
19:28:10.583 [FXGL Background Thread 3 ] DEBUG Engine               - profileDir: profiles/
19:28:10.583 [FXGL Background Thread 3 ] DEBUG Engine               - profileName: StringProperty [value: DEFAULT]
19:28:10.583 [FXGL Background Thread 3 ] DEBUG Engine               - randomSeed: -1
19:28:10.585 [FXGL Background Thread 3 ] DEBUG Engine               - runtimeInfo: RuntimeInfo(platform=WINDOWS, version=17.3, build=30.03.2023 11.49)
19:28:10.585 [FXGL Background Thread 3 ] DEBUG Engine               - saveFileExt: sav
19:28:10.585 [FXGL Background Thread 3 ] DEBUG Engine               - scaledHeightProp$fxgl: DoubleProperty [bound, value: 760.0]
19:28:10.585 [FXGL Background Thread 3 ] DEBUG Engine               - scaledWidthProp$fxgl: DoubleProperty [bound, value: 1200.0]
19:28:10.585 [FXGL Background Thread 3 ] DEBUG Engine               - sceneFactory: com.almasb.fxgl.app.scene.SceneFactory@20bb0ac1
19:28:10.585 [FXGL Background Thread 3 ] DEBUG Engine               - secondsIn24h: 60
19:28:10.585 [FXGL Background Thread 3 ] DEBUG Engine               - soundMenuBack: menu/back.wav
19:28:10.585 [FXGL Background Thread 3 ] DEBUG Engine               - soundMenuPress: menu/press.wav
19:28:10.585 [FXGL Background Thread 3 ] DEBUG Engine               - soundMenuSelect: menu/select.wav
19:28:10.585 [FXGL Background Thread 3 ] DEBUG Engine               - soundNotification: core/notification.wav
19:28:10.585 [FXGL Background Thread 3 ] DEBUG Engine               - stageStyle: DECORATED
19:28:10.585 [FXGL Background Thread 3 ] DEBUG Engine               - supportedLanguages: [ENGLISH, FRENCH, GERMAN, HUNGARIAN, RUSSIAN]
19:28:10.585 [FXGL Background Thread 3 ] DEBUG Engine               - ticksPerSecond: -1
19:28:10.585 [FXGL Background Thread 3 ] DEBUG Engine               - title: Simulador Restaurante :D
19:28:10.585 [FXGL Background Thread 3 ] DEBUG Engine               - urlGithub: https://github.com/AlmasB/FXGL
19:28:10.585 [FXGL Background Thread 3 ] DEBUG Engine               - urlLeaderboard: http://fxgl-top.herokuapp.com/
19:28:10.585 [FXGL Background Thread 3 ] DEBUG Engine               - urlPOM: https://raw.githubusercontent.com/AlmasB/FXGL/release/README.md
19:28:10.585 [FXGL Background Thread 3 ] DEBUG Engine               - userAppClass: class org.example.simulador_restaurante.HelloApplication
19:28:10.585 [FXGL Background Thread 3 ] DEBUG Engine               - version: 0.0
19:28:10.585 [FXGL Background Thread 3 ] DEBUG Engine               - versionCheckDays: 7
19:28:10.585 [FXGL Background Thread 3 ] DEBUG Engine               - width: 1200
19:28:10.585 [FXGL Background Thread 3 ] DEBUG Engine               - Logging services
19:28:10.585 [FXGL Background Thread 3 ] DEBUG Engine               - class com.almasb.fxgl.app.services.FXGLAssetLoaderService
19:28:10.585 [FXGL Background Thread 3 ] DEBUG Engine               - class com.almasb.fxgl.app.FXGLApplication$GameApplicationService
19:28:10.585 [FXGL Background Thread 3 ] DEBUG Engine               - class com.almasb.fxgl.app.services.FXGLDialogService
19:28:10.585 [FXGL Background Thread 3 ] DEBUG Engine               - class com.almasb.fxgl.app.services.IOTaskExecutorService
19:28:10.585 [FXGL Background Thread 3 ] DEBUG Engine               - class com.almasb.fxgl.io.FileSystemService
19:28:10.586 [FXGL Background Thread 3 ] DEBUG Engine               - class com.almasb.fxgl.localization.LocalizationService
19:28:10.586 [FXGL Background Thread 3 ] DEBUG Engine               - class com.almasb.fxgl.app.services.SystemBundleService
19:28:10.586 [FXGL Background Thread 3 ] DEBUG Engine               - class com.almasb.fxgl.profile.SaveLoadService
19:28:10.586 [FXGL Background Thread 3 ] DEBUG Engine               - class com.almasb.fxgl.ui.FXGLUIFactoryServiceProvider
19:28:10.586 [FXGL Background Thread 3 ] DEBUG Engine               - class com.almasb.fxgl.ui.FXGLDialogFactoryServiceProvider
19:28:10.586 [FXGL Background Thread 3 ] DEBUG Engine               - class com.almasb.fxgl.audio.AudioPlayer
19:28:10.586 [FXGL Background Thread 3 ] DEBUG Engine               - class com.almasb.fxgl.notification.impl.NotificationServiceProvider
19:28:10.586 [FXGL Background Thread 3 ] DEBUG Engine               - class com.almasb.fxgl.achievement.AchievementService
19:28:10.586 [FXGL Background Thread 3 ] DEBUG Engine               - class com.almasb.fxgl.cutscene.CutsceneService
19:28:10.586 [FXGL Background Thread 3 ] DEBUG Engine               - class com.almasb.fxgl.minigames.MiniGameService
19:28:10.586 [FXGL Background Thread 3 ] DEBUG Engine               - class com.almasb.fxgl.net.NetService
19:28:10.586 [FXGL Background Thread 3 ] DEBUG Engine               - class com.almasb.fxgl.app.services.UpdaterService
19:28:10.586 [FXGL Background Thread 3 ] DEBUG Engine               - class com.almasb.fxgl.dev.DevService
19:28:47.086 [JavaFX Application Thread] DEBUG FXGLApplication      - Exiting FXGL
19:28:47.086 [JavaFX Application Thread] DEBUG LoopRunner           - Stopping loop
19:28:47.086 [JavaFX Application Thread] DEBUG SystemBundleService  - Saving FXGL system data
19:28:47.088 [JavaFX Application Thread] DEBUG FileSystemAccess     - Writing to: C:\Users\emili\OneDrive\Escritorio\UP\Septimo cuatrimestre\programacion concurrente\corte 3\Simulador-restaurante\system\fxgl.bundle
19:28:47.091 [JavaFX Application Thread] DEBUG Async                - Shutting down background threads
19:28:47.091 [JavaFX Application Thread] DEBUG PrimaryStageWindow   - Closing main window
19:28:47.110 [JavaFX Application Thread] DEBUG Logger               - Closing Logger
