10:25:22.015 [main                     ] DEBUG Logger               - Configured Logger
10:25:22.041 [main                     ] DEBUG GameApplication      - Logging settings
Title: Simulador Restaurante :D
Version: 1.0
Width: 1200
Height: 760
Fullscreen: false
Intro: false
Profiling: false
Single step:false
App Mode: DEVELOPER
Menu Key: ESCAPE
Stage Style: DECORATED
Scene Factory: class com.almasb.fxgl.app.scene.SceneFactory

10:25:27.297 [JavaFX Application Thread] DEBUG FXGLApplication      - Initializing FXGL
10:25:27.302 [JavaFX Application Thread] INFO  Engine               - FXGL-17.3 (30.03.2023 11.49) on MAC (J:17.0.9 FX:20)
10:25:27.302 [JavaFX Application Thread] DEBUG Engine               - JRE Vendor Name: Amazon.com Inc.
10:25:27.302 [JavaFX Application Thread] DEBUG Engine               - Running on OS: Mac OS X version 15.0
10:25:27.303 [JavaFX Application Thread] DEBUG Engine               - Architecture: x86_64
10:25:27.303 [JavaFX Application Thread] INFO  Engine               - Source code and latest versions at: https://github.com/AlmasB/FXGL
10:25:27.303 [JavaFX Application Thread] INFO  Engine               -       Ask questions and discuss at: https://github.com/AlmasB/FXGL/discussions
10:25:27.303 [JavaFX Application Thread] INFO  Engine               -              Join the FXGL chat at: https://gitter.im/AlmasB/FXGL
10:25:27.373 [JavaFX Application Thread] DEBUG PrimaryStageWindow   - Creating a JavaFX scene
10:25:27.407 [JavaFX Application Thread] DEBUG PrimaryStageWindow   - Target settings size: 1200.0 x 760.0
10:25:27.408 [JavaFX Application Thread] DEBUG PrimaryStageWindow   - Scaled scene size:    1200.0 x 760.0
10:25:27.408 [JavaFX Application Thread] DEBUG PrimaryStageWindow   - Scaled ratio: (1.0, 1.0)
10:25:27.409 [JavaFX Application Thread] DEBUG PrimaryStageWindow   - Set initial scene to FXGLStartupScene
10:25:27.411 [JavaFX Application Thread] DEBUG PrimaryStageWindow   - Opening main window
10:25:27.466 [JavaFX Application Thread] DEBUG PrimaryStageWindow   - Window border size: (0.0, 28.0)
10:25:27.466 [JavaFX Application Thread] DEBUG PrimaryStageWindow   - Scaled size: 1200.0 x 760.0
10:25:27.467 [JavaFX Application Thread] DEBUG PrimaryStageWindow   - Scaled ratio: (1.0, 1.0)
10:25:27.467 [JavaFX Application Thread] DEBUG PrimaryStageWindow   - Scene size: 1200.0 x 760.0
10:25:27.467 [JavaFX Application Thread] DEBUG PrimaryStageWindow   - Stage size: 1200.0 x 788.0
10:25:27.471 [FXGL Background Thread 1 ] DEBUG Engine               - Initializing environment variables
10:25:27.491 [FXGL Background Thread 1 ] DEBUG FXGLAssetLoaderServi - User app class for loading assets: class org.example.simulador_restaurante.HelloApplication
10:25:27.491 [FXGL Background Thread 1 ] DEBUG GameApplicationServi - Applying CSS: fxgl_dark.css
10:25:27.492 [FXGL Background Thread 1 ] DEBUG FXGLAssetLoaderServi - Loading from file system: jar:file:///Users/rextro/.m2/repository/com/github/almasb/fxgl/17.3/fxgl-17.3.jar!/fxglassets/ui/css/fxgl_dark.css
10:25:27.531 [FXGL Background Thread 1 ] DEBUG GameApplicationServi - Initializing application scenes
10:25:27.625 [FXGL Background Thread 1 ] DEBUG GameWorld            - Game world initialized
10:25:27.669 [FXGL Background Thread 1 ] DEBUG PhysicsWorld         - Physics world initialized: appHeight=760, physics.ppm=50.0
10:25:27.669 [FXGL Background Thread 1 ] DEBUG PhysicsWorld         - Using strategy: BRUTE_FORCE
10:25:27.673 [FXGL Background Thread 1 ] DEBUG GameScene            - Game scene initialized: 1200x760
10:25:27.682 [FXGL Background Thread 1 ] DEBUG FXGL.DefaultMenu     - createMenuBodyGameMenu()
10:25:27.693 [FXGL Background Thread 1 ] DEBUG FXGL.DefaultMenu     - createOptionsMenu()
10:25:27.700 [FXGL Background Thread 1 ] DEBUG FXGLAssetLoaderServi - Loading from file system: jar:file:///Users/rextro/.m2/repository/com/github/almasb/fxgl/17.3/fxgl-17.3.jar!/fxglassets/textures/particles/smoke.png
10:25:27.772 [FXGL Background Thread 1 ] DEBUG FXGLAssetLoaderServi - Loading from file system: jar:file:///Users/rextro/.m2/repository/com/github/almasb/fxgl/17.3/fxgl-17.3.jar!/fxglassets/textures/particles/trace_horizontal.png
10:25:27.793 [FXGL Background Thread 1 ] DEBUG GameApplicationServi - Application scenes initialized
10:25:27.800 [FXGL Background Thread 1 ] DEBUG SystemBundleService  - Loading FXGL system data
10:25:27.803 [FXGL Background Thread 1 ] DEBUG FileSystemAccess     - Reading from: /Users/rextro/Documents/7mo/Concurrente/C3/Simulador-restaurante/system/fxgl.bundle
10:25:27.808 [FXGL Background Thread 1 ] DEBUG SystemBundleService  - Bundle FXGL: {}
10:25:27.808 [FXGL Background Thread 1 ] DEBUG UpdaterService       - Checking for updates
10:25:27.811 [FXGL Background Thread 4 ] DEBUG FXGLApplication      - Loading fonts
10:25:27.812 [FXGL Background Thread 4 ] DEBUG FXGLAssetLoaderServi - Loading from file system: jar:file:///Users/rextro/.m2/repository/com/github/almasb/fxgl/17.3/fxgl-17.3.jar!/fxglassets/ui/fonts/VarelaRound-Regular.ttf
10:25:27.812 [FXGL Background Thread 1 ] DEBUG FXGLApplication      - Loading default localization
10:25:27.812 [FXGL Background Thread 1 ] DEBUG FXGLAssetLoaderServi - Loading from file system: jar:file:///Users/rextro/.m2/repository/com/github/almasb/fxgl/17.3/fxgl-17.3.jar!/fxglassets/languages/english.lang
10:25:27.819 [FXGL Background Thread 4 ] DEBUG FXGLAssetLoaderServi - Loading from file system: jar:file:///Users/rextro/.m2/repository/com/github/almasb/fxgl/17.3/fxgl-17.3.jar!/fxglassets/ui/fonts/Abel-Regular.ttf
10:25:27.822 [FXGL Background Thread 1 ] INFO  FXGLApplication      - FXGL initialization took: 0.350 sec
10:25:27.822 [FXGL Background Thread 4 ] DEBUG FXGLAssetLoaderServi - Loading from file system: jar:file:///Users/rextro/.m2/repository/com/github/almasb/fxgl/17.3/fxgl-17.3.jar!/fxglassets/ui/fonts/TerminalLandMono-Regular.otf
10:25:27.822 [JavaFX Application Thread] DEBUG FXGLAssetLoaderServi - Loading from file system: jar:file:///Users/rextro/.m2/repository/com/github/almasb/fxgl/17.3/fxgl-17.3.jar!/fxglassets/textures/fxgl_icon.png
10:25:27.825 [FXGL Background Thread 4 ] DEBUG FXGLAssetLoaderServi - Loading from file system: jar:file:///Users/rextro/.m2/repository/com/github/almasb/fxgl/17.3/fxgl-17.3.jar!/fxglassets/ui/fonts/Courier-Prime.ttf
10:25:27.843 [JavaFX Application Thread] DEBUG FXGLAssetLoaderServi - Loading from file system: jar:file:///Users/rextro/.m2/repository/com/github/almasb/fxgl/17.3/fxgl-17.3.jar!/fxglassets/textures/fxgl_default_cursor.png
10:25:27.851 [JavaFX Application Thread] DEBUG Input                - Registered new binding: Screenshot - CTRL+8
10:25:27.851 [JavaFX Application Thread] DEBUG Input                - Registered new binding: System info dump - CTRL+9
10:25:27.851 [JavaFX Application Thread] DEBUG Input                - Registered new binding: Restart - CTRL+R
10:25:27.852 [JavaFX Application Thread] DEBUG Input                - Registered new binding: Toggle Debug Camera - CTRL+7
10:25:27.853 [JavaFX Application Thread] DEBUG LoopRunner           - Starting loop
10:25:27.853 [JavaFX Application Thread] DEBUG LoopRunner           - Initializing JavaFX AnimationTimerLoop
10:25:27.854 [JavaFX Application Thread] DEBUG GameApplicationServi - Starting new game
10:25:27.854 [JavaFX Application Thread] DEBUG Input                - Clearing active input actions
10:25:27.866 [JavaFX Application Thread] DEBUG GameApplicationServi - Removing overlay from FXGLStartupScene and adding to FXGLLoadingScene
10:25:27.866 [JavaFX Application Thread] DEBUG PrimaryStageWindow   - FXGLStartupScene -> FXGLLoadingScene
10:25:27.866 [JavaFX Application Thread] DEBUG GameApplicationServi - Clearing previous game
10:25:27.866 [JavaFX Application Thread] DEBUG GameScene            - Clearing game scene
10:25:27.866 [JavaFX Application Thread] DEBUG GameWorld            - Clearing game world
10:25:27.867 [JavaFX Application Thread] DEBUG PhysicsWorld         - Clearing physics world
10:25:27.867 [FXGL Background Thread 4 ] DEBUG FXGLApplication      - Initializing game
10:25:27.871 [JavaFX Application Thread] DEBUG FXGLApplication      - Registering font factories with UI factory
10:25:27.872 [FXGL Background Thread 4 ] DEBUG FXGLAssetLoaderServi - Loading from file system: file:/Users/rextro/Documents/7mo/Concurrente/C3/Simulador-restaurante/target/classes/assets/music/soundtrack.mp3
10:25:27.967 [FXGL Background Thread 4 ] DEBUG AudioPlayer          - Playing music com.almasb.fxgl.audio.Music@557460b5
10:25:27.967 [FXGL Background Thread 4 ] DEBUG FXGLAssetLoaderServi - Loading from file system: file:/Users/rextro/Documents/7mo/Concurrente/C3/Simulador-restaurante/target/classes/assets/textures/wood_floor.jpg
10:25:27.983 [FXGL Background Thread 4 ] DEBUG FXGLAssetLoaderServi - Loading from file system: file:/Users/rextro/Documents/7mo/Concurrente/C3/Simulador-restaurante/target/classes/assets/textures/receptionist.png
10:25:27.986 [FXGL Background Thread 4 ] DEBUG FXGLAssetLoaderServi - Loading from file system: file:/Users/rextro/Documents/7mo/Concurrente/C3/Simulador-restaurante/target/classes/assets/textures/table.png
10:25:27.997 [FXGL Background Thread 4 ] DEBUG FXGLAssetLoaderServi - Loading from file system: file:/Users/rextro/Documents/7mo/Concurrente/C3/Simulador-restaurante/target/classes/assets/textures/chef.png
10:25:28.004 [FXGL Background Thread 4 ] INFO  FXGLApplication      - Game initialization took: 0.136 sec
10:25:28.004 [JavaFX Application Thread] DEBUG Input                - Clearing active input actions
10:25:28.011 [JavaFX Application Thread] DEBUG GameApplicationServi - Removing overlay from FXGLLoadingScene and adding to GameScene
10:25:28.012 [JavaFX Application Thread] DEBUG PrimaryStageWindow   - FXGLLoadingScene -> GameScene
10:25:28.013 [JavaFX Application Thread] DEBUG FXGLAssetLoaderServi - Loading from file system: file:/Users/rextro/Documents/7mo/Concurrente/C3/Simulador-restaurante/target/classes/assets/textures/client.png
10:25:30.815 [FXGL Background Thread 3 ] DEBUG Engine               - Logging environment variables
10:25:30.815 [FXGL Background Thread 3 ] DEBUG Engine               - achievements: []
10:25:30.815 [FXGL Background Thread 3 ] DEBUG Engine               - actualHeight: 760.0
10:25:30.815 [FXGL Background Thread 3 ] DEBUG Engine               - actualHeightProperty: ReadOnlyDoubleProperty [value: 760.0]
10:25:30.815 [FXGL Background Thread 3 ] DEBUG Engine               - actualWidth: 1200.0
10:25:30.816 [FXGL Background Thread 3 ] DEBUG Engine               - actualWidthProperty: ReadOnlyDoubleProperty [value: 1200.0]
10:25:30.816 [FXGL Background Thread 3 ] DEBUG Engine               - appIcon: fxgl_icon.png
10:25:30.816 [FXGL Background Thread 3 ] DEBUG Engine               - applicationMode: DEVELOPER
10:25:30.816 [FXGL Background Thread 3 ] DEBUG Engine               - cSSList: [fxgl_dark.css]
10:25:30.816 [FXGL Background Thread 3 ] DEBUG Engine               - collisionDetectionStrategy: BRUTE_FORCE
10:25:30.816 [FXGL Background Thread 3 ] DEBUG Engine               - configClass: Optional.empty
10:25:30.816 [FXGL Background Thread 3 ] DEBUG Engine               - credits: []
10:25:30.817 [FXGL Background Thread 3 ] DEBUG Engine               - defaultCursor: CursorInfo(imageName=fxgl_default_cursor.png, hotspotX=7.0, hotspotY=6.0)
10:25:30.817 [FXGL Background Thread 3 ] DEBUG Engine               - devBBoxColorProperty: ObjectProperty [value: 0xff0000ff]
10:25:30.817 [FXGL Background Thread 3 ] DEBUG Engine               - devEnableDebugCameraProperty: BooleanProperty [value: false]
10:25:30.817 [FXGL Background Thread 3 ] DEBUG Engine               - devSensorColorProperty: ObjectProperty [value: 0xffff00ff]
10:25:30.817 [FXGL Background Thread 3 ] DEBUG Engine               - devShowBBoxProperty: BooleanProperty [value: false]
10:25:30.817 [FXGL Background Thread 3 ] DEBUG Engine               - devShowPositionProperty: BooleanProperty [value: false]
10:25:30.817 [FXGL Background Thread 3 ] DEBUG Engine               - enabledMenuItems: []
10:25:30.817 [FXGL Background Thread 3 ] DEBUG Engine               - engineServices: [class com.almasb.fxgl.app.services.FXGLAssetLoaderService, class com.almasb.fxgl.app.FXGLApplication$GameApplicationService, class com.almasb.fxgl.app.services.FXGLDialogService, class com.almasb.fxgl.app.services.IOTaskExecutorService, class com.almasb.fxgl.io.FileSystemService, class com.almasb.fxgl.localization.LocalizationService, class com.almasb.fxgl.app.services.SystemBundleService, class com.almasb.fxgl.profile.SaveLoadService, class com.almasb.fxgl.ui.FXGLUIFactoryServiceProvider, class com.almasb.fxgl.ui.FXGLDialogFactoryServiceProvider, class com.almasb.fxgl.audio.AudioPlayer, class com.almasb.fxgl.notification.impl.NotificationServiceProvider, class com.almasb.fxgl.achievement.AchievementService, class com.almasb.fxgl.cutscene.CutsceneService, class com.almasb.fxgl.minigames.MiniGameService, class com.almasb.fxgl.net.NetService, class com.almasb.fxgl.app.services.UpdaterService, class com.almasb.fxgl.dev.DevService]
10:25:30.818 [FXGL Background Thread 3 ] DEBUG Engine               - fontGame: Abel-Regular.ttf
10:25:30.818 [FXGL Background Thread 3 ] DEBUG Engine               - fontMono: TerminalLandMono-Regular.otf
10:25:30.818 [FXGL Background Thread 3 ] DEBUG Engine               - fontSizeScaleUI: 1.0
10:25:30.818 [FXGL Background Thread 3 ] DEBUG Engine               - fontText: Courier-Prime.ttf
10:25:30.818 [FXGL Background Thread 3 ] DEBUG Engine               - fontUI: VarelaRound-Regular.ttf
10:25:30.818 [FXGL Background Thread 3 ] DEBUG Engine               - fullScreen: BooleanProperty [value: false]
10:25:30.818 [FXGL Background Thread 3 ] DEBUG Engine               - gameDifficulty: MEDIUM
10:25:30.818 [FXGL Background Thread 3 ] DEBUG Engine               - gameDifficultyProperty: ObjectProperty [value: MEDIUM]
10:25:30.818 [FXGL Background Thread 3 ] DEBUG Engine               - globalMusicVolume: 0.5
10:25:30.818 [FXGL Background Thread 3 ] DEBUG Engine               - globalMusicVolumeProperty: DoubleProperty [value: 0.5]
10:25:30.819 [FXGL Background Thread 3 ] DEBUG Engine               - globalSoundVolume: 0.5
10:25:30.819 [FXGL Background Thread 3 ] DEBUG Engine               - globalSoundVolumeProperty: DoubleProperty [value: 0.5]
10:25:30.819 [FXGL Background Thread 3 ] DEBUG Engine               - height: 760
10:25:30.819 [FXGL Background Thread 3 ] DEBUG Engine               - is3D: false
10:25:30.819 [FXGL Background Thread 3 ] DEBUG Engine               - isAndroid: false
10:25:30.819 [FXGL Background Thread 3 ] DEBUG Engine               - isBrowser: false
10:25:30.819 [FXGL Background Thread 3 ] DEBUG Engine               - isClickFeedbackEnabled: false
10:25:30.819 [FXGL Background Thread 3 ] DEBUG Engine               - isCloseConfirmation: false
10:25:30.819 [FXGL Background Thread 3 ] DEBUG Engine               - isDesktop: true
10:25:30.819 [FXGL Background Thread 3 ] DEBUG Engine               - isDeveloperMenuEnabled: false
10:25:30.819 [FXGL Background Thread 3 ] DEBUG Engine               - isEmbedded: false
10:25:30.819 [FXGL Background Thread 3 ] DEBUG Engine               - isEntityPreloadEnabled: true
10:25:30.819 [FXGL Background Thread 3 ] DEBUG Engine               - isExperimentalTiledLargeMap: false
10:25:30.820 [FXGL Background Thread 3 ] DEBUG Engine               - isFileSystemWriteAllowed: true
10:25:30.820 [FXGL Background Thread 3 ] DEBUG Engine               - isFullScreenAllowed: false
10:25:30.820 [FXGL Background Thread 3 ] DEBUG Engine               - isFullScreenFromStart: false
10:25:30.820 [FXGL Background Thread 3 ] DEBUG Engine               - isGameMenuEnabled: true
10:25:30.820 [FXGL Background Thread 3 ] DEBUG Engine               - isIOS: false
10:25:30.820 [FXGL Background Thread 3 ] DEBUG Engine               - isIntroEnabled: false
10:25:30.820 [FXGL Background Thread 3 ] DEBUG Engine               - isLinux: false
10:25:30.820 [FXGL Background Thread 3 ] DEBUG Engine               - isMac: true
10:25:30.820 [FXGL Background Thread 3 ] DEBUG Engine               - isMainMenuEnabled: false
10:25:30.820 [FXGL Background Thread 3 ] DEBUG Engine               - isManualResizeEnabled: false
10:25:30.820 [FXGL Background Thread 3 ] DEBUG Engine               - isMobile: false
10:25:30.820 [FXGL Background Thread 3 ] DEBUG Engine               - isNative: false
10:25:30.821 [FXGL Background Thread 3 ] DEBUG Engine               - isPauseMusicWhenMinimized: true
10:25:30.821 [FXGL Background Thread 3 ] DEBUG Engine               - isPreserveResizeRatio: false
10:25:30.821 [FXGL Background Thread 3 ] DEBUG Engine               - isProfilingEnabled: false
10:25:30.821 [FXGL Background Thread 3 ] DEBUG Engine               - isScaleAffectedOnResize: true
10:25:30.821 [FXGL Background Thread 3 ] DEBUG Engine               - isSingleStep: false
10:25:30.821 [FXGL Background Thread 3 ] DEBUG Engine               - isUserProfileEnabled: false
10:25:30.821 [FXGL Background Thread 3 ] DEBUG Engine               - isWindows: false
10:25:30.821 [FXGL Background Thread 3 ] DEBUG Engine               - language: ObjectProperty [value: ENGLISH]
10:25:30.821 [FXGL Background Thread 3 ] DEBUG Engine               - menuKey: ESCAPE
10:25:30.821 [FXGL Background Thread 3 ] DEBUG Engine               - mouseSensitivity: 0.2
10:25:30.821 [FXGL Background Thread 3 ] DEBUG Engine               - notificationViewClass: class com.almasb.fxgl.notification.view.XboxNotificationView
10:25:30.821 [FXGL Background Thread 3 ] DEBUG Engine               - pixelsPerMeter: 50.0
10:25:30.821 [FXGL Background Thread 3 ] DEBUG Engine               - platform: MAC
10:25:30.822 [FXGL Background Thread 3 ] DEBUG Engine               - prefHeightProperty: ReadOnlyDoubleProperty [value: 760.0]
10:25:30.822 [FXGL Background Thread 3 ] DEBUG Engine               - prefWidthProperty: ReadOnlyDoubleProperty [value: 1200.0]
10:25:30.822 [FXGL Background Thread 3 ] DEBUG Engine               - profileDir: profiles/
10:25:30.822 [FXGL Background Thread 3 ] DEBUG Engine               - profileName: StringProperty [value: DEFAULT]
10:25:30.822 [FXGL Background Thread 3 ] DEBUG Engine               - randomSeed: -1
10:25:30.822 [FXGL Background Thread 3 ] DEBUG Engine               - runtimeInfo: RuntimeInfo(platform=MAC, version=17.3, build=30.03.2023 11.49)
10:25:30.822 [FXGL Background Thread 3 ] DEBUG Engine               - saveFileExt: sav
10:25:30.822 [FXGL Background Thread 3 ] DEBUG Engine               - scaledHeightProp$fxgl: DoubleProperty [bound, value: 760.0]
10:25:30.822 [FXGL Background Thread 3 ] DEBUG Engine               - scaledWidthProp$fxgl: DoubleProperty [bound, value: 1200.0]
10:25:30.822 [FXGL Background Thread 3 ] DEBUG Engine               - sceneFactory: com.almasb.fxgl.app.scene.SceneFactory@508a438e
10:25:30.822 [FXGL Background Thread 3 ] DEBUG Engine               - secondsIn24h: 60
10:25:30.823 [FXGL Background Thread 3 ] DEBUG Engine               - soundMenuBack: menu/back.wav
10:25:30.823 [FXGL Background Thread 3 ] DEBUG Engine               - soundMenuPress: menu/press.wav
10:25:30.823 [FXGL Background Thread 3 ] DEBUG Engine               - soundMenuSelect: menu/select.wav
10:25:30.823 [FXGL Background Thread 3 ] DEBUG Engine               - soundNotification: core/notification.wav
10:25:30.823 [FXGL Background Thread 3 ] DEBUG Engine               - stageStyle: DECORATED
10:25:30.823 [FXGL Background Thread 3 ] DEBUG Engine               - supportedLanguages: [ENGLISH, FRENCH, GERMAN, HUNGARIAN, RUSSIAN]
10:25:30.823 [FXGL Background Thread 3 ] DEBUG Engine               - ticksPerSecond: -1
10:25:30.823 [FXGL Background Thread 3 ] DEBUG Engine               - title: Simulador Restaurante :D
10:25:30.823 [FXGL Background Thread 3 ] DEBUG Engine               - urlGithub: https://github.com/AlmasB/FXGL
10:25:30.823 [FXGL Background Thread 3 ] DEBUG Engine               - urlLeaderboard: http://fxgl-top.herokuapp.com/
10:25:30.823 [FXGL Background Thread 3 ] DEBUG Engine               - urlPOM: https://raw.githubusercontent.com/AlmasB/FXGL/release/README.md
10:25:30.823 [FXGL Background Thread 3 ] DEBUG Engine               - userAppClass: class org.example.simulador_restaurante.HelloApplication
10:25:30.824 [FXGL Background Thread 3 ] DEBUG Engine               - version: 1.0
10:25:30.824 [FXGL Background Thread 3 ] DEBUG Engine               - versionCheckDays: 7
10:25:30.824 [FXGL Background Thread 3 ] DEBUG Engine               - width: 1200
10:25:30.824 [FXGL Background Thread 3 ] DEBUG Engine               - Logging services
10:25:30.824 [FXGL Background Thread 3 ] DEBUG Engine               - class com.almasb.fxgl.app.services.FXGLAssetLoaderService
10:25:30.824 [FXGL Background Thread 3 ] DEBUG Engine               - class com.almasb.fxgl.app.FXGLApplication$GameApplicationService
10:25:30.824 [FXGL Background Thread 3 ] DEBUG Engine               - class com.almasb.fxgl.app.services.FXGLDialogService
10:25:30.824 [FXGL Background Thread 3 ] DEBUG Engine               - class com.almasb.fxgl.app.services.IOTaskExecutorService
10:25:30.824 [FXGL Background Thread 3 ] DEBUG Engine               - class com.almasb.fxgl.io.FileSystemService
10:25:30.824 [FXGL Background Thread 3 ] DEBUG Engine               - class com.almasb.fxgl.localization.LocalizationService
10:25:30.824 [FXGL Background Thread 3 ] DEBUG Engine               - class com.almasb.fxgl.app.services.SystemBundleService
10:25:30.824 [FXGL Background Thread 3 ] DEBUG Engine               - class com.almasb.fxgl.profile.SaveLoadService
10:25:30.824 [FXGL Background Thread 3 ] DEBUG Engine               - class com.almasb.fxgl.ui.FXGLUIFactoryServiceProvider
10:25:30.824 [FXGL Background Thread 3 ] DEBUG Engine               - class com.almasb.fxgl.ui.FXGLDialogFactoryServiceProvider
10:25:30.824 [FXGL Background Thread 3 ] DEBUG Engine               - class com.almasb.fxgl.audio.AudioPlayer
10:25:30.825 [FXGL Background Thread 3 ] DEBUG Engine               - class com.almasb.fxgl.notification.impl.NotificationServiceProvider
10:25:30.825 [FXGL Background Thread 3 ] DEBUG Engine               - class com.almasb.fxgl.achievement.AchievementService
10:25:30.825 [FXGL Background Thread 3 ] DEBUG Engine               - class com.almasb.fxgl.cutscene.CutsceneService
10:25:30.825 [FXGL Background Thread 3 ] DEBUG Engine               - class com.almasb.fxgl.minigames.MiniGameService
10:25:30.825 [FXGL Background Thread 3 ] DEBUG Engine               - class com.almasb.fxgl.net.NetService
10:25:30.825 [FXGL Background Thread 3 ] DEBUG Engine               - class com.almasb.fxgl.app.services.UpdaterService
10:25:30.825 [FXGL Background Thread 3 ] DEBUG Engine               - class com.almasb.fxgl.dev.DevService
10:25:37.784 [FXGL Background Thread 2 ] INFO  UpdaterService       - Your current version:  17.3
10:25:37.785 [FXGL Background Thread 2 ] INFO  UpdaterService       - Latest stable version: 21.1
10:25:55.420 [JavaFX Application Thread] DEBUG FXGLApplication      - Exiting FXGL
10:25:55.421 [JavaFX Application Thread] DEBUG LoopRunner           - Stopping loop
10:25:55.421 [JavaFX Application Thread] DEBUG SystemBundleService  - Saving FXGL system data
10:25:55.422 [JavaFX Application Thread] DEBUG FileSystemAccess     - Writing to: /Users/rextro/Documents/7mo/Concurrente/C3/Simulador-restaurante/system/fxgl.bundle
10:25:55.423 [JavaFX Application Thread] DEBUG Async                - Shutting down background threads
10:25:55.423 [JavaFX Application Thread] DEBUG PrimaryStageWindow   - Closing main window
10:25:55.433 [JavaFX Application Thread] DEBUG Logger               - Closing Logger
