13:51:42.509 [main                     ] DEBUG Logger               - Configured Logger
13:51:42.537 [main                     ] DEBUG GameApplication      - Logging settings
Title: Simulador Restaurante :D
Version: 0.0
Width: 1200
Height: 750
Fullscreen: false
Intro: false
Profiling: false
Single step:false
App Mode: DEVELOPER
Menu Key: ESCAPE
Stage Style: DECORATED
Scene Factory: class com.almasb.fxgl.app.scene.SceneFactory

13:51:42.788 [JavaFX Application Thread] DEBUG FXGLApplication      - Initializing FXGL
13:51:42.793 [JavaFX Application Thread] INFO  Engine               - FXGL-17.3 (30.03.2023 11.49) on WINDOWS (J:17.0.9 FX:17.0.6)
13:51:42.793 [JavaFX Application Thread] DEBUG Engine               - JRE Vendor Name: Oracle Corporation
13:51:42.793 [JavaFX Application Thread] DEBUG Engine               - Running on OS: Windows 11 version 10.0
13:51:42.793 [JavaFX Application Thread] DEBUG Engine               - Architecture: amd64
13:51:42.793 [JavaFX Application Thread] INFO  Engine               - Source code and latest versions at: https://github.com/AlmasB/FXGL
13:51:42.793 [JavaFX Application Thread] INFO  Engine               -       Ask questions and discuss at: https://github.com/AlmasB/FXGL/discussions
13:51:42.793 [JavaFX Application Thread] INFO  Engine               -              Join the FXGL chat at: https://gitter.im/AlmasB/FXGL
13:51:42.854 [JavaFX Application Thread] DEBUG PrimaryStageWindow   - Creating a JavaFX scene
13:51:42.880 [JavaFX Application Thread] DEBUG PrimaryStageWindow   - Target settings size: 1200.0 x 750.0
13:51:42.880 [JavaFX Application Thread] DEBUG PrimaryStageWindow   - Scaled scene size:    1200.0 x 750.0
13:51:42.881 [JavaFX Application Thread] DEBUG PrimaryStageWindow   - Scaled ratio: (1.0, 1.0)
13:51:42.881 [JavaFX Application Thread] DEBUG PrimaryStageWindow   - Set initial scene to FXGLStartupScene
13:51:42.886 [JavaFX Application Thread] DEBUG PrimaryStageWindow   - Opening main window
13:51:42.947 [JavaFX Application Thread] DEBUG PrimaryStageWindow   - Window border size: (14.4000244140625, 38.0)
13:51:42.947 [JavaFX Application Thread] DEBUG PrimaryStageWindow   - Scaled size: 1200.0 x 750.0
13:51:42.948 [JavaFX Application Thread] DEBUG PrimaryStageWindow   - Scaled ratio: (1.0, 1.0)
13:51:42.948 [JavaFX Application Thread] DEBUG PrimaryStageWindow   - Scene size: 1200.0 x 750.0
13:51:42.948 [JavaFX Application Thread] DEBUG PrimaryStageWindow   - Stage size: 1214.4000244140625 x 788.0
13:51:42.953 [FXGL Background Thread 1 ] DEBUG Engine               - Initializing environment variables
13:51:42.975 [FXGL Background Thread 1 ] DEBUG FXGLAssetLoaderServi - User app class for loading assets: class org.example.simulador_restaurante.HelloApplication
13:51:42.975 [FXGL Background Thread 1 ] DEBUG GameApplicationServi - Applying CSS: fxgl_dark.css
13:51:42.976 [FXGL Background Thread 1 ] DEBUG FXGLAssetLoaderServi - Loading from file system: jar:file:///C:/Users/emili/.m2/repository/com/github/almasb/fxgl/17.3/fxgl-17.3.jar!/fxglassets/ui/css/fxgl_dark.css
13:51:43.015 [FXGL Background Thread 1 ] DEBUG GameApplicationServi - Initializing application scenes
13:51:43.063 [FXGL Background Thread 1 ] DEBUG GameWorld            - Game world initialized
13:51:43.120 [FXGL Background Thread 1 ] DEBUG PhysicsWorld         - Physics world initialized: appHeight=750, physics.ppm=50.0
13:51:43.120 [FXGL Background Thread 1 ] DEBUG PhysicsWorld         - Using strategy: BRUTE_FORCE
13:51:43.124 [FXGL Background Thread 1 ] DEBUG GameScene            - Game scene initialized: 1200x750
13:51:43.135 [FXGL Background Thread 1 ] DEBUG FXGL.DefaultMenu     - createMenuBodyGameMenu()
13:51:43.147 [FXGL Background Thread 1 ] DEBUG FXGL.DefaultMenu     - createOptionsMenu()
13:51:43.160 [FXGL Background Thread 1 ] DEBUG FXGLAssetLoaderServi - Loading from file system: jar:file:///C:/Users/emili/.m2/repository/com/github/almasb/fxgl/17.3/fxgl-17.3.jar!/fxglassets/textures/particles/smoke.png
13:51:43.249 [FXGL Background Thread 1 ] DEBUG FXGLAssetLoaderServi - Loading from file system: jar:file:///C:/Users/emili/.m2/repository/com/github/almasb/fxgl/17.3/fxgl-17.3.jar!/fxglassets/textures/particles/trace_horizontal.png
13:51:43.280 [FXGL Background Thread 1 ] DEBUG GameApplicationServi - Application scenes initialized
13:51:43.292 [FXGL Background Thread 1 ] DEBUG SystemBundleService  - Loading FXGL system data
13:51:43.294 [FXGL Background Thread 1 ] DEBUG FileSystemAccess     - Reading from: C:\Users\emili\OneDrive\Escritorio\UP\Septimo cuatrimestre\programacion concurrente\corte 3\Simulador-restaurante\system\fxgl.bundle
13:51:43.299 [FXGL Background Thread 1 ] DEBUG SystemBundleService  - Bundle FXGL: {}
13:51:43.299 [FXGL Background Thread 1 ] DEBUG UpdaterService       - Checking for updates
13:51:43.302 [FXGL Background Thread 4 ] DEBUG FXGLApplication      - Loading fonts
13:51:43.303 [FXGL Background Thread 4 ] DEBUG FXGLAssetLoaderServi - Loading from file system: jar:file:///C:/Users/emili/.m2/repository/com/github/almasb/fxgl/17.3/fxgl-17.3.jar!/fxglassets/ui/fonts/VarelaRound-Regular.ttf
13:51:43.303 [FXGL Background Thread 1 ] DEBUG FXGLApplication      - Loading default localization
13:51:43.304 [FXGL Background Thread 1 ] DEBUG FXGLAssetLoaderServi - Loading from file system: jar:file:///C:/Users/emili/.m2/repository/com/github/almasb/fxgl/17.3/fxgl-17.3.jar!/fxglassets/languages/english.lang
13:51:43.327 [FXGL Background Thread 1 ] INFO  FXGLApplication      - FXGL initialization took: 0.373 sec
13:51:43.328 [JavaFX Application Thread] DEBUG FXGLAssetLoaderServi - Loading from file system: jar:file:///C:/Users/emili/.m2/repository/com/github/almasb/fxgl/17.3/fxgl-17.3.jar!/fxglassets/textures/fxgl_icon.png
13:51:43.341 [JavaFX Application Thread] DEBUG FXGLAssetLoaderServi - Loading from file system: jar:file:///C:/Users/emili/.m2/repository/com/github/almasb/fxgl/17.3/fxgl-17.3.jar!/fxglassets/textures/fxgl_default_cursor.png
13:51:43.361 [JavaFX Application Thread] DEBUG Input                - Registered new binding: Screenshot - CTRL+8
13:51:43.362 [JavaFX Application Thread] DEBUG Input                - Registered new binding: System info dump - CTRL+9
13:51:43.362 [JavaFX Application Thread] DEBUG Input                - Registered new binding: Restart - CTRL+R
13:51:43.364 [FXGL Background Thread 4 ] DEBUG FXGLAssetLoaderServi - Loading from file system: jar:file:///C:/Users/emili/.m2/repository/com/github/almasb/fxgl/17.3/fxgl-17.3.jar!/fxglassets/ui/fonts/Abel-Regular.ttf
13:51:43.364 [JavaFX Application Thread] DEBUG Input                - Registered new binding: Toggle Debug Camera - CTRL+7
13:51:43.366 [FXGL Background Thread 4 ] DEBUG FXGLAssetLoaderServi - Loading from file system: jar:file:///C:/Users/emili/.m2/repository/com/github/almasb/fxgl/17.3/fxgl-17.3.jar!/fxglassets/ui/fonts/TerminalLandMono-Regular.otf
13:51:43.368 [FXGL Background Thread 4 ] DEBUG FXGLAssetLoaderServi - Loading from file system: jar:file:///C:/Users/emili/.m2/repository/com/github/almasb/fxgl/17.3/fxgl-17.3.jar!/fxglassets/ui/fonts/Courier-Prime.ttf
13:51:43.374 [JavaFX Application Thread] DEBUG LoopRunner           - Starting loop
13:51:43.374 [JavaFX Application Thread] DEBUG LoopRunner           - Initializing JavaFX AnimationTimerLoop
13:51:43.377 [JavaFX Application Thread] DEBUG GameApplicationServi - Starting new game
13:51:43.378 [JavaFX Application Thread] DEBUG Input                - Clearing active input actions
13:51:43.391 [JavaFX Application Thread] DEBUG GameApplicationServi - Removing overlay from FXGLStartupScene and adding to FXGLLoadingScene
13:51:43.391 [JavaFX Application Thread] DEBUG PrimaryStageWindow   - FXGLStartupScene -> FXGLLoadingScene
13:51:43.391 [JavaFX Application Thread] DEBUG GameApplicationServi - Clearing previous game
13:51:43.391 [JavaFX Application Thread] DEBUG GameScene            - Clearing game scene
13:51:43.391 [JavaFX Application Thread] DEBUG GameWorld            - Clearing game world
13:51:43.391 [JavaFX Application Thread] DEBUG PhysicsWorld         - Clearing physics world
13:51:43.395 [FXGL Background Thread 4 ] DEBUG FXGLApplication      - Initializing game
13:51:43.395 [JavaFX Application Thread] DEBUG FXGLApplication      - Registering font factories with UI factory
13:51:43.412 [FXGL Background Thread 4 ] DEBUG FXGLAssetLoaderServi - Loading from file system: file:/C:/Users/emili/OneDrive/Escritorio/UP/Septimo%20cuatrimestre/programacion%20concurrente/corte%203/Simulador-restaurante/target/classes/assets/textures/wood_floor.jpg
13:51:43.435 [FXGL Background Thread 4 ] DEBUG FXGLAssetLoaderServi - Loading from file system: file:/C:/Users/emili/OneDrive/Escritorio/UP/Septimo%20cuatrimestre/programacion%20concurrente/corte%203/Simulador-restaurante/target/classes/assets/textures/receptionist.png
13:51:43.468 [FXGL Background Thread 4 ] INFO  FXGLApplication      - Game initialization took: 0.074 sec
13:51:43.469 [JavaFX Application Thread] DEBUG Input                - Clearing active input actions
13:51:43.473 [JavaFX Application Thread] DEBUG GameApplicationServi - Removing overlay from FXGLLoadingScene and adding to GameScene
13:51:43.473 [JavaFX Application Thread] DEBUG PrimaryStageWindow   - FXGLLoadingScene -> GameScene
13:51:43.777 [FXGL Background Thread 2 ] INFO  UpdaterService       - Your current version:  17.3
13:51:43.778 [FXGL Background Thread 2 ] INFO  UpdaterService       - Latest stable version: 21.1
13:51:46.302 [FXGL Background Thread 3 ] DEBUG Engine               - Logging environment variables
13:51:46.302 [FXGL Background Thread 3 ] DEBUG Engine               - achievements: []
13:51:46.302 [FXGL Background Thread 3 ] DEBUG Engine               - actualHeight: 750.0
13:51:46.303 [FXGL Background Thread 3 ] DEBUG Engine               - actualHeightProperty: ReadOnlyDoubleProperty [value: 750.0]
13:51:46.303 [FXGL Background Thread 3 ] DEBUG Engine               - actualWidth: 1200.0
13:51:46.303 [FXGL Background Thread 3 ] DEBUG Engine               - actualWidthProperty: ReadOnlyDoubleProperty [value: 1200.0]
13:51:46.303 [FXGL Background Thread 3 ] DEBUG Engine               - appIcon: fxgl_icon.png
13:51:46.303 [FXGL Background Thread 3 ] DEBUG Engine               - applicationMode: DEVELOPER
13:51:46.303 [FXGL Background Thread 3 ] DEBUG Engine               - cSSList: [fxgl_dark.css]
13:51:46.303 [FXGL Background Thread 3 ] DEBUG Engine               - collisionDetectionStrategy: BRUTE_FORCE
13:51:46.303 [FXGL Background Thread 3 ] DEBUG Engine               - configClass: Optional.empty
13:51:46.303 [FXGL Background Thread 3 ] DEBUG Engine               - credits: []
13:51:46.304 [FXGL Background Thread 3 ] DEBUG Engine               - defaultCursor: CursorInfo(imageName=fxgl_default_cursor.png, hotspotX=7.0, hotspotY=6.0)
13:51:46.304 [FXGL Background Thread 3 ] DEBUG Engine               - devBBoxColorProperty: ObjectProperty [value: 0xff0000ff]
13:51:46.304 [FXGL Background Thread 3 ] DEBUG Engine               - devEnableDebugCameraProperty: BooleanProperty [value: false]
13:51:46.305 [FXGL Background Thread 3 ] DEBUG Engine               - devSensorColorProperty: ObjectProperty [value: 0xffff00ff]
13:51:46.305 [FXGL Background Thread 3 ] DEBUG Engine               - devShowBBoxProperty: BooleanProperty [value: false]
13:51:46.305 [FXGL Background Thread 3 ] DEBUG Engine               - devShowPositionProperty: BooleanProperty [value: false]
13:51:46.305 [FXGL Background Thread 3 ] DEBUG Engine               - enabledMenuItems: []
13:51:46.305 [FXGL Background Thread 3 ] DEBUG Engine               - engineServices: [class com.almasb.fxgl.app.services.FXGLAssetLoaderService, class com.almasb.fxgl.app.FXGLApplication$GameApplicationService, class com.almasb.fxgl.app.services.FXGLDialogService, class com.almasb.fxgl.app.services.IOTaskExecutorService, class com.almasb.fxgl.io.FileSystemService, class com.almasb.fxgl.localization.LocalizationService, class com.almasb.fxgl.app.services.SystemBundleService, class com.almasb.fxgl.profile.SaveLoadService, class com.almasb.fxgl.ui.FXGLUIFactoryServiceProvider, class com.almasb.fxgl.ui.FXGLDialogFactoryServiceProvider, class com.almasb.fxgl.audio.AudioPlayer, class com.almasb.fxgl.notification.impl.NotificationServiceProvider, class com.almasb.fxgl.achievement.AchievementService, class com.almasb.fxgl.cutscene.CutsceneService, class com.almasb.fxgl.minigames.MiniGameService, class com.almasb.fxgl.net.NetService, class com.almasb.fxgl.app.services.UpdaterService, class com.almasb.fxgl.dev.DevService]
13:51:46.305 [FXGL Background Thread 3 ] DEBUG Engine               - fontGame: Abel-Regular.ttf
13:51:46.305 [FXGL Background Thread 3 ] DEBUG Engine               - fontMono: TerminalLandMono-Regular.otf
13:51:46.305 [FXGL Background Thread 3 ] DEBUG Engine               - fontSizeScaleUI: 1.0
13:51:46.305 [FXGL Background Thread 3 ] DEBUG Engine               - fontText: Courier-Prime.ttf
13:51:46.305 [FXGL Background Thread 3 ] DEBUG Engine               - fontUI: VarelaRound-Regular.ttf
13:51:46.305 [FXGL Background Thread 3 ] DEBUG Engine               - fullScreen: BooleanProperty [value: false]
13:51:46.305 [FXGL Background Thread 3 ] DEBUG Engine               - gameDifficulty: MEDIUM
13:51:46.305 [FXGL Background Thread 3 ] DEBUG Engine               - gameDifficultyProperty: ObjectProperty [value: MEDIUM]
13:51:46.305 [FXGL Background Thread 3 ] DEBUG Engine               - globalMusicVolume: 0.5
13:51:46.305 [FXGL Background Thread 3 ] DEBUG Engine               - globalMusicVolumeProperty: DoubleProperty [value: 0.5]
13:51:46.305 [FXGL Background Thread 3 ] DEBUG Engine               - globalSoundVolume: 0.5
13:51:46.305 [FXGL Background Thread 3 ] DEBUG Engine               - globalSoundVolumeProperty: DoubleProperty [value: 0.5]
13:51:46.305 [FXGL Background Thread 3 ] DEBUG Engine               - height: 750
13:51:46.305 [FXGL Background Thread 3 ] DEBUG Engine               - is3D: false
13:51:46.305 [FXGL Background Thread 3 ] DEBUG Engine               - isAndroid: false
13:51:46.306 [FXGL Background Thread 3 ] DEBUG Engine               - isBrowser: false
13:51:46.306 [FXGL Background Thread 3 ] DEBUG Engine               - isClickFeedbackEnabled: false
13:51:46.306 [FXGL Background Thread 3 ] DEBUG Engine               - isCloseConfirmation: false
13:51:46.306 [FXGL Background Thread 3 ] DEBUG Engine               - isDesktop: true
13:51:46.306 [FXGL Background Thread 3 ] DEBUG Engine               - isDeveloperMenuEnabled: false
13:51:46.306 [FXGL Background Thread 3 ] DEBUG Engine               - isEmbedded: false
13:51:46.306 [FXGL Background Thread 3 ] DEBUG Engine               - isEntityPreloadEnabled: true
13:51:46.306 [FXGL Background Thread 3 ] DEBUG Engine               - isExperimentalTiledLargeMap: false
13:51:46.306 [FXGL Background Thread 3 ] DEBUG Engine               - isFileSystemWriteAllowed: true
13:51:46.306 [FXGL Background Thread 3 ] DEBUG Engine               - isFullScreenAllowed: false
13:51:46.306 [FXGL Background Thread 3 ] DEBUG Engine               - isFullScreenFromStart: false
13:51:46.306 [FXGL Background Thread 3 ] DEBUG Engine               - isGameMenuEnabled: true
13:51:46.306 [FXGL Background Thread 3 ] DEBUG Engine               - isIOS: false
13:51:46.306 [FXGL Background Thread 3 ] DEBUG Engine               - isIntroEnabled: false
13:51:46.306 [FXGL Background Thread 3 ] DEBUG Engine               - isLinux: false
13:51:46.306 [FXGL Background Thread 3 ] DEBUG Engine               - isMac: false
13:51:46.306 [FXGL Background Thread 3 ] DEBUG Engine               - isMainMenuEnabled: false
13:51:46.306 [FXGL Background Thread 3 ] DEBUG Engine               - isManualResizeEnabled: false
13:51:46.306 [FXGL Background Thread 3 ] DEBUG Engine               - isMobile: false
13:51:46.306 [FXGL Background Thread 3 ] DEBUG Engine               - isNative: false
13:51:46.306 [FXGL Background Thread 3 ] DEBUG Engine               - isPauseMusicWhenMinimized: true
13:51:46.307 [FXGL Background Thread 3 ] DEBUG Engine               - isPreserveResizeRatio: false
13:51:46.307 [FXGL Background Thread 3 ] DEBUG Engine               - isProfilingEnabled: false
13:51:46.307 [FXGL Background Thread 3 ] DEBUG Engine               - isScaleAffectedOnResize: true
13:51:46.307 [FXGL Background Thread 3 ] DEBUG Engine               - isSingleStep: false
13:51:46.307 [FXGL Background Thread 3 ] DEBUG Engine               - isUserProfileEnabled: false
13:51:46.307 [FXGL Background Thread 3 ] DEBUG Engine               - isWindows: true
13:51:46.307 [FXGL Background Thread 3 ] DEBUG Engine               - language: ObjectProperty [value: ENGLISH]
13:51:46.307 [FXGL Background Thread 3 ] DEBUG Engine               - menuKey: ESCAPE
13:51:46.307 [FXGL Background Thread 3 ] DEBUG Engine               - mouseSensitivity: 0.2
13:51:46.307 [FXGL Background Thread 3 ] DEBUG Engine               - notificationViewClass: class com.almasb.fxgl.notification.view.XboxNotificationView
13:51:46.307 [FXGL Background Thread 3 ] DEBUG Engine               - pixelsPerMeter: 50.0
13:51:46.307 [FXGL Background Thread 3 ] DEBUG Engine               - platform: WINDOWS
13:51:46.307 [FXGL Background Thread 3 ] DEBUG Engine               - prefHeightProperty: ReadOnlyDoubleProperty [value: 750.0]
13:51:46.307 [FXGL Background Thread 3 ] DEBUG Engine               - prefWidthProperty: ReadOnlyDoubleProperty [value: 1200.0]
13:51:46.307 [FXGL Background Thread 3 ] DEBUG Engine               - profileDir: profiles/
13:51:46.307 [FXGL Background Thread 3 ] DEBUG Engine               - profileName: StringProperty [value: DEFAULT]
13:51:46.307 [FXGL Background Thread 3 ] DEBUG Engine               - randomSeed: -1
13:51:46.308 [FXGL Background Thread 3 ] DEBUG Engine               - runtimeInfo: RuntimeInfo(platform=WINDOWS, version=17.3, build=30.03.2023 11.49)
13:51:46.308 [FXGL Background Thread 3 ] DEBUG Engine               - saveFileExt: sav
13:51:46.308 [FXGL Background Thread 3 ] DEBUG Engine               - scaledHeightProp$fxgl: DoubleProperty [bound, value: 750.0]
13:51:46.308 [FXGL Background Thread 3 ] DEBUG Engine               - scaledWidthProp$fxgl: DoubleProperty [bound, value: 1200.0]
13:51:46.308 [FXGL Background Thread 3 ] DEBUG Engine               - sceneFactory: com.almasb.fxgl.app.scene.SceneFactory@a3229fc
13:51:46.308 [FXGL Background Thread 3 ] DEBUG Engine               - secondsIn24h: 60
13:51:46.308 [FXGL Background Thread 3 ] DEBUG Engine               - soundMenuBack: menu/back.wav
13:51:46.308 [FXGL Background Thread 3 ] DEBUG Engine               - soundMenuPress: menu/press.wav
13:51:46.308 [FXGL Background Thread 3 ] DEBUG Engine               - soundMenuSelect: menu/select.wav
13:51:46.308 [FXGL Background Thread 3 ] DEBUG Engine               - soundNotification: core/notification.wav
13:51:46.308 [FXGL Background Thread 3 ] DEBUG Engine               - stageStyle: DECORATED
13:51:46.308 [FXGL Background Thread 3 ] DEBUG Engine               - supportedLanguages: [ENGLISH, FRENCH, GERMAN, HUNGARIAN, RUSSIAN]
13:51:46.308 [FXGL Background Thread 3 ] DEBUG Engine               - ticksPerSecond: -1
13:51:46.308 [FXGL Background Thread 3 ] DEBUG Engine               - title: Simulador Restaurante :D
13:51:46.308 [FXGL Background Thread 3 ] DEBUG Engine               - urlGithub: https://github.com/AlmasB/FXGL
13:51:46.308 [FXGL Background Thread 3 ] DEBUG Engine               - urlLeaderboard: http://fxgl-top.herokuapp.com/
13:51:46.308 [FXGL Background Thread 3 ] DEBUG Engine               - urlPOM: https://raw.githubusercontent.com/AlmasB/FXGL/release/README.md
13:51:46.308 [FXGL Background Thread 3 ] DEBUG Engine               - userAppClass: class org.example.simulador_restaurante.HelloApplication
13:51:46.308 [FXGL Background Thread 3 ] DEBUG Engine               - version: 0.0
13:51:46.308 [FXGL Background Thread 3 ] DEBUG Engine               - versionCheckDays: 7
13:51:46.308 [FXGL Background Thread 3 ] DEBUG Engine               - width: 1200
13:51:46.309 [FXGL Background Thread 3 ] DEBUG Engine               - Logging services
13:51:46.309 [FXGL Background Thread 3 ] DEBUG Engine               - class com.almasb.fxgl.app.services.FXGLAssetLoaderService
13:51:46.309 [FXGL Background Thread 3 ] DEBUG Engine               - class com.almasb.fxgl.app.FXGLApplication$GameApplicationService
13:51:46.309 [FXGL Background Thread 3 ] DEBUG Engine               - class com.almasb.fxgl.app.services.FXGLDialogService
13:51:46.309 [FXGL Background Thread 3 ] DEBUG Engine               - class com.almasb.fxgl.app.services.IOTaskExecutorService
13:51:46.309 [FXGL Background Thread 3 ] DEBUG Engine               - class com.almasb.fxgl.io.FileSystemService
13:51:46.309 [FXGL Background Thread 3 ] DEBUG Engine               - class com.almasb.fxgl.localization.LocalizationService
13:51:46.309 [FXGL Background Thread 3 ] DEBUG Engine               - class com.almasb.fxgl.app.services.SystemBundleService
13:51:46.309 [FXGL Background Thread 3 ] DEBUG Engine               - class com.almasb.fxgl.profile.SaveLoadService
13:51:46.309 [FXGL Background Thread 3 ] DEBUG Engine               - class com.almasb.fxgl.ui.FXGLUIFactoryServiceProvider
13:51:46.309 [FXGL Background Thread 3 ] DEBUG Engine               - class com.almasb.fxgl.ui.FXGLDialogFactoryServiceProvider
13:51:46.309 [FXGL Background Thread 3 ] DEBUG Engine               - class com.almasb.fxgl.audio.AudioPlayer
13:51:46.309 [FXGL Background Thread 3 ] DEBUG Engine               - class com.almasb.fxgl.notification.impl.NotificationServiceProvider
13:51:46.309 [FXGL Background Thread 3 ] DEBUG Engine               - class com.almasb.fxgl.achievement.AchievementService
13:51:46.309 [FXGL Background Thread 3 ] DEBUG Engine               - class com.almasb.fxgl.cutscene.CutsceneService
13:51:46.309 [FXGL Background Thread 3 ] DEBUG Engine               - class com.almasb.fxgl.minigames.MiniGameService
13:51:46.309 [FXGL Background Thread 3 ] DEBUG Engine               - class com.almasb.fxgl.net.NetService
13:51:46.309 [FXGL Background Thread 3 ] DEBUG Engine               - class com.almasb.fxgl.app.services.UpdaterService
13:51:46.309 [FXGL Background Thread 3 ] DEBUG Engine               - class com.almasb.fxgl.dev.DevService
13:51:46.356 [JavaFX Application Thread] DEBUG FXGLApplication      - Exiting FXGL
13:51:46.356 [JavaFX Application Thread] DEBUG LoopRunner           - Stopping loop
13:51:46.356 [JavaFX Application Thread] DEBUG SystemBundleService  - Saving FXGL system data
13:51:46.358 [JavaFX Application Thread] DEBUG FileSystemAccess     - Writing to: C:\Users\emili\OneDrive\Escritorio\UP\Septimo cuatrimestre\programacion concurrente\corte 3\Simulador-restaurante\system\fxgl.bundle
13:51:46.360 [JavaFX Application Thread] DEBUG Async                - Shutting down background threads
13:51:46.360 [JavaFX Application Thread] DEBUG PrimaryStageWindow   - Closing main window
13:51:46.376 [JavaFX Application Thread] DEBUG Logger               - Closing Logger
