12:22:40.963 [main                     ] DEBUG Logger               - Configured Logger
12:22:41.024 [main                     ] DEBUG GameApplication      - Logging settings
Title: Simulador Restaurante :D
Version: 1.0
Width: 1200
Height: 760
Fullscreen: false
Intro: false
Profiling: false
Single step:false
App Mode: DEVELOPER
Menu Key: ESCAPE
Stage Style: DECORATED
Scene Factory: class com.almasb.fxgl.app.scene.SceneFactory

12:22:47.812 [JavaFX Application Thread] DEBUG FXGLApplication      - Initializing FXGL
12:22:47.817 [JavaFX Application Thread] INFO  Engine               - FXGL-17.3 (30.03.2023 11.49) on MAC (J:17.0.9 FX:20)
12:22:47.818 [JavaFX Application Thread] DEBUG Engine               - JRE Vendor Name: Amazon.com Inc.
12:22:47.818 [JavaFX Application Thread] DEBUG Engine               - Running on OS: Mac OS X version 15.0
12:22:47.818 [JavaFX Application Thread] DEBUG Engine               - Architecture: x86_64
12:22:47.818 [JavaFX Application Thread] INFO  Engine               - Source code and latest versions at: https://github.com/AlmasB/FXGL
12:22:47.818 [JavaFX Application Thread] INFO  Engine               -       Ask questions and discuss at: https://github.com/AlmasB/FXGL/discussions
12:22:47.818 [JavaFX Application Thread] INFO  Engine               -              Join the FXGL chat at: https://gitter.im/AlmasB/FXGL
12:22:47.896 [JavaFX Application Thread] DEBUG PrimaryStageWindow   - Creating a JavaFX scene
12:22:48.206 [JavaFX Application Thread] DEBUG PrimaryStageWindow   - Target settings size: 1200.0 x 760.0
12:22:48.206 [JavaFX Application Thread] DEBUG PrimaryStageWindow   - Scaled scene size:    1200.0 x 760.0
12:22:48.207 [JavaFX Application Thread] DEBUG PrimaryStageWindow   - Scaled ratio: (1.0, 1.0)
12:22:48.207 [JavaFX Application Thread] DEBUG PrimaryStageWindow   - Set initial scene to FXGLStartupScene
12:22:48.210 [JavaFX Application Thread] DEBUG PrimaryStageWindow   - Opening main window
12:22:48.289 [JavaFX Application Thread] DEBUG PrimaryStageWindow   - Window border size: (0.0, 28.0)
12:22:48.289 [JavaFX Application Thread] DEBUG PrimaryStageWindow   - Scaled size: 1200.0 x 760.0
12:22:48.289 [JavaFX Application Thread] DEBUG PrimaryStageWindow   - Scaled ratio: (1.0, 1.0)
12:22:48.290 [JavaFX Application Thread] DEBUG PrimaryStageWindow   - Scene size: 1200.0 x 760.0
12:22:48.290 [JavaFX Application Thread] DEBUG PrimaryStageWindow   - Stage size: 1200.0 x 788.0
12:22:48.295 [FXGL Background Thread 1 ] DEBUG Engine               - Initializing environment variables
12:22:48.322 [FXGL Background Thread 1 ] DEBUG FXGLAssetLoaderServi - User app class for loading assets: class org.example.simulador_restaurante.HelloApplication
12:22:48.322 [FXGL Background Thread 1 ] DEBUG GameApplicationServi - Applying CSS: fxgl_dark.css
12:22:48.323 [FXGL Background Thread 1 ] DEBUG FXGLAssetLoaderServi - Loading from file system: jar:file:///Users/rextro/.m2/repository/com/github/almasb/fxgl/17.3/fxgl-17.3.jar!/fxglassets/ui/css/fxgl_dark.css
12:22:48.364 [FXGL Background Thread 1 ] DEBUG GameApplicationServi - Initializing application scenes
12:22:48.478 [FXGL Background Thread 1 ] DEBUG GameWorld            - Game world initialized
12:22:48.524 [FXGL Background Thread 1 ] DEBUG PhysicsWorld         - Physics world initialized: appHeight=760, physics.ppm=50.0
12:22:48.524 [FXGL Background Thread 1 ] DEBUG PhysicsWorld         - Using strategy: BRUTE_FORCE
12:22:48.528 [FXGL Background Thread 1 ] DEBUG GameScene            - Game scene initialized: 1200x760
12:22:48.539 [FXGL Background Thread 1 ] DEBUG FXGL.DefaultMenu     - createMenuBodyGameMenu()
12:22:48.551 [FXGL Background Thread 1 ] DEBUG FXGL.DefaultMenu     - createOptionsMenu()
12:22:48.560 [FXGL Background Thread 1 ] DEBUG FXGLAssetLoaderServi - Loading from file system: jar:file:///Users/rextro/.m2/repository/com/github/almasb/fxgl/17.3/fxgl-17.3.jar!/fxglassets/textures/particles/smoke.png
12:22:48.633 [FXGL Background Thread 1 ] DEBUG FXGLAssetLoaderServi - Loading from file system: jar:file:///Users/rextro/.m2/repository/com/github/almasb/fxgl/17.3/fxgl-17.3.jar!/fxglassets/textures/particles/trace_horizontal.png
12:22:48.656 [FXGL Background Thread 1 ] DEBUG GameApplicationServi - Application scenes initialized
12:22:48.665 [FXGL Background Thread 1 ] DEBUG SystemBundleService  - Loading FXGL system data
12:22:48.668 [FXGL Background Thread 1 ] DEBUG FileSystemAccess     - Reading from: /Users/rextro/Documents/7mo/Concurrente/C3/Simulador-restaurante/system/fxgl.bundle
12:22:48.673 [FXGL Background Thread 1 ] DEBUG SystemBundleService  - Bundle FXGL: {}
12:22:48.673 [FXGL Background Thread 1 ] DEBUG UpdaterService       - Checking for updates
12:22:48.676 [FXGL Background Thread 4 ] DEBUG FXGLApplication      - Loading fonts
12:22:48.676 [FXGL Background Thread 4 ] DEBUG FXGLAssetLoaderServi - Loading from file system: jar:file:///Users/rextro/.m2/repository/com/github/almasb/fxgl/17.3/fxgl-17.3.jar!/fxglassets/ui/fonts/VarelaRound-Regular.ttf
12:22:48.676 [FXGL Background Thread 1 ] DEBUG FXGLApplication      - Loading default localization
12:22:48.677 [FXGL Background Thread 1 ] DEBUG FXGLAssetLoaderServi - Loading from file system: jar:file:///Users/rextro/.m2/repository/com/github/almasb/fxgl/17.3/fxgl-17.3.jar!/fxglassets/languages/english.lang
12:22:48.690 [FXGL Background Thread 1 ] INFO  FXGLApplication      - FXGL initialization took: 0.395 sec
12:22:48.691 [JavaFX Application Thread] DEBUG FXGLAssetLoaderServi - Loading from file system: jar:file:///Users/rextro/.m2/repository/com/github/almasb/fxgl/17.3/fxgl-17.3.jar!/fxglassets/textures/fxgl_icon.png
12:22:48.694 [FXGL Background Thread 4 ] DEBUG FXGLAssetLoaderServi - Loading from file system: jar:file:///Users/rextro/.m2/repository/com/github/almasb/fxgl/17.3/fxgl-17.3.jar!/fxglassets/ui/fonts/Abel-Regular.ttf
12:22:48.697 [FXGL Background Thread 4 ] DEBUG FXGLAssetLoaderServi - Loading from file system: jar:file:///Users/rextro/.m2/repository/com/github/almasb/fxgl/17.3/fxgl-17.3.jar!/fxglassets/ui/fonts/TerminalLandMono-Regular.otf
12:22:48.700 [FXGL Background Thread 4 ] DEBUG FXGLAssetLoaderServi - Loading from file system: jar:file:///Users/rextro/.m2/repository/com/github/almasb/fxgl/17.3/fxgl-17.3.jar!/fxglassets/ui/fonts/Courier-Prime.ttf
12:22:48.717 [JavaFX Application Thread] DEBUG FXGLAssetLoaderServi - Loading from file system: jar:file:///Users/rextro/.m2/repository/com/github/almasb/fxgl/17.3/fxgl-17.3.jar!/fxglassets/textures/fxgl_default_cursor.png
12:22:48.731 [JavaFX Application Thread] DEBUG Input                - Registered new binding: Screenshot - CTRL+8
12:22:48.731 [JavaFX Application Thread] DEBUG Input                - Registered new binding: System info dump - CTRL+9
12:22:48.731 [JavaFX Application Thread] DEBUG Input                - Registered new binding: Restart - CTRL+R
12:22:48.732 [JavaFX Application Thread] DEBUG Input                - Registered new binding: Toggle Debug Camera - CTRL+7
12:22:48.733 [JavaFX Application Thread] DEBUG LoopRunner           - Starting loop
12:22:48.734 [JavaFX Application Thread] DEBUG LoopRunner           - Initializing JavaFX AnimationTimerLoop
12:22:48.734 [JavaFX Application Thread] DEBUG GameApplicationServi - Starting new game
12:22:48.734 [JavaFX Application Thread] DEBUG Input                - Clearing active input actions
12:22:48.741 [JavaFX Application Thread] DEBUG GameApplicationServi - Removing overlay from FXGLStartupScene and adding to FXGLLoadingScene
12:22:48.741 [JavaFX Application Thread] DEBUG PrimaryStageWindow   - FXGLStartupScene -> FXGLLoadingScene
12:22:48.741 [JavaFX Application Thread] DEBUG GameApplicationServi - Clearing previous game
12:22:48.741 [JavaFX Application Thread] DEBUG GameScene            - Clearing game scene
12:22:48.741 [JavaFX Application Thread] DEBUG GameWorld            - Clearing game world
12:22:48.741 [JavaFX Application Thread] DEBUG PhysicsWorld         - Clearing physics world
12:22:48.742 [FXGL Background Thread 4 ] DEBUG FXGLApplication      - Initializing game
12:22:48.746 [JavaFX Application Thread] DEBUG FXGLApplication      - Registering font factories with UI factory
12:22:48.747 [FXGL Background Thread 4 ] DEBUG FXGLAssetLoaderServi - Loading from file system: file:/Users/rextro/Documents/7mo/Concurrente/C3/Simulador-restaurante/target/classes/assets/music/soundtrack.mp3
12:22:49.916 [FXGL Background Thread 2 ] INFO  UpdaterService       - Your current version:  17.3
12:22:49.916 [FXGL Background Thread 2 ] INFO  UpdaterService       - Latest stable version: 21.1
12:22:50.462 [FXGL Background Thread 4 ] DEBUG AudioPlayer          - Playing music com.almasb.fxgl.audio.Music@5d4eb952
12:22:50.462 [FXGL Background Thread 4 ] DEBUG FXGLAssetLoaderServi - Loading from file system: file:/Users/rextro/Documents/7mo/Concurrente/C3/Simulador-restaurante/target/classes/assets/textures/wood_floor.jpg
12:22:50.744 [FXGL Background Thread 4 ] DEBUG FXGLAssetLoaderServi - Loading from file system: file:/Users/rextro/Documents/7mo/Concurrente/C3/Simulador-restaurante/target/classes/assets/textures/receptionist.png
12:22:50.746 [FXGL Background Thread 4 ] DEBUG FXGLAssetLoaderServi - Loading from file system: file:/Users/rextro/Documents/7mo/Concurrente/C3/Simulador-restaurante/target/classes/assets/textures/table.png
12:22:50.755 [FXGL Background Thread 4 ] DEBUG FXGLAssetLoaderServi - Loading from file system: file:/Users/rextro/Documents/7mo/Concurrente/C3/Simulador-restaurante/target/classes/assets/textures/chef.png
12:22:50.758 [FXGL Background Thread 4 ] DEBUG FXGLAssetLoaderServi - Loading from file system: file:/Users/rextro/Documents/7mo/Concurrente/C3/Simulador-restaurante/target/classes/assets/textures/food.png
12:22:50.765 [FXGL Background Thread 4 ] INFO  FXGLApplication      - Game initialization took: 2.023 sec
12:22:50.766 [JavaFX Application Thread] DEBUG Input                - Clearing active input actions
12:22:50.771 [JavaFX Application Thread] DEBUG GameApplicationServi - Removing overlay from FXGLLoadingScene and adding to GameScene
12:22:50.772 [JavaFX Application Thread] DEBUG PrimaryStageWindow   - FXGLLoadingScene -> GameScene
12:22:51.678 [FXGL Background Thread 3 ] DEBUG Engine               - Logging environment variables
12:22:51.679 [FXGL Background Thread 3 ] DEBUG Engine               - achievements: []
12:22:51.679 [FXGL Background Thread 3 ] DEBUG Engine               - actualHeight: 760.0
12:22:51.679 [FXGL Background Thread 3 ] DEBUG Engine               - actualHeightProperty: ReadOnlyDoubleProperty [value: 760.0]
12:22:51.679 [FXGL Background Thread 3 ] DEBUG Engine               - actualWidth: 1200.0
12:22:51.679 [FXGL Background Thread 3 ] DEBUG Engine               - actualWidthProperty: ReadOnlyDoubleProperty [value: 1200.0]
12:22:51.680 [FXGL Background Thread 3 ] DEBUG Engine               - appIcon: fxgl_icon.png
12:22:51.680 [FXGL Background Thread 3 ] DEBUG Engine               - applicationMode: DEVELOPER
12:22:51.680 [FXGL Background Thread 3 ] DEBUG Engine               - cSSList: [fxgl_dark.css]
12:22:51.680 [FXGL Background Thread 3 ] DEBUG Engine               - collisionDetectionStrategy: BRUTE_FORCE
12:22:51.680 [FXGL Background Thread 3 ] DEBUG Engine               - configClass: Optional.empty
12:22:51.680 [FXGL Background Thread 3 ] DEBUG Engine               - credits: []
12:22:51.681 [FXGL Background Thread 3 ] DEBUG Engine               - defaultCursor: CursorInfo(imageName=fxgl_default_cursor.png, hotspotX=7.0, hotspotY=6.0)
12:22:51.681 [FXGL Background Thread 3 ] DEBUG Engine               - devBBoxColorProperty: ObjectProperty [value: 0xff0000ff]
12:22:51.681 [FXGL Background Thread 3 ] DEBUG Engine               - devEnableDebugCameraProperty: BooleanProperty [value: false]
12:22:51.681 [FXGL Background Thread 3 ] DEBUG Engine               - devSensorColorProperty: ObjectProperty [value: 0xffff00ff]
12:22:51.681 [FXGL Background Thread 3 ] DEBUG Engine               - devShowBBoxProperty: BooleanProperty [value: false]
12:22:51.681 [FXGL Background Thread 3 ] DEBUG Engine               - devShowPositionProperty: BooleanProperty [value: false]
12:22:51.681 [FXGL Background Thread 3 ] DEBUG Engine               - enabledMenuItems: []
12:22:51.682 [FXGL Background Thread 3 ] DEBUG Engine               - engineServices: [class com.almasb.fxgl.app.services.FXGLAssetLoaderService, class com.almasb.fxgl.app.FXGLApplication$GameApplicationService, class com.almasb.fxgl.app.services.FXGLDialogService, class com.almasb.fxgl.app.services.IOTaskExecutorService, class com.almasb.fxgl.io.FileSystemService, class com.almasb.fxgl.localization.LocalizationService, class com.almasb.fxgl.app.services.SystemBundleService, class com.almasb.fxgl.profile.SaveLoadService, class com.almasb.fxgl.ui.FXGLUIFactoryServiceProvider, class com.almasb.fxgl.ui.FXGLDialogFactoryServiceProvider, class com.almasb.fxgl.audio.AudioPlayer, class com.almasb.fxgl.notification.impl.NotificationServiceProvider, class com.almasb.fxgl.achievement.AchievementService, class com.almasb.fxgl.cutscene.CutsceneService, class com.almasb.fxgl.minigames.MiniGameService, class com.almasb.fxgl.net.NetService, class com.almasb.fxgl.app.services.UpdaterService, class com.almasb.fxgl.dev.DevService]
12:22:51.682 [FXGL Background Thread 3 ] DEBUG Engine               - fontGame: Abel-Regular.ttf
12:22:51.682 [FXGL Background Thread 3 ] DEBUG Engine               - fontMono: TerminalLandMono-Regular.otf
12:22:51.682 [FXGL Background Thread 3 ] DEBUG Engine               - fontSizeScaleUI: 1.0
12:22:51.682 [FXGL Background Thread 3 ] DEBUG Engine               - fontText: Courier-Prime.ttf
12:22:51.682 [FXGL Background Thread 3 ] DEBUG Engine               - fontUI: VarelaRound-Regular.ttf
12:22:51.682 [FXGL Background Thread 3 ] DEBUG Engine               - fullScreen: BooleanProperty [value: false]
12:22:51.682 [FXGL Background Thread 3 ] DEBUG Engine               - gameDifficulty: MEDIUM
12:22:51.682 [FXGL Background Thread 3 ] DEBUG Engine               - gameDifficultyProperty: ObjectProperty [value: MEDIUM]
12:22:51.682 [FXGL Background Thread 3 ] DEBUG Engine               - globalMusicVolume: 0.5
12:22:51.683 [FXGL Background Thread 3 ] DEBUG Engine               - globalMusicVolumeProperty: DoubleProperty [value: 0.5]
12:22:51.683 [FXGL Background Thread 3 ] DEBUG Engine               - globalSoundVolume: 0.5
12:22:51.683 [FXGL Background Thread 3 ] DEBUG Engine               - globalSoundVolumeProperty: DoubleProperty [value: 0.5]
12:22:51.683 [FXGL Background Thread 3 ] DEBUG Engine               - height: 760
12:22:51.683 [FXGL Background Thread 3 ] DEBUG Engine               - is3D: false
12:22:51.683 [FXGL Background Thread 3 ] DEBUG Engine               - isAndroid: false
12:22:51.683 [FXGL Background Thread 3 ] DEBUG Engine               - isBrowser: false
12:22:51.683 [FXGL Background Thread 3 ] DEBUG Engine               - isClickFeedbackEnabled: false
12:22:51.683 [FXGL Background Thread 3 ] DEBUG Engine               - isCloseConfirmation: false
12:22:51.683 [FXGL Background Thread 3 ] DEBUG Engine               - isDesktop: true
12:22:51.683 [FXGL Background Thread 3 ] DEBUG Engine               - isDeveloperMenuEnabled: false
12:22:51.684 [FXGL Background Thread 3 ] DEBUG Engine               - isEmbedded: false
12:22:51.684 [FXGL Background Thread 3 ] DEBUG Engine               - isEntityPreloadEnabled: true
12:22:51.684 [FXGL Background Thread 3 ] DEBUG Engine               - isExperimentalTiledLargeMap: false
12:22:51.684 [FXGL Background Thread 3 ] DEBUG Engine               - isFileSystemWriteAllowed: true
12:22:51.684 [FXGL Background Thread 3 ] DEBUG Engine               - isFullScreenAllowed: false
12:22:51.684 [FXGL Background Thread 3 ] DEBUG Engine               - isFullScreenFromStart: false
12:22:51.684 [FXGL Background Thread 3 ] DEBUG Engine               - isGameMenuEnabled: true
12:22:51.684 [FXGL Background Thread 3 ] DEBUG Engine               - isIOS: false
12:22:51.684 [FXGL Background Thread 3 ] DEBUG Engine               - isIntroEnabled: false
12:22:51.684 [FXGL Background Thread 3 ] DEBUG Engine               - isLinux: false
12:22:51.685 [FXGL Background Thread 3 ] DEBUG Engine               - isMac: true
12:22:51.685 [FXGL Background Thread 3 ] DEBUG Engine               - isMainMenuEnabled: false
12:22:51.685 [FXGL Background Thread 3 ] DEBUG Engine               - isManualResizeEnabled: false
12:22:51.685 [FXGL Background Thread 3 ] DEBUG Engine               - isMobile: false
12:22:51.685 [FXGL Background Thread 3 ] DEBUG Engine               - isNative: false
12:22:51.685 [FXGL Background Thread 3 ] DEBUG Engine               - isPauseMusicWhenMinimized: true
12:22:51.685 [FXGL Background Thread 3 ] DEBUG Engine               - isPreserveResizeRatio: false
12:22:51.685 [FXGL Background Thread 3 ] DEBUG Engine               - isProfilingEnabled: false
12:22:51.685 [FXGL Background Thread 3 ] DEBUG Engine               - isScaleAffectedOnResize: true
12:22:51.685 [FXGL Background Thread 3 ] DEBUG Engine               - isSingleStep: false
12:22:51.686 [FXGL Background Thread 3 ] DEBUG Engine               - isUserProfileEnabled: false
12:22:51.686 [FXGL Background Thread 3 ] DEBUG Engine               - isWindows: false
12:22:51.686 [FXGL Background Thread 3 ] DEBUG Engine               - language: ObjectProperty [value: ENGLISH]
12:22:51.686 [FXGL Background Thread 3 ] DEBUG Engine               - menuKey: ESCAPE
12:22:51.686 [FXGL Background Thread 3 ] DEBUG Engine               - mouseSensitivity: 0.2
12:22:51.686 [FXGL Background Thread 3 ] DEBUG Engine               - notificationViewClass: class com.almasb.fxgl.notification.view.XboxNotificationView
12:22:51.686 [FXGL Background Thread 3 ] DEBUG Engine               - pixelsPerMeter: 50.0
12:22:51.686 [FXGL Background Thread 3 ] DEBUG Engine               - platform: MAC
12:22:51.686 [FXGL Background Thread 3 ] DEBUG Engine               - prefHeightProperty: ReadOnlyDoubleProperty [value: 760.0]
12:22:51.686 [FXGL Background Thread 3 ] DEBUG Engine               - prefWidthProperty: ReadOnlyDoubleProperty [value: 1200.0]
12:22:51.686 [FXGL Background Thread 3 ] DEBUG Engine               - profileDir: profiles/
12:22:51.686 [FXGL Background Thread 3 ] DEBUG Engine               - profileName: StringProperty [value: DEFAULT]
12:22:51.686 [FXGL Background Thread 3 ] DEBUG Engine               - randomSeed: -1
12:22:51.687 [FXGL Background Thread 3 ] DEBUG Engine               - runtimeInfo: RuntimeInfo(platform=MAC, version=17.3, build=30.03.2023 11.49)
12:22:51.687 [FXGL Background Thread 3 ] DEBUG Engine               - saveFileExt: sav
12:22:51.687 [FXGL Background Thread 3 ] DEBUG Engine               - scaledHeightProp$fxgl: DoubleProperty [bound, value: 760.0]
12:22:51.687 [FXGL Background Thread 3 ] DEBUG Engine               - scaledWidthProp$fxgl: DoubleProperty [bound, value: 1200.0]
12:22:51.687 [FXGL Background Thread 3 ] DEBUG Engine               - sceneFactory: com.almasb.fxgl.app.scene.SceneFactory@4a74bd68
12:22:51.687 [FXGL Background Thread 3 ] DEBUG Engine               - secondsIn24h: 60
12:22:51.687 [FXGL Background Thread 3 ] DEBUG Engine               - soundMenuBack: menu/back.wav
12:22:51.687 [FXGL Background Thread 3 ] DEBUG Engine               - soundMenuPress: menu/press.wav
12:22:51.687 [FXGL Background Thread 3 ] DEBUG Engine               - soundMenuSelect: menu/select.wav
12:22:51.687 [FXGL Background Thread 3 ] DEBUG Engine               - soundNotification: core/notification.wav
12:22:51.688 [FXGL Background Thread 3 ] DEBUG Engine               - stageStyle: DECORATED
12:22:51.688 [FXGL Background Thread 3 ] DEBUG Engine               - supportedLanguages: [ENGLISH, FRENCH, GERMAN, HUNGARIAN, RUSSIAN]
12:22:51.688 [FXGL Background Thread 3 ] DEBUG Engine               - ticksPerSecond: -1
12:22:51.688 [FXGL Background Thread 3 ] DEBUG Engine               - title: Simulador Restaurante :D
12:22:51.688 [FXGL Background Thread 3 ] DEBUG Engine               - urlGithub: https://github.com/AlmasB/FXGL
12:22:51.688 [FXGL Background Thread 3 ] DEBUG Engine               - urlLeaderboard: http://fxgl-top.herokuapp.com/
12:22:51.688 [FXGL Background Thread 3 ] DEBUG Engine               - urlPOM: https://raw.githubusercontent.com/AlmasB/FXGL/release/README.md
12:22:51.688 [FXGL Background Thread 3 ] DEBUG Engine               - userAppClass: class org.example.simulador_restaurante.HelloApplication
12:22:51.688 [FXGL Background Thread 3 ] DEBUG Engine               - version: 1.0
12:22:51.688 [FXGL Background Thread 3 ] DEBUG Engine               - versionCheckDays: 7
12:22:51.688 [FXGL Background Thread 3 ] DEBUG Engine               - width: 1200
12:22:51.688 [FXGL Background Thread 3 ] DEBUG Engine               - Logging services
12:22:51.689 [FXGL Background Thread 3 ] DEBUG Engine               - class com.almasb.fxgl.app.services.FXGLAssetLoaderService
12:22:51.689 [FXGL Background Thread 3 ] DEBUG Engine               - class com.almasb.fxgl.app.FXGLApplication$GameApplicationService
12:22:51.689 [FXGL Background Thread 3 ] DEBUG Engine               - class com.almasb.fxgl.app.services.FXGLDialogService
12:22:51.689 [FXGL Background Thread 3 ] DEBUG Engine               - class com.almasb.fxgl.app.services.IOTaskExecutorService
12:22:51.689 [FXGL Background Thread 3 ] DEBUG Engine               - class com.almasb.fxgl.io.FileSystemService
12:22:51.689 [FXGL Background Thread 3 ] DEBUG Engine               - class com.almasb.fxgl.localization.LocalizationService
12:22:51.689 [FXGL Background Thread 3 ] DEBUG Engine               - class com.almasb.fxgl.app.services.SystemBundleService
12:22:51.689 [FXGL Background Thread 3 ] DEBUG Engine               - class com.almasb.fxgl.profile.SaveLoadService
12:22:51.689 [FXGL Background Thread 3 ] DEBUG Engine               - class com.almasb.fxgl.ui.FXGLUIFactoryServiceProvider
12:22:51.689 [FXGL Background Thread 3 ] DEBUG Engine               - class com.almasb.fxgl.ui.FXGLDialogFactoryServiceProvider
12:22:51.689 [FXGL Background Thread 3 ] DEBUG Engine               - class com.almasb.fxgl.audio.AudioPlayer
12:22:51.689 [FXGL Background Thread 3 ] DEBUG Engine               - class com.almasb.fxgl.notification.impl.NotificationServiceProvider
12:22:51.689 [FXGL Background Thread 3 ] DEBUG Engine               - class com.almasb.fxgl.achievement.AchievementService
12:22:51.689 [FXGL Background Thread 3 ] DEBUG Engine               - class com.almasb.fxgl.cutscene.CutsceneService
12:22:51.689 [FXGL Background Thread 3 ] DEBUG Engine               - class com.almasb.fxgl.minigames.MiniGameService
12:22:51.689 [FXGL Background Thread 3 ] DEBUG Engine               - class com.almasb.fxgl.net.NetService
12:22:51.690 [FXGL Background Thread 3 ] DEBUG Engine               - class com.almasb.fxgl.app.services.UpdaterService
12:22:51.690 [FXGL Background Thread 3 ] DEBUG Engine               - class com.almasb.fxgl.dev.DevService
12:22:56.004 [JavaFX Application Thread] DEBUG FXGLApplication      - Exiting FXGL
12:22:56.004 [JavaFX Application Thread] DEBUG LoopRunner           - Stopping loop
12:22:56.004 [JavaFX Application Thread] DEBUG SystemBundleService  - Saving FXGL system data
12:22:56.006 [JavaFX Application Thread] DEBUG FileSystemAccess     - Writing to: /Users/rextro/Documents/7mo/Concurrente/C3/Simulador-restaurante/system/fxgl.bundle
12:22:56.007 [JavaFX Application Thread] DEBUG Async                - Shutting down background threads
12:22:56.007 [JavaFX Application Thread] DEBUG PrimaryStageWindow   - Closing main window
12:22:56.016 [JavaFX Application Thread] DEBUG Logger               - Closing Logger
