18:21:12.034 [main                     ] DEBUG Logger               - Configured Logger
18:21:12.063 [main                     ] DEBUG GameApplication      - Logging settings
Title: Basic Game App
Version: 0.0
Width: 800
Height: 600
Fullscreen: false
Intro: false
Profiling: false
Single step:false
App Mode: DEVELOPER
Menu Key: ESCAPE
Stage Style: DECORATED
Scene Factory: class com.almasb.fxgl.app.scene.SceneFactory

18:21:12.322 [JavaFX Application Thread] DEBUG FXGLApplication      - Initializing FXGL
18:21:12.327 [JavaFX Application Thread] INFO  Engine               - FXGL-17.3 (30.03.2023 11.49) on WINDOWS (J:17.0.9 FX:17.0.6)
18:21:12.328 [JavaFX Application Thread] DEBUG Engine               - JRE Vendor Name: Oracle Corporation
18:21:12.328 [JavaFX Application Thread] DEBUG Engine               - Running on OS: Windows 11 version 10.0
18:21:12.328 [JavaFX Application Thread] DEBUG Engine               - Architecture: amd64
18:21:12.328 [JavaFX Application Thread] INFO  Engine               - Source code and latest versions at: https://github.com/AlmasB/FXGL
18:21:12.328 [JavaFX Application Thread] INFO  Engine               -       Ask questions and discuss at: https://github.com/AlmasB/FXGL/discussions
18:21:12.328 [JavaFX Application Thread] INFO  Engine               -              Join the FXGL chat at: https://gitter.im/AlmasB/FXGL
18:21:12.394 [JavaFX Application Thread] DEBUG PrimaryStageWindow   - Creating a JavaFX scene
18:21:12.422 [JavaFX Application Thread] DEBUG PrimaryStageWindow   - Target settings size: 800.0 x 600.0
18:21:12.422 [JavaFX Application Thread] DEBUG PrimaryStageWindow   - Scaled scene size:    800.0 x 600.0
18:21:12.422 [JavaFX Application Thread] DEBUG PrimaryStageWindow   - Scaled ratio: (1.0, 1.0)
18:21:12.423 [JavaFX Application Thread] DEBUG PrimaryStageWindow   - Set initial scene to FXGLStartupScene
18:21:12.426 [JavaFX Application Thread] DEBUG PrimaryStageWindow   - Opening main window
18:21:12.486 [JavaFX Application Thread] DEBUG PrimaryStageWindow   - Window border size: (14.4000244140625, 37.5999755859375)
18:21:12.487 [JavaFX Application Thread] DEBUG PrimaryStageWindow   - Scaled size: 800.0 x 600.0
18:21:12.487 [JavaFX Application Thread] DEBUG PrimaryStageWindow   - Scaled ratio: (1.0, 1.0)
18:21:12.487 [JavaFX Application Thread] DEBUG PrimaryStageWindow   - Scene size: 800.0 x 600.0
18:21:12.487 [JavaFX Application Thread] DEBUG PrimaryStageWindow   - Stage size: 814.4000244140625 x 637.5999755859375
18:21:12.493 [FXGL Background Thread 1 ] DEBUG Engine               - Initializing environment variables
18:21:12.516 [FXGL Background Thread 1 ] DEBUG FXGLAssetLoaderServi - User app class for loading assets: class org.example.simulador_restaurante.HelloApplication
18:21:12.517 [FXGL Background Thread 1 ] DEBUG GameApplicationServi - Applying CSS: fxgl_dark.css
18:21:12.517 [FXGL Background Thread 1 ] DEBUG FXGLAssetLoaderServi - Loading from file system: jar:file:///C:/Users/emili/.m2/repository/com/github/almasb/fxgl/17.3/fxgl-17.3.jar!/fxglassets/ui/css/fxgl_dark.css
18:21:12.557 [FXGL Background Thread 1 ] DEBUG GameApplicationServi - Initializing application scenes
18:21:12.606 [FXGL Background Thread 1 ] DEBUG GameWorld            - Game world initialized
18:21:12.669 [FXGL Background Thread 1 ] DEBUG PhysicsWorld         - Physics world initialized: appHeight=600, physics.ppm=50.0
18:21:12.670 [FXGL Background Thread 1 ] DEBUG PhysicsWorld         - Using strategy: BRUTE_FORCE
18:21:12.675 [FXGL Background Thread 1 ] DEBUG GameScene            - Game scene initialized: 800x600
18:21:12.690 [FXGL Background Thread 1 ] DEBUG FXGL.DefaultMenu     - createMenuBodyGameMenu()
18:21:12.713 [FXGL Background Thread 1 ] DEBUG FXGL.DefaultMenu     - createOptionsMenu()
18:21:12.724 [FXGL Background Thread 1 ] DEBUG FXGLAssetLoaderServi - Loading from file system: jar:file:///C:/Users/emili/.m2/repository/com/github/almasb/fxgl/17.3/fxgl-17.3.jar!/fxglassets/textures/particles/smoke.png
18:21:12.834 [FXGL Background Thread 1 ] DEBUG FXGLAssetLoaderServi - Loading from file system: jar:file:///C:/Users/emili/.m2/repository/com/github/almasb/fxgl/17.3/fxgl-17.3.jar!/fxglassets/textures/particles/trace_horizontal.png
18:21:12.872 [FXGL Background Thread 1 ] DEBUG GameApplicationServi - Application scenes initialized
18:21:12.888 [FXGL Background Thread 1 ] DEBUG SystemBundleService  - Loading FXGL system data
18:21:12.892 [FXGL Background Thread 1 ] DEBUG FileSystemAccess     - Reading from: C:\Users\emili\OneDrive\Escritorio\UP\Septimo cuatrimestre\programacion concurrente\corte 3\Simulador-restaurante\system\fxgl.bundle
18:21:12.899 [FXGL Background Thread 1 ] DEBUG SystemBundleService  - Bundle FXGL: {}
18:21:12.899 [FXGL Background Thread 1 ] DEBUG UpdaterService       - Checking for updates
18:21:12.902 [FXGL Background Thread 4 ] DEBUG FXGLApplication      - Loading fonts
18:21:12.903 [FXGL Background Thread 1 ] DEBUG FXGLApplication      - Loading default localization
18:21:12.903 [FXGL Background Thread 4 ] DEBUG FXGLAssetLoaderServi - Loading from file system: jar:file:///C:/Users/emili/.m2/repository/com/github/almasb/fxgl/17.3/fxgl-17.3.jar!/fxglassets/ui/fonts/VarelaRound-Regular.ttf
18:21:12.903 [FXGL Background Thread 1 ] DEBUG FXGLAssetLoaderServi - Loading from file system: jar:file:///C:/Users/emili/.m2/repository/com/github/almasb/fxgl/17.3/fxgl-17.3.jar!/fxglassets/languages/english.lang
18:21:12.930 [FXGL Background Thread 1 ] INFO  FXGLApplication      - FXGL initialization took: 0.437 sec
18:21:12.931 [JavaFX Application Thread] DEBUG FXGLAssetLoaderServi - Loading from file system: jar:file:///C:/Users/emili/.m2/repository/com/github/almasb/fxgl/17.3/fxgl-17.3.jar!/fxglassets/textures/fxgl_icon.png
18:21:12.952 [JavaFX Application Thread] DEBUG FXGLAssetLoaderServi - Loading from file system: jar:file:///C:/Users/emili/.m2/repository/com/github/almasb/fxgl/17.3/fxgl-17.3.jar!/fxglassets/textures/fxgl_default_cursor.png
18:21:12.976 [FXGL Background Thread 4 ] DEBUG FXGLAssetLoaderServi - Loading from file system: jar:file:///C:/Users/emili/.m2/repository/com/github/almasb/fxgl/17.3/fxgl-17.3.jar!/fxglassets/ui/fonts/Abel-Regular.ttf
18:21:12.979 [JavaFX Application Thread] DEBUG Input                - Registered new binding: Screenshot - CTRL+8
18:21:12.980 [FXGL Background Thread 4 ] DEBUG FXGLAssetLoaderServi - Loading from file system: jar:file:///C:/Users/emili/.m2/repository/com/github/almasb/fxgl/17.3/fxgl-17.3.jar!/fxglassets/ui/fonts/TerminalLandMono-Regular.otf
18:21:12.980 [JavaFX Application Thread] DEBUG Input                - Registered new binding: System info dump - CTRL+9
18:21:12.981 [JavaFX Application Thread] DEBUG Input                - Registered new binding: Restart - CTRL+R
18:21:12.983 [FXGL Background Thread 4 ] DEBUG FXGLAssetLoaderServi - Loading from file system: jar:file:///C:/Users/emili/.m2/repository/com/github/almasb/fxgl/17.3/fxgl-17.3.jar!/fxglassets/ui/fonts/Courier-Prime.ttf
18:21:12.983 [JavaFX Application Thread] DEBUG Input                - Registered new binding: Toggle Debug Camera - CTRL+7
18:21:12.993 [JavaFX Application Thread] DEBUG LoopRunner           - Starting loop
18:21:12.993 [JavaFX Application Thread] DEBUG LoopRunner           - Initializing JavaFX AnimationTimerLoop
18:21:12.996 [JavaFX Application Thread] DEBUG GameApplicationServi - Starting new game
18:21:12.997 [JavaFX Application Thread] DEBUG Input                - Clearing active input actions
18:21:13.011 [JavaFX Application Thread] DEBUG GameApplicationServi - Removing overlay from FXGLStartupScene and adding to FXGLLoadingScene
18:21:13.012 [JavaFX Application Thread] DEBUG PrimaryStageWindow   - FXGLStartupScene -> FXGLLoadingScene
18:21:13.012 [JavaFX Application Thread] DEBUG GameApplicationServi - Clearing previous game
18:21:13.012 [JavaFX Application Thread] DEBUG GameScene            - Clearing game scene
18:21:13.012 [JavaFX Application Thread] DEBUG GameWorld            - Clearing game world
18:21:13.012 [JavaFX Application Thread] DEBUG PhysicsWorld         - Clearing physics world
18:21:13.016 [JavaFX Application Thread] DEBUG FXGLApplication      - Registering font factories with UI factory
18:21:13.016 [FXGL Background Thread 4 ] DEBUG FXGLApplication      - Initializing game
18:21:13.020 [FXGL Background Thread 4 ] WARN  FXGLAssetLoaderServi - Asset "/assets/textures/textures/wood_floor.png" was not found!
18:21:13.020 [FXGL Background Thread 4 ] WARN  FXGLAssetLoaderServi - Failed to load IMAGE
18:21:13.144 [FXGL Background Thread 4 ] INFO  FXGLApplication      - Game initialization took: 0.129 sec
18:21:13.146 [JavaFX Application Thread] DEBUG Input                - Clearing active input actions
18:21:13.152 [JavaFX Application Thread] DEBUG GameApplicationServi - Removing overlay from FXGLLoadingScene and adding to GameScene
18:21:13.152 [JavaFX Application Thread] DEBUG PrimaryStageWindow   - FXGLLoadingScene -> GameScene
18:21:13.377 [FXGL Background Thread 2 ] INFO  UpdaterService       - Your current version:  17.3
18:21:13.377 [FXGL Background Thread 2 ] INFO  UpdaterService       - Latest stable version: 21.1
18:21:15.903 [FXGL Background Thread 3 ] DEBUG Engine               - Logging environment variables
18:21:15.903 [FXGL Background Thread 3 ] DEBUG Engine               - achievements: []
18:21:15.903 [FXGL Background Thread 3 ] DEBUG Engine               - actualHeight: 600.0
18:21:15.903 [FXGL Background Thread 3 ] DEBUG Engine               - actualHeightProperty: ReadOnlyDoubleProperty [value: 600.0]
18:21:15.903 [FXGL Background Thread 3 ] DEBUG Engine               - actualWidth: 800.0
18:21:15.904 [FXGL Background Thread 3 ] DEBUG Engine               - actualWidthProperty: ReadOnlyDoubleProperty [value: 800.0]
18:21:15.904 [FXGL Background Thread 3 ] DEBUG Engine               - appIcon: fxgl_icon.png
18:21:15.904 [FXGL Background Thread 3 ] DEBUG Engine               - applicationMode: DEVELOPER
18:21:15.904 [FXGL Background Thread 3 ] DEBUG Engine               - cSSList: [fxgl_dark.css]
18:21:15.904 [FXGL Background Thread 3 ] DEBUG Engine               - collisionDetectionStrategy: BRUTE_FORCE
18:21:15.904 [FXGL Background Thread 3 ] DEBUG Engine               - configClass: Optional.empty
18:21:15.904 [FXGL Background Thread 3 ] DEBUG Engine               - credits: []
18:21:15.906 [FXGL Background Thread 3 ] DEBUG Engine               - defaultCursor: CursorInfo(imageName=fxgl_default_cursor.png, hotspotX=7.0, hotspotY=6.0)
18:21:15.907 [FXGL Background Thread 3 ] DEBUG Engine               - devBBoxColorProperty: ObjectProperty [value: 0xff0000ff]
18:21:15.907 [FXGL Background Thread 3 ] DEBUG Engine               - devEnableDebugCameraProperty: BooleanProperty [value: false]
18:21:15.907 [FXGL Background Thread 3 ] DEBUG Engine               - devSensorColorProperty: ObjectProperty [value: 0xffff00ff]
18:21:15.907 [FXGL Background Thread 3 ] DEBUG Engine               - devShowBBoxProperty: BooleanProperty [value: false]
18:21:15.907 [FXGL Background Thread 3 ] DEBUG Engine               - devShowPositionProperty: BooleanProperty [value: false]
18:21:15.907 [FXGL Background Thread 3 ] DEBUG Engine               - enabledMenuItems: []
18:21:15.907 [FXGL Background Thread 3 ] DEBUG Engine               - engineServices: [class com.almasb.fxgl.app.services.FXGLAssetLoaderService, class com.almasb.fxgl.app.FXGLApplication$GameApplicationService, class com.almasb.fxgl.app.services.FXGLDialogService, class com.almasb.fxgl.app.services.IOTaskExecutorService, class com.almasb.fxgl.io.FileSystemService, class com.almasb.fxgl.localization.LocalizationService, class com.almasb.fxgl.app.services.SystemBundleService, class com.almasb.fxgl.profile.SaveLoadService, class com.almasb.fxgl.ui.FXGLUIFactoryServiceProvider, class com.almasb.fxgl.ui.FXGLDialogFactoryServiceProvider, class com.almasb.fxgl.audio.AudioPlayer, class com.almasb.fxgl.notification.impl.NotificationServiceProvider, class com.almasb.fxgl.achievement.AchievementService, class com.almasb.fxgl.cutscene.CutsceneService, class com.almasb.fxgl.minigames.MiniGameService, class com.almasb.fxgl.net.NetService, class com.almasb.fxgl.app.services.UpdaterService, class com.almasb.fxgl.dev.DevService]
18:21:15.907 [FXGL Background Thread 3 ] DEBUG Engine               - fontGame: Abel-Regular.ttf
18:21:15.907 [FXGL Background Thread 3 ] DEBUG Engine               - fontMono: TerminalLandMono-Regular.otf
18:21:15.907 [FXGL Background Thread 3 ] DEBUG Engine               - fontSizeScaleUI: 1.0
18:21:15.907 [FXGL Background Thread 3 ] DEBUG Engine               - fontText: Courier-Prime.ttf
18:21:15.907 [FXGL Background Thread 3 ] DEBUG Engine               - fontUI: VarelaRound-Regular.ttf
18:21:15.907 [FXGL Background Thread 3 ] DEBUG Engine               - fullScreen: BooleanProperty [value: false]
18:21:15.907 [FXGL Background Thread 3 ] DEBUG Engine               - gameDifficulty: MEDIUM
18:21:15.907 [FXGL Background Thread 3 ] DEBUG Engine               - gameDifficultyProperty: ObjectProperty [value: MEDIUM]
18:21:15.907 [FXGL Background Thread 3 ] DEBUG Engine               - globalMusicVolume: 0.5
18:21:15.908 [FXGL Background Thread 3 ] DEBUG Engine               - globalMusicVolumeProperty: DoubleProperty [value: 0.5]
18:21:15.908 [FXGL Background Thread 3 ] DEBUG Engine               - globalSoundVolume: 0.5
18:21:15.908 [FXGL Background Thread 3 ] DEBUG Engine               - globalSoundVolumeProperty: DoubleProperty [value: 0.5]
18:21:15.908 [FXGL Background Thread 3 ] DEBUG Engine               - height: 600
18:21:15.908 [FXGL Background Thread 3 ] DEBUG Engine               - is3D: false
18:21:15.908 [FXGL Background Thread 3 ] DEBUG Engine               - isAndroid: false
18:21:15.908 [FXGL Background Thread 3 ] DEBUG Engine               - isBrowser: false
18:21:15.908 [FXGL Background Thread 3 ] DEBUG Engine               - isClickFeedbackEnabled: false
18:21:15.908 [FXGL Background Thread 3 ] DEBUG Engine               - isCloseConfirmation: false
18:21:15.908 [FXGL Background Thread 3 ] DEBUG Engine               - isDesktop: true
18:21:15.908 [FXGL Background Thread 3 ] DEBUG Engine               - isDeveloperMenuEnabled: false
18:21:15.908 [FXGL Background Thread 3 ] DEBUG Engine               - isEmbedded: false
18:21:15.908 [FXGL Background Thread 3 ] DEBUG Engine               - isEntityPreloadEnabled: true
18:21:15.908 [FXGL Background Thread 3 ] DEBUG Engine               - isExperimentalTiledLargeMap: false
18:21:15.908 [FXGL Background Thread 3 ] DEBUG Engine               - isFileSystemWriteAllowed: true
18:21:15.908 [FXGL Background Thread 3 ] DEBUG Engine               - isFullScreenAllowed: false
18:21:15.908 [FXGL Background Thread 3 ] DEBUG Engine               - isFullScreenFromStart: false
18:21:15.908 [FXGL Background Thread 3 ] DEBUG Engine               - isGameMenuEnabled: true
18:21:15.908 [FXGL Background Thread 3 ] DEBUG Engine               - isIOS: false
18:21:15.908 [FXGL Background Thread 3 ] DEBUG Engine               - isIntroEnabled: false
18:21:15.908 [FXGL Background Thread 3 ] DEBUG Engine               - isLinux: false
18:21:15.908 [FXGL Background Thread 3 ] DEBUG Engine               - isMac: false
18:21:15.908 [FXGL Background Thread 3 ] DEBUG Engine               - isMainMenuEnabled: false
18:21:15.909 [FXGL Background Thread 3 ] DEBUG Engine               - isManualResizeEnabled: false
18:21:15.909 [FXGL Background Thread 3 ] DEBUG Engine               - isMobile: false
18:21:15.909 [FXGL Background Thread 3 ] DEBUG Engine               - isNative: false
18:21:15.909 [FXGL Background Thread 3 ] DEBUG Engine               - isPauseMusicWhenMinimized: true
18:21:15.909 [FXGL Background Thread 3 ] DEBUG Engine               - isPreserveResizeRatio: false
18:21:15.909 [FXGL Background Thread 3 ] DEBUG Engine               - isProfilingEnabled: false
18:21:15.909 [FXGL Background Thread 3 ] DEBUG Engine               - isScaleAffectedOnResize: true
18:21:15.909 [FXGL Background Thread 3 ] DEBUG Engine               - isSingleStep: false
18:21:15.909 [FXGL Background Thread 3 ] DEBUG Engine               - isUserProfileEnabled: false
18:21:15.909 [FXGL Background Thread 3 ] DEBUG Engine               - isWindows: true
18:21:15.909 [FXGL Background Thread 3 ] DEBUG Engine               - language: ObjectProperty [value: ENGLISH]
18:21:15.909 [FXGL Background Thread 3 ] DEBUG Engine               - menuKey: ESCAPE
18:21:15.909 [FXGL Background Thread 3 ] DEBUG Engine               - mouseSensitivity: 0.2
18:21:15.909 [FXGL Background Thread 3 ] DEBUG Engine               - notificationViewClass: class com.almasb.fxgl.notification.view.XboxNotificationView
18:21:15.909 [FXGL Background Thread 3 ] DEBUG Engine               - pixelsPerMeter: 50.0
18:21:15.909 [FXGL Background Thread 3 ] DEBUG Engine               - platform: WINDOWS
18:21:15.909 [FXGL Background Thread 3 ] DEBUG Engine               - prefHeightProperty: ReadOnlyDoubleProperty [value: 600.0]
18:21:15.909 [FXGL Background Thread 3 ] DEBUG Engine               - prefWidthProperty: ReadOnlyDoubleProperty [value: 800.0]
18:21:15.909 [FXGL Background Thread 3 ] DEBUG Engine               - profileDir: profiles/
18:21:15.909 [FXGL Background Thread 3 ] DEBUG Engine               - profileName: StringProperty [value: DEFAULT]
18:21:15.909 [FXGL Background Thread 3 ] DEBUG Engine               - randomSeed: -1
18:21:15.910 [FXGL Background Thread 3 ] DEBUG Engine               - runtimeInfo: RuntimeInfo(platform=WINDOWS, version=17.3, build=30.03.2023 11.49)
18:21:15.910 [FXGL Background Thread 3 ] DEBUG Engine               - saveFileExt: sav
18:21:15.910 [FXGL Background Thread 3 ] DEBUG Engine               - scaledHeightProp$fxgl: DoubleProperty [bound, value: 600.0]
18:21:15.910 [FXGL Background Thread 3 ] DEBUG Engine               - scaledWidthProp$fxgl: DoubleProperty [bound, value: 800.0]
18:21:15.910 [FXGL Background Thread 3 ] DEBUG Engine               - sceneFactory: com.almasb.fxgl.app.scene.SceneFactory@18724a14
18:21:15.910 [FXGL Background Thread 3 ] DEBUG Engine               - secondsIn24h: 60
18:21:15.910 [FXGL Background Thread 3 ] DEBUG Engine               - soundMenuBack: menu/back.wav
18:21:15.910 [FXGL Background Thread 3 ] DEBUG Engine               - soundMenuPress: menu/press.wav
18:21:15.910 [FXGL Background Thread 3 ] DEBUG Engine               - soundMenuSelect: menu/select.wav
18:21:15.910 [FXGL Background Thread 3 ] DEBUG Engine               - soundNotification: core/notification.wav
18:21:15.910 [FXGL Background Thread 3 ] DEBUG Engine               - stageStyle: DECORATED
18:21:15.910 [FXGL Background Thread 3 ] DEBUG Engine               - supportedLanguages: [ENGLISH, FRENCH, GERMAN, HUNGARIAN, RUSSIAN]
18:21:15.910 [FXGL Background Thread 3 ] DEBUG Engine               - ticksPerSecond: -1
18:21:15.910 [FXGL Background Thread 3 ] DEBUG Engine               - title: Basic Game App
18:21:15.910 [FXGL Background Thread 3 ] DEBUG Engine               - urlGithub: https://github.com/AlmasB/FXGL
18:21:15.910 [FXGL Background Thread 3 ] DEBUG Engine               - urlLeaderboard: http://fxgl-top.herokuapp.com/
18:21:15.910 [FXGL Background Thread 3 ] DEBUG Engine               - urlPOM: https://raw.githubusercontent.com/AlmasB/FXGL/release/README.md
18:21:15.910 [FXGL Background Thread 3 ] DEBUG Engine               - userAppClass: class org.example.simulador_restaurante.HelloApplication
18:21:15.910 [FXGL Background Thread 3 ] DEBUG Engine               - version: 0.0
18:21:15.910 [FXGL Background Thread 3 ] DEBUG Engine               - versionCheckDays: 7
18:21:15.910 [FXGL Background Thread 3 ] DEBUG Engine               - width: 800
18:21:15.910 [FXGL Background Thread 3 ] DEBUG Engine               - Logging services
18:21:15.910 [FXGL Background Thread 3 ] DEBUG Engine               - class com.almasb.fxgl.app.services.FXGLAssetLoaderService
18:21:15.910 [FXGL Background Thread 3 ] DEBUG Engine               - class com.almasb.fxgl.app.FXGLApplication$GameApplicationService
18:21:15.910 [FXGL Background Thread 3 ] DEBUG Engine               - class com.almasb.fxgl.app.services.FXGLDialogService
18:21:15.910 [FXGL Background Thread 3 ] DEBUG Engine               - class com.almasb.fxgl.app.services.IOTaskExecutorService
18:21:15.910 [FXGL Background Thread 3 ] DEBUG Engine               - class com.almasb.fxgl.io.FileSystemService
18:21:15.910 [FXGL Background Thread 3 ] DEBUG Engine               - class com.almasb.fxgl.localization.LocalizationService
18:21:15.911 [FXGL Background Thread 3 ] DEBUG Engine               - class com.almasb.fxgl.app.services.SystemBundleService
18:21:15.911 [FXGL Background Thread 3 ] DEBUG Engine               - class com.almasb.fxgl.profile.SaveLoadService
18:21:15.911 [FXGL Background Thread 3 ] DEBUG Engine               - class com.almasb.fxgl.ui.FXGLUIFactoryServiceProvider
18:21:15.911 [FXGL Background Thread 3 ] DEBUG Engine               - class com.almasb.fxgl.ui.FXGLDialogFactoryServiceProvider
18:21:15.911 [FXGL Background Thread 3 ] DEBUG Engine               - class com.almasb.fxgl.audio.AudioPlayer
18:21:15.911 [FXGL Background Thread 3 ] DEBUG Engine               - class com.almasb.fxgl.notification.impl.NotificationServiceProvider
18:21:15.911 [FXGL Background Thread 3 ] DEBUG Engine               - class com.almasb.fxgl.achievement.AchievementService
18:21:15.911 [FXGL Background Thread 3 ] DEBUG Engine               - class com.almasb.fxgl.cutscene.CutsceneService
18:21:15.911 [FXGL Background Thread 3 ] DEBUG Engine               - class com.almasb.fxgl.minigames.MiniGameService
18:21:15.911 [FXGL Background Thread 3 ] DEBUG Engine               - class com.almasb.fxgl.net.NetService
18:21:15.911 [FXGL Background Thread 3 ] DEBUG Engine               - class com.almasb.fxgl.app.services.UpdaterService
18:21:15.911 [FXGL Background Thread 3 ] DEBUG Engine               - class com.almasb.fxgl.dev.DevService
18:21:18.809 [JavaFX Application Thread] DEBUG FXGLApplication      - Exiting FXGL
18:21:18.809 [JavaFX Application Thread] DEBUG LoopRunner           - Stopping loop
18:21:18.809 [JavaFX Application Thread] DEBUG SystemBundleService  - Saving FXGL system data
18:21:18.811 [JavaFX Application Thread] DEBUG FileSystemAccess     - Writing to: C:\Users\emili\OneDrive\Escritorio\UP\Septimo cuatrimestre\programacion concurrente\corte 3\Simulador-restaurante\system\fxgl.bundle
18:21:18.812 [JavaFX Application Thread] DEBUG Async                - Shutting down background threads
18:21:18.812 [JavaFX Application Thread] DEBUG PrimaryStageWindow   - Closing main window
18:21:18.826 [JavaFX Application Thread] DEBUG Logger               - Closing Logger
