12:51:44.596 [main                     ] DEBUG Logger               - Configured Logger
12:51:44.632 [main                     ] DEBUG GameApplication      - Logging settings
Title: Simulador Restaurante :D
Version: 0.0
Width: 1200
Height: 750
Fullscreen: false
Intro: false
Profiling: false
Single step:false
App Mode: DEVELOPER
Menu Key: ESCAPE
Stage Style: DECORATED
Scene Factory: class com.almasb.fxgl.app.scene.SceneFactory

12:51:44.958 [JavaFX Application Thread] DEBUG FXGLApplication      - Initializing FXGL
12:51:44.964 [JavaFX Application Thread] INFO  Engine               - FXGL-17.3 (30.03.2023 11.49) on WINDOWS (J:17.0.9 FX:17.0.6)
12:51:44.964 [JavaFX Application Thread] DEBUG Engine               - JRE Vendor Name: Oracle Corporation
12:51:44.964 [JavaFX Application Thread] DEBUG Engine               - Running on OS: Windows 11 version 10.0
12:51:44.964 [JavaFX Application Thread] DEBUG Engine               - Architecture: amd64
12:51:44.964 [JavaFX Application Thread] INFO  Engine               - Source code and latest versions at: https://github.com/AlmasB/FXGL
12:51:44.965 [JavaFX Application Thread] INFO  Engine               -       Ask questions and discuss at: https://github.com/AlmasB/FXGL/discussions
12:51:44.965 [JavaFX Application Thread] INFO  Engine               -              Join the FXGL chat at: https://gitter.im/AlmasB/FXGL
12:51:45.039 [JavaFX Application Thread] DEBUG PrimaryStageWindow   - Creating a JavaFX scene
12:51:45.080 [JavaFX Application Thread] DEBUG PrimaryStageWindow   - Target settings size: 1200.0 x 750.0
12:51:45.082 [JavaFX Application Thread] DEBUG PrimaryStageWindow   - Scaled scene size:    1200.0 x 750.0
12:51:45.082 [JavaFX Application Thread] DEBUG PrimaryStageWindow   - Scaled ratio: (1.0, 1.0)
12:51:45.083 [JavaFX Application Thread] DEBUG PrimaryStageWindow   - Set initial scene to FXGLStartupScene
12:51:45.090 [JavaFX Application Thread] DEBUG PrimaryStageWindow   - Opening main window
12:51:45.190 [JavaFX Application Thread] DEBUG PrimaryStageWindow   - Window border size: (14.4000244140625, 38.0)
12:51:45.190 [JavaFX Application Thread] DEBUG PrimaryStageWindow   - Scaled size: 1200.0 x 750.0
12:51:45.190 [JavaFX Application Thread] DEBUG PrimaryStageWindow   - Scaled ratio: (1.0, 1.0)
12:51:45.191 [JavaFX Application Thread] DEBUG PrimaryStageWindow   - Scene size: 1200.0 x 750.0
12:51:45.191 [JavaFX Application Thread] DEBUG PrimaryStageWindow   - Stage size: 1214.4000244140625 x 788.0
12:51:45.200 [FXGL Background Thread 1 ] DEBUG Engine               - Initializing environment variables
12:51:45.232 [FXGL Background Thread 1 ] DEBUG FXGLAssetLoaderServi - User app class for loading assets: class org.example.simulador_restaurante.HelloApplication
12:51:45.232 [FXGL Background Thread 1 ] DEBUG GameApplicationServi - Applying CSS: fxgl_dark.css
12:51:45.233 [FXGL Background Thread 1 ] DEBUG FXGLAssetLoaderServi - Loading from file system: jar:file:///C:/Users/emili/.m2/repository/com/github/almasb/fxgl/17.3/fxgl-17.3.jar!/fxglassets/ui/css/fxgl_dark.css
12:51:45.285 [FXGL Background Thread 1 ] DEBUG GameApplicationServi - Initializing application scenes
12:51:45.360 [FXGL Background Thread 1 ] DEBUG GameWorld            - Game world initialized
12:51:45.466 [FXGL Background Thread 1 ] DEBUG PhysicsWorld         - Physics world initialized: appHeight=750, physics.ppm=50.0
12:51:45.467 [FXGL Background Thread 1 ] DEBUG PhysicsWorld         - Using strategy: BRUTE_FORCE
12:51:45.471 [FXGL Background Thread 1 ] DEBUG GameScene            - Game scene initialized: 1200x750
12:51:45.486 [FXGL Background Thread 1 ] DEBUG FXGL.DefaultMenu     - createMenuBodyGameMenu()
12:51:45.500 [FXGL Background Thread 1 ] DEBUG FXGL.DefaultMenu     - createOptionsMenu()
12:51:45.509 [FXGL Background Thread 1 ] DEBUG FXGLAssetLoaderServi - Loading from file system: jar:file:///C:/Users/emili/.m2/repository/com/github/almasb/fxgl/17.3/fxgl-17.3.jar!/fxglassets/textures/particles/smoke.png
12:51:45.618 [FXGL Background Thread 1 ] DEBUG FXGLAssetLoaderServi - Loading from file system: jar:file:///C:/Users/emili/.m2/repository/com/github/almasb/fxgl/17.3/fxgl-17.3.jar!/fxglassets/textures/particles/trace_horizontal.png
12:51:45.648 [FXGL Background Thread 1 ] DEBUG GameApplicationServi - Application scenes initialized
12:51:45.663 [FXGL Background Thread 1 ] DEBUG SystemBundleService  - Loading FXGL system data
12:51:45.666 [FXGL Background Thread 1 ] DEBUG FileSystemAccess     - Reading from: C:\Users\emili\OneDrive\Escritorio\UP\Septimo cuatrimestre\programacion concurrente\corte 3\Simulador-restaurante\system\fxgl.bundle
12:51:45.672 [FXGL Background Thread 1 ] DEBUG SystemBundleService  - Bundle FXGL: {}
12:51:45.673 [FXGL Background Thread 1 ] DEBUG UpdaterService       - Checking for updates
12:51:45.675 [FXGL Background Thread 4 ] DEBUG FXGLApplication      - Loading fonts
12:51:45.676 [FXGL Background Thread 1 ] DEBUG FXGLApplication      - Loading default localization
12:51:45.676 [FXGL Background Thread 4 ] DEBUG FXGLAssetLoaderServi - Loading from file system: jar:file:///C:/Users/emili/.m2/repository/com/github/almasb/fxgl/17.3/fxgl-17.3.jar!/fxglassets/ui/fonts/VarelaRound-Regular.ttf
12:51:45.676 [FXGL Background Thread 1 ] DEBUG FXGLAssetLoaderServi - Loading from file system: jar:file:///C:/Users/emili/.m2/repository/com/github/almasb/fxgl/17.3/fxgl-17.3.jar!/fxglassets/languages/english.lang
12:51:45.709 [FXGL Background Thread 1 ] INFO  FXGLApplication      - FXGL initialization took: 0.509 sec
12:51:45.711 [JavaFX Application Thread] DEBUG FXGLAssetLoaderServi - Loading from file system: jar:file:///C:/Users/emili/.m2/repository/com/github/almasb/fxgl/17.3/fxgl-17.3.jar!/fxglassets/textures/fxgl_icon.png
12:51:45.737 [JavaFX Application Thread] DEBUG FXGLAssetLoaderServi - Loading from file system: jar:file:///C:/Users/emili/.m2/repository/com/github/almasb/fxgl/17.3/fxgl-17.3.jar!/fxglassets/textures/fxgl_default_cursor.png
12:51:45.756 [FXGL Background Thread 4 ] DEBUG FXGLAssetLoaderServi - Loading from file system: jar:file:///C:/Users/emili/.m2/repository/com/github/almasb/fxgl/17.3/fxgl-17.3.jar!/fxglassets/ui/fonts/Abel-Regular.ttf
12:51:45.760 [FXGL Background Thread 4 ] DEBUG FXGLAssetLoaderServi - Loading from file system: jar:file:///C:/Users/emili/.m2/repository/com/github/almasb/fxgl/17.3/fxgl-17.3.jar!/fxglassets/ui/fonts/TerminalLandMono-Regular.otf
12:51:45.764 [FXGL Background Thread 4 ] DEBUG FXGLAssetLoaderServi - Loading from file system: jar:file:///C:/Users/emili/.m2/repository/com/github/almasb/fxgl/17.3/fxgl-17.3.jar!/fxglassets/ui/fonts/Courier-Prime.ttf
12:51:45.770 [JavaFX Application Thread] DEBUG Input                - Registered new binding: Screenshot - CTRL+8
12:51:45.772 [JavaFX Application Thread] DEBUG Input                - Registered new binding: System info dump - CTRL+9
12:51:45.773 [JavaFX Application Thread] DEBUG Input                - Registered new binding: Restart - CTRL+R
12:51:45.777 [JavaFX Application Thread] DEBUG Input                - Registered new binding: Toggle Debug Camera - CTRL+7
12:51:45.785 [JavaFX Application Thread] DEBUG LoopRunner           - Starting loop
12:51:45.785 [JavaFX Application Thread] DEBUG LoopRunner           - Initializing JavaFX AnimationTimerLoop
12:51:45.788 [JavaFX Application Thread] DEBUG GameApplicationServi - Starting new game
12:51:45.789 [JavaFX Application Thread] DEBUG Input                - Clearing active input actions
12:51:45.803 [JavaFX Application Thread] DEBUG GameApplicationServi - Removing overlay from FXGLStartupScene and adding to FXGLLoadingScene
12:51:45.804 [JavaFX Application Thread] DEBUG PrimaryStageWindow   - FXGLStartupScene -> FXGLLoadingScene
12:51:45.804 [JavaFX Application Thread] DEBUG GameApplicationServi - Clearing previous game
12:51:45.804 [JavaFX Application Thread] DEBUG GameScene            - Clearing game scene
12:51:45.804 [JavaFX Application Thread] DEBUG GameWorld            - Clearing game world
12:51:45.804 [JavaFX Application Thread] DEBUG PhysicsWorld         - Clearing physics world
12:51:45.807 [JavaFX Application Thread] DEBUG FXGLApplication      - Registering font factories with UI factory
12:51:45.807 [FXGL Background Thread 4 ] DEBUG FXGLApplication      - Initializing game
12:51:45.814 [FXGL Background Thread 4 ] DEBUG FXGLAssetLoaderServi - Loading from file system: file:/C:/Users/emili/OneDrive/Escritorio/UP/Septimo%20cuatrimestre/programacion%20concurrente/corte%203/Simulador-restaurante/target/classes/assets/textures/wood_floor.jpg
12:51:45.855 [FXGL Background Thread 4 ] DEBUG FXGLAssetLoaderServi - Loading from file system: file:/C:/Users/emili/OneDrive/Escritorio/UP/Septimo%20cuatrimestre/programacion%20concurrente/corte%203/Simulador-restaurante/target/classes/assets/textures/client.png
12:51:45.880 [FXGL Background Thread 4 ] INFO  FXGLApplication      - Game initialization took: 0.071 sec
12:51:45.977 [JavaFX Application Thread] DEBUG Input                - Clearing active input actions
12:51:45.983 [JavaFX Application Thread] DEBUG GameApplicationServi - Removing overlay from FXGLLoadingScene and adding to GameScene
12:51:45.984 [JavaFX Application Thread] DEBUG PrimaryStageWindow   - FXGLLoadingScene -> GameScene
12:51:46.300 [FXGL Background Thread 2 ] INFO  UpdaterService       - Your current version:  17.3
12:51:46.300 [FXGL Background Thread 2 ] INFO  UpdaterService       - Latest stable version: 21.1
12:51:47.691 [JavaFX Application Thread] DEBUG FXGLApplication      - Exiting FXGL
12:51:47.691 [JavaFX Application Thread] DEBUG LoopRunner           - Stopping loop
12:51:47.691 [JavaFX Application Thread] DEBUG SystemBundleService  - Saving FXGL system data
12:51:47.695 [JavaFX Application Thread] DEBUG FileSystemAccess     - Writing to: C:\Users\emili\OneDrive\Escritorio\UP\Septimo cuatrimestre\programacion concurrente\corte 3\Simulador-restaurante\system\fxgl.bundle
12:51:47.697 [JavaFX Application Thread] DEBUG Async                - Shutting down background threads
12:51:47.697 [JavaFX Application Thread] DEBUG PrimaryStageWindow   - Closing main window
12:51:47.708 [JavaFX Application Thread] DEBUG Logger               - Closing Logger
