13:35:18.445 [main                     ] DEBUG Logger               - Configured Logger
13:35:18.476 [main                     ] DEBUG GameApplication      - Logging settings
Title: Simulador Restaurante :D
Version: 1.0
Width: 1200
Height: 760
Fullscreen: false
Intro: false
Profiling: false
Single step:false
App Mode: DEVELOPER
Menu Key: ESCAPE
Stage Style: DECORATED
Scene Factory: class com.almasb.fxgl.app.scene.SceneFactory

13:35:23.765 [JavaFX Application Thread] DEBUG FXGLApplication      - Initializing FXGL
13:35:23.770 [JavaFX Application Thread] INFO  Engine               - FXGL-17.3 (30.03.2023 11.49) on MAC (J:17.0.9 FX:20)
13:35:23.770 [JavaFX Application Thread] DEBUG Engine               - JRE Vendor Name: Amazon.com Inc.
13:35:23.770 [JavaFX Application Thread] DEBUG Engine               - Running on OS: Mac OS X version 15.0
13:35:23.770 [JavaFX Application Thread] DEBUG Engine               - Architecture: x86_64
13:35:23.770 [JavaFX Application Thread] INFO  Engine               - Source code and latest versions at: https://github.com/AlmasB/FXGL
13:35:23.771 [JavaFX Application Thread] INFO  Engine               -       Ask questions and discuss at: https://github.com/AlmasB/FXGL/discussions
13:35:23.771 [JavaFX Application Thread] INFO  Engine               -              Join the FXGL chat at: https://gitter.im/AlmasB/FXGL
13:35:23.832 [JavaFX Application Thread] DEBUG PrimaryStageWindow   - Creating a JavaFX scene
13:35:23.858 [JavaFX Application Thread] DEBUG PrimaryStageWindow   - Target settings size: 1200.0 x 760.0
13:35:23.859 [JavaFX Application Thread] DEBUG PrimaryStageWindow   - Scaled scene size:    1200.0 x 760.0
13:35:23.859 [JavaFX Application Thread] DEBUG PrimaryStageWindow   - Scaled ratio: (1.0, 1.0)
13:35:23.859 [JavaFX Application Thread] DEBUG PrimaryStageWindow   - Set initial scene to FXGLStartupScene
13:35:23.861 [JavaFX Application Thread] DEBUG PrimaryStageWindow   - Opening main window
13:35:23.938 [JavaFX Application Thread] DEBUG PrimaryStageWindow   - Window border size: (0.0, 28.0)
13:35:23.939 [JavaFX Application Thread] DEBUG PrimaryStageWindow   - Scaled size: 1200.0 x 760.0
13:35:23.939 [JavaFX Application Thread] DEBUG PrimaryStageWindow   - Scaled ratio: (1.0, 1.0)
13:35:23.939 [JavaFX Application Thread] DEBUG PrimaryStageWindow   - Scene size: 1200.0 x 760.0
13:35:23.940 [JavaFX Application Thread] DEBUG PrimaryStageWindow   - Stage size: 1200.0 x 788.0
13:35:23.947 [FXGL Background Thread 1 ] DEBUG Engine               - Initializing environment variables
13:35:23.977 [FXGL Background Thread 1 ] DEBUG FXGLAssetLoaderServi - User app class for loading assets: class org.example.simulador_restaurante.HelloApplication
13:35:23.977 [FXGL Background Thread 1 ] DEBUG GameApplicationServi - Applying CSS: fxgl_dark.css
13:35:23.978 [FXGL Background Thread 1 ] DEBUG FXGLAssetLoaderServi - Loading from file system: jar:file:///Users/rextro/.m2/repository/com/github/almasb/fxgl/17.3/fxgl-17.3.jar!/fxglassets/ui/css/fxgl_dark.css
13:35:24.020 [FXGL Background Thread 1 ] DEBUG GameApplicationServi - Initializing application scenes
13:35:24.116 [FXGL Background Thread 1 ] DEBUG GameWorld            - Game world initialized
13:35:24.158 [FXGL Background Thread 1 ] DEBUG PhysicsWorld         - Physics world initialized: appHeight=760, physics.ppm=50.0
13:35:24.158 [FXGL Background Thread 1 ] DEBUG PhysicsWorld         - Using strategy: BRUTE_FORCE
13:35:24.163 [FXGL Background Thread 1 ] DEBUG GameScene            - Game scene initialized: 1200x760
13:35:24.175 [FXGL Background Thread 1 ] DEBUG FXGL.DefaultMenu     - createMenuBodyGameMenu()
13:35:24.191 [FXGL Background Thread 1 ] DEBUG FXGL.DefaultMenu     - createOptionsMenu()
13:35:24.201 [FXGL Background Thread 1 ] DEBUG FXGLAssetLoaderServi - Loading from file system: jar:file:///Users/rextro/.m2/repository/com/github/almasb/fxgl/17.3/fxgl-17.3.jar!/fxglassets/textures/particles/smoke.png
13:35:24.277 [FXGL Background Thread 1 ] DEBUG FXGLAssetLoaderServi - Loading from file system: jar:file:///Users/rextro/.m2/repository/com/github/almasb/fxgl/17.3/fxgl-17.3.jar!/fxglassets/textures/particles/trace_horizontal.png
13:35:24.305 [FXGL Background Thread 1 ] DEBUG GameApplicationServi - Application scenes initialized
13:35:24.318 [FXGL Background Thread 1 ] DEBUG SystemBundleService  - Loading FXGL system data
13:35:24.323 [FXGL Background Thread 1 ] DEBUG FileSystemAccess     - Reading from: /Users/rextro/Documents/7mo/Concurrente/C3/Simulador-restaurante/system/fxgl.bundle
13:35:24.332 [FXGL Background Thread 1 ] DEBUG SystemBundleService  - Bundle FXGL: {}
13:35:24.332 [FXGL Background Thread 1 ] DEBUG UpdaterService       - Checking for updates
13:35:24.337 [FXGL Background Thread 4 ] DEBUG FXGLApplication      - Loading fonts
13:35:24.337 [FXGL Background Thread 4 ] DEBUG FXGLAssetLoaderServi - Loading from file system: jar:file:///Users/rextro/.m2/repository/com/github/almasb/fxgl/17.3/fxgl-17.3.jar!/fxglassets/ui/fonts/VarelaRound-Regular.ttf
13:35:24.338 [FXGL Background Thread 1 ] DEBUG FXGLApplication      - Loading default localization
13:35:24.338 [FXGL Background Thread 1 ] DEBUG FXGLAssetLoaderServi - Loading from file system: jar:file:///Users/rextro/.m2/repository/com/github/almasb/fxgl/17.3/fxgl-17.3.jar!/fxglassets/languages/english.lang
13:35:24.349 [FXGL Background Thread 4 ] DEBUG FXGLAssetLoaderServi - Loading from file system: jar:file:///Users/rextro/.m2/repository/com/github/almasb/fxgl/17.3/fxgl-17.3.jar!/fxglassets/ui/fonts/Abel-Regular.ttf
13:35:24.352 [FXGL Background Thread 4 ] DEBUG FXGLAssetLoaderServi - Loading from file system: jar:file:///Users/rextro/.m2/repository/com/github/almasb/fxgl/17.3/fxgl-17.3.jar!/fxglassets/ui/fonts/TerminalLandMono-Regular.otf
13:35:24.354 [FXGL Background Thread 1 ] INFO  FXGLApplication      - FXGL initialization took: 0.407 sec
13:35:24.355 [JavaFX Application Thread] DEBUG FXGLAssetLoaderServi - Loading from file system: jar:file:///Users/rextro/.m2/repository/com/github/almasb/fxgl/17.3/fxgl-17.3.jar!/fxglassets/textures/fxgl_icon.png
13:35:24.357 [FXGL Background Thread 4 ] DEBUG FXGLAssetLoaderServi - Loading from file system: jar:file:///Users/rextro/.m2/repository/com/github/almasb/fxgl/17.3/fxgl-17.3.jar!/fxglassets/ui/fonts/Courier-Prime.ttf
13:35:24.382 [JavaFX Application Thread] DEBUG FXGLAssetLoaderServi - Loading from file system: jar:file:///Users/rextro/.m2/repository/com/github/almasb/fxgl/17.3/fxgl-17.3.jar!/fxglassets/textures/fxgl_default_cursor.png
13:35:24.391 [JavaFX Application Thread] DEBUG Input                - Registered new binding: Screenshot - CTRL+8
13:35:24.392 [JavaFX Application Thread] DEBUG Input                - Registered new binding: System info dump - CTRL+9
13:35:24.392 [JavaFX Application Thread] DEBUG Input                - Registered new binding: Restart - CTRL+R
13:35:24.393 [JavaFX Application Thread] DEBUG Input                - Registered new binding: Toggle Debug Camera - CTRL+7
13:35:24.395 [JavaFX Application Thread] DEBUG LoopRunner           - Starting loop
13:35:24.395 [JavaFX Application Thread] DEBUG LoopRunner           - Initializing JavaFX AnimationTimerLoop
13:35:24.397 [JavaFX Application Thread] DEBUG GameApplicationServi - Starting new game
13:35:24.397 [JavaFX Application Thread] DEBUG Input                - Clearing active input actions
13:35:24.407 [JavaFX Application Thread] DEBUG GameApplicationServi - Removing overlay from FXGLStartupScene and adding to FXGLLoadingScene
13:35:24.408 [JavaFX Application Thread] DEBUG PrimaryStageWindow   - FXGLStartupScene -> FXGLLoadingScene
13:35:24.408 [JavaFX Application Thread] DEBUG GameApplicationServi - Clearing previous game
13:35:24.408 [JavaFX Application Thread] DEBUG GameScene            - Clearing game scene
13:35:24.408 [JavaFX Application Thread] DEBUG GameWorld            - Clearing game world
13:35:24.408 [JavaFX Application Thread] DEBUG PhysicsWorld         - Clearing physics world
13:35:24.409 [FXGL Background Thread 4 ] DEBUG FXGLApplication      - Initializing game
13:35:24.419 [JavaFX Application Thread] DEBUG FXGLApplication      - Registering font factories with UI factory
13:35:24.424 [FXGL Background Thread 4 ] DEBUG FXGLAssetLoaderServi - Loading from file system: file:/Users/rextro/Documents/7mo/Concurrente/C3/Simulador-restaurante/target/classes/assets/music/soundtrack.mp3
13:35:24.540 [FXGL Background Thread 4 ] DEBUG AudioPlayer          - Playing music com.almasb.fxgl.audio.Music@74ca40d3
13:35:24.541 [FXGL Background Thread 4 ] DEBUG FXGLAssetLoaderServi - Loading from file system: file:/Users/rextro/Documents/7mo/Concurrente/C3/Simulador-restaurante/target/classes/assets/textures/wood_floor.jpg
13:35:24.563 [FXGL Background Thread 4 ] DEBUG FXGLAssetLoaderServi - Loading from file system: file:/Users/rextro/Documents/7mo/Concurrente/C3/Simulador-restaurante/target/classes/assets/textures/receptionist.png
13:35:24.566 [FXGL Background Thread 4 ] DEBUG FXGLAssetLoaderServi - Loading from file system: file:/Users/rextro/Documents/7mo/Concurrente/C3/Simulador-restaurante/target/classes/assets/textures/table.png
13:35:24.581 [FXGL Background Thread 4 ] DEBUG FXGLAssetLoaderServi - Loading from file system: file:/Users/rextro/Documents/7mo/Concurrente/C3/Simulador-restaurante/target/classes/assets/textures/chef.png
13:35:24.584 [FXGL Background Thread 4 ] DEBUG FXGLAssetLoaderServi - Loading from file system: file:/Users/rextro/Documents/7mo/Concurrente/C3/Simulador-restaurante/target/classes/assets/textures/waiter.png
13:35:24.587 [FXGL Background Thread 4 ] INFO  FXGLApplication      - Game initialization took: 0.177 sec
13:35:24.587 [JavaFX Application Thread] DEBUG Input                - Clearing active input actions
13:35:24.594 [JavaFX Application Thread] DEBUG GameApplicationServi - Removing overlay from FXGLLoadingScene and adding to GameScene
13:35:24.594 [JavaFX Application Thread] DEBUG PrimaryStageWindow   - FXGLLoadingScene -> GameScene
13:35:24.595 [JavaFX Application Thread] DEBUG FXGLAssetLoaderServi - Loading from file system: file:/Users/rextro/Documents/7mo/Concurrente/C3/Simulador-restaurante/target/classes/assets/textures/client.png
13:35:25.014 [FXGL Background Thread 2 ] INFO  UpdaterService       - Your current version:  17.3
13:35:25.014 [FXGL Background Thread 2 ] INFO  UpdaterService       - Latest stable version: 21.1
13:35:27.337 [FXGL Background Thread 3 ] DEBUG Engine               - Logging environment variables
13:35:27.338 [FXGL Background Thread 3 ] DEBUG Engine               - achievements: []
13:35:27.338 [FXGL Background Thread 3 ] DEBUG Engine               - actualHeight: 760.0
13:35:27.338 [FXGL Background Thread 3 ] DEBUG Engine               - actualHeightProperty: ReadOnlyDoubleProperty [value: 760.0]
13:35:27.338 [FXGL Background Thread 3 ] DEBUG Engine               - actualWidth: 1200.0
13:35:27.338 [FXGL Background Thread 3 ] DEBUG Engine               - actualWidthProperty: ReadOnlyDoubleProperty [value: 1200.0]
13:35:27.338 [FXGL Background Thread 3 ] DEBUG Engine               - appIcon: fxgl_icon.png
13:35:27.338 [FXGL Background Thread 3 ] DEBUG Engine               - applicationMode: DEVELOPER
13:35:27.338 [FXGL Background Thread 3 ] DEBUG Engine               - cSSList: [fxgl_dark.css]
13:35:27.338 [FXGL Background Thread 3 ] DEBUG Engine               - collisionDetectionStrategy: BRUTE_FORCE
13:35:27.338 [FXGL Background Thread 3 ] DEBUG Engine               - configClass: Optional.empty
13:35:27.338 [FXGL Background Thread 3 ] DEBUG Engine               - credits: []
13:35:27.339 [FXGL Background Thread 3 ] DEBUG Engine               - defaultCursor: CursorInfo(imageName=fxgl_default_cursor.png, hotspotX=7.0, hotspotY=6.0)
13:35:27.339 [FXGL Background Thread 3 ] DEBUG Engine               - devBBoxColorProperty: ObjectProperty [value: 0xff0000ff]
13:35:27.339 [FXGL Background Thread 3 ] DEBUG Engine               - devEnableDebugCameraProperty: BooleanProperty [value: false]
13:35:27.339 [FXGL Background Thread 3 ] DEBUG Engine               - devSensorColorProperty: ObjectProperty [value: 0xffff00ff]
13:35:27.339 [FXGL Background Thread 3 ] DEBUG Engine               - devShowBBoxProperty: BooleanProperty [value: false]
13:35:27.339 [FXGL Background Thread 3 ] DEBUG Engine               - devShowPositionProperty: BooleanProperty [value: false]
13:35:27.339 [FXGL Background Thread 3 ] DEBUG Engine               - enabledMenuItems: []
13:35:27.339 [FXGL Background Thread 3 ] DEBUG Engine               - engineServices: [class com.almasb.fxgl.app.services.FXGLAssetLoaderService, class com.almasb.fxgl.app.FXGLApplication$GameApplicationService, class com.almasb.fxgl.app.services.FXGLDialogService, class com.almasb.fxgl.app.services.IOTaskExecutorService, class com.almasb.fxgl.io.FileSystemService, class com.almasb.fxgl.localization.LocalizationService, class com.almasb.fxgl.app.services.SystemBundleService, class com.almasb.fxgl.profile.SaveLoadService, class com.almasb.fxgl.ui.FXGLUIFactoryServiceProvider, class com.almasb.fxgl.ui.FXGLDialogFactoryServiceProvider, class com.almasb.fxgl.audio.AudioPlayer, class com.almasb.fxgl.notification.impl.NotificationServiceProvider, class com.almasb.fxgl.achievement.AchievementService, class com.almasb.fxgl.cutscene.CutsceneService, class com.almasb.fxgl.minigames.MiniGameService, class com.almasb.fxgl.net.NetService, class com.almasb.fxgl.app.services.UpdaterService, class com.almasb.fxgl.dev.DevService]
13:35:27.339 [FXGL Background Thread 3 ] DEBUG Engine               - fontGame: Abel-Regular.ttf
13:35:27.339 [FXGL Background Thread 3 ] DEBUG Engine               - fontMono: TerminalLandMono-Regular.otf
13:35:27.340 [FXGL Background Thread 3 ] DEBUG Engine               - fontSizeScaleUI: 1.0
13:35:27.340 [FXGL Background Thread 3 ] DEBUG Engine               - fontText: Courier-Prime.ttf
13:35:27.340 [FXGL Background Thread 3 ] DEBUG Engine               - fontUI: VarelaRound-Regular.ttf
13:35:27.340 [FXGL Background Thread 3 ] DEBUG Engine               - fullScreen: BooleanProperty [value: false]
13:35:27.340 [FXGL Background Thread 3 ] DEBUG Engine               - gameDifficulty: MEDIUM
13:35:27.340 [FXGL Background Thread 3 ] DEBUG Engine               - gameDifficultyProperty: ObjectProperty [value: MEDIUM]
13:35:27.340 [FXGL Background Thread 3 ] DEBUG Engine               - globalMusicVolume: 0.5
13:35:27.340 [FXGL Background Thread 3 ] DEBUG Engine               - globalMusicVolumeProperty: DoubleProperty [value: 0.5]
13:35:27.340 [FXGL Background Thread 3 ] DEBUG Engine               - globalSoundVolume: 0.5
13:35:27.340 [FXGL Background Thread 3 ] DEBUG Engine               - globalSoundVolumeProperty: DoubleProperty [value: 0.5]
13:35:27.340 [FXGL Background Thread 3 ] DEBUG Engine               - height: 760
13:35:27.340 [FXGL Background Thread 3 ] DEBUG Engine               - is3D: false
13:35:27.340 [FXGL Background Thread 3 ] DEBUG Engine               - isAndroid: false
13:35:27.340 [FXGL Background Thread 3 ] DEBUG Engine               - isBrowser: false
13:35:27.340 [FXGL Background Thread 3 ] DEBUG Engine               - isClickFeedbackEnabled: false
13:35:27.340 [FXGL Background Thread 3 ] DEBUG Engine               - isCloseConfirmation: false
13:35:27.341 [FXGL Background Thread 3 ] DEBUG Engine               - isDesktop: true
13:35:27.341 [FXGL Background Thread 3 ] DEBUG Engine               - isDeveloperMenuEnabled: false
13:35:27.341 [FXGL Background Thread 3 ] DEBUG Engine               - isEmbedded: false
13:35:27.341 [FXGL Background Thread 3 ] DEBUG Engine               - isEntityPreloadEnabled: true
13:35:27.341 [FXGL Background Thread 3 ] DEBUG Engine               - isExperimentalTiledLargeMap: false
13:35:27.341 [FXGL Background Thread 3 ] DEBUG Engine               - isFileSystemWriteAllowed: true
13:35:27.341 [FXGL Background Thread 3 ] DEBUG Engine               - isFullScreenAllowed: false
13:35:27.341 [FXGL Background Thread 3 ] DEBUG Engine               - isFullScreenFromStart: false
13:35:27.341 [FXGL Background Thread 3 ] DEBUG Engine               - isGameMenuEnabled: true
13:35:27.341 [FXGL Background Thread 3 ] DEBUG Engine               - isIOS: false
13:35:27.341 [FXGL Background Thread 3 ] DEBUG Engine               - isIntroEnabled: false
13:35:27.341 [FXGL Background Thread 3 ] DEBUG Engine               - isLinux: false
13:35:27.341 [FXGL Background Thread 3 ] DEBUG Engine               - isMac: true
13:35:27.341 [FXGL Background Thread 3 ] DEBUG Engine               - isMainMenuEnabled: false
13:35:27.341 [FXGL Background Thread 3 ] DEBUG Engine               - isManualResizeEnabled: false
13:35:27.342 [FXGL Background Thread 3 ] DEBUG Engine               - isMobile: false
13:35:27.342 [FXGL Background Thread 3 ] DEBUG Engine               - isNative: false
13:35:27.342 [FXGL Background Thread 3 ] DEBUG Engine               - isPauseMusicWhenMinimized: true
13:35:27.342 [FXGL Background Thread 3 ] DEBUG Engine               - isPreserveResizeRatio: false
13:35:27.342 [FXGL Background Thread 3 ] DEBUG Engine               - isProfilingEnabled: false
13:35:27.342 [FXGL Background Thread 3 ] DEBUG Engine               - isScaleAffectedOnResize: true
13:35:27.342 [FXGL Background Thread 3 ] DEBUG Engine               - isSingleStep: false
13:35:27.342 [FXGL Background Thread 3 ] DEBUG Engine               - isUserProfileEnabled: false
13:35:27.342 [FXGL Background Thread 3 ] DEBUG Engine               - isWindows: false
13:35:27.342 [FXGL Background Thread 3 ] DEBUG Engine               - language: ObjectProperty [value: ENGLISH]
13:35:27.342 [FXGL Background Thread 3 ] DEBUG Engine               - menuKey: ESCAPE
13:35:27.342 [FXGL Background Thread 3 ] DEBUG Engine               - mouseSensitivity: 0.2
13:35:27.342 [FXGL Background Thread 3 ] DEBUG Engine               - notificationViewClass: class com.almasb.fxgl.notification.view.XboxNotificationView
13:35:27.342 [FXGL Background Thread 3 ] DEBUG Engine               - pixelsPerMeter: 50.0
13:35:27.342 [FXGL Background Thread 3 ] DEBUG Engine               - platform: MAC
13:35:27.342 [FXGL Background Thread 3 ] DEBUG Engine               - prefHeightProperty: ReadOnlyDoubleProperty [value: 760.0]
13:35:27.342 [FXGL Background Thread 3 ] DEBUG Engine               - prefWidthProperty: ReadOnlyDoubleProperty [value: 1200.0]
13:35:27.343 [FXGL Background Thread 3 ] DEBUG Engine               - profileDir: profiles/
13:35:27.343 [FXGL Background Thread 3 ] DEBUG Engine               - profileName: StringProperty [value: DEFAULT]
13:35:27.343 [FXGL Background Thread 3 ] DEBUG Engine               - randomSeed: -1
13:35:27.343 [FXGL Background Thread 3 ] DEBUG Engine               - runtimeInfo: RuntimeInfo(platform=MAC, version=17.3, build=30.03.2023 11.49)
13:35:27.343 [FXGL Background Thread 3 ] DEBUG Engine               - saveFileExt: sav
13:35:27.343 [FXGL Background Thread 3 ] DEBUG Engine               - scaledHeightProp$fxgl: DoubleProperty [bound, value: 760.0]
13:35:27.343 [FXGL Background Thread 3 ] DEBUG Engine               - scaledWidthProp$fxgl: DoubleProperty [bound, value: 1200.0]
13:35:27.343 [FXGL Background Thread 3 ] DEBUG Engine               - sceneFactory: com.almasb.fxgl.app.scene.SceneFactory@52ebc3f6
13:35:27.343 [FXGL Background Thread 3 ] DEBUG Engine               - secondsIn24h: 60
13:35:27.343 [FXGL Background Thread 3 ] DEBUG Engine               - soundMenuBack: menu/back.wav
13:35:27.343 [FXGL Background Thread 3 ] DEBUG Engine               - soundMenuPress: menu/press.wav
13:35:27.343 [FXGL Background Thread 3 ] DEBUG Engine               - soundMenuSelect: menu/select.wav
13:35:27.343 [FXGL Background Thread 3 ] DEBUG Engine               - soundNotification: core/notification.wav
13:35:27.343 [FXGL Background Thread 3 ] DEBUG Engine               - stageStyle: DECORATED
13:35:27.343 [FXGL Background Thread 3 ] DEBUG Engine               - supportedLanguages: [ENGLISH, FRENCH, GERMAN, HUNGARIAN, RUSSIAN]
13:35:27.344 [FXGL Background Thread 3 ] DEBUG Engine               - ticksPerSecond: -1
13:35:27.344 [FXGL Background Thread 3 ] DEBUG Engine               - title: Simulador Restaurante :D
13:35:27.344 [FXGL Background Thread 3 ] DEBUG Engine               - urlGithub: https://github.com/AlmasB/FXGL
13:35:27.344 [FXGL Background Thread 3 ] DEBUG Engine               - urlLeaderboard: http://fxgl-top.herokuapp.com/
13:35:27.344 [FXGL Background Thread 3 ] DEBUG Engine               - urlPOM: https://raw.githubusercontent.com/AlmasB/FXGL/release/README.md
13:35:27.344 [FXGL Background Thread 3 ] DEBUG Engine               - userAppClass: class org.example.simulador_restaurante.HelloApplication
13:35:27.344 [FXGL Background Thread 3 ] DEBUG Engine               - version: 1.0
13:35:27.344 [FXGL Background Thread 3 ] DEBUG Engine               - versionCheckDays: 7
13:35:27.344 [FXGL Background Thread 3 ] DEBUG Engine               - width: 1200
13:35:27.344 [FXGL Background Thread 3 ] DEBUG Engine               - Logging services
13:35:27.344 [FXGL Background Thread 3 ] DEBUG Engine               - class com.almasb.fxgl.app.services.FXGLAssetLoaderService
13:35:27.344 [FXGL Background Thread 3 ] DEBUG Engine               - class com.almasb.fxgl.app.FXGLApplication$GameApplicationService
13:35:27.344 [FXGL Background Thread 3 ] DEBUG Engine               - class com.almasb.fxgl.app.services.FXGLDialogService
13:35:27.344 [FXGL Background Thread 3 ] DEBUG Engine               - class com.almasb.fxgl.app.services.IOTaskExecutorService
13:35:27.344 [FXGL Background Thread 3 ] DEBUG Engine               - class com.almasb.fxgl.io.FileSystemService
13:35:27.344 [FXGL Background Thread 3 ] DEBUG Engine               - class com.almasb.fxgl.localization.LocalizationService
13:35:27.344 [FXGL Background Thread 3 ] DEBUG Engine               - class com.almasb.fxgl.app.services.SystemBundleService
13:35:27.345 [FXGL Background Thread 3 ] DEBUG Engine               - class com.almasb.fxgl.profile.SaveLoadService
13:35:27.345 [FXGL Background Thread 3 ] DEBUG Engine               - class com.almasb.fxgl.ui.FXGLUIFactoryServiceProvider
13:35:27.345 [FXGL Background Thread 3 ] DEBUG Engine               - class com.almasb.fxgl.ui.FXGLDialogFactoryServiceProvider
13:35:27.345 [FXGL Background Thread 3 ] DEBUG Engine               - class com.almasb.fxgl.audio.AudioPlayer
13:35:27.345 [FXGL Background Thread 3 ] DEBUG Engine               - class com.almasb.fxgl.notification.impl.NotificationServiceProvider
13:35:27.345 [FXGL Background Thread 3 ] DEBUG Engine               - class com.almasb.fxgl.achievement.AchievementService
13:35:27.345 [FXGL Background Thread 3 ] DEBUG Engine               - class com.almasb.fxgl.cutscene.CutsceneService
13:35:27.345 [FXGL Background Thread 3 ] DEBUG Engine               - class com.almasb.fxgl.minigames.MiniGameService
13:35:27.345 [FXGL Background Thread 3 ] DEBUG Engine               - class com.almasb.fxgl.net.NetService
13:35:27.345 [FXGL Background Thread 3 ] DEBUG Engine               - class com.almasb.fxgl.app.services.UpdaterService
13:35:27.345 [FXGL Background Thread 3 ] DEBUG Engine               - class com.almasb.fxgl.dev.DevService
13:35:29.694 [JavaFX Application Thread] DEBUG FXGLAssetLoaderServi - Loading from file system: file:/Users/rextro/Documents/7mo/Concurrente/C3/Simulador-restaurante/target/classes/assets/textures/food.png
13:37:40.548 [JavaFX Application Thread] DEBUG FXGLApplication      - Exiting FXGL
13:37:40.548 [JavaFX Application Thread] DEBUG LoopRunner           - Stopping loop
13:37:40.548 [JavaFX Application Thread] DEBUG SystemBundleService  - Saving FXGL system data
13:37:40.550 [JavaFX Application Thread] DEBUG FileSystemAccess     - Writing to: /Users/rextro/Documents/7mo/Concurrente/C3/Simulador-restaurante/system/fxgl.bundle
13:37:40.551 [JavaFX Application Thread] DEBUG Async                - Shutting down background threads
13:37:40.551 [JavaFX Application Thread] DEBUG PrimaryStageWindow   - Closing main window
13:37:40.560 [JavaFX Application Thread] DEBUG Logger               - Closing Logger
