12:55:59.939 [main                     ] DEBUG Logger               - Configured Logger
12:55:59.995 [main                     ] DEBUG GameApplication      - Logging settings
Title: Basic Game App
Version: 0.0
Width: 800
Height: 600
Fullscreen: false
Intro: false
Profiling: false
Single step:false
App Mode: DEVELOPER
Menu Key: ESCAPE
Stage Style: DECORATED
Scene Factory: class com.almasb.fxgl.app.scene.SceneFactory

12:56:00.454 [JavaFX Application Thread] DEBUG FXGLApplication      - Initializing FXGL
12:56:00.464 [JavaFX Application Thread] INFO  Engine               - FXGL-17.3 (30.03.2023 11.49) on WINDOWS (J:17.0.9 FX:17.0.6)
12:56:00.464 [JavaFX Application Thread] DEBUG Engine               - JRE Vendor Name: Oracle Corporation
12:56:00.465 [JavaFX Application Thread] DEBUG Engine               - Running on OS: Windows 11 version 10.0
12:56:00.465 [JavaFX Application Thread] DEBUG Engine               - Architecture: amd64
12:56:00.465 [JavaFX Application Thread] INFO  Engine               - Source code and latest versions at: https://github.com/AlmasB/FXGL
12:56:00.465 [JavaFX Application Thread] INFO  Engine               -       Ask questions and discuss at: https://github.com/AlmasB/FXGL/discussions
12:56:00.466 [JavaFX Application Thread] INFO  Engine               -              Join the FXGL chat at: https://gitter.im/AlmasB/FXGL
12:56:00.598 [JavaFX Application Thread] DEBUG PrimaryStageWindow   - Creating a JavaFX scene
12:56:00.658 [JavaFX Application Thread] DEBUG PrimaryStageWindow   - Target settings size: 800.0 x 600.0
12:56:00.658 [JavaFX Application Thread] DEBUG PrimaryStageWindow   - Scaled scene size:    800.0 x 600.0
12:56:00.659 [JavaFX Application Thread] DEBUG PrimaryStageWindow   - Scaled ratio: (1.0, 1.0)
12:56:00.660 [JavaFX Application Thread] DEBUG PrimaryStageWindow   - Set initial scene to FXGLStartupScene
12:56:00.670 [JavaFX Application Thread] DEBUG PrimaryStageWindow   - Opening main window
12:56:00.833 [JavaFX Application Thread] DEBUG PrimaryStageWindow   - Window border size: (14.4000244140625, 37.5999755859375)
12:56:00.834 [JavaFX Application Thread] DEBUG PrimaryStageWindow   - Scaled size: 800.0 x 600.0
12:56:00.834 [JavaFX Application Thread] DEBUG PrimaryStageWindow   - Scaled ratio: (1.0, 1.0)
12:56:00.835 [JavaFX Application Thread] DEBUG PrimaryStageWindow   - Scene size: 800.0 x 600.0
12:56:00.836 [JavaFX Application Thread] DEBUG PrimaryStageWindow   - Stage size: 814.4000244140625 x 637.5999755859375
12:56:00.847 [FXGL Background Thread 1 ] DEBUG Engine               - Initializing environment variables
12:56:00.913 [FXGL Background Thread 1 ] DEBUG FXGLAssetLoaderServi - User app class for loading assets: class org.example.simulador_restaurante.HelloApplication
12:56:00.914 [FXGL Background Thread 1 ] DEBUG GameApplicationServi - Applying CSS: fxgl_dark.css
12:56:00.916 [FXGL Background Thread 1 ] DEBUG FXGLAssetLoaderServi - Loading from file system: jar:file:///C:/Users/emili/.m2/repository/com/github/almasb/fxgl/17.3/fxgl-17.3.jar!/fxglassets/ui/css/fxgl_dark.css
12:56:00.994 [FXGL Background Thread 1 ] DEBUG GameApplicationServi - Initializing application scenes
12:56:01.116 [FXGL Background Thread 1 ] DEBUG GameWorld            - Game world initialized
12:56:01.238 [FXGL Background Thread 1 ] DEBUG PhysicsWorld         - Physics world initialized: appHeight=600, physics.ppm=50.0
12:56:01.238 [FXGL Background Thread 1 ] DEBUG PhysicsWorld         - Using strategy: BRUTE_FORCE
12:56:01.243 [FXGL Background Thread 1 ] DEBUG GameScene            - Game scene initialized: 800x600
12:56:01.260 [FXGL Background Thread 1 ] DEBUG FXGL.DefaultMenu     - createMenuBodyGameMenu()
12:56:01.290 [FXGL Background Thread 1 ] DEBUG FXGL.DefaultMenu     - createOptionsMenu()
12:56:01.304 [FXGL Background Thread 1 ] DEBUG FXGLAssetLoaderServi - Loading from file system: jar:file:///C:/Users/emili/.m2/repository/com/github/almasb/fxgl/17.3/fxgl-17.3.jar!/fxglassets/textures/particles/smoke.png
12:56:01.474 [FXGL Background Thread 1 ] DEBUG FXGLAssetLoaderServi - Loading from file system: jar:file:///C:/Users/emili/.m2/repository/com/github/almasb/fxgl/17.3/fxgl-17.3.jar!/fxglassets/textures/particles/trace_horizontal.png
12:56:01.519 [FXGL Background Thread 1 ] DEBUG GameApplicationServi - Application scenes initialized
12:56:01.542 [FXGL Background Thread 1 ] DEBUG SystemBundleService  - Loading FXGL system data
12:56:01.548 [FXGL Background Thread 1 ] DEBUG FileSystemAccess     - Reading from: C:\Users\emili\OneDrive\Escritorio\UP\Septimo cuatrimestre\programacion concurrente\corte 3\Simulador-restaurante\system\fxgl.bundle
12:56:01.556 [FXGL Background Thread 1 ] DEBUG SystemBundleService  - Bundle FXGL: {}
12:56:01.556 [FXGL Background Thread 1 ] DEBUG UpdaterService       - Checking for updates
12:56:01.562 [FXGL Background Thread 4 ] DEBUG FXGLApplication      - Loading fonts
12:56:01.563 [FXGL Background Thread 4 ] DEBUG FXGLAssetLoaderServi - Loading from file system: jar:file:///C:/Users/emili/.m2/repository/com/github/almasb/fxgl/17.3/fxgl-17.3.jar!/fxglassets/ui/fonts/VarelaRound-Regular.ttf
12:56:01.564 [FXGL Background Thread 1 ] DEBUG FXGLApplication      - Loading default localization
12:56:01.564 [FXGL Background Thread 1 ] DEBUG FXGLAssetLoaderServi - Loading from file system: jar:file:///C:/Users/emili/.m2/repository/com/github/almasb/fxgl/17.3/fxgl-17.3.jar!/fxglassets/languages/english.lang
12:56:01.601 [FXGL Background Thread 1 ] INFO  FXGLApplication      - FXGL initialization took: 0.754 sec
12:56:01.604 [JavaFX Application Thread] DEBUG FXGLAssetLoaderServi - Loading from file system: jar:file:///C:/Users/emili/.m2/repository/com/github/almasb/fxgl/17.3/fxgl-17.3.jar!/fxglassets/textures/fxgl_icon.png
12:56:01.651 [JavaFX Application Thread] DEBUG FXGLAssetLoaderServi - Loading from file system: jar:file:///C:/Users/emili/.m2/repository/com/github/almasb/fxgl/17.3/fxgl-17.3.jar!/fxglassets/textures/fxgl_default_cursor.png
12:56:01.699 [FXGL Background Thread 4 ] DEBUG FXGLAssetLoaderServi - Loading from file system: jar:file:///C:/Users/emili/.m2/repository/com/github/almasb/fxgl/17.3/fxgl-17.3.jar!/fxglassets/ui/fonts/Abel-Regular.ttf
12:56:01.702 [JavaFX Application Thread] DEBUG Input                - Registered new binding: Screenshot - CTRL+8
12:56:01.703 [FXGL Background Thread 4 ] DEBUG FXGLAssetLoaderServi - Loading from file system: jar:file:///C:/Users/emili/.m2/repository/com/github/almasb/fxgl/17.3/fxgl-17.3.jar!/fxglassets/ui/fonts/TerminalLandMono-Regular.otf
12:56:01.704 [JavaFX Application Thread] DEBUG Input                - Registered new binding: System info dump - CTRL+9
12:56:01.705 [JavaFX Application Thread] DEBUG Input                - Registered new binding: Restart - CTRL+R
12:56:01.708 [FXGL Background Thread 4 ] DEBUG FXGLAssetLoaderServi - Loading from file system: jar:file:///C:/Users/emili/.m2/repository/com/github/almasb/fxgl/17.3/fxgl-17.3.jar!/fxglassets/ui/fonts/Courier-Prime.ttf
12:56:01.711 [JavaFX Application Thread] DEBUG Input                - Registered new binding: Toggle Debug Camera - CTRL+7
12:56:01.727 [JavaFX Application Thread] DEBUG LoopRunner           - Starting loop
12:56:01.727 [JavaFX Application Thread] DEBUG LoopRunner           - Initializing JavaFX AnimationTimerLoop
12:56:01.732 [JavaFX Application Thread] DEBUG GameApplicationServi - Starting new game
12:56:01.733 [JavaFX Application Thread] DEBUG Input                - Clearing active input actions
12:56:01.759 [JavaFX Application Thread] DEBUG GameApplicationServi - Removing overlay from FXGLStartupScene and adding to FXGLLoadingScene
12:56:01.760 [JavaFX Application Thread] DEBUG PrimaryStageWindow   - FXGLStartupScene -> FXGLLoadingScene
12:56:01.760 [JavaFX Application Thread] DEBUG GameApplicationServi - Clearing previous game
12:56:01.760 [JavaFX Application Thread] DEBUG GameScene            - Clearing game scene
12:56:01.761 [JavaFX Application Thread] DEBUG GameWorld            - Clearing game world
12:56:01.761 [JavaFX Application Thread] DEBUG PhysicsWorld         - Clearing physics world
12:56:01.767 [JavaFX Application Thread] DEBUG FXGLApplication      - Registering font factories with UI factory
12:56:01.769 [FXGL Background Thread 4 ] DEBUG FXGLApplication      - Initializing game
12:56:01.867 [JavaFX Application Thread] DEBUG LoopRunner           - Stopping loop
12:56:01.877 [JavaFX Application Thread] FATAL FXGLApplication      - Uncaught Exception:
java.lang.RuntimeException: Initialization failed
	at com.almasb.fxgl.all@17.3/com.almasb.fxgl.app.FXGLApplication$InitAppTask.failed(FXGLApplication.kt:343)
	at javafx.graphics/javafx.concurrent.Task.setState(Task.java:710)
	at javafx.graphics/javafx.concurrent.Task$TaskCallable.lambda$call$2(Task.java:1456)
	at javafx.graphics/com.sun.javafx.application.PlatformImpl.lambda$runLater$10(PlatformImpl.java:457)
	at java.base/java.security.AccessController.doPrivileged(AccessController.java:399)
	at javafx.graphics/com.sun.javafx.application.PlatformImpl.lambda$runLater$11(PlatformImpl.java:456)
	at javafx.graphics/com.sun.glass.ui.InvokeLaterDispatcher$Future.run(InvokeLaterDispatcher.java:96)
	at javafx.graphics/com.sun.glass.ui.win.WinApplication._runLoop(Native Method)
	at javafx.graphics/com.sun.glass.ui.win.WinApplication.lambda$runLoop$3(WinApplication.java:184)
	at java.base/java.lang.Thread.run(Thread.java:842)
Caused by: java.nio.file.InvalidPathException: Illegal char <:> at index 20: assets\textures\file:src\main\resources\assets\textures\wood_floor.jpg
	at java.base/sun.nio.fs.WindowsPathParser.normalize(WindowsPathParser.java:182)
	at java.base/sun.nio.fs.WindowsPathParser.parse(WindowsPathParser.java:153)
	at java.base/sun.nio.fs.WindowsPathParser.parse(WindowsPathParser.java:77)
	at java.base/sun.nio.fs.WindowsPath.parse(WindowsPath.java:92)
	at java.base/sun.nio.fs.WindowsFileSystem.getPath(WindowsFileSystem.java:232)
	at java.base/jdk.internal.module.Resources.toSafeFilePath(Resources.java:143)
	at java.base/jdk.internal.module.Resources.toFilePath(Resources.java:97)
	at java.base/jdk.internal.module.ModuleReferences$ExplodedModuleReader.find(ModuleReferences.java:382)
	at java.base/jdk.internal.loader.BuiltinClassLoader.findResource(BuiltinClassLoader.java:497)
	at java.base/jdk.internal.loader.BuiltinClassLoader.findResource(BuiltinClassLoader.java:277)
	at java.base/java.lang.Class.getResource(Class.java:2927)
	at com.almasb.fxgl.all@17.3/com.almasb.fxgl.app.services.FXGLAssetLoaderService.getURL(FXGLAssetLoaderService.kt:557)
	at com.almasb.fxgl.all@17.3/com.almasb.fxgl.app.services.FXGLAssetLoaderService.load(FXGLAssetLoaderService.kt:480)
	at com.almasb.fxgl.all@17.3/com.almasb.fxgl.app.services.FXGLAssetLoaderService.loadImage(FXGLAssetLoaderService.kt:166)
	at com.almasb.fxgl.all@17.3/com.almasb.fxgl.app.services.FXGLAssetLoaderService.loadTexture(FXGLAssetLoaderService.kt:125)
	at com.almasb.fxgl.all@17.3/com.almasb.fxgl.dsl.FXGL$Companion.texture(FXGL.kt:401)
	at com.almasb.fxgl.all@17.3/com.almasb.fxgl.app.scene.FXGLScene.setBackgroundRepeat(FXGLScene.kt:166)
	at org.example.simulador_restaurante@1.0-SNAPSHOT/org.example.simulador_restaurante.HelloApplication.initGame(HelloApplication.java:22)
	at com.almasb.fxgl.all@17.3/com.almasb.fxgl.app.FXGLApplication$InitAppTask.initGame(FXGLApplication.kt:339)
	at com.almasb.fxgl.all@17.3/com.almasb.fxgl.app.FXGLApplication$InitAppTask.call(FXGLApplication.kt:319)
	at com.almasb.fxgl.all@17.3/com.almasb.fxgl.app.FXGLApplication$InitAppTask.call(FXGLApplication.kt:311)
	at javafx.graphics/javafx.concurrent.Task$TaskCallable.call(Task.java:1426)
	at java.base/java.util.concurrent.FutureTask.run(FutureTask.java:264)
	at java.base/java.util.concurrent.Executors$RunnableAdapter.call(Executors.java:539)
	at java.base/java.util.concurrent.FutureTask.run(FutureTask.java:264)
	at java.base/java.util.concurrent.ThreadPoolExecutor.runWorker(ThreadPoolExecutor.java:1136)
	at java.base/java.util.concurrent.ThreadPoolExecutor$Worker.run(ThreadPoolExecutor.java:635)
	... 1 more

12:56:01.877 [JavaFX Application Thread] FATAL FXGLApplication      - Application will now exit
12:56:01.932 [JavaFX Application Thread] DEBUG PrimaryStageWindow   - Push state: ErrorSubScene
12:56:01.933 [JavaFX Application Thread] DEBUG Input                - Clearing active input actions
12:56:01.949 [JavaFX Application Thread] DEBUG GameApplicationServi - Removing overlay from FXGLLoadingScene and adding to ErrorSubScene
12:56:01.950 [JavaFX Application Thread] DEBUG PrimaryStageWindow   - FXGLLoadingScene -> ErrorSubScene
12:56:02.645 [FXGL Background Thread 2 ] INFO  UpdaterService       - Your current version:  17.3
12:56:02.646 [FXGL Background Thread 2 ] INFO  UpdaterService       - Latest stable version: 21.1
12:56:04.561 [FXGL Background Thread 3 ] DEBUG Engine               - Logging environment variables
12:56:04.562 [FXGL Background Thread 3 ] DEBUG Engine               - achievements: []
12:56:04.562 [FXGL Background Thread 3 ] DEBUG Engine               - actualHeight: 600.0
12:56:04.563 [FXGL Background Thread 3 ] DEBUG Engine               - actualHeightProperty: ReadOnlyDoubleProperty [value: 600.0]
12:56:04.563 [FXGL Background Thread 3 ] DEBUG Engine               - actualWidth: 800.0
12:56:04.563 [FXGL Background Thread 3 ] DEBUG Engine               - actualWidthProperty: ReadOnlyDoubleProperty [value: 800.0]
12:56:04.564 [FXGL Background Thread 3 ] DEBUG Engine               - appIcon: fxgl_icon.png
12:56:04.564 [FXGL Background Thread 3 ] DEBUG Engine               - applicationMode: DEVELOPER
12:56:04.564 [FXGL Background Thread 3 ] DEBUG Engine               - cSSList: [fxgl_dark.css]
12:56:04.564 [FXGL Background Thread 3 ] DEBUG Engine               - collisionDetectionStrategy: BRUTE_FORCE
12:56:04.564 [FXGL Background Thread 3 ] DEBUG Engine               - configClass: Optional.empty
12:56:04.564 [FXGL Background Thread 3 ] DEBUG Engine               - credits: []
12:56:04.565 [FXGL Background Thread 3 ] DEBUG Engine               - defaultCursor: CursorInfo(imageName=fxgl_default_cursor.png, hotspotX=7.0, hotspotY=6.0)
12:56:04.566 [FXGL Background Thread 3 ] DEBUG Engine               - devBBoxColorProperty: ObjectProperty [value: 0xff0000ff]
12:56:04.566 [FXGL Background Thread 3 ] DEBUG Engine               - devEnableDebugCameraProperty: BooleanProperty [value: false]
12:56:04.566 [FXGL Background Thread 3 ] DEBUG Engine               - devSensorColorProperty: ObjectProperty [value: 0xffff00ff]
12:56:04.566 [FXGL Background Thread 3 ] DEBUG Engine               - devShowBBoxProperty: BooleanProperty [value: false]
12:56:04.566 [FXGL Background Thread 3 ] DEBUG Engine               - devShowPositionProperty: BooleanProperty [value: false]
12:56:04.566 [FXGL Background Thread 3 ] DEBUG Engine               - enabledMenuItems: []
12:56:04.566 [FXGL Background Thread 3 ] DEBUG Engine               - engineServices: [class com.almasb.fxgl.app.services.FXGLAssetLoaderService, class com.almasb.fxgl.app.FXGLApplication$GameApplicationService, class com.almasb.fxgl.app.services.FXGLDialogService, class com.almasb.fxgl.app.services.IOTaskExecutorService, class com.almasb.fxgl.io.FileSystemService, class com.almasb.fxgl.localization.LocalizationService, class com.almasb.fxgl.app.services.SystemBundleService, class com.almasb.fxgl.profile.SaveLoadService, class com.almasb.fxgl.ui.FXGLUIFactoryServiceProvider, class com.almasb.fxgl.ui.FXGLDialogFactoryServiceProvider, class com.almasb.fxgl.audio.AudioPlayer, class com.almasb.fxgl.notification.impl.NotificationServiceProvider, class com.almasb.fxgl.achievement.AchievementService, class com.almasb.fxgl.cutscene.CutsceneService, class com.almasb.fxgl.minigames.MiniGameService, class com.almasb.fxgl.net.NetService, class com.almasb.fxgl.app.services.UpdaterService, class com.almasb.fxgl.dev.DevService]
12:56:04.567 [FXGL Background Thread 3 ] DEBUG Engine               - fontGame: Abel-Regular.ttf
12:56:04.567 [FXGL Background Thread 3 ] DEBUG Engine               - fontMono: TerminalLandMono-Regular.otf
12:56:04.567 [FXGL Background Thread 3 ] DEBUG Engine               - fontSizeScaleUI: 1.0
12:56:04.567 [FXGL Background Thread 3 ] DEBUG Engine               - fontText: Courier-Prime.ttf
12:56:04.567 [FXGL Background Thread 3 ] DEBUG Engine               - fontUI: VarelaRound-Regular.ttf
12:56:04.567 [FXGL Background Thread 3 ] DEBUG Engine               - fullScreen: BooleanProperty [value: false]
12:56:04.567 [FXGL Background Thread 3 ] DEBUG Engine               - gameDifficulty: MEDIUM
12:56:04.567 [FXGL Background Thread 3 ] DEBUG Engine               - gameDifficultyProperty: ObjectProperty [value: MEDIUM]
12:56:04.567 [FXGL Background Thread 3 ] DEBUG Engine               - globalMusicVolume: 0.5
12:56:04.567 [FXGL Background Thread 3 ] DEBUG Engine               - globalMusicVolumeProperty: DoubleProperty [value: 0.5]
12:56:04.567 [FXGL Background Thread 3 ] DEBUG Engine               - globalSoundVolume: 0.5
12:56:04.567 [FXGL Background Thread 3 ] DEBUG Engine               - globalSoundVolumeProperty: DoubleProperty [value: 0.5]
12:56:04.567 [FXGL Background Thread 3 ] DEBUG Engine               - height: 600
12:56:04.567 [FXGL Background Thread 3 ] DEBUG Engine               - is3D: false
12:56:04.567 [FXGL Background Thread 3 ] DEBUG Engine               - isAndroid: false
12:56:04.568 [FXGL Background Thread 3 ] DEBUG Engine               - isBrowser: false
12:56:04.568 [FXGL Background Thread 3 ] DEBUG Engine               - isClickFeedbackEnabled: false
12:56:04.568 [FXGL Background Thread 3 ] DEBUG Engine               - isCloseConfirmation: false
12:56:04.568 [FXGL Background Thread 3 ] DEBUG Engine               - isDesktop: true
12:56:04.568 [FXGL Background Thread 3 ] DEBUG Engine               - isDeveloperMenuEnabled: false
12:56:04.568 [FXGL Background Thread 3 ] DEBUG Engine               - isEmbedded: false
12:56:04.568 [FXGL Background Thread 3 ] DEBUG Engine               - isEntityPreloadEnabled: true
12:56:04.568 [FXGL Background Thread 3 ] DEBUG Engine               - isExperimentalTiledLargeMap: false
12:56:04.568 [FXGL Background Thread 3 ] DEBUG Engine               - isFileSystemWriteAllowed: true
12:56:04.569 [FXGL Background Thread 3 ] DEBUG Engine               - isFullScreenAllowed: false
12:56:04.569 [FXGL Background Thread 3 ] DEBUG Engine               - isFullScreenFromStart: false
12:56:04.569 [FXGL Background Thread 3 ] DEBUG Engine               - isGameMenuEnabled: true
12:56:04.570 [FXGL Background Thread 3 ] DEBUG Engine               - isIOS: false
12:56:04.570 [FXGL Background Thread 3 ] DEBUG Engine               - isIntroEnabled: false
12:56:04.570 [FXGL Background Thread 3 ] DEBUG Engine               - isLinux: false
12:56:04.570 [FXGL Background Thread 3 ] DEBUG Engine               - isMac: false
12:56:04.570 [FXGL Background Thread 3 ] DEBUG Engine               - isMainMenuEnabled: false
12:56:04.571 [FXGL Background Thread 3 ] DEBUG Engine               - isManualResizeEnabled: false
12:56:04.571 [FXGL Background Thread 3 ] DEBUG Engine               - isMobile: false
12:56:04.571 [FXGL Background Thread 3 ] DEBUG Engine               - isNative: false
12:56:04.572 [FXGL Background Thread 3 ] DEBUG Engine               - isPauseMusicWhenMinimized: true
12:56:04.572 [FXGL Background Thread 3 ] DEBUG Engine               - isPreserveResizeRatio: false
12:56:04.572 [FXGL Background Thread 3 ] DEBUG Engine               - isProfilingEnabled: false
12:56:04.572 [FXGL Background Thread 3 ] DEBUG Engine               - isScaleAffectedOnResize: true
12:56:04.572 [FXGL Background Thread 3 ] DEBUG Engine               - isSingleStep: false
12:56:04.572 [FXGL Background Thread 3 ] DEBUG Engine               - isUserProfileEnabled: false
12:56:04.572 [FXGL Background Thread 3 ] DEBUG Engine               - isWindows: true
12:56:04.572 [FXGL Background Thread 3 ] DEBUG Engine               - language: ObjectProperty [value: ENGLISH]
12:56:04.572 [FXGL Background Thread 3 ] DEBUG Engine               - menuKey: ESCAPE
12:56:04.572 [FXGL Background Thread 3 ] DEBUG Engine               - mouseSensitivity: 0.2
12:56:04.572 [FXGL Background Thread 3 ] DEBUG Engine               - notificationViewClass: class com.almasb.fxgl.notification.view.XboxNotificationView
12:56:04.572 [FXGL Background Thread 3 ] DEBUG Engine               - pixelsPerMeter: 50.0
12:56:04.572 [FXGL Background Thread 3 ] DEBUG Engine               - platform: WINDOWS
12:56:04.572 [FXGL Background Thread 3 ] DEBUG Engine               - prefHeightProperty: ReadOnlyDoubleProperty [value: 600.0]
12:56:04.572 [FXGL Background Thread 3 ] DEBUG Engine               - prefWidthProperty: ReadOnlyDoubleProperty [value: 800.0]
12:56:04.573 [FXGL Background Thread 3 ] DEBUG Engine               - profileDir: profiles/
12:56:04.573 [FXGL Background Thread 3 ] DEBUG Engine               - profileName: StringProperty [value: DEFAULT]
12:56:04.573 [FXGL Background Thread 3 ] DEBUG Engine               - randomSeed: -1
12:56:04.574 [FXGL Background Thread 3 ] DEBUG Engine               - runtimeInfo: RuntimeInfo(platform=WINDOWS, version=17.3, build=30.03.2023 11.49)
12:56:04.574 [FXGL Background Thread 3 ] DEBUG Engine               - saveFileExt: sav
12:56:04.574 [FXGL Background Thread 3 ] DEBUG Engine               - scaledHeightProp$fxgl: DoubleProperty [bound, value: 600.0]
12:56:04.574 [FXGL Background Thread 3 ] DEBUG Engine               - scaledWidthProp$fxgl: DoubleProperty [bound, value: 800.0]
12:56:04.574 [FXGL Background Thread 3 ] DEBUG Engine               - sceneFactory: com.almasb.fxgl.app.scene.SceneFactory@59eae902
12:56:04.574 [FXGL Background Thread 3 ] DEBUG Engine               - secondsIn24h: 60
12:56:04.574 [FXGL Background Thread 3 ] DEBUG Engine               - soundMenuBack: menu/back.wav
12:56:04.574 [FXGL Background Thread 3 ] DEBUG Engine               - soundMenuPress: menu/press.wav
12:56:04.574 [FXGL Background Thread 3 ] DEBUG Engine               - soundMenuSelect: menu/select.wav
12:56:04.574 [FXGL Background Thread 3 ] DEBUG Engine               - soundNotification: core/notification.wav
12:56:04.574 [FXGL Background Thread 3 ] DEBUG Engine               - stageStyle: DECORATED
12:56:04.574 [FXGL Background Thread 3 ] DEBUG Engine               - supportedLanguages: [ENGLISH, FRENCH, GERMAN, HUNGARIAN, RUSSIAN]
12:56:04.575 [FXGL Background Thread 3 ] DEBUG Engine               - ticksPerSecond: -1
12:56:04.575 [FXGL Background Thread 3 ] DEBUG Engine               - title: Basic Game App
12:56:04.575 [FXGL Background Thread 3 ] DEBUG Engine               - urlGithub: https://github.com/AlmasB/FXGL
12:56:04.575 [FXGL Background Thread 3 ] DEBUG Engine               - urlLeaderboard: http://fxgl-top.herokuapp.com/
12:56:04.575 [FXGL Background Thread 3 ] DEBUG Engine               - urlPOM: https://raw.githubusercontent.com/AlmasB/FXGL/release/README.md
12:56:04.575 [FXGL Background Thread 3 ] DEBUG Engine               - userAppClass: class org.example.simulador_restaurante.HelloApplication
12:56:04.575 [FXGL Background Thread 3 ] DEBUG Engine               - version: 0.0
12:56:04.575 [FXGL Background Thread 3 ] DEBUG Engine               - versionCheckDays: 7
12:56:04.575 [FXGL Background Thread 3 ] DEBUG Engine               - width: 800
12:56:04.575 [FXGL Background Thread 3 ] DEBUG Engine               - Logging services
12:56:04.575 [FXGL Background Thread 3 ] DEBUG Engine               - class com.almasb.fxgl.app.services.FXGLAssetLoaderService
12:56:04.575 [FXGL Background Thread 3 ] DEBUG Engine               - class com.almasb.fxgl.app.FXGLApplication$GameApplicationService
12:56:04.575 [FXGL Background Thread 3 ] DEBUG Engine               - class com.almasb.fxgl.app.services.FXGLDialogService
12:56:04.575 [FXGL Background Thread 3 ] DEBUG Engine               - class com.almasb.fxgl.app.services.IOTaskExecutorService
12:56:04.575 [FXGL Background Thread 3 ] DEBUG Engine               - class com.almasb.fxgl.io.FileSystemService
12:56:04.575 [FXGL Background Thread 3 ] DEBUG Engine               - class com.almasb.fxgl.localization.LocalizationService
12:56:04.576 [FXGL Background Thread 3 ] DEBUG Engine               - class com.almasb.fxgl.app.services.SystemBundleService
12:56:04.576 [FXGL Background Thread 3 ] DEBUG Engine               - class com.almasb.fxgl.profile.SaveLoadService
12:56:04.576 [FXGL Background Thread 3 ] DEBUG Engine               - class com.almasb.fxgl.ui.FXGLUIFactoryServiceProvider
12:56:04.576 [FXGL Background Thread 3 ] DEBUG Engine               - class com.almasb.fxgl.ui.FXGLDialogFactoryServiceProvider
12:56:04.576 [FXGL Background Thread 3 ] DEBUG Engine               - class com.almasb.fxgl.audio.AudioPlayer
12:56:04.576 [FXGL Background Thread 3 ] DEBUG Engine               - class com.almasb.fxgl.notification.impl.NotificationServiceProvider
12:56:04.576 [FXGL Background Thread 3 ] DEBUG Engine               - class com.almasb.fxgl.achievement.AchievementService
12:56:04.576 [FXGL Background Thread 3 ] DEBUG Engine               - class com.almasb.fxgl.cutscene.CutsceneService
12:56:04.576 [FXGL Background Thread 3 ] DEBUG Engine               - class com.almasb.fxgl.minigames.MiniGameService
12:56:04.576 [FXGL Background Thread 3 ] DEBUG Engine               - class com.almasb.fxgl.net.NetService
12:56:04.576 [FXGL Background Thread 3 ] DEBUG Engine               - class com.almasb.fxgl.app.services.UpdaterService
12:56:04.576 [FXGL Background Thread 3 ] DEBUG Engine               - class com.almasb.fxgl.dev.DevService
12:56:15.786 [JavaFX Application Thread] DEBUG FXGLApplication      - Exiting FXGL
12:56:15.787 [JavaFX Application Thread] DEBUG Async                - Shutting down background threads
12:56:15.787 [JavaFX Application Thread] DEBUG PrimaryStageWindow   - Closing main window
12:56:15.838 [JavaFX Application Thread] DEBUG Logger               - Closing Logger
