18:04:00.985 [main                     ] DEBUG Logger               - Configured Logger
18:04:01.012 [main                     ] DEBUG GameApplication      - Logging settings
Title: Simulador Restaurante :D
Version: 0.0
Width: 1200
Height: 750
Fullscreen: false
Intro: false
Profiling: false
Single step:false
App Mode: DEVELOPER
Menu Key: ESCAPE
Stage Style: DECORATED
Scene Factory: class com.almasb.fxgl.app.scene.SceneFactory

18:04:01.253 [JavaFX Application Thread] DEBUG FXGLApplication      - Initializing FXGL
18:04:01.257 [JavaFX Application Thread] INFO  Engine               - FXGL-17.3 (30.03.2023 11.49) on WINDOWS (J:17.0.9 FX:17.0.6)
18:04:01.257 [JavaFX Application Thread] DEBUG Engine               - JRE Vendor Name: Oracle Corporation
18:04:01.258 [JavaFX Application Thread] DEBUG Engine               - Running on OS: Windows 11 version 10.0
18:04:01.258 [JavaFX Application Thread] DEBUG Engine               - Architecture: amd64
18:04:01.258 [JavaFX Application Thread] INFO  Engine               - Source code and latest versions at: https://github.com/AlmasB/FXGL
18:04:01.258 [JavaFX Application Thread] INFO  Engine               -       Ask questions and discuss at: https://github.com/AlmasB/FXGL/discussions
18:04:01.258 [JavaFX Application Thread] INFO  Engine               -              Join the FXGL chat at: https://gitter.im/AlmasB/FXGL
18:04:01.325 [JavaFX Application Thread] DEBUG PrimaryStageWindow   - Creating a JavaFX scene
18:04:01.361 [JavaFX Application Thread] DEBUG PrimaryStageWindow   - Target settings size: 1200.0 x 750.0
18:04:01.361 [JavaFX Application Thread] DEBUG PrimaryStageWindow   - Scaled scene size:    1200.0 x 750.0
18:04:01.362 [JavaFX Application Thread] DEBUG PrimaryStageWindow   - Scaled ratio: (1.0, 1.0)
18:04:01.362 [JavaFX Application Thread] DEBUG PrimaryStageWindow   - Set initial scene to FXGLStartupScene
18:04:01.367 [JavaFX Application Thread] DEBUG PrimaryStageWindow   - Opening main window
18:04:01.434 [JavaFX Application Thread] DEBUG PrimaryStageWindow   - Window border size: (14.4000244140625, 38.0)
18:04:01.434 [JavaFX Application Thread] DEBUG PrimaryStageWindow   - Scaled size: 1200.0 x 750.0
18:04:01.435 [JavaFX Application Thread] DEBUG PrimaryStageWindow   - Scaled ratio: (1.0, 1.0)
18:04:01.435 [JavaFX Application Thread] DEBUG PrimaryStageWindow   - Scene size: 1200.0 x 750.0
18:04:01.435 [JavaFX Application Thread] DEBUG PrimaryStageWindow   - Stage size: 1214.4000244140625 x 788.0
18:04:01.440 [FXGL Background Thread 1 ] DEBUG Engine               - Initializing environment variables
18:04:01.464 [FXGL Background Thread 1 ] DEBUG FXGLAssetLoaderServi - User app class for loading assets: class org.example.simulador_restaurante.HelloApplication
18:04:01.465 [FXGL Background Thread 1 ] DEBUG GameApplicationServi - Applying CSS: fxgl_dark.css
18:04:01.465 [FXGL Background Thread 1 ] DEBUG FXGLAssetLoaderServi - Loading from file system: jar:file:///C:/Users/emili/.m2/repository/com/github/almasb/fxgl/17.3/fxgl-17.3.jar!/fxglassets/ui/css/fxgl_dark.css
18:04:01.503 [FXGL Background Thread 1 ] DEBUG GameApplicationServi - Initializing application scenes
18:04:01.560 [FXGL Background Thread 1 ] DEBUG GameWorld            - Game world initialized
18:04:01.620 [FXGL Background Thread 1 ] DEBUG PhysicsWorld         - Physics world initialized: appHeight=750, physics.ppm=50.0
18:04:01.620 [FXGL Background Thread 1 ] DEBUG PhysicsWorld         - Using strategy: BRUTE_FORCE
18:04:01.624 [FXGL Background Thread 1 ] DEBUG GameScene            - Game scene initialized: 1200x750
18:04:01.642 [FXGL Background Thread 1 ] DEBUG FXGL.DefaultMenu     - createMenuBodyGameMenu()
18:04:01.668 [FXGL Background Thread 1 ] DEBUG FXGL.DefaultMenu     - createOptionsMenu()
18:04:01.681 [FXGL Background Thread 1 ] DEBUG FXGLAssetLoaderServi - Loading from file system: jar:file:///C:/Users/emili/.m2/repository/com/github/almasb/fxgl/17.3/fxgl-17.3.jar!/fxglassets/textures/particles/smoke.png
18:04:01.787 [FXGL Background Thread 1 ] DEBUG FXGLAssetLoaderServi - Loading from file system: jar:file:///C:/Users/emili/.m2/repository/com/github/almasb/fxgl/17.3/fxgl-17.3.jar!/fxglassets/textures/particles/trace_horizontal.png
18:04:01.818 [FXGL Background Thread 1 ] DEBUG GameApplicationServi - Application scenes initialized
18:04:01.833 [FXGL Background Thread 1 ] DEBUG SystemBundleService  - Loading FXGL system data
18:04:01.837 [FXGL Background Thread 1 ] DEBUG FileSystemAccess     - Reading from: C:\Users\emili\OneDrive\Escritorio\UP\Septimo cuatrimestre\programacion concurrente\corte 3\Simulador-restaurante\system\fxgl.bundle
18:04:01.843 [FXGL Background Thread 1 ] DEBUG SystemBundleService  - Bundle FXGL: {}
18:04:01.843 [FXGL Background Thread 1 ] DEBUG UpdaterService       - Checking for updates
18:04:01.846 [FXGL Background Thread 4 ] DEBUG FXGLApplication      - Loading fonts
18:04:01.847 [FXGL Background Thread 4 ] DEBUG FXGLAssetLoaderServi - Loading from file system: jar:file:///C:/Users/emili/.m2/repository/com/github/almasb/fxgl/17.3/fxgl-17.3.jar!/fxglassets/ui/fonts/VarelaRound-Regular.ttf
18:04:01.848 [FXGL Background Thread 1 ] DEBUG FXGLApplication      - Loading default localization
18:04:01.848 [FXGL Background Thread 1 ] DEBUG FXGLAssetLoaderServi - Loading from file system: jar:file:///C:/Users/emili/.m2/repository/com/github/almasb/fxgl/17.3/fxgl-17.3.jar!/fxglassets/languages/english.lang
18:04:01.876 [FXGL Background Thread 1 ] INFO  FXGLApplication      - FXGL initialization took: 0.434 sec
18:04:01.877 [JavaFX Application Thread] DEBUG FXGLAssetLoaderServi - Loading from file system: jar:file:///C:/Users/emili/.m2/repository/com/github/almasb/fxgl/17.3/fxgl-17.3.jar!/fxglassets/textures/fxgl_icon.png
18:04:01.900 [JavaFX Application Thread] DEBUG FXGLAssetLoaderServi - Loading from file system: jar:file:///C:/Users/emili/.m2/repository/com/github/almasb/fxgl/17.3/fxgl-17.3.jar!/fxglassets/textures/fxgl_default_cursor.png
18:04:01.929 [FXGL Background Thread 4 ] DEBUG FXGLAssetLoaderServi - Loading from file system: jar:file:///C:/Users/emili/.m2/repository/com/github/almasb/fxgl/17.3/fxgl-17.3.jar!/fxglassets/ui/fonts/Abel-Regular.ttf
18:04:01.932 [FXGL Background Thread 4 ] DEBUG FXGLAssetLoaderServi - Loading from file system: jar:file:///C:/Users/emili/.m2/repository/com/github/almasb/fxgl/17.3/fxgl-17.3.jar!/fxglassets/ui/fonts/TerminalLandMono-Regular.otf
18:04:01.934 [FXGL Background Thread 4 ] DEBUG FXGLAssetLoaderServi - Loading from file system: jar:file:///C:/Users/emili/.m2/repository/com/github/almasb/fxgl/17.3/fxgl-17.3.jar!/fxglassets/ui/fonts/Courier-Prime.ttf
18:04:01.940 [JavaFX Application Thread] DEBUG Input                - Registered new binding: Screenshot - CTRL+8
18:04:01.942 [JavaFX Application Thread] DEBUG Input                - Registered new binding: System info dump - CTRL+9
18:04:01.943 [JavaFX Application Thread] DEBUG Input                - Registered new binding: Restart - CTRL+R
18:04:01.947 [JavaFX Application Thread] DEBUG Input                - Registered new binding: Toggle Debug Camera - CTRL+7
18:04:01.954 [JavaFX Application Thread] DEBUG LoopRunner           - Starting loop
18:04:01.954 [JavaFX Application Thread] DEBUG LoopRunner           - Initializing JavaFX AnimationTimerLoop
18:04:01.956 [JavaFX Application Thread] DEBUG GameApplicationServi - Starting new game
18:04:01.956 [JavaFX Application Thread] DEBUG Input                - Clearing active input actions
18:04:01.970 [JavaFX Application Thread] DEBUG GameApplicationServi - Removing overlay from FXGLStartupScene and adding to FXGLLoadingScene
18:04:01.971 [JavaFX Application Thread] DEBUG PrimaryStageWindow   - FXGLStartupScene -> FXGLLoadingScene
18:04:01.971 [JavaFX Application Thread] DEBUG GameApplicationServi - Clearing previous game
18:04:01.971 [JavaFX Application Thread] DEBUG GameScene            - Clearing game scene
18:04:01.971 [JavaFX Application Thread] DEBUG GameWorld            - Clearing game world
18:04:01.971 [JavaFX Application Thread] DEBUG PhysicsWorld         - Clearing physics world
18:04:01.974 [JavaFX Application Thread] DEBUG FXGLApplication      - Registering font factories with UI factory
18:04:01.974 [FXGL Background Thread 4 ] DEBUG FXGLApplication      - Initializing game
18:04:01.993 [FXGL Background Thread 4 ] DEBUG FXGLAssetLoaderServi - Loading from file system: file:/C:/Users/emili/OneDrive/Escritorio/UP/Septimo%20cuatrimestre/programacion%20concurrente/corte%203/Simulador-restaurante/target/classes/assets/textures/wood_floor.jpg
18:04:02.042 [FXGL Background Thread 4 ] DEBUG FXGLAssetLoaderServi - Loading from file system: file:/C:/Users/emili/OneDrive/Escritorio/UP/Septimo%20cuatrimestre/programacion%20concurrente/corte%203/Simulador-restaurante/target/classes/assets/textures/receptionist.png
18:04:02.047 [FXGL Background Thread 4 ] DEBUG FXGLAssetLoaderServi - Loading from file system: file:/C:/Users/emili/OneDrive/Escritorio/UP/Septimo%20cuatrimestre/programacion%20concurrente/corte%203/Simulador-restaurante/target/classes/assets/textures/table.png
18:04:02.063 [FXGL Background Thread 4 ] DEBUG FXGLAssetLoaderServi - Loading from file system: file:/C:/Users/emili/OneDrive/Escritorio/UP/Septimo%20cuatrimestre/programacion%20concurrente/corte%203/Simulador-restaurante/target/classes/assets/textures/chef.png
18:04:02.069 [FXGL Background Thread 4 ] INFO  FXGLApplication      - Game initialization took: 0.095 sec
18:04:02.134 [JavaFX Application Thread] DEBUG Input                - Clearing active input actions
18:04:02.141 [JavaFX Application Thread] DEBUG GameApplicationServi - Removing overlay from FXGLLoadingScene and adding to GameScene
18:04:02.141 [JavaFX Application Thread] DEBUG PrimaryStageWindow   - FXGLLoadingScene -> GameScene
18:04:02.434 [FXGL Background Thread 2 ] INFO  UpdaterService       - Your current version:  17.3
18:04:02.434 [FXGL Background Thread 2 ] INFO  UpdaterService       - Latest stable version: 21.1
18:04:03.812 [JavaFX Application Thread] DEBUG FXGLApplication      - Exiting FXGL
18:04:03.812 [JavaFX Application Thread] DEBUG LoopRunner           - Stopping loop
18:04:03.812 [JavaFX Application Thread] DEBUG SystemBundleService  - Saving FXGL system data
18:04:03.816 [JavaFX Application Thread] DEBUG FileSystemAccess     - Writing to: C:\Users\emili\OneDrive\Escritorio\UP\Septimo cuatrimestre\programacion concurrente\corte 3\Simulador-restaurante\system\fxgl.bundle
18:04:03.817 [JavaFX Application Thread] DEBUG Async                - Shutting down background threads
18:04:03.817 [JavaFX Application Thread] DEBUG PrimaryStageWindow   - Closing main window
18:04:03.830 [JavaFX Application Thread] DEBUG Logger               - Closing Logger
