08:56:15.812 [main                     ] DEBUG Logger               - Configured Logger
08:56:15.838 [main                     ] DEBUG GameApplication      - Logging settings
Title: Basic Game App
Version: 0.0
Width: 800
Height: 600
Fullscreen: false
Intro: false
Profiling: false
Single step:false
App Mode: DEVELOPER
Menu Key: ESCAPE
Stage Style: DECORATED
Scene Factory: class com.almasb.fxgl.app.scene.SceneFactory

08:56:16.108 [JavaFX Application Thread] DEBUG FXGLApplication      - Initializing FXGL
08:56:16.112 [JavaFX Application Thread] INFO  Engine               - FXGL-17.3 (30.03.2023 11.49) on WINDOWS (J:17.0.9 FX:17.0.6)
08:56:16.112 [JavaFX Application Thread] DEBUG Engine               - JRE Vendor Name: Oracle Corporation
08:56:16.112 [JavaFX Application Thread] DEBUG Engine               - Running on OS: Windows 11 version 10.0
08:56:16.113 [JavaFX Application Thread] DEBUG Engine               - Architecture: amd64
08:56:16.113 [JavaFX Application Thread] INFO  Engine               - Source code and latest versions at: https://github.com/AlmasB/FXGL
08:56:16.113 [JavaFX Application Thread] INFO  Engine               -       Ask questions and discuss at: https://github.com/AlmasB/FXGL/discussions
08:56:16.113 [JavaFX Application Thread] INFO  Engine               -              Join the FXGL chat at: https://gitter.im/AlmasB/FXGL
08:56:16.172 [JavaFX Application Thread] DEBUG PrimaryStageWindow   - Creating a JavaFX scene
08:56:16.207 [JavaFX Application Thread] DEBUG PrimaryStageWindow   - Target settings size: 800.0 x 600.0
08:56:16.207 [JavaFX Application Thread] DEBUG PrimaryStageWindow   - Scaled scene size:    800.0 x 600.0
08:56:16.207 [JavaFX Application Thread] DEBUG PrimaryStageWindow   - Scaled ratio: (1.0, 1.0)
08:56:16.209 [JavaFX Application Thread] DEBUG PrimaryStageWindow   - Set initial scene to FXGLStartupScene
08:56:16.213 [JavaFX Application Thread] DEBUG PrimaryStageWindow   - Opening main window
08:56:16.290 [JavaFX Application Thread] DEBUG PrimaryStageWindow   - Window border size: (14.4000244140625, 37.5999755859375)
08:56:16.290 [JavaFX Application Thread] DEBUG PrimaryStageWindow   - Scaled size: 800.0 x 600.0
08:56:16.291 [JavaFX Application Thread] DEBUG PrimaryStageWindow   - Scaled ratio: (1.0, 1.0)
08:56:16.291 [JavaFX Application Thread] DEBUG PrimaryStageWindow   - Scene size: 800.0 x 600.0
08:56:16.292 [JavaFX Application Thread] DEBUG PrimaryStageWindow   - Stage size: 814.4000244140625 x 637.5999755859375
08:56:16.298 [FXGL Background Thread 1 ] DEBUG Engine               - Initializing environment variables
08:56:16.335 [FXGL Background Thread 1 ] DEBUG FXGLAssetLoaderServi - User app class for loading assets: class org.example.simulador_restaurante.HelloApplication
08:56:16.335 [FXGL Background Thread 1 ] DEBUG GameApplicationServi - Applying CSS: fxgl_dark.css
08:56:16.336 [FXGL Background Thread 1 ] DEBUG FXGLAssetLoaderServi - Loading from file system: jar:file:///C:/Users/emili/.m2/repository/com/github/almasb/fxgl/17.3/fxgl-17.3.jar!/fxglassets/ui/css/fxgl_dark.css
08:56:16.383 [FXGL Background Thread 1 ] DEBUG GameApplicationServi - Initializing application scenes
08:56:16.449 [FXGL Background Thread 1 ] DEBUG GameWorld            - Game world initialized
08:56:16.534 [FXGL Background Thread 1 ] DEBUG PhysicsWorld         - Physics world initialized: appHeight=600, physics.ppm=50.0
08:56:16.534 [FXGL Background Thread 1 ] DEBUG PhysicsWorld         - Using strategy: BRUTE_FORCE
08:56:16.538 [FXGL Background Thread 1 ] DEBUG GameScene            - Game scene initialized: 800x600
08:56:16.553 [FXGL Background Thread 1 ] DEBUG FXGL.DefaultMenu     - createMenuBodyGameMenu()
08:56:16.565 [FXGL Background Thread 1 ] DEBUG FXGL.DefaultMenu     - createOptionsMenu()
08:56:16.573 [FXGL Background Thread 1 ] DEBUG FXGLAssetLoaderServi - Loading from file system: jar:file:///C:/Users/emili/.m2/repository/com/github/almasb/fxgl/17.3/fxgl-17.3.jar!/fxglassets/textures/particles/smoke.png
08:56:16.672 [FXGL Background Thread 1 ] DEBUG FXGLAssetLoaderServi - Loading from file system: jar:file:///C:/Users/emili/.m2/repository/com/github/almasb/fxgl/17.3/fxgl-17.3.jar!/fxglassets/textures/particles/trace_horizontal.png
08:56:16.698 [FXGL Background Thread 1 ] DEBUG GameApplicationServi - Application scenes initialized
08:56:16.716 [FXGL Background Thread 1 ] DEBUG SystemBundleService  - Loading default FXGL system data
08:56:16.718 [FXGL Background Thread 1 ] DEBUG UpdaterService       - Checking for updates
08:56:16.721 [FXGL Background Thread 4 ] DEBUG FXGLApplication      - Loading fonts
08:56:16.721 [FXGL Background Thread 4 ] DEBUG FXGLAssetLoaderServi - Loading from file system: jar:file:///C:/Users/emili/.m2/repository/com/github/almasb/fxgl/17.3/fxgl-17.3.jar!/fxglassets/ui/fonts/VarelaRound-Regular.ttf
08:56:16.721 [FXGL Background Thread 1 ] DEBUG FXGLApplication      - Loading default localization
08:56:16.721 [FXGL Background Thread 1 ] DEBUG FXGLAssetLoaderServi - Loading from file system: jar:file:///C:/Users/emili/.m2/repository/com/github/almasb/fxgl/17.3/fxgl-17.3.jar!/fxglassets/languages/english.lang
08:56:16.753 [FXGL Background Thread 1 ] INFO  FXGLApplication      - FXGL initialization took: 0.455 sec
08:56:16.755 [JavaFX Application Thread] DEBUG FXGLAssetLoaderServi - Loading from file system: jar:file:///C:/Users/emili/.m2/repository/com/github/almasb/fxgl/17.3/fxgl-17.3.jar!/fxglassets/textures/fxgl_icon.png
08:56:16.771 [JavaFX Application Thread] DEBUG FXGLAssetLoaderServi - Loading from file system: jar:file:///C:/Users/emili/.m2/repository/com/github/almasb/fxgl/17.3/fxgl-17.3.jar!/fxglassets/textures/fxgl_default_cursor.png
08:56:16.786 [JavaFX Application Thread] DEBUG Input                - Registered new binding: Screenshot - CTRL+8
08:56:16.787 [JavaFX Application Thread] DEBUG Input                - Registered new binding: System info dump - CTRL+9
08:56:16.788 [JavaFX Application Thread] DEBUG Input                - Registered new binding: Restart - CTRL+R
08:56:16.789 [JavaFX Application Thread] DEBUG Input                - Registered new binding: Toggle Debug Camera - CTRL+7
08:56:16.794 [JavaFX Application Thread] DEBUG LoopRunner           - Starting loop
08:56:16.794 [JavaFX Application Thread] DEBUG LoopRunner           - Initializing JavaFX AnimationTimerLoop
08:56:16.803 [JavaFX Application Thread] DEBUG GameApplicationServi - Starting new game
08:56:16.803 [JavaFX Application Thread] DEBUG Input                - Clearing active input actions
08:56:16.817 [FXGL Background Thread 4 ] DEBUG FXGLAssetLoaderServi - Loading from file system: jar:file:///C:/Users/emili/.m2/repository/com/github/almasb/fxgl/17.3/fxgl-17.3.jar!/fxglassets/ui/fonts/Abel-Regular.ttf
08:56:16.822 [FXGL Background Thread 4 ] DEBUG FXGLAssetLoaderServi - Loading from file system: jar:file:///C:/Users/emili/.m2/repository/com/github/almasb/fxgl/17.3/fxgl-17.3.jar!/fxglassets/ui/fonts/TerminalLandMono-Regular.otf
08:56:16.822 [JavaFX Application Thread] DEBUG GameApplicationServi - Removing overlay from FXGLStartupScene and adding to FXGLLoadingScene
08:56:16.823 [JavaFX Application Thread] DEBUG PrimaryStageWindow   - FXGLStartupScene -> FXGLLoadingScene
08:56:16.823 [JavaFX Application Thread] DEBUG GameApplicationServi - Clearing previous game
08:56:16.823 [JavaFX Application Thread] DEBUG GameScene            - Clearing game scene
08:56:16.823 [JavaFX Application Thread] DEBUG GameWorld            - Clearing game world
08:56:16.823 [JavaFX Application Thread] DEBUG PhysicsWorld         - Clearing physics world
08:56:16.825 [FXGL Background Thread 4 ] DEBUG FXGLAssetLoaderServi - Loading from file system: jar:file:///C:/Users/emili/.m2/repository/com/github/almasb/fxgl/17.3/fxgl-17.3.jar!/fxglassets/ui/fonts/Courier-Prime.ttf
08:56:16.828 [FXGL Background Thread 1 ] DEBUG FXGLApplication      - Initializing game
08:56:16.833 [FXGL Background Thread 1 ] INFO  FXGLApplication      - Game initialization took: 0.005 sec
08:56:16.879 [JavaFX Application Thread] DEBUG Input                - Clearing active input actions
08:56:16.885 [JavaFX Application Thread] DEBUG GameApplicationServi - Removing overlay from FXGLLoadingScene and adding to GameScene
08:56:16.885 [JavaFX Application Thread] DEBUG PrimaryStageWindow   - FXGLLoadingScene -> GameScene
08:56:16.886 [JavaFX Application Thread] DEBUG FXGLApplication      - Registering font factories with UI factory
08:56:17.332 [FXGL Background Thread 2 ] INFO  UpdaterService       - Your current version:  17.3
08:56:17.332 [FXGL Background Thread 2 ] INFO  UpdaterService       - Latest stable version: 21.1
08:56:19.721 [FXGL Background Thread 3 ] DEBUG Engine               - Logging environment variables
08:56:19.721 [FXGL Background Thread 3 ] DEBUG Engine               - achievements: []
08:56:19.721 [FXGL Background Thread 3 ] DEBUG Engine               - actualHeight: 600.0
08:56:19.721 [FXGL Background Thread 3 ] DEBUG Engine               - actualHeightProperty: ReadOnlyDoubleProperty [value: 600.0]
08:56:19.721 [FXGL Background Thread 3 ] DEBUG Engine               - actualWidth: 800.0
08:56:19.721 [FXGL Background Thread 3 ] DEBUG Engine               - actualWidthProperty: ReadOnlyDoubleProperty [value: 800.0]
08:56:19.721 [FXGL Background Thread 3 ] DEBUG Engine               - appIcon: fxgl_icon.png
08:56:19.722 [FXGL Background Thread 3 ] DEBUG Engine               - applicationMode: DEVELOPER
08:56:19.722 [FXGL Background Thread 3 ] DEBUG Engine               - cSSList: [fxgl_dark.css]
08:56:19.722 [FXGL Background Thread 3 ] DEBUG Engine               - collisionDetectionStrategy: BRUTE_FORCE
08:56:19.722 [FXGL Background Thread 3 ] DEBUG Engine               - configClass: Optional.empty
08:56:19.722 [FXGL Background Thread 3 ] DEBUG Engine               - credits: []
08:56:19.722 [FXGL Background Thread 3 ] DEBUG Engine               - defaultCursor: CursorInfo(imageName=fxgl_default_cursor.png, hotspotX=7.0, hotspotY=6.0)
08:56:19.722 [FXGL Background Thread 3 ] DEBUG Engine               - devBBoxColorProperty: ObjectProperty [value: 0xff0000ff]
08:56:19.722 [FXGL Background Thread 3 ] DEBUG Engine               - devEnableDebugCameraProperty: BooleanProperty [value: false]
08:56:19.722 [FXGL Background Thread 3 ] DEBUG Engine               - devSensorColorProperty: ObjectProperty [value: 0xffff00ff]
08:56:19.723 [FXGL Background Thread 3 ] DEBUG Engine               - devShowBBoxProperty: BooleanProperty [value: false]
08:56:19.723 [FXGL Background Thread 3 ] DEBUG Engine               - devShowPositionProperty: BooleanProperty [value: false]
08:56:19.723 [FXGL Background Thread 3 ] DEBUG Engine               - enabledMenuItems: []
08:56:19.723 [FXGL Background Thread 3 ] DEBUG Engine               - engineServices: [class com.almasb.fxgl.app.services.FXGLAssetLoaderService, class com.almasb.fxgl.app.FXGLApplication$GameApplicationService, class com.almasb.fxgl.app.services.FXGLDialogService, class com.almasb.fxgl.app.services.IOTaskExecutorService, class com.almasb.fxgl.io.FileSystemService, class com.almasb.fxgl.localization.LocalizationService, class com.almasb.fxgl.app.services.SystemBundleService, class com.almasb.fxgl.profile.SaveLoadService, class com.almasb.fxgl.ui.FXGLUIFactoryServiceProvider, class com.almasb.fxgl.ui.FXGLDialogFactoryServiceProvider, class com.almasb.fxgl.audio.AudioPlayer, class com.almasb.fxgl.notification.impl.NotificationServiceProvider, class com.almasb.fxgl.achievement.AchievementService, class com.almasb.fxgl.cutscene.CutsceneService, class com.almasb.fxgl.minigames.MiniGameService, class com.almasb.fxgl.net.NetService, class com.almasb.fxgl.app.services.UpdaterService, class com.almasb.fxgl.dev.DevService]
08:56:19.723 [FXGL Background Thread 3 ] DEBUG Engine               - fontGame: Abel-Regular.ttf
08:56:19.723 [FXGL Background Thread 3 ] DEBUG Engine               - fontMono: TerminalLandMono-Regular.otf
08:56:19.723 [FXGL Background Thread 3 ] DEBUG Engine               - fontSizeScaleUI: 1.0
08:56:19.723 [FXGL Background Thread 3 ] DEBUG Engine               - fontText: Courier-Prime.ttf
08:56:19.723 [FXGL Background Thread 3 ] DEBUG Engine               - fontUI: VarelaRound-Regular.ttf
08:56:19.723 [FXGL Background Thread 3 ] DEBUG Engine               - fullScreen: BooleanProperty [value: false]
08:56:19.723 [FXGL Background Thread 3 ] DEBUG Engine               - gameDifficulty: MEDIUM
08:56:19.723 [FXGL Background Thread 3 ] DEBUG Engine               - gameDifficultyProperty: ObjectProperty [value: MEDIUM]
08:56:19.723 [FXGL Background Thread 3 ] DEBUG Engine               - globalMusicVolume: 0.5
08:56:19.723 [FXGL Background Thread 3 ] DEBUG Engine               - globalMusicVolumeProperty: DoubleProperty [value: 0.5]
08:56:19.723 [FXGL Background Thread 3 ] DEBUG Engine               - globalSoundVolume: 0.5
08:56:19.723 [FXGL Background Thread 3 ] DEBUG Engine               - globalSoundVolumeProperty: DoubleProperty [value: 0.5]
08:56:19.724 [FXGL Background Thread 3 ] DEBUG Engine               - height: 600
08:56:19.724 [FXGL Background Thread 3 ] DEBUG Engine               - is3D: false
08:56:19.724 [FXGL Background Thread 3 ] DEBUG Engine               - isAndroid: false
08:56:19.724 [FXGL Background Thread 3 ] DEBUG Engine               - isBrowser: false
08:56:19.724 [FXGL Background Thread 3 ] DEBUG Engine               - isClickFeedbackEnabled: false
08:56:19.724 [FXGL Background Thread 3 ] DEBUG Engine               - isCloseConfirmation: false
08:56:19.724 [FXGL Background Thread 3 ] DEBUG Engine               - isDesktop: true
08:56:19.724 [FXGL Background Thread 3 ] DEBUG Engine               - isDeveloperMenuEnabled: false
08:56:19.724 [FXGL Background Thread 3 ] DEBUG Engine               - isEmbedded: false
08:56:19.724 [FXGL Background Thread 3 ] DEBUG Engine               - isEntityPreloadEnabled: true
08:56:19.724 [FXGL Background Thread 3 ] DEBUG Engine               - isExperimentalTiledLargeMap: false
08:56:19.724 [FXGL Background Thread 3 ] DEBUG Engine               - isFileSystemWriteAllowed: true
08:56:19.724 [FXGL Background Thread 3 ] DEBUG Engine               - isFullScreenAllowed: false
08:56:19.724 [FXGL Background Thread 3 ] DEBUG Engine               - isFullScreenFromStart: false
08:56:19.724 [FXGL Background Thread 3 ] DEBUG Engine               - isGameMenuEnabled: true
08:56:19.724 [FXGL Background Thread 3 ] DEBUG Engine               - isIOS: false
08:56:19.724 [FXGL Background Thread 3 ] DEBUG Engine               - isIntroEnabled: false
08:56:19.724 [FXGL Background Thread 3 ] DEBUG Engine               - isLinux: false
08:56:19.724 [FXGL Background Thread 3 ] DEBUG Engine               - isMac: false
08:56:19.724 [FXGL Background Thread 3 ] DEBUG Engine               - isMainMenuEnabled: false
08:56:19.724 [FXGL Background Thread 3 ] DEBUG Engine               - isManualResizeEnabled: false
08:56:19.724 [FXGL Background Thread 3 ] DEBUG Engine               - isMobile: false
08:56:19.724 [FXGL Background Thread 3 ] DEBUG Engine               - isNative: false
08:56:19.724 [FXGL Background Thread 3 ] DEBUG Engine               - isPauseMusicWhenMinimized: true
08:56:19.724 [FXGL Background Thread 3 ] DEBUG Engine               - isPreserveResizeRatio: false
08:56:19.725 [FXGL Background Thread 3 ] DEBUG Engine               - isProfilingEnabled: false
08:56:19.725 [FXGL Background Thread 3 ] DEBUG Engine               - isScaleAffectedOnResize: true
08:56:19.725 [FXGL Background Thread 3 ] DEBUG Engine               - isSingleStep: false
08:56:19.725 [FXGL Background Thread 3 ] DEBUG Engine               - isUserProfileEnabled: false
08:56:19.725 [FXGL Background Thread 3 ] DEBUG Engine               - isWindows: true
08:56:19.725 [FXGL Background Thread 3 ] DEBUG Engine               - language: ObjectProperty [value: ENGLISH]
08:56:19.725 [FXGL Background Thread 3 ] DEBUG Engine               - menuKey: ESCAPE
08:56:19.725 [FXGL Background Thread 3 ] DEBUG Engine               - mouseSensitivity: 0.2
08:56:19.725 [FXGL Background Thread 3 ] DEBUG Engine               - notificationViewClass: class com.almasb.fxgl.notification.view.XboxNotificationView
08:56:19.725 [FXGL Background Thread 3 ] DEBUG Engine               - pixelsPerMeter: 50.0
08:56:19.725 [FXGL Background Thread 3 ] DEBUG Engine               - platform: WINDOWS
08:56:19.725 [FXGL Background Thread 3 ] DEBUG Engine               - prefHeightProperty: ReadOnlyDoubleProperty [value: 600.0]
08:56:19.725 [FXGL Background Thread 3 ] DEBUG Engine               - prefWidthProperty: ReadOnlyDoubleProperty [value: 800.0]
08:56:19.725 [FXGL Background Thread 3 ] DEBUG Engine               - profileDir: profiles/
08:56:19.725 [FXGL Background Thread 3 ] DEBUG Engine               - profileName: StringProperty [value: DEFAULT]
08:56:19.725 [FXGL Background Thread 3 ] DEBUG Engine               - randomSeed: -1
08:56:19.725 [FXGL Background Thread 3 ] DEBUG Engine               - runtimeInfo: RuntimeInfo(platform=WINDOWS, version=17.3, build=30.03.2023 11.49)
08:56:19.725 [FXGL Background Thread 3 ] DEBUG Engine               - saveFileExt: sav
08:56:19.725 [FXGL Background Thread 3 ] DEBUG Engine               - scaledHeightProp$fxgl: DoubleProperty [bound, value: 600.0]
08:56:19.726 [FXGL Background Thread 3 ] DEBUG Engine               - scaledWidthProp$fxgl: DoubleProperty [bound, value: 800.0]
08:56:19.726 [FXGL Background Thread 3 ] DEBUG Engine               - sceneFactory: com.almasb.fxgl.app.scene.SceneFactory@6af68fbd
08:56:19.726 [FXGL Background Thread 3 ] DEBUG Engine               - secondsIn24h: 60
08:56:19.726 [FXGL Background Thread 3 ] DEBUG Engine               - soundMenuBack: menu/back.wav
08:56:19.726 [FXGL Background Thread 3 ] DEBUG Engine               - soundMenuPress: menu/press.wav
08:56:19.726 [FXGL Background Thread 3 ] DEBUG Engine               - soundMenuSelect: menu/select.wav
08:56:19.726 [FXGL Background Thread 3 ] DEBUG Engine               - soundNotification: core/notification.wav
08:56:19.726 [FXGL Background Thread 3 ] DEBUG Engine               - stageStyle: DECORATED
08:56:19.726 [FXGL Background Thread 3 ] DEBUG Engine               - supportedLanguages: [ENGLISH, FRENCH, GERMAN, HUNGARIAN, RUSSIAN]
08:56:19.726 [FXGL Background Thread 3 ] DEBUG Engine               - ticksPerSecond: -1
08:56:19.726 [FXGL Background Thread 3 ] DEBUG Engine               - title: Basic Game App
08:56:19.726 [FXGL Background Thread 3 ] DEBUG Engine               - urlGithub: https://github.com/AlmasB/FXGL
08:56:19.726 [FXGL Background Thread 3 ] DEBUG Engine               - urlLeaderboard: http://fxgl-top.herokuapp.com/
08:56:19.726 [FXGL Background Thread 3 ] DEBUG Engine               - urlPOM: https://raw.githubusercontent.com/AlmasB/FXGL/release/README.md
08:56:19.726 [FXGL Background Thread 3 ] DEBUG Engine               - userAppClass: class org.example.simulador_restaurante.HelloApplication
08:56:19.726 [FXGL Background Thread 3 ] DEBUG Engine               - version: 0.0
08:56:19.726 [FXGL Background Thread 3 ] DEBUG Engine               - versionCheckDays: 7
08:56:19.726 [FXGL Background Thread 3 ] DEBUG Engine               - width: 800
08:56:19.726 [FXGL Background Thread 3 ] DEBUG Engine               - Logging services
08:56:19.726 [FXGL Background Thread 3 ] DEBUG Engine               - class com.almasb.fxgl.app.services.FXGLAssetLoaderService
08:56:19.726 [FXGL Background Thread 3 ] DEBUG Engine               - class com.almasb.fxgl.app.FXGLApplication$GameApplicationService
08:56:19.726 [FXGL Background Thread 3 ] DEBUG Engine               - class com.almasb.fxgl.app.services.FXGLDialogService
08:56:19.726 [FXGL Background Thread 3 ] DEBUG Engine               - class com.almasb.fxgl.app.services.IOTaskExecutorService
08:56:19.726 [FXGL Background Thread 3 ] DEBUG Engine               - class com.almasb.fxgl.io.FileSystemService
08:56:19.726 [FXGL Background Thread 3 ] DEBUG Engine               - class com.almasb.fxgl.localization.LocalizationService
08:56:19.726 [FXGL Background Thread 3 ] DEBUG Engine               - class com.almasb.fxgl.app.services.SystemBundleService
08:56:19.726 [FXGL Background Thread 3 ] DEBUG Engine               - class com.almasb.fxgl.profile.SaveLoadService
08:56:19.726 [FXGL Background Thread 3 ] DEBUG Engine               - class com.almasb.fxgl.ui.FXGLUIFactoryServiceProvider
08:56:19.726 [FXGL Background Thread 3 ] DEBUG Engine               - class com.almasb.fxgl.ui.FXGLDialogFactoryServiceProvider
08:56:19.726 [FXGL Background Thread 3 ] DEBUG Engine               - class com.almasb.fxgl.audio.AudioPlayer
08:56:19.726 [FXGL Background Thread 3 ] DEBUG Engine               - class com.almasb.fxgl.notification.impl.NotificationServiceProvider
08:56:19.726 [FXGL Background Thread 3 ] DEBUG Engine               - class com.almasb.fxgl.achievement.AchievementService
08:56:19.726 [FXGL Background Thread 3 ] DEBUG Engine               - class com.almasb.fxgl.cutscene.CutsceneService
08:56:19.726 [FXGL Background Thread 3 ] DEBUG Engine               - class com.almasb.fxgl.minigames.MiniGameService
08:56:19.727 [FXGL Background Thread 3 ] DEBUG Engine               - class com.almasb.fxgl.net.NetService
08:56:19.727 [FXGL Background Thread 3 ] DEBUG Engine               - class com.almasb.fxgl.app.services.UpdaterService
08:56:19.727 [FXGL Background Thread 3 ] DEBUG Engine               - class com.almasb.fxgl.dev.DevService
08:56:26.926 [JavaFX Application Thread] DEBUG FXGLApplication      - Exiting FXGL
08:56:26.926 [JavaFX Application Thread] DEBUG LoopRunner           - Stopping loop
08:56:26.926 [JavaFX Application Thread] DEBUG SystemBundleService  - Saving FXGL system data
08:56:26.929 [JavaFX Application Thread] DEBUG FileSystemAccess     - Writing to: C:\Users\emili\OneDrive\Escritorio\UP\Septimo cuatrimestre\programacion concurrente\corte 3\simulador_restaurante\system\fxgl.bundle
08:56:26.934 [JavaFX Application Thread] DEBUG Async                - Shutting down background threads
08:56:26.935 [JavaFX Application Thread] DEBUG PrimaryStageWindow   - Closing main window
08:56:26.949 [JavaFX Application Thread] DEBUG Logger               - Closing Logger
