15:27:06.248 [main                     ] DEBUG Logger               - Configured Logger
15:27:06.296 [main                     ] DEBUG GameApplication      - Logging settings
Title: Simulador Restaurante :D
Version: 1.0
Width: 1200
Height: 760
Fullscreen: false
Intro: false
Profiling: false
Single step:false
App Mode: DEVELOPER
Menu Key: ESCAPE
Stage Style: DECORATED
Scene Factory: class com.almasb.fxgl.app.scene.SceneFactory

15:27:06.861 [JavaFX Application Thread] DEBUG FXGLApplication      - Initializing FXGL
15:27:06.869 [JavaFX Application Thread] INFO  Engine               - FXGL-17.3 (30.03.2023 11.49) on WINDOWS (J:17.0.13 FX:17.0.6)
15:27:06.870 [JavaFX Application Thread] DEBUG Engine               - JRE Vendor Name: Amazon.com Inc.
15:27:06.870 [JavaFX Application Thread] DEBUG Engine               - Running on OS: Windows 11 version 10.0
15:27:06.870 [JavaFX Application Thread] DEBUG Engine               - Architecture: amd64
15:27:06.870 [JavaFX Application Thread] INFO  Engine               - Source code and latest versions at: https://github.com/AlmasB/FXGL
15:27:06.870 [JavaFX Application Thread] INFO  Engine               -       Ask questions and discuss at: https://github.com/AlmasB/FXGL/discussions
15:27:06.870 [JavaFX Application Thread] INFO  Engine               -              Join the FXGL chat at: https://gitter.im/AlmasB/FXGL
15:27:06.966 [JavaFX Application Thread] DEBUG PrimaryStageWindow   - Creating a JavaFX scene
15:27:07.035 [JavaFX Application Thread] DEBUG PrimaryStageWindow   - Target settings size: 1200.0 x 760.0
15:27:07.036 [JavaFX Application Thread] DEBUG PrimaryStageWindow   - Scaled scene size:    1200.0 x 760.0
15:27:07.036 [JavaFX Application Thread] DEBUG PrimaryStageWindow   - Scaled ratio: (1.0, 1.0)
15:27:07.038 [JavaFX Application Thread] DEBUG PrimaryStageWindow   - Set initial scene to FXGLStartupScene
15:27:07.046 [JavaFX Application Thread] DEBUG PrimaryStageWindow   - Opening main window
15:27:07.193 [JavaFX Application Thread] DEBUG PrimaryStageWindow   - Window border size: (14.4000244140625, 37.5999755859375)
15:27:07.194 [JavaFX Application Thread] DEBUG PrimaryStageWindow   - Scaled size: 1200.0 x 760.0
15:27:07.194 [JavaFX Application Thread] DEBUG PrimaryStageWindow   - Scaled ratio: (1.0, 1.0)
15:27:07.195 [JavaFX Application Thread] DEBUG PrimaryStageWindow   - Scene size: 1200.0 x 760.0
15:27:07.195 [JavaFX Application Thread] DEBUG PrimaryStageWindow   - Stage size: 1214.4000244140625 x 797.5999755859375
15:27:07.206 [FXGL Background Thread 1 ] DEBUG Engine               - Initializing environment variables
15:27:07.289 [FXGL Background Thread 1 ] DEBUG FXGLAssetLoaderServi - User app class for loading assets: class org.example.simulador_restaurante.HelloApplication
15:27:07.289 [FXGL Background Thread 1 ] DEBUG GameApplicationServi - Applying CSS: fxgl_dark.css
15:27:07.291 [FXGL Background Thread 1 ] DEBUG FXGLAssetLoaderServi - Loading from file system: jar:file:///C:/Users/emili/.m2/repository/com/github/almasb/fxgl/17.3/fxgl-17.3.jar!/fxglassets/ui/css/fxgl_dark.css
15:27:07.369 [FXGL Background Thread 1 ] DEBUG GameApplicationServi - Initializing application scenes
15:27:07.487 [FXGL Background Thread 1 ] DEBUG GameWorld            - Game world initialized
15:27:07.588 [FXGL Background Thread 1 ] DEBUG PhysicsWorld         - Physics world initialized: appHeight=760, physics.ppm=50.0
15:27:07.589 [FXGL Background Thread 1 ] DEBUG PhysicsWorld         - Using strategy: BRUTE_FORCE
15:27:07.595 [FXGL Background Thread 1 ] DEBUG GameScene            - Game scene initialized: 1200x760
15:27:07.612 [FXGL Background Thread 1 ] DEBUG FXGL.DefaultMenu     - createMenuBodyGameMenu()
15:27:07.639 [FXGL Background Thread 1 ] DEBUG FXGL.DefaultMenu     - createOptionsMenu()
15:27:07.654 [FXGL Background Thread 1 ] DEBUG FXGLAssetLoaderServi - Loading from file system: jar:file:///C:/Users/emili/.m2/repository/com/github/almasb/fxgl/17.3/fxgl-17.3.jar!/fxglassets/textures/particles/smoke.png
15:27:07.815 [FXGL Background Thread 1 ] DEBUG FXGLAssetLoaderServi - Loading from file system: jar:file:///C:/Users/emili/.m2/repository/com/github/almasb/fxgl/17.3/fxgl-17.3.jar!/fxglassets/textures/particles/trace_horizontal.png
15:27:07.853 [FXGL Background Thread 1 ] DEBUG GameApplicationServi - Application scenes initialized
15:27:07.871 [FXGL Background Thread 1 ] DEBUG SystemBundleService  - Loading FXGL system data
15:27:07.877 [FXGL Background Thread 1 ] DEBUG FileSystemAccess     - Reading from: C:\Users\emili\OneDrive\Escritorio\UP\Septimo cuatrimestre\programacion concurrente\corte 3\Simulador-restaurante\system\fxgl.bundle
15:27:07.886 [FXGL Background Thread 1 ] DEBUG SystemBundleService  - Bundle FXGL: {}
15:27:07.886 [FXGL Background Thread 1 ] DEBUG UpdaterService       - Checking for updates
15:27:07.892 [FXGL Background Thread 4 ] DEBUG FXGLApplication      - Loading fonts
15:27:07.892 [FXGL Background Thread 1 ] DEBUG FXGLApplication      - Loading default localization
15:27:07.893 [FXGL Background Thread 4 ] DEBUG FXGLAssetLoaderServi - Loading from file system: jar:file:///C:/Users/emili/.m2/repository/com/github/almasb/fxgl/17.3/fxgl-17.3.jar!/fxglassets/ui/fonts/VarelaRound-Regular.ttf
15:27:07.894 [FXGL Background Thread 1 ] DEBUG FXGLAssetLoaderServi - Loading from file system: jar:file:///C:/Users/emili/.m2/repository/com/github/almasb/fxgl/17.3/fxgl-17.3.jar!/fxglassets/languages/english.lang
15:27:07.929 [FXGL Background Thread 1 ] INFO  FXGLApplication      - FXGL initialization took: 0.724 sec
15:27:07.932 [JavaFX Application Thread] DEBUG FXGLAssetLoaderServi - Loading from file system: jar:file:///C:/Users/emili/.m2/repository/com/github/almasb/fxgl/17.3/fxgl-17.3.jar!/fxglassets/textures/fxgl_icon.png
15:27:07.962 [JavaFX Application Thread] DEBUG FXGLAssetLoaderServi - Loading from file system: jar:file:///C:/Users/emili/.m2/repository/com/github/almasb/fxgl/17.3/fxgl-17.3.jar!/fxglassets/textures/fxgl_default_cursor.png
15:27:08.010 [JavaFX Application Thread] DEBUG Input                - Registered new binding: Screenshot - CTRL+8
15:27:08.012 [JavaFX Application Thread] DEBUG Input                - Registered new binding: System info dump - CTRL+9
15:27:08.015 [JavaFX Application Thread] DEBUG Input                - Registered new binding: Restart - CTRL+R
15:27:08.018 [JavaFX Application Thread] DEBUG Input                - Registered new binding: Toggle Debug Camera - CTRL+7
15:27:08.023 [FXGL Background Thread 4 ] DEBUG FXGLAssetLoaderServi - Loading from file system: jar:file:///C:/Users/emili/.m2/repository/com/github/almasb/fxgl/17.3/fxgl-17.3.jar!/fxglassets/ui/fonts/Abel-Regular.ttf
15:27:08.028 [FXGL Background Thread 4 ] DEBUG FXGLAssetLoaderServi - Loading from file system: jar:file:///C:/Users/emili/.m2/repository/com/github/almasb/fxgl/17.3/fxgl-17.3.jar!/fxglassets/ui/fonts/TerminalLandMono-Regular.otf
15:27:08.034 [FXGL Background Thread 4 ] DEBUG FXGLAssetLoaderServi - Loading from file system: jar:file:///C:/Users/emili/.m2/repository/com/github/almasb/fxgl/17.3/fxgl-17.3.jar!/fxglassets/ui/fonts/Courier-Prime.ttf
15:27:08.037 [JavaFX Application Thread] DEBUG LoopRunner           - Starting loop
15:27:08.037 [JavaFX Application Thread] DEBUG LoopRunner           - Initializing JavaFX AnimationTimerLoop
15:27:08.049 [JavaFX Application Thread] DEBUG GameApplicationServi - Starting new game
15:27:08.050 [JavaFX Application Thread] DEBUG Input                - Clearing active input actions
15:27:08.070 [JavaFX Application Thread] DEBUG GameApplicationServi - Removing overlay from FXGLStartupScene and adding to FXGLLoadingScene
15:27:08.071 [JavaFX Application Thread] DEBUG PrimaryStageWindow   - FXGLStartupScene -> FXGLLoadingScene
15:27:08.071 [JavaFX Application Thread] DEBUG GameApplicationServi - Clearing previous game
15:27:08.071 [JavaFX Application Thread] DEBUG GameScene            - Clearing game scene
15:27:08.071 [JavaFX Application Thread] DEBUG GameWorld            - Clearing game world
15:27:08.071 [JavaFX Application Thread] DEBUG PhysicsWorld         - Clearing physics world
15:27:08.077 [JavaFX Application Thread] DEBUG FXGLApplication      - Registering font factories with UI factory
15:27:08.077 [FXGL Background Thread 4 ] DEBUG FXGLApplication      - Initializing game
15:27:08.109 [FXGL Background Thread 4 ] DEBUG FXGLAssetLoaderServi - Loading from file system: file:/C:/Users/emili/OneDrive/Escritorio/UP/Septimo%20cuatrimestre/programacion%20concurrente/corte%203/Simulador-restaurante/target/classes/assets/music/soundtrack.mp3
15:27:08.380 [FXGL Background Thread 4 ] DEBUG AudioPlayer          - Playing music com.almasb.fxgl.audio.Music@7e6ad077
15:27:08.381 [FXGL Background Thread 4 ] DEBUG FXGLAssetLoaderServi - Loading from file system: file:/C:/Users/emili/OneDrive/Escritorio/UP/Septimo%20cuatrimestre/programacion%20concurrente/corte%203/Simulador-restaurante/target/classes/assets/textures/wood_floor.jpg
15:27:08.415 [FXGL Background Thread 4 ] DEBUG FXGLAssetLoaderServi - Loading from file system: file:/C:/Users/emili/OneDrive/Escritorio/UP/Septimo%20cuatrimestre/programacion%20concurrente/corte%203/Simulador-restaurante/target/classes/assets/textures/receptionist.png
15:27:08.424 [FXGL Background Thread 4 ] DEBUG FXGLAssetLoaderServi - Loading from file system: file:/C:/Users/emili/OneDrive/Escritorio/UP/Septimo%20cuatrimestre/programacion%20concurrente/corte%203/Simulador-restaurante/target/classes/assets/textures/table.png
15:27:08.479 [FXGL Background Thread 4 ] DEBUG FXGLAssetLoaderServi - Loading from file system: file:/C:/Users/emili/OneDrive/Escritorio/UP/Septimo%20cuatrimestre/programacion%20concurrente/corte%203/Simulador-restaurante/target/classes/assets/textures/chef.png
15:27:08.486 [FXGL Background Thread 4 ] DEBUG FXGLAssetLoaderServi - Loading from file system: file:/C:/Users/emili/OneDrive/Escritorio/UP/Septimo%20cuatrimestre/programacion%20concurrente/corte%203/Simulador-restaurante/target/classes/assets/textures/waiter.png
15:27:08.496 [FXGL Background Thread 4 ] INFO  FXGLApplication      - Game initialization took: 0.419 sec
15:27:08.497 [JavaFX Application Thread] DEBUG Input                - Clearing active input actions
15:27:08.511 [JavaFX Application Thread] DEBUG GameApplicationServi - Removing overlay from FXGLLoadingScene and adding to GameScene
15:27:08.512 [JavaFX Application Thread] DEBUG PrimaryStageWindow   - FXGLLoadingScene -> GameScene
15:27:08.553 [JavaFX Application Thread] DEBUG FXGLAssetLoaderServi - Loading from file system: file:/C:/Users/emili/OneDrive/Escritorio/UP/Septimo%20cuatrimestre/programacion%20concurrente/corte%203/Simulador-restaurante/target/classes/assets/textures/client.png
15:27:08.982 [FXGL Background Thread 2 ] INFO  UpdaterService       - Your current version:  17.3
15:27:08.982 [FXGL Background Thread 2 ] INFO  UpdaterService       - Latest stable version: 21.1
15:27:10.892 [FXGL Background Thread 3 ] DEBUG Engine               - Logging environment variables
15:27:10.893 [FXGL Background Thread 3 ] DEBUG Engine               - achievements: []
15:27:10.894 [FXGL Background Thread 3 ] DEBUG Engine               - actualHeight: 760.0
15:27:10.894 [FXGL Background Thread 3 ] DEBUG Engine               - actualHeightProperty: ReadOnlyDoubleProperty [value: 760.0]
15:27:10.894 [FXGL Background Thread 3 ] DEBUG Engine               - actualWidth: 1200.0
15:27:10.894 [FXGL Background Thread 3 ] DEBUG Engine               - actualWidthProperty: ReadOnlyDoubleProperty [value: 1200.0]
15:27:10.894 [FXGL Background Thread 3 ] DEBUG Engine               - appIcon: fxgl_icon.png
15:27:10.894 [FXGL Background Thread 3 ] DEBUG Engine               - applicationMode: DEVELOPER
15:27:10.894 [FXGL Background Thread 3 ] DEBUG Engine               - cSSList: [fxgl_dark.css]
15:27:10.894 [FXGL Background Thread 3 ] DEBUG Engine               - collisionDetectionStrategy: BRUTE_FORCE
15:27:10.894 [FXGL Background Thread 3 ] DEBUG Engine               - configClass: Optional.empty
15:27:10.894 [FXGL Background Thread 3 ] DEBUG Engine               - credits: []
15:27:10.895 [FXGL Background Thread 3 ] DEBUG Engine               - defaultCursor: CursorInfo(imageName=fxgl_default_cursor.png, hotspotX=7.0, hotspotY=6.0)
15:27:10.896 [FXGL Background Thread 3 ] DEBUG Engine               - devBBoxColorProperty: ObjectProperty [value: 0xff0000ff]
15:27:10.896 [FXGL Background Thread 3 ] DEBUG Engine               - devEnableDebugCameraProperty: BooleanProperty [value: false]
15:27:10.896 [FXGL Background Thread 3 ] DEBUG Engine               - devSensorColorProperty: ObjectProperty [value: 0xffff00ff]
15:27:10.896 [FXGL Background Thread 3 ] DEBUG Engine               - devShowBBoxProperty: BooleanProperty [value: false]
15:27:10.896 [FXGL Background Thread 3 ] DEBUG Engine               - devShowPositionProperty: BooleanProperty [value: false]
15:27:10.897 [FXGL Background Thread 3 ] DEBUG Engine               - enabledMenuItems: []
15:27:10.897 [FXGL Background Thread 3 ] DEBUG Engine               - engineServices: [class com.almasb.fxgl.app.services.FXGLAssetLoaderService, class com.almasb.fxgl.app.FXGLApplication$GameApplicationService, class com.almasb.fxgl.app.services.FXGLDialogService, class com.almasb.fxgl.app.services.IOTaskExecutorService, class com.almasb.fxgl.io.FileSystemService, class com.almasb.fxgl.localization.LocalizationService, class com.almasb.fxgl.app.services.SystemBundleService, class com.almasb.fxgl.profile.SaveLoadService, class com.almasb.fxgl.ui.FXGLUIFactoryServiceProvider, class com.almasb.fxgl.ui.FXGLDialogFactoryServiceProvider, class com.almasb.fxgl.audio.AudioPlayer, class com.almasb.fxgl.notification.impl.NotificationServiceProvider, class com.almasb.fxgl.achievement.AchievementService, class com.almasb.fxgl.cutscene.CutsceneService, class com.almasb.fxgl.minigames.MiniGameService, class com.almasb.fxgl.net.NetService, class com.almasb.fxgl.app.services.UpdaterService, class com.almasb.fxgl.dev.DevService]
15:27:10.897 [FXGL Background Thread 3 ] DEBUG Engine               - fontGame: Abel-Regular.ttf
15:27:10.897 [FXGL Background Thread 3 ] DEBUG Engine               - fontMono: TerminalLandMono-Regular.otf
15:27:10.897 [FXGL Background Thread 3 ] DEBUG Engine               - fontSizeScaleUI: 1.0
15:27:10.898 [FXGL Background Thread 3 ] DEBUG Engine               - fontText: Courier-Prime.ttf
15:27:10.898 [FXGL Background Thread 3 ] DEBUG Engine               - fontUI: VarelaRound-Regular.ttf
15:27:10.898 [FXGL Background Thread 3 ] DEBUG Engine               - fullScreen: BooleanProperty [value: false]
15:27:10.898 [FXGL Background Thread 3 ] DEBUG Engine               - gameDifficulty: MEDIUM
15:27:10.899 [FXGL Background Thread 3 ] DEBUG Engine               - gameDifficultyProperty: ObjectProperty [value: MEDIUM]
15:27:10.899 [FXGL Background Thread 3 ] DEBUG Engine               - globalMusicVolume: 0.5
15:27:10.899 [FXGL Background Thread 3 ] DEBUG Engine               - globalMusicVolumeProperty: DoubleProperty [value: 0.5]
15:27:10.899 [FXGL Background Thread 3 ] DEBUG Engine               - globalSoundVolume: 0.5
15:27:10.899 [FXGL Background Thread 3 ] DEBUG Engine               - globalSoundVolumeProperty: DoubleProperty [value: 0.5]
15:27:10.899 [FXGL Background Thread 3 ] DEBUG Engine               - height: 760
15:27:10.899 [FXGL Background Thread 3 ] DEBUG Engine               - is3D: false
15:27:10.899 [FXGL Background Thread 3 ] DEBUG Engine               - isAndroid: false
15:27:10.899 [FXGL Background Thread 3 ] DEBUG Engine               - isBrowser: false
15:27:10.899 [FXGL Background Thread 3 ] DEBUG Engine               - isClickFeedbackEnabled: false
15:27:10.899 [FXGL Background Thread 3 ] DEBUG Engine               - isCloseConfirmation: false
15:27:10.899 [FXGL Background Thread 3 ] DEBUG Engine               - isDesktop: true
15:27:10.899 [FXGL Background Thread 3 ] DEBUG Engine               - isDeveloperMenuEnabled: false
15:27:10.899 [FXGL Background Thread 3 ] DEBUG Engine               - isEmbedded: false
15:27:10.899 [FXGL Background Thread 3 ] DEBUG Engine               - isEntityPreloadEnabled: true
15:27:10.899 [FXGL Background Thread 3 ] DEBUG Engine               - isExperimentalTiledLargeMap: false
15:27:10.899 [FXGL Background Thread 3 ] DEBUG Engine               - isFileSystemWriteAllowed: true
15:27:10.899 [FXGL Background Thread 3 ] DEBUG Engine               - isFullScreenAllowed: false
15:27:10.899 [FXGL Background Thread 3 ] DEBUG Engine               - isFullScreenFromStart: false
15:27:10.901 [FXGL Background Thread 3 ] DEBUG Engine               - isGameMenuEnabled: true
15:27:10.901 [FXGL Background Thread 3 ] DEBUG Engine               - isIOS: false
15:27:10.902 [FXGL Background Thread 3 ] DEBUG Engine               - isIntroEnabled: false
15:27:10.902 [FXGL Background Thread 3 ] DEBUG Engine               - isLinux: false
15:27:10.902 [FXGL Background Thread 3 ] DEBUG Engine               - isMac: false
15:27:10.903 [FXGL Background Thread 3 ] DEBUG Engine               - isMainMenuEnabled: false
15:27:10.903 [FXGL Background Thread 3 ] DEBUG Engine               - isManualResizeEnabled: false
15:27:10.903 [FXGL Background Thread 3 ] DEBUG Engine               - isMobile: false
15:27:10.903 [FXGL Background Thread 3 ] DEBUG Engine               - isNative: false
15:27:10.903 [FXGL Background Thread 3 ] DEBUG Engine               - isPauseMusicWhenMinimized: true
15:27:10.904 [FXGL Background Thread 3 ] DEBUG Engine               - isPreserveResizeRatio: false
15:27:10.904 [FXGL Background Thread 3 ] DEBUG Engine               - isProfilingEnabled: false
15:27:10.904 [FXGL Background Thread 3 ] DEBUG Engine               - isScaleAffectedOnResize: true
15:27:10.904 [FXGL Background Thread 3 ] DEBUG Engine               - isSingleStep: false
15:27:10.904 [FXGL Background Thread 3 ] DEBUG Engine               - isUserProfileEnabled: false
15:27:10.904 [FXGL Background Thread 3 ] DEBUG Engine               - isWindows: true
15:27:10.904 [FXGL Background Thread 3 ] DEBUG Engine               - language: ObjectProperty [value: ENGLISH]
15:27:10.904 [FXGL Background Thread 3 ] DEBUG Engine               - menuKey: ESCAPE
15:27:10.904 [FXGL Background Thread 3 ] DEBUG Engine               - mouseSensitivity: 0.2
15:27:10.904 [FXGL Background Thread 3 ] DEBUG Engine               - notificationViewClass: class com.almasb.fxgl.notification.view.XboxNotificationView
15:27:10.904 [FXGL Background Thread 3 ] DEBUG Engine               - pixelsPerMeter: 50.0
15:27:10.904 [FXGL Background Thread 3 ] DEBUG Engine               - platform: WINDOWS
15:27:10.905 [FXGL Background Thread 3 ] DEBUG Engine               - prefHeightProperty: ReadOnlyDoubleProperty [value: 760.0]
15:27:10.905 [FXGL Background Thread 3 ] DEBUG Engine               - prefWidthProperty: ReadOnlyDoubleProperty [value: 1200.0]
15:27:10.905 [FXGL Background Thread 3 ] DEBUG Engine               - profileDir: profiles/
15:27:10.905 [FXGL Background Thread 3 ] DEBUG Engine               - profileName: StringProperty [value: DEFAULT]
15:27:10.905 [FXGL Background Thread 3 ] DEBUG Engine               - randomSeed: -1
15:27:10.905 [FXGL Background Thread 3 ] DEBUG Engine               - runtimeInfo: RuntimeInfo(platform=WINDOWS, version=17.3, build=30.03.2023 11.49)
15:27:10.906 [FXGL Background Thread 3 ] DEBUG Engine               - saveFileExt: sav
15:27:10.906 [FXGL Background Thread 3 ] DEBUG Engine               - scaledHeightProp$fxgl: DoubleProperty [bound, value: 760.0]
15:27:10.906 [FXGL Background Thread 3 ] DEBUG Engine               - scaledWidthProp$fxgl: DoubleProperty [bound, value: 1200.0]
15:27:10.906 [FXGL Background Thread 3 ] DEBUG Engine               - sceneFactory: com.almasb.fxgl.app.scene.SceneFactory@393341fb
15:27:10.906 [FXGL Background Thread 3 ] DEBUG Engine               - secondsIn24h: 60
15:27:10.906 [FXGL Background Thread 3 ] DEBUG Engine               - soundMenuBack: menu/back.wav
15:27:10.906 [FXGL Background Thread 3 ] DEBUG Engine               - soundMenuPress: menu/press.wav
15:27:10.906 [FXGL Background Thread 3 ] DEBUG Engine               - soundMenuSelect: menu/select.wav
15:27:10.906 [FXGL Background Thread 3 ] DEBUG Engine               - soundNotification: core/notification.wav
15:27:10.906 [FXGL Background Thread 3 ] DEBUG Engine               - stageStyle: DECORATED
15:27:10.906 [FXGL Background Thread 3 ] DEBUG Engine               - supportedLanguages: [ENGLISH, FRENCH, GERMAN, HUNGARIAN, RUSSIAN]
15:27:10.906 [FXGL Background Thread 3 ] DEBUG Engine               - ticksPerSecond: -1
15:27:10.906 [FXGL Background Thread 3 ] DEBUG Engine               - title: Simulador Restaurante :D
15:27:10.906 [FXGL Background Thread 3 ] DEBUG Engine               - urlGithub: https://github.com/AlmasB/FXGL
15:27:10.906 [FXGL Background Thread 3 ] DEBUG Engine               - urlLeaderboard: http://fxgl-top.herokuapp.com/
15:27:10.906 [FXGL Background Thread 3 ] DEBUG Engine               - urlPOM: https://raw.githubusercontent.com/AlmasB/FXGL/release/README.md
15:27:10.906 [FXGL Background Thread 3 ] DEBUG Engine               - userAppClass: class org.example.simulador_restaurante.HelloApplication
15:27:10.906 [FXGL Background Thread 3 ] DEBUG Engine               - version: 1.0
15:27:10.906 [FXGL Background Thread 3 ] DEBUG Engine               - versionCheckDays: 7
15:27:10.906 [FXGL Background Thread 3 ] DEBUG Engine               - width: 1200
15:27:10.906 [FXGL Background Thread 3 ] DEBUG Engine               - Logging services
15:27:10.907 [FXGL Background Thread 3 ] DEBUG Engine               - class com.almasb.fxgl.app.services.FXGLAssetLoaderService
15:27:10.907 [FXGL Background Thread 3 ] DEBUG Engine               - class com.almasb.fxgl.app.FXGLApplication$GameApplicationService
15:27:10.907 [FXGL Background Thread 3 ] DEBUG Engine               - class com.almasb.fxgl.app.services.FXGLDialogService
15:27:10.907 [FXGL Background Thread 3 ] DEBUG Engine               - class com.almasb.fxgl.app.services.IOTaskExecutorService
15:27:10.907 [FXGL Background Thread 3 ] DEBUG Engine               - class com.almasb.fxgl.io.FileSystemService
15:27:10.907 [FXGL Background Thread 3 ] DEBUG Engine               - class com.almasb.fxgl.localization.LocalizationService
15:27:10.907 [FXGL Background Thread 3 ] DEBUG Engine               - class com.almasb.fxgl.app.services.SystemBundleService
15:27:10.907 [FXGL Background Thread 3 ] DEBUG Engine               - class com.almasb.fxgl.profile.SaveLoadService
15:27:10.907 [FXGL Background Thread 3 ] DEBUG Engine               - class com.almasb.fxgl.ui.FXGLUIFactoryServiceProvider
15:27:10.907 [FXGL Background Thread 3 ] DEBUG Engine               - class com.almasb.fxgl.ui.FXGLDialogFactoryServiceProvider
15:27:10.907 [FXGL Background Thread 3 ] DEBUG Engine               - class com.almasb.fxgl.audio.AudioPlayer
15:27:10.907 [FXGL Background Thread 3 ] DEBUG Engine               - class com.almasb.fxgl.notification.impl.NotificationServiceProvider
15:27:10.907 [FXGL Background Thread 3 ] DEBUG Engine               - class com.almasb.fxgl.achievement.AchievementService
15:27:10.907 [FXGL Background Thread 3 ] DEBUG Engine               - class com.almasb.fxgl.cutscene.CutsceneService
15:27:10.907 [FXGL Background Thread 3 ] DEBUG Engine               - class com.almasb.fxgl.minigames.MiniGameService
15:27:10.907 [FXGL Background Thread 3 ] DEBUG Engine               - class com.almasb.fxgl.net.NetService
15:27:10.907 [FXGL Background Thread 3 ] DEBUG Engine               - class com.almasb.fxgl.app.services.UpdaterService
15:27:10.907 [FXGL Background Thread 3 ] DEBUG Engine               - class com.almasb.fxgl.dev.DevService
15:27:13.601 [JavaFX Application Thread] DEBUG FXGLAssetLoaderServi - Loading from file system: file:/C:/Users/emili/OneDrive/Escritorio/UP/Septimo%20cuatrimestre/programacion%20concurrente/corte%203/Simulador-restaurante/target/classes/assets/textures/food.png
15:28:53.100 [JavaFX Application Thread] DEBUG FXGLApplication      - Exiting FXGL
15:28:53.100 [JavaFX Application Thread] DEBUG LoopRunner           - Stopping loop
15:28:53.100 [JavaFX Application Thread] DEBUG SystemBundleService  - Saving FXGL system data
15:28:53.105 [JavaFX Application Thread] DEBUG FileSystemAccess     - Writing to: C:\Users\emili\OneDrive\Escritorio\UP\Septimo cuatrimestre\programacion concurrente\corte 3\Simulador-restaurante\system\fxgl.bundle
15:28:53.106 [JavaFX Application Thread] DEBUG Async                - Shutting down background threads
15:28:53.106 [JavaFX Application Thread] DEBUG PrimaryStageWindow   - Closing main window
15:28:53.152 [JavaFX Application Thread] DEBUG Logger               - Closing Logger
