10:21:57.421 [main                     ] DEBUG Logger               - Configured Logger
10:21:57.451 [main                     ] DEBUG GameApplication      - Logging settings
Title: Simulador Restaurante :D
Version: 1.0
Width: 1200
Height: 760
Fullscreen: false
Intro: false
Profiling: false
Single step:false
App Mode: DEVELOPER
Menu Key: ESCAPE
Stage Style: DECORATED
Scene Factory: class com.almasb.fxgl.app.scene.SceneFactory

10:22:02.044 [JavaFX Application Thread] DEBUG FXGLApplication      - Initializing FXGL
10:22:02.048 [JavaFX Application Thread] INFO  Engine               - FXGL-17.3 (30.03.2023 11.49) on MAC (J:17.0.9 FX:20)
10:22:02.049 [JavaFX Application Thread] DEBUG Engine               - JRE Vendor Name: Amazon.com Inc.
10:22:02.049 [JavaFX Application Thread] DEBUG Engine               - Running on OS: Mac OS X version 15.0
10:22:02.049 [JavaFX Application Thread] DEBUG Engine               - Architecture: x86_64
10:22:02.049 [JavaFX Application Thread] INFO  Engine               - Source code and latest versions at: https://github.com/AlmasB/FXGL
10:22:02.049 [JavaFX Application Thread] INFO  Engine               -       Ask questions and discuss at: https://github.com/AlmasB/FXGL/discussions
10:22:02.049 [JavaFX Application Thread] INFO  Engine               -              Join the FXGL chat at: https://gitter.im/AlmasB/FXGL
10:22:02.116 [JavaFX Application Thread] DEBUG PrimaryStageWindow   - Creating a JavaFX scene
10:22:02.146 [JavaFX Application Thread] DEBUG PrimaryStageWindow   - Target settings size: 1200.0 x 760.0
10:22:02.146 [JavaFX Application Thread] DEBUG PrimaryStageWindow   - Scaled scene size:    1200.0 x 760.0
10:22:02.147 [JavaFX Application Thread] DEBUG PrimaryStageWindow   - Scaled ratio: (1.0, 1.0)
10:22:02.147 [JavaFX Application Thread] DEBUG PrimaryStageWindow   - Set initial scene to FXGLStartupScene
10:22:02.149 [JavaFX Application Thread] DEBUG PrimaryStageWindow   - Opening main window
10:22:02.206 [JavaFX Application Thread] DEBUG PrimaryStageWindow   - Window border size: (0.0, 28.0)
10:22:02.207 [JavaFX Application Thread] DEBUG PrimaryStageWindow   - Scaled size: 1200.0 x 760.0
10:22:02.207 [JavaFX Application Thread] DEBUG PrimaryStageWindow   - Scaled ratio: (1.0, 1.0)
10:22:02.207 [JavaFX Application Thread] DEBUG PrimaryStageWindow   - Scene size: 1200.0 x 760.0
10:22:02.207 [JavaFX Application Thread] DEBUG PrimaryStageWindow   - Stage size: 1200.0 x 788.0
10:22:02.212 [FXGL Background Thread 1 ] DEBUG Engine               - Initializing environment variables
10:22:02.234 [FXGL Background Thread 1 ] DEBUG FXGLAssetLoaderServi - User app class for loading assets: class org.example.simulador_restaurante.HelloApplication
10:22:02.234 [FXGL Background Thread 1 ] DEBUG GameApplicationServi - Applying CSS: fxgl_dark.css
10:22:02.234 [FXGL Background Thread 1 ] DEBUG FXGLAssetLoaderServi - Loading from file system: jar:file:///Users/rextro/.m2/repository/com/github/almasb/fxgl/17.3/fxgl-17.3.jar!/fxglassets/ui/css/fxgl_dark.css
10:22:02.274 [FXGL Background Thread 1 ] DEBUG GameApplicationServi - Initializing application scenes
10:22:02.366 [FXGL Background Thread 1 ] DEBUG GameWorld            - Game world initialized
10:22:02.414 [FXGL Background Thread 1 ] DEBUG PhysicsWorld         - Physics world initialized: appHeight=760, physics.ppm=50.0
10:22:02.415 [FXGL Background Thread 1 ] DEBUG PhysicsWorld         - Using strategy: BRUTE_FORCE
10:22:02.418 [FXGL Background Thread 1 ] DEBUG GameScene            - Game scene initialized: 1200x760
10:22:02.429 [FXGL Background Thread 1 ] DEBUG FXGL.DefaultMenu     - createMenuBodyGameMenu()
10:22:02.442 [FXGL Background Thread 1 ] DEBUG FXGL.DefaultMenu     - createOptionsMenu()
10:22:02.450 [FXGL Background Thread 1 ] DEBUG FXGLAssetLoaderServi - Loading from file system: jar:file:///Users/rextro/.m2/repository/com/github/almasb/fxgl/17.3/fxgl-17.3.jar!/fxglassets/textures/particles/smoke.png
10:22:02.517 [FXGL Background Thread 1 ] DEBUG FXGLAssetLoaderServi - Loading from file system: jar:file:///Users/rextro/.m2/repository/com/github/almasb/fxgl/17.3/fxgl-17.3.jar!/fxglassets/textures/particles/trace_horizontal.png
10:22:02.538 [FXGL Background Thread 1 ] DEBUG GameApplicationServi - Application scenes initialized
10:22:02.546 [FXGL Background Thread 1 ] DEBUG SystemBundleService  - Loading FXGL system data
10:22:02.549 [FXGL Background Thread 1 ] DEBUG FileSystemAccess     - Reading from: /Users/rextro/Documents/7mo/Concurrente/C3/Simulador-restaurante/system/fxgl.bundle
10:22:02.554 [FXGL Background Thread 1 ] DEBUG SystemBundleService  - Bundle FXGL: {}
10:22:02.554 [FXGL Background Thread 1 ] DEBUG UpdaterService       - Checking for updates
10:22:02.557 [FXGL Background Thread 4 ] DEBUG FXGLApplication      - Loading fonts
10:22:02.557 [FXGL Background Thread 4 ] DEBUG FXGLAssetLoaderServi - Loading from file system: jar:file:///Users/rextro/.m2/repository/com/github/almasb/fxgl/17.3/fxgl-17.3.jar!/fxglassets/ui/fonts/VarelaRound-Regular.ttf
10:22:02.557 [FXGL Background Thread 1 ] DEBUG FXGLApplication      - Loading default localization
10:22:02.557 [FXGL Background Thread 1 ] DEBUG FXGLAssetLoaderServi - Loading from file system: jar:file:///Users/rextro/.m2/repository/com/github/almasb/fxgl/17.3/fxgl-17.3.jar!/fxglassets/languages/english.lang
10:22:02.564 [FXGL Background Thread 4 ] DEBUG FXGLAssetLoaderServi - Loading from file system: jar:file:///Users/rextro/.m2/repository/com/github/almasb/fxgl/17.3/fxgl-17.3.jar!/fxglassets/ui/fonts/Abel-Regular.ttf
10:22:02.567 [FXGL Background Thread 4 ] DEBUG FXGLAssetLoaderServi - Loading from file system: jar:file:///Users/rextro/.m2/repository/com/github/almasb/fxgl/17.3/fxgl-17.3.jar!/fxglassets/ui/fonts/TerminalLandMono-Regular.otf
10:22:02.567 [FXGL Background Thread 1 ] INFO  FXGLApplication      - FXGL initialization took: 0.355 sec
10:22:02.568 [JavaFX Application Thread] DEBUG FXGLAssetLoaderServi - Loading from file system: jar:file:///Users/rextro/.m2/repository/com/github/almasb/fxgl/17.3/fxgl-17.3.jar!/fxglassets/textures/fxgl_icon.png
10:22:02.570 [FXGL Background Thread 4 ] DEBUG FXGLAssetLoaderServi - Loading from file system: jar:file:///Users/rextro/.m2/repository/com/github/almasb/fxgl/17.3/fxgl-17.3.jar!/fxglassets/ui/fonts/Courier-Prime.ttf
10:22:02.589 [JavaFX Application Thread] DEBUG FXGLAssetLoaderServi - Loading from file system: jar:file:///Users/rextro/.m2/repository/com/github/almasb/fxgl/17.3/fxgl-17.3.jar!/fxglassets/textures/fxgl_default_cursor.png
10:22:02.597 [JavaFX Application Thread] DEBUG Input                - Registered new binding: Screenshot - CTRL+8
10:22:02.597 [JavaFX Application Thread] DEBUG Input                - Registered new binding: System info dump - CTRL+9
10:22:02.597 [JavaFX Application Thread] DEBUG Input                - Registered new binding: Restart - CTRL+R
10:22:02.597 [JavaFX Application Thread] DEBUG Input                - Registered new binding: Toggle Debug Camera - CTRL+7
10:22:02.599 [JavaFX Application Thread] DEBUG LoopRunner           - Starting loop
10:22:02.599 [JavaFX Application Thread] DEBUG LoopRunner           - Initializing JavaFX AnimationTimerLoop
10:22:02.600 [JavaFX Application Thread] DEBUG GameApplicationServi - Starting new game
10:22:02.600 [JavaFX Application Thread] DEBUG Input                - Clearing active input actions
10:22:02.607 [JavaFX Application Thread] DEBUG GameApplicationServi - Removing overlay from FXGLStartupScene and adding to FXGLLoadingScene
10:22:02.608 [JavaFX Application Thread] DEBUG PrimaryStageWindow   - FXGLStartupScene -> FXGLLoadingScene
10:22:02.608 [JavaFX Application Thread] DEBUG GameApplicationServi - Clearing previous game
10:22:02.608 [JavaFX Application Thread] DEBUG GameScene            - Clearing game scene
10:22:02.608 [JavaFX Application Thread] DEBUG GameWorld            - Clearing game world
10:22:02.608 [JavaFX Application Thread] DEBUG PhysicsWorld         - Clearing physics world
10:22:02.609 [FXGL Background Thread 4 ] DEBUG FXGLApplication      - Initializing game
10:22:02.613 [JavaFX Application Thread] DEBUG FXGLApplication      - Registering font factories with UI factory
10:22:02.614 [FXGL Background Thread 4 ] DEBUG FXGLAssetLoaderServi - Loading from file system: file:/Users/rextro/Documents/7mo/Concurrente/C3/Simulador-restaurante/target/classes/assets/music/soundtrack.mp3
10:22:02.717 [FXGL Background Thread 4 ] DEBUG AudioPlayer          - Playing music com.almasb.fxgl.audio.Music@18aa5b43
10:22:02.717 [FXGL Background Thread 4 ] DEBUG FXGLAssetLoaderServi - Loading from file system: file:/Users/rextro/Documents/7mo/Concurrente/C3/Simulador-restaurante/target/classes/assets/textures/wood_floor.jpg
10:22:02.739 [FXGL Background Thread 4 ] DEBUG FXGLAssetLoaderServi - Loading from file system: file:/Users/rextro/Documents/7mo/Concurrente/C3/Simulador-restaurante/target/classes/assets/textures/receptionist.png
10:22:02.743 [FXGL Background Thread 4 ] DEBUG FXGLAssetLoaderServi - Loading from file system: file:/Users/rextro/Documents/7mo/Concurrente/C3/Simulador-restaurante/target/classes/assets/textures/table.png
10:22:02.756 [FXGL Background Thread 4 ] DEBUG FXGLAssetLoaderServi - Loading from file system: file:/Users/rextro/Documents/7mo/Concurrente/C3/Simulador-restaurante/target/classes/assets/textures/chef.png
10:22:02.763 [FXGL Background Thread 4 ] INFO  FXGLApplication      - Game initialization took: 0.154 sec
10:22:02.763 [JavaFX Application Thread] DEBUG Input                - Clearing active input actions
10:22:02.770 [JavaFX Application Thread] DEBUG GameApplicationServi - Removing overlay from FXGLLoadingScene and adding to GameScene
10:22:02.770 [JavaFX Application Thread] DEBUG PrimaryStageWindow   - FXGLLoadingScene -> GameScene
10:22:02.771 [JavaFX Application Thread] DEBUG FXGLAssetLoaderServi - Loading from file system: file:/Users/rextro/Documents/7mo/Concurrente/C3/Simulador-restaurante/target/classes/assets/textures/client.png
10:22:04.068 [FXGL Background Thread 2 ] INFO  UpdaterService       - Your current version:  17.3
10:22:04.068 [FXGL Background Thread 2 ] INFO  UpdaterService       - Latest stable version: 21.1
10:22:05.560 [FXGL Background Thread 3 ] DEBUG Engine               - Logging environment variables
10:22:05.561 [FXGL Background Thread 3 ] DEBUG Engine               - achievements: []
10:22:05.561 [FXGL Background Thread 3 ] DEBUG Engine               - actualHeight: 760.0
10:22:05.561 [FXGL Background Thread 3 ] DEBUG Engine               - actualHeightProperty: ReadOnlyDoubleProperty [value: 760.0]
10:22:05.561 [FXGL Background Thread 3 ] DEBUG Engine               - actualWidth: 1200.0
10:22:05.562 [FXGL Background Thread 3 ] DEBUG Engine               - actualWidthProperty: ReadOnlyDoubleProperty [value: 1200.0]
10:22:05.562 [FXGL Background Thread 3 ] DEBUG Engine               - appIcon: fxgl_icon.png
10:22:05.562 [FXGL Background Thread 3 ] DEBUG Engine               - applicationMode: DEVELOPER
10:22:05.562 [FXGL Background Thread 3 ] DEBUG Engine               - cSSList: [fxgl_dark.css]
10:22:05.562 [FXGL Background Thread 3 ] DEBUG Engine               - collisionDetectionStrategy: BRUTE_FORCE
10:22:05.562 [FXGL Background Thread 3 ] DEBUG Engine               - configClass: Optional.empty
10:22:05.562 [FXGL Background Thread 3 ] DEBUG Engine               - credits: []
10:22:05.563 [FXGL Background Thread 3 ] DEBUG Engine               - defaultCursor: CursorInfo(imageName=fxgl_default_cursor.png, hotspotX=7.0, hotspotY=6.0)
10:22:05.563 [FXGL Background Thread 3 ] DEBUG Engine               - devBBoxColorProperty: ObjectProperty [value: 0xff0000ff]
10:22:05.563 [FXGL Background Thread 3 ] DEBUG Engine               - devEnableDebugCameraProperty: BooleanProperty [value: false]
10:22:05.564 [FXGL Background Thread 3 ] DEBUG Engine               - devSensorColorProperty: ObjectProperty [value: 0xffff00ff]
10:22:05.564 [FXGL Background Thread 3 ] DEBUG Engine               - devShowBBoxProperty: BooleanProperty [value: false]
10:22:05.564 [FXGL Background Thread 3 ] DEBUG Engine               - devShowPositionProperty: BooleanProperty [value: false]
10:22:05.564 [FXGL Background Thread 3 ] DEBUG Engine               - enabledMenuItems: []
10:22:05.564 [FXGL Background Thread 3 ] DEBUG Engine               - engineServices: [class com.almasb.fxgl.app.services.FXGLAssetLoaderService, class com.almasb.fxgl.app.FXGLApplication$GameApplicationService, class com.almasb.fxgl.app.services.FXGLDialogService, class com.almasb.fxgl.app.services.IOTaskExecutorService, class com.almasb.fxgl.io.FileSystemService, class com.almasb.fxgl.localization.LocalizationService, class com.almasb.fxgl.app.services.SystemBundleService, class com.almasb.fxgl.profile.SaveLoadService, class com.almasb.fxgl.ui.FXGLUIFactoryServiceProvider, class com.almasb.fxgl.ui.FXGLDialogFactoryServiceProvider, class com.almasb.fxgl.audio.AudioPlayer, class com.almasb.fxgl.notification.impl.NotificationServiceProvider, class com.almasb.fxgl.achievement.AchievementService, class com.almasb.fxgl.cutscene.CutsceneService, class com.almasb.fxgl.minigames.MiniGameService, class com.almasb.fxgl.net.NetService, class com.almasb.fxgl.app.services.UpdaterService, class com.almasb.fxgl.dev.DevService]
10:22:05.564 [FXGL Background Thread 3 ] DEBUG Engine               - fontGame: Abel-Regular.ttf
10:22:05.564 [FXGL Background Thread 3 ] DEBUG Engine               - fontMono: TerminalLandMono-Regular.otf
10:22:05.564 [FXGL Background Thread 3 ] DEBUG Engine               - fontSizeScaleUI: 1.0
10:22:05.564 [FXGL Background Thread 3 ] DEBUG Engine               - fontText: Courier-Prime.ttf
10:22:05.565 [FXGL Background Thread 3 ] DEBUG Engine               - fontUI: VarelaRound-Regular.ttf
10:22:05.565 [FXGL Background Thread 3 ] DEBUG Engine               - fullScreen: BooleanProperty [value: false]
10:22:05.565 [FXGL Background Thread 3 ] DEBUG Engine               - gameDifficulty: MEDIUM
10:22:05.565 [FXGL Background Thread 3 ] DEBUG Engine               - gameDifficultyProperty: ObjectProperty [value: MEDIUM]
10:22:05.565 [FXGL Background Thread 3 ] DEBUG Engine               - globalMusicVolume: 0.5
10:22:05.565 [FXGL Background Thread 3 ] DEBUG Engine               - globalMusicVolumeProperty: DoubleProperty [value: 0.5]
10:22:05.565 [FXGL Background Thread 3 ] DEBUG Engine               - globalSoundVolume: 0.5
10:22:05.565 [FXGL Background Thread 3 ] DEBUG Engine               - globalSoundVolumeProperty: DoubleProperty [value: 0.5]
10:22:05.565 [FXGL Background Thread 3 ] DEBUG Engine               - height: 760
10:22:05.565 [FXGL Background Thread 3 ] DEBUG Engine               - is3D: false
10:22:05.566 [FXGL Background Thread 3 ] DEBUG Engine               - isAndroid: false
10:22:05.566 [FXGL Background Thread 3 ] DEBUG Engine               - isBrowser: false
10:22:05.566 [FXGL Background Thread 3 ] DEBUG Engine               - isClickFeedbackEnabled: false
10:22:05.566 [FXGL Background Thread 3 ] DEBUG Engine               - isCloseConfirmation: false
10:22:05.566 [FXGL Background Thread 3 ] DEBUG Engine               - isDesktop: true
10:22:05.566 [FXGL Background Thread 3 ] DEBUG Engine               - isDeveloperMenuEnabled: false
10:22:05.566 [FXGL Background Thread 3 ] DEBUG Engine               - isEmbedded: false
10:22:05.566 [FXGL Background Thread 3 ] DEBUG Engine               - isEntityPreloadEnabled: true
10:22:05.566 [FXGL Background Thread 3 ] DEBUG Engine               - isExperimentalTiledLargeMap: false
10:22:05.566 [FXGL Background Thread 3 ] DEBUG Engine               - isFileSystemWriteAllowed: true
10:22:05.567 [FXGL Background Thread 3 ] DEBUG Engine               - isFullScreenAllowed: false
10:22:05.567 [FXGL Background Thread 3 ] DEBUG Engine               - isFullScreenFromStart: false
10:22:05.567 [FXGL Background Thread 3 ] DEBUG Engine               - isGameMenuEnabled: true
10:22:05.567 [FXGL Background Thread 3 ] DEBUG Engine               - isIOS: false
10:22:05.567 [FXGL Background Thread 3 ] DEBUG Engine               - isIntroEnabled: false
10:22:05.567 [FXGL Background Thread 3 ] DEBUG Engine               - isLinux: false
10:22:05.567 [FXGL Background Thread 3 ] DEBUG Engine               - isMac: true
10:22:05.567 [FXGL Background Thread 3 ] DEBUG Engine               - isMainMenuEnabled: false
10:22:05.567 [FXGL Background Thread 3 ] DEBUG Engine               - isManualResizeEnabled: false
10:22:05.567 [FXGL Background Thread 3 ] DEBUG Engine               - isMobile: false
10:22:05.567 [FXGL Background Thread 3 ] DEBUG Engine               - isNative: false
10:22:05.568 [FXGL Background Thread 3 ] DEBUG Engine               - isPauseMusicWhenMinimized: true
10:22:05.568 [FXGL Background Thread 3 ] DEBUG Engine               - isPreserveResizeRatio: false
10:22:05.568 [FXGL Background Thread 3 ] DEBUG Engine               - isProfilingEnabled: false
10:22:05.568 [FXGL Background Thread 3 ] DEBUG Engine               - isScaleAffectedOnResize: true
10:22:05.568 [FXGL Background Thread 3 ] DEBUG Engine               - isSingleStep: false
10:22:05.568 [FXGL Background Thread 3 ] DEBUG Engine               - isUserProfileEnabled: false
10:22:05.568 [FXGL Background Thread 3 ] DEBUG Engine               - isWindows: false
10:22:05.568 [FXGL Background Thread 3 ] DEBUG Engine               - language: ObjectProperty [value: ENGLISH]
10:22:05.568 [FXGL Background Thread 3 ] DEBUG Engine               - menuKey: ESCAPE
10:22:05.568 [FXGL Background Thread 3 ] DEBUG Engine               - mouseSensitivity: 0.2
10:22:05.568 [FXGL Background Thread 3 ] DEBUG Engine               - notificationViewClass: class com.almasb.fxgl.notification.view.XboxNotificationView
10:22:05.568 [FXGL Background Thread 3 ] DEBUG Engine               - pixelsPerMeter: 50.0
10:22:05.568 [FXGL Background Thread 3 ] DEBUG Engine               - platform: MAC
10:22:05.569 [FXGL Background Thread 3 ] DEBUG Engine               - prefHeightProperty: ReadOnlyDoubleProperty [value: 760.0]
10:22:05.569 [FXGL Background Thread 3 ] DEBUG Engine               - prefWidthProperty: ReadOnlyDoubleProperty [value: 1200.0]
10:22:05.569 [FXGL Background Thread 3 ] DEBUG Engine               - profileDir: profiles/
10:22:05.569 [FXGL Background Thread 3 ] DEBUG Engine               - profileName: StringProperty [value: DEFAULT]
10:22:05.569 [FXGL Background Thread 3 ] DEBUG Engine               - randomSeed: -1
10:22:05.569 [FXGL Background Thread 3 ] DEBUG Engine               - runtimeInfo: RuntimeInfo(platform=MAC, version=17.3, build=30.03.2023 11.49)
10:22:05.569 [FXGL Background Thread 3 ] DEBUG Engine               - saveFileExt: sav
10:22:05.569 [FXGL Background Thread 3 ] DEBUG Engine               - scaledHeightProp$fxgl: DoubleProperty [bound, value: 760.0]
10:22:05.569 [FXGL Background Thread 3 ] DEBUG Engine               - scaledWidthProp$fxgl: DoubleProperty [bound, value: 1200.0]
10:22:05.569 [FXGL Background Thread 3 ] DEBUG Engine               - sceneFactory: com.almasb.fxgl.app.scene.SceneFactory@3ddab100
10:22:05.569 [FXGL Background Thread 3 ] DEBUG Engine               - secondsIn24h: 60
10:22:05.570 [FXGL Background Thread 3 ] DEBUG Engine               - soundMenuBack: menu/back.wav
10:22:05.570 [FXGL Background Thread 3 ] DEBUG Engine               - soundMenuPress: menu/press.wav
10:22:05.570 [FXGL Background Thread 3 ] DEBUG Engine               - soundMenuSelect: menu/select.wav
10:22:05.570 [FXGL Background Thread 3 ] DEBUG Engine               - soundNotification: core/notification.wav
10:22:05.570 [FXGL Background Thread 3 ] DEBUG Engine               - stageStyle: DECORATED
10:22:05.570 [FXGL Background Thread 3 ] DEBUG Engine               - supportedLanguages: [ENGLISH, FRENCH, GERMAN, HUNGARIAN, RUSSIAN]
10:22:05.570 [FXGL Background Thread 3 ] DEBUG Engine               - ticksPerSecond: -1
10:22:05.570 [FXGL Background Thread 3 ] DEBUG Engine               - title: Simulador Restaurante :D
10:22:05.570 [FXGL Background Thread 3 ] DEBUG Engine               - urlGithub: https://github.com/AlmasB/FXGL
10:22:05.570 [FXGL Background Thread 3 ] DEBUG Engine               - urlLeaderboard: http://fxgl-top.herokuapp.com/
10:22:05.570 [FXGL Background Thread 3 ] DEBUG Engine               - urlPOM: https://raw.githubusercontent.com/AlmasB/FXGL/release/README.md
10:22:05.571 [FXGL Background Thread 3 ] DEBUG Engine               - userAppClass: class org.example.simulador_restaurante.HelloApplication
10:22:05.571 [FXGL Background Thread 3 ] DEBUG Engine               - version: 1.0
10:22:05.571 [FXGL Background Thread 3 ] DEBUG Engine               - versionCheckDays: 7
10:22:05.571 [FXGL Background Thread 3 ] DEBUG Engine               - width: 1200
10:22:05.571 [FXGL Background Thread 3 ] DEBUG Engine               - Logging services
10:22:05.571 [FXGL Background Thread 3 ] DEBUG Engine               - class com.almasb.fxgl.app.services.FXGLAssetLoaderService
10:22:05.571 [FXGL Background Thread 3 ] DEBUG Engine               - class com.almasb.fxgl.app.FXGLApplication$GameApplicationService
10:22:05.571 [FXGL Background Thread 3 ] DEBUG Engine               - class com.almasb.fxgl.app.services.FXGLDialogService
10:22:05.571 [FXGL Background Thread 3 ] DEBUG Engine               - class com.almasb.fxgl.app.services.IOTaskExecutorService
10:22:05.571 [FXGL Background Thread 3 ] DEBUG Engine               - class com.almasb.fxgl.io.FileSystemService
10:22:05.571 [FXGL Background Thread 3 ] DEBUG Engine               - class com.almasb.fxgl.localization.LocalizationService
10:22:05.571 [FXGL Background Thread 3 ] DEBUG Engine               - class com.almasb.fxgl.app.services.SystemBundleService
10:22:05.571 [FXGL Background Thread 3 ] DEBUG Engine               - class com.almasb.fxgl.profile.SaveLoadService
10:22:05.571 [FXGL Background Thread 3 ] DEBUG Engine               - class com.almasb.fxgl.ui.FXGLUIFactoryServiceProvider
10:22:05.571 [FXGL Background Thread 3 ] DEBUG Engine               - class com.almasb.fxgl.ui.FXGLDialogFactoryServiceProvider
10:22:05.572 [FXGL Background Thread 3 ] DEBUG Engine               - class com.almasb.fxgl.audio.AudioPlayer
10:22:05.572 [FXGL Background Thread 3 ] DEBUG Engine               - class com.almasb.fxgl.notification.impl.NotificationServiceProvider
10:22:05.572 [FXGL Background Thread 3 ] DEBUG Engine               - class com.almasb.fxgl.achievement.AchievementService
10:22:05.572 [FXGL Background Thread 3 ] DEBUG Engine               - class com.almasb.fxgl.cutscene.CutsceneService
10:22:05.572 [FXGL Background Thread 3 ] DEBUG Engine               - class com.almasb.fxgl.minigames.MiniGameService
10:22:05.572 [FXGL Background Thread 3 ] DEBUG Engine               - class com.almasb.fxgl.net.NetService
10:22:05.572 [FXGL Background Thread 3 ] DEBUG Engine               - class com.almasb.fxgl.app.services.UpdaterService
10:22:05.572 [FXGL Background Thread 3 ] DEBUG Engine               - class com.almasb.fxgl.dev.DevService
10:22:30.298 [JavaFX Application Thread] DEBUG FXGLApplication      - Exiting FXGL
10:22:30.298 [JavaFX Application Thread] DEBUG LoopRunner           - Stopping loop
10:22:30.299 [JavaFX Application Thread] DEBUG SystemBundleService  - Saving FXGL system data
10:22:30.300 [JavaFX Application Thread] DEBUG FileSystemAccess     - Writing to: /Users/rextro/Documents/7mo/Concurrente/C3/Simulador-restaurante/system/fxgl.bundle
10:22:30.301 [JavaFX Application Thread] DEBUG Async                - Shutting down background threads
10:22:30.302 [JavaFX Application Thread] DEBUG PrimaryStageWindow   - Closing main window
10:22:30.313 [JavaFX Application Thread] DEBUG Logger               - Closing Logger
