13:52:10.155 [main                     ] DEBUG Logger               - Configured Logger
13:52:10.182 [main                     ] DEBUG GameApplication      - Logging settings
Title: Simulador Restaurante :D
Version: 0.0
Width: 1200
Height: 750
Fullscreen: false
Intro: false
Profiling: false
Single step:false
App Mode: DEVELOPER
Menu Key: ESCAPE
Stage Style: DECORATED
Scene Factory: class com.almasb.fxgl.app.scene.SceneFactory

13:52:10.445 [JavaFX Application Thread] DEBUG FXGLApplication      - Initializing FXGL
13:52:10.448 [JavaFX Application Thread] INFO  Engine               - FXGL-17.3 (30.03.2023 11.49) on WINDOWS (J:17.0.9 FX:17.0.6)
13:52:10.449 [JavaFX Application Thread] DEBUG Engine               - JRE Vendor Name: Oracle Corporation
13:52:10.449 [JavaFX Application Thread] DEBUG Engine               - Running on OS: Windows 11 version 10.0
13:52:10.449 [JavaFX Application Thread] DEBUG Engine               - Architecture: amd64
13:52:10.449 [JavaFX Application Thread] INFO  Engine               - Source code and latest versions at: https://github.com/AlmasB/FXGL
13:52:10.449 [JavaFX Application Thread] INFO  Engine               -       Ask questions and discuss at: https://github.com/AlmasB/FXGL/discussions
13:52:10.449 [JavaFX Application Thread] INFO  Engine               -              Join the FXGL chat at: https://gitter.im/AlmasB/FXGL
13:52:10.514 [JavaFX Application Thread] DEBUG PrimaryStageWindow   - Creating a JavaFX scene
13:52:10.542 [JavaFX Application Thread] DEBUG PrimaryStageWindow   - Target settings size: 1200.0 x 750.0
13:52:10.543 [JavaFX Application Thread] DEBUG PrimaryStageWindow   - Scaled scene size:    1200.0 x 750.0
13:52:10.543 [JavaFX Application Thread] DEBUG PrimaryStageWindow   - Scaled ratio: (1.0, 1.0)
13:52:10.544 [JavaFX Application Thread] DEBUG PrimaryStageWindow   - Set initial scene to FXGLStartupScene
13:52:10.549 [JavaFX Application Thread] DEBUG PrimaryStageWindow   - Opening main window
13:52:10.629 [JavaFX Application Thread] DEBUG PrimaryStageWindow   - Window border size: (14.4000244140625, 38.0)
13:52:10.629 [JavaFX Application Thread] DEBUG PrimaryStageWindow   - Scaled size: 1200.0 x 750.0
13:52:10.631 [JavaFX Application Thread] DEBUG PrimaryStageWindow   - Scaled ratio: (1.0, 1.0)
13:52:10.631 [JavaFX Application Thread] DEBUG PrimaryStageWindow   - Scene size: 1200.0 x 750.0
13:52:10.631 [JavaFX Application Thread] DEBUG PrimaryStageWindow   - Stage size: 1214.4000244140625 x 788.0
13:52:10.637 [FXGL Background Thread 1 ] DEBUG Engine               - Initializing environment variables
13:52:10.670 [FXGL Background Thread 1 ] DEBUG FXGLAssetLoaderServi - User app class for loading assets: class org.example.simulador_restaurante.HelloApplication
13:52:10.670 [FXGL Background Thread 1 ] DEBUG GameApplicationServi - Applying CSS: fxgl_dark.css
13:52:10.671 [FXGL Background Thread 1 ] DEBUG FXGLAssetLoaderServi - Loading from file system: jar:file:///C:/Users/emili/.m2/repository/com/github/almasb/fxgl/17.3/fxgl-17.3.jar!/fxglassets/ui/css/fxgl_dark.css
13:52:10.721 [FXGL Background Thread 1 ] DEBUG GameApplicationServi - Initializing application scenes
13:52:10.784 [FXGL Background Thread 1 ] DEBUG GameWorld            - Game world initialized
13:52:10.864 [FXGL Background Thread 1 ] DEBUG PhysicsWorld         - Physics world initialized: appHeight=750, physics.ppm=50.0
13:52:10.864 [FXGL Background Thread 1 ] DEBUG PhysicsWorld         - Using strategy: BRUTE_FORCE
13:52:10.868 [FXGL Background Thread 1 ] DEBUG GameScene            - Game scene initialized: 1200x750
13:52:10.883 [FXGL Background Thread 1 ] DEBUG FXGL.DefaultMenu     - createMenuBodyGameMenu()
13:52:10.897 [FXGL Background Thread 1 ] DEBUG FXGL.DefaultMenu     - createOptionsMenu()
13:52:10.905 [FXGL Background Thread 1 ] DEBUG FXGLAssetLoaderServi - Loading from file system: jar:file:///C:/Users/emili/.m2/repository/com/github/almasb/fxgl/17.3/fxgl-17.3.jar!/fxglassets/textures/particles/smoke.png
13:52:11.007 [FXGL Background Thread 1 ] DEBUG FXGLAssetLoaderServi - Loading from file system: jar:file:///C:/Users/emili/.m2/repository/com/github/almasb/fxgl/17.3/fxgl-17.3.jar!/fxglassets/textures/particles/trace_horizontal.png
13:52:11.029 [FXGL Background Thread 1 ] DEBUG GameApplicationServi - Application scenes initialized
13:52:11.039 [FXGL Background Thread 1 ] DEBUG SystemBundleService  - Loading FXGL system data
13:52:11.043 [FXGL Background Thread 1 ] DEBUG FileSystemAccess     - Reading from: C:\Users\emili\OneDrive\Escritorio\UP\Septimo cuatrimestre\programacion concurrente\corte 3\Simulador-restaurante\system\fxgl.bundle
13:52:11.049 [FXGL Background Thread 1 ] DEBUG SystemBundleService  - Bundle FXGL: {}
13:52:11.049 [FXGL Background Thread 1 ] DEBUG UpdaterService       - Checking for updates
13:52:11.052 [FXGL Background Thread 4 ] DEBUG FXGLApplication      - Loading fonts
13:52:11.052 [FXGL Background Thread 4 ] DEBUG FXGLAssetLoaderServi - Loading from file system: jar:file:///C:/Users/emili/.m2/repository/com/github/almasb/fxgl/17.3/fxgl-17.3.jar!/fxglassets/ui/fonts/VarelaRound-Regular.ttf
13:52:11.052 [FXGL Background Thread 1 ] DEBUG FXGLApplication      - Loading default localization
13:52:11.053 [FXGL Background Thread 1 ] DEBUG FXGLAssetLoaderServi - Loading from file system: jar:file:///C:/Users/emili/.m2/repository/com/github/almasb/fxgl/17.3/fxgl-17.3.jar!/fxglassets/languages/english.lang
13:52:11.073 [FXGL Background Thread 1 ] INFO  FXGLApplication      - FXGL initialization took: 0.435 sec
13:52:11.074 [JavaFX Application Thread] DEBUG FXGLAssetLoaderServi - Loading from file system: jar:file:///C:/Users/emili/.m2/repository/com/github/almasb/fxgl/17.3/fxgl-17.3.jar!/fxglassets/textures/fxgl_icon.png
13:52:11.093 [JavaFX Application Thread] DEBUG FXGLAssetLoaderServi - Loading from file system: jar:file:///C:/Users/emili/.m2/repository/com/github/almasb/fxgl/17.3/fxgl-17.3.jar!/fxglassets/textures/fxgl_default_cursor.png
13:52:11.118 [FXGL Background Thread 4 ] DEBUG FXGLAssetLoaderServi - Loading from file system: jar:file:///C:/Users/emili/.m2/repository/com/github/almasb/fxgl/17.3/fxgl-17.3.jar!/fxglassets/ui/fonts/Abel-Regular.ttf
13:52:11.120 [JavaFX Application Thread] DEBUG Input                - Registered new binding: Screenshot - CTRL+8
13:52:11.122 [FXGL Background Thread 4 ] DEBUG FXGLAssetLoaderServi - Loading from file system: jar:file:///C:/Users/emili/.m2/repository/com/github/almasb/fxgl/17.3/fxgl-17.3.jar!/fxglassets/ui/fonts/TerminalLandMono-Regular.otf
13:52:11.122 [JavaFX Application Thread] DEBUG Input                - Registered new binding: System info dump - CTRL+9
13:52:11.123 [JavaFX Application Thread] DEBUG Input                - Registered new binding: Restart - CTRL+R
13:52:11.125 [FXGL Background Thread 4 ] DEBUG FXGLAssetLoaderServi - Loading from file system: jar:file:///C:/Users/emili/.m2/repository/com/github/almasb/fxgl/17.3/fxgl-17.3.jar!/fxglassets/ui/fonts/Courier-Prime.ttf
13:52:11.126 [JavaFX Application Thread] DEBUG Input                - Registered new binding: Toggle Debug Camera - CTRL+7
13:52:11.135 [JavaFX Application Thread] DEBUG LoopRunner           - Starting loop
13:52:11.136 [JavaFX Application Thread] DEBUG LoopRunner           - Initializing JavaFX AnimationTimerLoop
13:52:11.139 [JavaFX Application Thread] DEBUG GameApplicationServi - Starting new game
13:52:11.139 [JavaFX Application Thread] DEBUG Input                - Clearing active input actions
13:52:11.155 [JavaFX Application Thread] DEBUG GameApplicationServi - Removing overlay from FXGLStartupScene and adding to FXGLLoadingScene
13:52:11.156 [JavaFX Application Thread] DEBUG PrimaryStageWindow   - FXGLStartupScene -> FXGLLoadingScene
13:52:11.156 [JavaFX Application Thread] DEBUG GameApplicationServi - Clearing previous game
13:52:11.156 [JavaFX Application Thread] DEBUG GameScene            - Clearing game scene
13:52:11.156 [JavaFX Application Thread] DEBUG GameWorld            - Clearing game world
13:52:11.156 [JavaFX Application Thread] DEBUG PhysicsWorld         - Clearing physics world
13:52:11.160 [FXGL Background Thread 4 ] DEBUG FXGLApplication      - Initializing game
13:52:11.160 [JavaFX Application Thread] DEBUG FXGLApplication      - Registering font factories with UI factory
13:52:11.174 [FXGL Background Thread 4 ] DEBUG FXGLAssetLoaderServi - Loading from file system: file:/C:/Users/emili/OneDrive/Escritorio/UP/Septimo%20cuatrimestre/programacion%20concurrente/corte%203/Simulador-restaurante/target/classes/assets/textures/wood_floor.jpg
13:52:11.193 [FXGL Background Thread 4 ] DEBUG FXGLAssetLoaderServi - Loading from file system: file:/C:/Users/emili/OneDrive/Escritorio/UP/Septimo%20cuatrimestre/programacion%20concurrente/corte%203/Simulador-restaurante/target/classes/assets/textures/waiter.png
13:52:11.233 [FXGL Background Thread 4 ] INFO  FXGLApplication      - Game initialization took: 0.073 sec
13:52:11.289 [JavaFX Application Thread] DEBUG Input                - Clearing active input actions
13:52:11.295 [JavaFX Application Thread] DEBUG GameApplicationServi - Removing overlay from FXGLLoadingScene and adding to GameScene
13:52:11.296 [JavaFX Application Thread] DEBUG PrimaryStageWindow   - FXGLLoadingScene -> GameScene
13:52:11.550 [FXGL Background Thread 2 ] INFO  UpdaterService       - Your current version:  17.3
13:52:11.550 [FXGL Background Thread 2 ] INFO  UpdaterService       - Latest stable version: 21.1
13:52:13.360 [JavaFX Application Thread] DEBUG FXGLApplication      - Exiting FXGL
13:52:13.360 [JavaFX Application Thread] DEBUG LoopRunner           - Stopping loop
13:52:13.360 [JavaFX Application Thread] DEBUG SystemBundleService  - Saving FXGL system data
13:52:13.364 [JavaFX Application Thread] DEBUG FileSystemAccess     - Writing to: C:\Users\emili\OneDrive\Escritorio\UP\Septimo cuatrimestre\programacion concurrente\corte 3\Simulador-restaurante\system\fxgl.bundle
13:52:13.366 [JavaFX Application Thread] DEBUG Async                - Shutting down background threads
13:52:13.366 [JavaFX Application Thread] DEBUG PrimaryStageWindow   - Closing main window
13:52:13.380 [JavaFX Application Thread] DEBUG Logger               - Closing Logger
