15:24:15.184 [main                     ] DEBUG Logger               - Configured Logger
15:24:15.238 [main                     ] DEBUG GameApplication      - Logging settings
Title: Simulador Restaurante :D
Version: 1.0
Width: 1200
Height: 760
Fullscreen: false
Intro: false
Profiling: false
Single step:false
App Mode: DEVELOPER
Menu Key: ESCAPE
Stage Style: DECORATED
Scene Factory: class com.almasb.fxgl.app.scene.SceneFactory

15:24:15.690 [JavaFX Application Thread] DEBUG FXGLApplication      - Initializing FXGL
15:24:15.699 [JavaFX Application Thread] INFO  Engine               - FXGL-17.3 (30.03.2023 11.49) on WINDOWS (J:17.0.13 FX:17.0.6)
15:24:15.699 [JavaFX Application Thread] DEBUG Engine               - JRE Vendor Name: Amazon.com Inc.
15:24:15.700 [JavaFX Application Thread] DEBUG Engine               - Running on OS: Windows 11 version 10.0
15:24:15.700 [JavaFX Application Thread] DEBUG Engine               - Architecture: amd64
15:24:15.700 [JavaFX Application Thread] INFO  Engine               - Source code and latest versions at: https://github.com/AlmasB/FXGL
15:24:15.700 [JavaFX Application Thread] INFO  Engine               -       Ask questions and discuss at: https://github.com/AlmasB/FXGL/discussions
15:24:15.700 [JavaFX Application Thread] INFO  Engine               -              Join the FXGL chat at: https://gitter.im/AlmasB/FXGL
15:24:15.810 [JavaFX Application Thread] DEBUG PrimaryStageWindow   - Creating a JavaFX scene
15:24:15.864 [JavaFX Application Thread] DEBUG PrimaryStageWindow   - Target settings size: 1200.0 x 760.0
15:24:15.865 [JavaFX Application Thread] DEBUG PrimaryStageWindow   - Scaled scene size:    1200.0 x 760.0
15:24:15.865 [JavaFX Application Thread] DEBUG PrimaryStageWindow   - Scaled ratio: (1.0, 1.0)
15:24:15.866 [JavaFX Application Thread] DEBUG PrimaryStageWindow   - Set initial scene to FXGLStartupScene
15:24:15.880 [JavaFX Application Thread] DEBUG PrimaryStageWindow   - Opening main window
15:24:16.052 [JavaFX Application Thread] DEBUG PrimaryStageWindow   - Window border size: (14.4000244140625, 37.5999755859375)
15:24:16.053 [JavaFX Application Thread] DEBUG PrimaryStageWindow   - Scaled size: 1200.0 x 760.0
15:24:16.054 [JavaFX Application Thread] DEBUG PrimaryStageWindow   - Scaled ratio: (1.0, 1.0)
15:24:16.054 [JavaFX Application Thread] DEBUG PrimaryStageWindow   - Scene size: 1200.0 x 760.0
15:24:16.055 [JavaFX Application Thread] DEBUG PrimaryStageWindow   - Stage size: 1214.4000244140625 x 797.5999755859375
15:24:16.069 [FXGL Background Thread 1 ] DEBUG Engine               - Initializing environment variables
15:24:16.130 [FXGL Background Thread 1 ] DEBUG FXGLAssetLoaderServi - User app class for loading assets: class org.example.simulador_restaurante.HelloApplication
15:24:16.130 [FXGL Background Thread 1 ] DEBUG GameApplicationServi - Applying CSS: fxgl_dark.css
15:24:16.131 [FXGL Background Thread 1 ] DEBUG FXGLAssetLoaderServi - Loading from file system: jar:file:///C:/Users/emili/.m2/repository/com/github/almasb/fxgl/17.3/fxgl-17.3.jar!/fxglassets/ui/css/fxgl_dark.css
15:24:16.201 [FXGL Background Thread 1 ] DEBUG GameApplicationServi - Initializing application scenes
15:24:16.316 [FXGL Background Thread 1 ] DEBUG GameWorld            - Game world initialized
15:24:16.432 [FXGL Background Thread 1 ] DEBUG PhysicsWorld         - Physics world initialized: appHeight=760, physics.ppm=50.0
15:24:16.432 [FXGL Background Thread 1 ] DEBUG PhysicsWorld         - Using strategy: BRUTE_FORCE
15:24:16.438 [FXGL Background Thread 1 ] DEBUG GameScene            - Game scene initialized: 1200x760
15:24:16.454 [FXGL Background Thread 1 ] DEBUG FXGL.DefaultMenu     - createMenuBodyGameMenu()
15:24:16.471 [FXGL Background Thread 1 ] DEBUG FXGL.DefaultMenu     - createOptionsMenu()
15:24:16.486 [FXGL Background Thread 1 ] DEBUG FXGLAssetLoaderServi - Loading from file system: jar:file:///C:/Users/emili/.m2/repository/com/github/almasb/fxgl/17.3/fxgl-17.3.jar!/fxglassets/textures/particles/smoke.png
15:24:16.663 [FXGL Background Thread 1 ] DEBUG FXGLAssetLoaderServi - Loading from file system: jar:file:///C:/Users/emili/.m2/repository/com/github/almasb/fxgl/17.3/fxgl-17.3.jar!/fxglassets/textures/particles/trace_horizontal.png
15:24:16.708 [FXGL Background Thread 1 ] DEBUG GameApplicationServi - Application scenes initialized
15:24:16.727 [FXGL Background Thread 1 ] DEBUG SystemBundleService  - Loading FXGL system data
15:24:16.737 [FXGL Background Thread 1 ] DEBUG FileSystemAccess     - Reading from: C:\Users\emili\OneDrive\Escritorio\UP\Septimo cuatrimestre\programacion concurrente\corte 3\Simulador-restaurante\system\fxgl.bundle
15:24:16.747 [FXGL Background Thread 1 ] DEBUG SystemBundleService  - Bundle FXGL: {}
15:24:16.747 [FXGL Background Thread 1 ] DEBUG UpdaterService       - Checking for updates
15:24:16.751 [FXGL Background Thread 4 ] DEBUG FXGLApplication      - Loading fonts
15:24:16.752 [FXGL Background Thread 1 ] DEBUG FXGLApplication      - Loading default localization
15:24:16.752 [FXGL Background Thread 4 ] DEBUG FXGLAssetLoaderServi - Loading from file system: jar:file:///C:/Users/emili/.m2/repository/com/github/almasb/fxgl/17.3/fxgl-17.3.jar!/fxglassets/ui/fonts/VarelaRound-Regular.ttf
15:24:16.753 [FXGL Background Thread 1 ] DEBUG FXGLAssetLoaderServi - Loading from file system: jar:file:///C:/Users/emili/.m2/repository/com/github/almasb/fxgl/17.3/fxgl-17.3.jar!/fxglassets/languages/english.lang
15:24:16.812 [FXGL Background Thread 1 ] INFO  FXGLApplication      - FXGL initialization took: 0.742 sec
15:24:16.814 [JavaFX Application Thread] DEBUG FXGLAssetLoaderServi - Loading from file system: jar:file:///C:/Users/emili/.m2/repository/com/github/almasb/fxgl/17.3/fxgl-17.3.jar!/fxglassets/textures/fxgl_icon.png
15:24:16.850 [JavaFX Application Thread] DEBUG FXGLAssetLoaderServi - Loading from file system: jar:file:///C:/Users/emili/.m2/repository/com/github/almasb/fxgl/17.3/fxgl-17.3.jar!/fxglassets/textures/fxgl_default_cursor.png
15:24:16.883 [FXGL Background Thread 4 ] DEBUG FXGLAssetLoaderServi - Loading from file system: jar:file:///C:/Users/emili/.m2/repository/com/github/almasb/fxgl/17.3/fxgl-17.3.jar!/fxglassets/ui/fonts/Abel-Regular.ttf
15:24:16.888 [FXGL Background Thread 4 ] DEBUG FXGLAssetLoaderServi - Loading from file system: jar:file:///C:/Users/emili/.m2/repository/com/github/almasb/fxgl/17.3/fxgl-17.3.jar!/fxglassets/ui/fonts/TerminalLandMono-Regular.otf
15:24:16.893 [FXGL Background Thread 4 ] DEBUG FXGLAssetLoaderServi - Loading from file system: jar:file:///C:/Users/emili/.m2/repository/com/github/almasb/fxgl/17.3/fxgl-17.3.jar!/fxglassets/ui/fonts/Courier-Prime.ttf
15:24:16.911 [JavaFX Application Thread] DEBUG Input                - Registered new binding: Screenshot - CTRL+8
15:24:16.914 [JavaFX Application Thread] DEBUG Input                - Registered new binding: System info dump - CTRL+9
15:24:16.917 [JavaFX Application Thread] DEBUG Input                - Registered new binding: Restart - CTRL+R
15:24:16.920 [JavaFX Application Thread] DEBUG Input                - Registered new binding: Toggle Debug Camera - CTRL+7
15:24:16.930 [JavaFX Application Thread] DEBUG LoopRunner           - Starting loop
15:24:16.930 [JavaFX Application Thread] DEBUG LoopRunner           - Initializing JavaFX AnimationTimerLoop
15:24:16.936 [JavaFX Application Thread] DEBUG GameApplicationServi - Starting new game
15:24:16.937 [JavaFX Application Thread] DEBUG Input                - Clearing active input actions
15:24:16.956 [JavaFX Application Thread] DEBUG GameApplicationServi - Removing overlay from FXGLStartupScene and adding to FXGLLoadingScene
15:24:16.956 [JavaFX Application Thread] DEBUG PrimaryStageWindow   - FXGLStartupScene -> FXGLLoadingScene
15:24:16.956 [JavaFX Application Thread] DEBUG GameApplicationServi - Clearing previous game
15:24:16.956 [JavaFX Application Thread] DEBUG GameScene            - Clearing game scene
15:24:16.957 [JavaFX Application Thread] DEBUG GameWorld            - Clearing game world
15:24:16.957 [JavaFX Application Thread] DEBUG PhysicsWorld         - Clearing physics world
15:24:16.965 [FXGL Background Thread 4 ] DEBUG FXGLApplication      - Initializing game
15:24:16.965 [JavaFX Application Thread] DEBUG FXGLApplication      - Registering font factories with UI factory
15:24:17.010 [FXGL Background Thread 4 ] DEBUG FXGLAssetLoaderServi - Loading from file system: file:/C:/Users/emili/OneDrive/Escritorio/UP/Septimo%20cuatrimestre/programacion%20concurrente/corte%203/Simulador-restaurante/target/classes/assets/music/soundtrack.mp3
15:24:17.319 [FXGL Background Thread 4 ] DEBUG AudioPlayer          - Playing music com.almasb.fxgl.audio.Music@51953f81
15:24:17.320 [FXGL Background Thread 4 ] DEBUG FXGLAssetLoaderServi - Loading from file system: file:/C:/Users/emili/OneDrive/Escritorio/UP/Septimo%20cuatrimestre/programacion%20concurrente/corte%203/Simulador-restaurante/target/classes/assets/textures/wood_floor.jpg
15:24:17.357 [FXGL Background Thread 4 ] DEBUG FXGLAssetLoaderServi - Loading from file system: file:/C:/Users/emili/OneDrive/Escritorio/UP/Septimo%20cuatrimestre/programacion%20concurrente/corte%203/Simulador-restaurante/target/classes/assets/textures/receptionist.png
15:24:17.370 [FXGL Background Thread 4 ] DEBUG FXGLAssetLoaderServi - Loading from file system: file:/C:/Users/emili/OneDrive/Escritorio/UP/Septimo%20cuatrimestre/programacion%20concurrente/corte%203/Simulador-restaurante/target/classes/assets/textures/table.png
15:24:17.421 [FXGL Background Thread 4 ] DEBUG FXGLAssetLoaderServi - Loading from file system: file:/C:/Users/emili/OneDrive/Escritorio/UP/Septimo%20cuatrimestre/programacion%20concurrente/corte%203/Simulador-restaurante/target/classes/assets/textures/chef.png
15:24:17.427 [FXGL Background Thread 4 ] DEBUG FXGLAssetLoaderServi - Loading from file system: file:/C:/Users/emili/OneDrive/Escritorio/UP/Septimo%20cuatrimestre/programacion%20concurrente/corte%203/Simulador-restaurante/target/classes/assets/textures/waiter.png
15:24:17.435 [FXGL Background Thread 4 ] INFO  FXGLApplication      - Game initialization took: 0.470 sec
15:24:17.440 [JavaFX Application Thread] DEBUG Input                - Clearing active input actions
15:24:17.452 [JavaFX Application Thread] DEBUG GameApplicationServi - Removing overlay from FXGLLoadingScene and adding to GameScene
15:24:17.453 [JavaFX Application Thread] DEBUG PrimaryStageWindow   - FXGLLoadingScene -> GameScene
15:24:17.489 [JavaFX Application Thread] DEBUG FXGLAssetLoaderServi - Loading from file system: file:/C:/Users/emili/OneDrive/Escritorio/UP/Septimo%20cuatrimestre/programacion%20concurrente/corte%203/Simulador-restaurante/target/classes/assets/textures/client.png
15:24:17.974 [FXGL Background Thread 2 ] INFO  UpdaterService       - Your current version:  17.3
15:24:17.974 [FXGL Background Thread 2 ] INFO  UpdaterService       - Latest stable version: 21.1
15:24:19.751 [FXGL Background Thread 3 ] DEBUG Engine               - Logging environment variables
15:24:19.752 [FXGL Background Thread 3 ] DEBUG Engine               - achievements: []
15:24:19.752 [FXGL Background Thread 3 ] DEBUG Engine               - actualHeight: 760.0
15:24:19.752 [FXGL Background Thread 3 ] DEBUG Engine               - actualHeightProperty: ReadOnlyDoubleProperty [value: 760.0]
15:24:19.752 [FXGL Background Thread 3 ] DEBUG Engine               - actualWidth: 1200.0
15:24:19.753 [FXGL Background Thread 3 ] DEBUG Engine               - actualWidthProperty: ReadOnlyDoubleProperty [value: 1200.0]
15:24:19.753 [FXGL Background Thread 3 ] DEBUG Engine               - appIcon: fxgl_icon.png
15:24:19.753 [FXGL Background Thread 3 ] DEBUG Engine               - applicationMode: DEVELOPER
15:24:19.753 [FXGL Background Thread 3 ] DEBUG Engine               - cSSList: [fxgl_dark.css]
15:24:19.753 [FXGL Background Thread 3 ] DEBUG Engine               - collisionDetectionStrategy: BRUTE_FORCE
15:24:19.754 [FXGL Background Thread 3 ] DEBUG Engine               - configClass: Optional.empty
15:24:19.754 [FXGL Background Thread 3 ] DEBUG Engine               - credits: []
15:24:19.756 [FXGL Background Thread 3 ] DEBUG Engine               - defaultCursor: CursorInfo(imageName=fxgl_default_cursor.png, hotspotX=7.0, hotspotY=6.0)
15:24:19.757 [FXGL Background Thread 3 ] DEBUG Engine               - devBBoxColorProperty: ObjectProperty [value: 0xff0000ff]
15:24:19.757 [FXGL Background Thread 3 ] DEBUG Engine               - devEnableDebugCameraProperty: BooleanProperty [value: false]
15:24:19.758 [FXGL Background Thread 3 ] DEBUG Engine               - devSensorColorProperty: ObjectProperty [value: 0xffff00ff]
15:24:19.758 [FXGL Background Thread 3 ] DEBUG Engine               - devShowBBoxProperty: BooleanProperty [value: false]
15:24:19.758 [FXGL Background Thread 3 ] DEBUG Engine               - devShowPositionProperty: BooleanProperty [value: false]
15:24:19.758 [FXGL Background Thread 3 ] DEBUG Engine               - enabledMenuItems: []
15:24:19.759 [FXGL Background Thread 3 ] DEBUG Engine               - engineServices: [class com.almasb.fxgl.app.services.FXGLAssetLoaderService, class com.almasb.fxgl.app.FXGLApplication$GameApplicationService, class com.almasb.fxgl.app.services.FXGLDialogService, class com.almasb.fxgl.app.services.IOTaskExecutorService, class com.almasb.fxgl.io.FileSystemService, class com.almasb.fxgl.localization.LocalizationService, class com.almasb.fxgl.app.services.SystemBundleService, class com.almasb.fxgl.profile.SaveLoadService, class com.almasb.fxgl.ui.FXGLUIFactoryServiceProvider, class com.almasb.fxgl.ui.FXGLDialogFactoryServiceProvider, class com.almasb.fxgl.audio.AudioPlayer, class com.almasb.fxgl.notification.impl.NotificationServiceProvider, class com.almasb.fxgl.achievement.AchievementService, class com.almasb.fxgl.cutscene.CutsceneService, class com.almasb.fxgl.minigames.MiniGameService, class com.almasb.fxgl.net.NetService, class com.almasb.fxgl.app.services.UpdaterService, class com.almasb.fxgl.dev.DevService]
15:24:19.759 [FXGL Background Thread 3 ] DEBUG Engine               - fontGame: Abel-Regular.ttf
15:24:19.759 [FXGL Background Thread 3 ] DEBUG Engine               - fontMono: TerminalLandMono-Regular.otf
15:24:19.759 [FXGL Background Thread 3 ] DEBUG Engine               - fontSizeScaleUI: 1.0
15:24:19.759 [FXGL Background Thread 3 ] DEBUG Engine               - fontText: Courier-Prime.ttf
15:24:19.759 [FXGL Background Thread 3 ] DEBUG Engine               - fontUI: VarelaRound-Regular.ttf
15:24:19.759 [FXGL Background Thread 3 ] DEBUG Engine               - fullScreen: BooleanProperty [value: false]
15:24:19.760 [FXGL Background Thread 3 ] DEBUG Engine               - gameDifficulty: MEDIUM
15:24:19.760 [FXGL Background Thread 3 ] DEBUG Engine               - gameDifficultyProperty: ObjectProperty [value: MEDIUM]
15:24:19.760 [FXGL Background Thread 3 ] DEBUG Engine               - globalMusicVolume: 0.5
15:24:19.760 [FXGL Background Thread 3 ] DEBUG Engine               - globalMusicVolumeProperty: DoubleProperty [value: 0.5]
15:24:19.760 [FXGL Background Thread 3 ] DEBUG Engine               - globalSoundVolume: 0.5
15:24:19.761 [FXGL Background Thread 3 ] DEBUG Engine               - globalSoundVolumeProperty: DoubleProperty [value: 0.5]
15:24:19.761 [FXGL Background Thread 3 ] DEBUG Engine               - height: 760
15:24:19.761 [FXGL Background Thread 3 ] DEBUG Engine               - is3D: false
15:24:19.761 [FXGL Background Thread 3 ] DEBUG Engine               - isAndroid: false
15:24:19.761 [FXGL Background Thread 3 ] DEBUG Engine               - isBrowser: false
15:24:19.761 [FXGL Background Thread 3 ] DEBUG Engine               - isClickFeedbackEnabled: false
15:24:19.761 [FXGL Background Thread 3 ] DEBUG Engine               - isCloseConfirmation: false
15:24:19.761 [FXGL Background Thread 3 ] DEBUG Engine               - isDesktop: true
15:24:19.761 [FXGL Background Thread 3 ] DEBUG Engine               - isDeveloperMenuEnabled: false
15:24:19.761 [FXGL Background Thread 3 ] DEBUG Engine               - isEmbedded: false
15:24:19.762 [FXGL Background Thread 3 ] DEBUG Engine               - isEntityPreloadEnabled: true
15:24:19.762 [FXGL Background Thread 3 ] DEBUG Engine               - isExperimentalTiledLargeMap: false
15:24:19.762 [FXGL Background Thread 3 ] DEBUG Engine               - isFileSystemWriteAllowed: true
15:24:19.762 [FXGL Background Thread 3 ] DEBUG Engine               - isFullScreenAllowed: false
15:24:19.762 [FXGL Background Thread 3 ] DEBUG Engine               - isFullScreenFromStart: false
15:24:19.762 [FXGL Background Thread 3 ] DEBUG Engine               - isGameMenuEnabled: true
15:24:19.763 [FXGL Background Thread 3 ] DEBUG Engine               - isIOS: false
15:24:19.763 [FXGL Background Thread 3 ] DEBUG Engine               - isIntroEnabled: false
15:24:19.763 [FXGL Background Thread 3 ] DEBUG Engine               - isLinux: false
15:24:19.763 [FXGL Background Thread 3 ] DEBUG Engine               - isMac: false
15:24:19.764 [FXGL Background Thread 3 ] DEBUG Engine               - isMainMenuEnabled: false
15:24:19.764 [FXGL Background Thread 3 ] DEBUG Engine               - isManualResizeEnabled: false
15:24:19.764 [FXGL Background Thread 3 ] DEBUG Engine               - isMobile: false
15:24:19.764 [FXGL Background Thread 3 ] DEBUG Engine               - isNative: false
15:24:19.764 [FXGL Background Thread 3 ] DEBUG Engine               - isPauseMusicWhenMinimized: true
15:24:19.765 [FXGL Background Thread 3 ] DEBUG Engine               - isPreserveResizeRatio: false
15:24:19.765 [FXGL Background Thread 3 ] DEBUG Engine               - isProfilingEnabled: false
15:24:19.765 [FXGL Background Thread 3 ] DEBUG Engine               - isScaleAffectedOnResize: true
15:24:19.765 [FXGL Background Thread 3 ] DEBUG Engine               - isSingleStep: false
15:24:19.765 [FXGL Background Thread 3 ] DEBUG Engine               - isUserProfileEnabled: false
15:24:19.765 [FXGL Background Thread 3 ] DEBUG Engine               - isWindows: true
15:24:19.765 [FXGL Background Thread 3 ] DEBUG Engine               - language: ObjectProperty [value: ENGLISH]
15:24:19.765 [FXGL Background Thread 3 ] DEBUG Engine               - menuKey: ESCAPE
15:24:19.765 [FXGL Background Thread 3 ] DEBUG Engine               - mouseSensitivity: 0.2
15:24:19.765 [FXGL Background Thread 3 ] DEBUG Engine               - notificationViewClass: class com.almasb.fxgl.notification.view.XboxNotificationView
15:24:19.765 [FXGL Background Thread 3 ] DEBUG Engine               - pixelsPerMeter: 50.0
15:24:19.767 [FXGL Background Thread 3 ] DEBUG Engine               - platform: WINDOWS
15:24:19.767 [FXGL Background Thread 3 ] DEBUG Engine               - prefHeightProperty: ReadOnlyDoubleProperty [value: 760.0]
15:24:19.767 [FXGL Background Thread 3 ] DEBUG Engine               - prefWidthProperty: ReadOnlyDoubleProperty [value: 1200.0]
15:24:19.767 [FXGL Background Thread 3 ] DEBUG Engine               - profileDir: profiles/
15:24:19.768 [FXGL Background Thread 3 ] DEBUG Engine               - profileName: StringProperty [value: DEFAULT]
15:24:19.768 [FXGL Background Thread 3 ] DEBUG Engine               - randomSeed: -1
15:24:19.769 [FXGL Background Thread 3 ] DEBUG Engine               - runtimeInfo: RuntimeInfo(platform=WINDOWS, version=17.3, build=30.03.2023 11.49)
15:24:19.769 [FXGL Background Thread 3 ] DEBUG Engine               - saveFileExt: sav
15:24:19.769 [FXGL Background Thread 3 ] DEBUG Engine               - scaledHeightProp$fxgl: DoubleProperty [bound, value: 760.0]
15:24:19.769 [FXGL Background Thread 3 ] DEBUG Engine               - scaledWidthProp$fxgl: DoubleProperty [bound, value: 1200.0]
15:24:19.769 [FXGL Background Thread 3 ] DEBUG Engine               - sceneFactory: com.almasb.fxgl.app.scene.SceneFactory@19b42752
15:24:19.770 [FXGL Background Thread 3 ] DEBUG Engine               - secondsIn24h: 60
15:24:19.770 [FXGL Background Thread 3 ] DEBUG Engine               - soundMenuBack: menu/back.wav
15:24:19.770 [FXGL Background Thread 3 ] DEBUG Engine               - soundMenuPress: menu/press.wav
15:24:19.770 [FXGL Background Thread 3 ] DEBUG Engine               - soundMenuSelect: menu/select.wav
15:24:19.770 [FXGL Background Thread 3 ] DEBUG Engine               - soundNotification: core/notification.wav
15:24:19.770 [FXGL Background Thread 3 ] DEBUG Engine               - stageStyle: DECORATED
15:24:19.770 [FXGL Background Thread 3 ] DEBUG Engine               - supportedLanguages: [ENGLISH, FRENCH, GERMAN, HUNGARIAN, RUSSIAN]
15:24:19.770 [FXGL Background Thread 3 ] DEBUG Engine               - ticksPerSecond: -1
15:24:19.770 [FXGL Background Thread 3 ] DEBUG Engine               - title: Simulador Restaurante :D
15:24:19.770 [FXGL Background Thread 3 ] DEBUG Engine               - urlGithub: https://github.com/AlmasB/FXGL
15:24:19.770 [FXGL Background Thread 3 ] DEBUG Engine               - urlLeaderboard: http://fxgl-top.herokuapp.com/
15:24:19.770 [FXGL Background Thread 3 ] DEBUG Engine               - urlPOM: https://raw.githubusercontent.com/AlmasB/FXGL/release/README.md
15:24:19.770 [FXGL Background Thread 3 ] DEBUG Engine               - userAppClass: class org.example.simulador_restaurante.HelloApplication
15:24:19.770 [FXGL Background Thread 3 ] DEBUG Engine               - version: 1.0
15:24:19.771 [FXGL Background Thread 3 ] DEBUG Engine               - versionCheckDays: 7
15:24:19.771 [FXGL Background Thread 3 ] DEBUG Engine               - width: 1200
15:24:19.771 [FXGL Background Thread 3 ] DEBUG Engine               - Logging services
15:24:19.771 [FXGL Background Thread 3 ] DEBUG Engine               - class com.almasb.fxgl.app.services.FXGLAssetLoaderService
15:24:19.771 [FXGL Background Thread 3 ] DEBUG Engine               - class com.almasb.fxgl.app.FXGLApplication$GameApplicationService
15:24:19.771 [FXGL Background Thread 3 ] DEBUG Engine               - class com.almasb.fxgl.app.services.FXGLDialogService
15:24:19.771 [FXGL Background Thread 3 ] DEBUG Engine               - class com.almasb.fxgl.app.services.IOTaskExecutorService
15:24:19.771 [FXGL Background Thread 3 ] DEBUG Engine               - class com.almasb.fxgl.io.FileSystemService
15:24:19.771 [FXGL Background Thread 3 ] DEBUG Engine               - class com.almasb.fxgl.localization.LocalizationService
15:24:19.772 [FXGL Background Thread 3 ] DEBUG Engine               - class com.almasb.fxgl.app.services.SystemBundleService
15:24:19.772 [FXGL Background Thread 3 ] DEBUG Engine               - class com.almasb.fxgl.profile.SaveLoadService
15:24:19.772 [FXGL Background Thread 3 ] DEBUG Engine               - class com.almasb.fxgl.ui.FXGLUIFactoryServiceProvider
15:24:19.772 [FXGL Background Thread 3 ] DEBUG Engine               - class com.almasb.fxgl.ui.FXGLDialogFactoryServiceProvider
15:24:19.772 [FXGL Background Thread 3 ] DEBUG Engine               - class com.almasb.fxgl.audio.AudioPlayer
15:24:19.772 [FXGL Background Thread 3 ] DEBUG Engine               - class com.almasb.fxgl.notification.impl.NotificationServiceProvider
15:24:19.772 [FXGL Background Thread 3 ] DEBUG Engine               - class com.almasb.fxgl.achievement.AchievementService
15:24:19.772 [FXGL Background Thread 3 ] DEBUG Engine               - class com.almasb.fxgl.cutscene.CutsceneService
15:24:19.772 [FXGL Background Thread 3 ] DEBUG Engine               - class com.almasb.fxgl.minigames.MiniGameService
15:24:19.773 [FXGL Background Thread 3 ] DEBUG Engine               - class com.almasb.fxgl.net.NetService
15:24:19.773 [FXGL Background Thread 3 ] DEBUG Engine               - class com.almasb.fxgl.app.services.UpdaterService
15:24:19.773 [FXGL Background Thread 3 ] DEBUG Engine               - class com.almasb.fxgl.dev.DevService
15:24:22.545 [JavaFX Application Thread] DEBUG FXGLAssetLoaderServi - Loading from file system: file:/C:/Users/emili/OneDrive/Escritorio/UP/Septimo%20cuatrimestre/programacion%20concurrente/corte%203/Simulador-restaurante/target/classes/assets/textures/food.png
15:26:15.366 [JavaFX Application Thread] DEBUG FXGLApplication      - Exiting FXGL
15:26:15.366 [JavaFX Application Thread] DEBUG LoopRunner           - Stopping loop
15:26:15.367 [JavaFX Application Thread] DEBUG SystemBundleService  - Saving FXGL system data
15:26:15.370 [JavaFX Application Thread] DEBUG FileSystemAccess     - Writing to: C:\Users\emili\OneDrive\Escritorio\UP\Septimo cuatrimestre\programacion concurrente\corte 3\Simulador-restaurante\system\fxgl.bundle
15:26:15.372 [JavaFX Application Thread] DEBUG Async                - Shutting down background threads
15:26:15.372 [JavaFX Application Thread] DEBUG PrimaryStageWindow   - Closing main window
15:26:15.410 [JavaFX Application Thread] DEBUG Logger               - Closing Logger
