18:03:49.717 [main                     ] DEBUG Logger               - Configured Logger
18:03:49.747 [main                     ] DEBUG GameApplication      - Logging settings
Title: Simulador Restaurante :D
Version: 0.0
Width: 1200
Height: 750
Fullscreen: false
Intro: false
Profiling: false
Single step:false
App Mode: DEVELOPER
Menu Key: ESCAPE
Stage Style: DECORATED
Scene Factory: class com.almasb.fxgl.app.scene.SceneFactory

18:03:50.019 [JavaFX Application Thread] DEBUG FXGLApplication      - Initializing FXGL
18:03:50.023 [JavaFX Application Thread] INFO  Engine               - FXGL-17.3 (30.03.2023 11.49) on WINDOWS (J:17.0.9 FX:17.0.6)
18:03:50.023 [JavaFX Application Thread] DEBUG Engine               - JRE Vendor Name: Oracle Corporation
18:03:50.024 [JavaFX Application Thread] DEBUG Engine               - Running on OS: Windows 11 version 10.0
18:03:50.024 [JavaFX Application Thread] DEBUG Engine               - Architecture: amd64
18:03:50.024 [JavaFX Application Thread] INFO  Engine               - Source code and latest versions at: https://github.com/AlmasB/FXGL
18:03:50.024 [JavaFX Application Thread] INFO  Engine               -       Ask questions and discuss at: https://github.com/AlmasB/FXGL/discussions
18:03:50.024 [JavaFX Application Thread] INFO  Engine               -              Join the FXGL chat at: https://gitter.im/AlmasB/FXGL
18:03:50.083 [JavaFX Application Thread] DEBUG PrimaryStageWindow   - Creating a JavaFX scene
18:03:50.111 [JavaFX Application Thread] DEBUG PrimaryStageWindow   - Target settings size: 1200.0 x 750.0
18:03:50.111 [JavaFX Application Thread] DEBUG PrimaryStageWindow   - Scaled scene size:    1200.0 x 750.0
18:03:50.111 [JavaFX Application Thread] DEBUG PrimaryStageWindow   - Scaled ratio: (1.0, 1.0)
18:03:50.112 [JavaFX Application Thread] DEBUG PrimaryStageWindow   - Set initial scene to FXGLStartupScene
18:03:50.116 [JavaFX Application Thread] DEBUG PrimaryStageWindow   - Opening main window
18:03:50.190 [JavaFX Application Thread] DEBUG PrimaryStageWindow   - Window border size: (14.4000244140625, 38.0)
18:03:50.190 [JavaFX Application Thread] DEBUG PrimaryStageWindow   - Scaled size: 1200.0 x 750.0
18:03:50.190 [JavaFX Application Thread] DEBUG PrimaryStageWindow   - Scaled ratio: (1.0, 1.0)
18:03:50.190 [JavaFX Application Thread] DEBUG PrimaryStageWindow   - Scene size: 1200.0 x 750.0
18:03:50.191 [JavaFX Application Thread] DEBUG PrimaryStageWindow   - Stage size: 1214.4000244140625 x 788.0
18:03:50.196 [FXGL Background Thread 1 ] DEBUG Engine               - Initializing environment variables
18:03:50.223 [FXGL Background Thread 1 ] DEBUG FXGLAssetLoaderServi - User app class for loading assets: class org.example.simulador_restaurante.HelloApplication
18:03:50.224 [FXGL Background Thread 1 ] DEBUG GameApplicationServi - Applying CSS: fxgl_dark.css
18:03:50.224 [FXGL Background Thread 1 ] DEBUG FXGLAssetLoaderServi - Loading from file system: jar:file:///C:/Users/emili/.m2/repository/com/github/almasb/fxgl/17.3/fxgl-17.3.jar!/fxglassets/ui/css/fxgl_dark.css
18:03:50.270 [FXGL Background Thread 1 ] DEBUG GameApplicationServi - Initializing application scenes
18:03:50.335 [FXGL Background Thread 1 ] DEBUG GameWorld            - Game world initialized
18:03:50.398 [FXGL Background Thread 1 ] DEBUG PhysicsWorld         - Physics world initialized: appHeight=750, physics.ppm=50.0
18:03:50.399 [FXGL Background Thread 1 ] DEBUG PhysicsWorld         - Using strategy: BRUTE_FORCE
18:03:50.405 [FXGL Background Thread 1 ] DEBUG GameScene            - Game scene initialized: 1200x750
18:03:50.424 [FXGL Background Thread 1 ] DEBUG FXGL.DefaultMenu     - createMenuBodyGameMenu()
18:03:50.451 [FXGL Background Thread 1 ] DEBUG FXGL.DefaultMenu     - createOptionsMenu()
18:03:50.460 [FXGL Background Thread 1 ] DEBUG FXGLAssetLoaderServi - Loading from file system: jar:file:///C:/Users/emili/.m2/repository/com/github/almasb/fxgl/17.3/fxgl-17.3.jar!/fxglassets/textures/particles/smoke.png
18:03:50.577 [FXGL Background Thread 1 ] DEBUG FXGLAssetLoaderServi - Loading from file system: jar:file:///C:/Users/emili/.m2/repository/com/github/almasb/fxgl/17.3/fxgl-17.3.jar!/fxglassets/textures/particles/trace_horizontal.png
18:03:50.606 [FXGL Background Thread 1 ] DEBUG GameApplicationServi - Application scenes initialized
18:03:50.619 [FXGL Background Thread 1 ] DEBUG SystemBundleService  - Loading FXGL system data
18:03:50.622 [FXGL Background Thread 1 ] DEBUG FileSystemAccess     - Reading from: C:\Users\emili\OneDrive\Escritorio\UP\Septimo cuatrimestre\programacion concurrente\corte 3\Simulador-restaurante\system\fxgl.bundle
18:03:50.629 [FXGL Background Thread 1 ] DEBUG SystemBundleService  - Bundle FXGL: {}
18:03:50.629 [FXGL Background Thread 1 ] DEBUG UpdaterService       - Checking for updates
18:03:50.632 [FXGL Background Thread 4 ] DEBUG FXGLApplication      - Loading fonts
18:03:50.633 [FXGL Background Thread 4 ] DEBUG FXGLAssetLoaderServi - Loading from file system: jar:file:///C:/Users/emili/.m2/repository/com/github/almasb/fxgl/17.3/fxgl-17.3.jar!/fxglassets/ui/fonts/VarelaRound-Regular.ttf
18:03:50.633 [FXGL Background Thread 1 ] DEBUG FXGLApplication      - Loading default localization
18:03:50.634 [FXGL Background Thread 1 ] DEBUG FXGLAssetLoaderServi - Loading from file system: jar:file:///C:/Users/emili/.m2/repository/com/github/almasb/fxgl/17.3/fxgl-17.3.jar!/fxglassets/languages/english.lang
18:03:50.656 [FXGL Background Thread 1 ] INFO  FXGLApplication      - FXGL initialization took: 0.460 sec
18:03:50.658 [JavaFX Application Thread] DEBUG FXGLAssetLoaderServi - Loading from file system: jar:file:///C:/Users/emili/.m2/repository/com/github/almasb/fxgl/17.3/fxgl-17.3.jar!/fxglassets/textures/fxgl_icon.png
18:03:50.680 [JavaFX Application Thread] DEBUG FXGLAssetLoaderServi - Loading from file system: jar:file:///C:/Users/emili/.m2/repository/com/github/almasb/fxgl/17.3/fxgl-17.3.jar!/fxglassets/textures/fxgl_default_cursor.png
18:03:50.704 [JavaFX Application Thread] DEBUG Input                - Registered new binding: Screenshot - CTRL+8
18:03:50.706 [JavaFX Application Thread] DEBUG Input                - Registered new binding: System info dump - CTRL+9
18:03:50.708 [JavaFX Application Thread] DEBUG Input                - Registered new binding: Restart - CTRL+R
18:03:50.711 [JavaFX Application Thread] DEBUG Input                - Registered new binding: Toggle Debug Camera - CTRL+7
18:03:50.722 [JavaFX Application Thread] DEBUG LoopRunner           - Starting loop
18:03:50.722 [JavaFX Application Thread] DEBUG LoopRunner           - Initializing JavaFX AnimationTimerLoop
18:03:50.724 [FXGL Background Thread 4 ] DEBUG FXGLAssetLoaderServi - Loading from file system: jar:file:///C:/Users/emili/.m2/repository/com/github/almasb/fxgl/17.3/fxgl-17.3.jar!/fxglassets/ui/fonts/Abel-Regular.ttf
18:03:50.727 [FXGL Background Thread 4 ] DEBUG FXGLAssetLoaderServi - Loading from file system: jar:file:///C:/Users/emili/.m2/repository/com/github/almasb/fxgl/17.3/fxgl-17.3.jar!/fxglassets/ui/fonts/TerminalLandMono-Regular.otf
18:03:50.728 [JavaFX Application Thread] DEBUG GameApplicationServi - Starting new game
18:03:50.728 [JavaFX Application Thread] DEBUG Input                - Clearing active input actions
18:03:50.731 [FXGL Background Thread 4 ] DEBUG FXGLAssetLoaderServi - Loading from file system: jar:file:///C:/Users/emili/.m2/repository/com/github/almasb/fxgl/17.3/fxgl-17.3.jar!/fxglassets/ui/fonts/Courier-Prime.ttf
18:03:50.745 [JavaFX Application Thread] DEBUG GameApplicationServi - Removing overlay from FXGLStartupScene and adding to FXGLLoadingScene
18:03:50.746 [JavaFX Application Thread] DEBUG PrimaryStageWindow   - FXGLStartupScene -> FXGLLoadingScene
18:03:50.746 [JavaFX Application Thread] DEBUG GameApplicationServi - Clearing previous game
18:03:50.746 [JavaFX Application Thread] DEBUG GameScene            - Clearing game scene
18:03:50.746 [JavaFX Application Thread] DEBUG GameWorld            - Clearing game world
18:03:50.746 [JavaFX Application Thread] DEBUG PhysicsWorld         - Clearing physics world
18:03:50.750 [FXGL Background Thread 4 ] DEBUG FXGLApplication      - Initializing game
18:03:50.764 [FXGL Background Thread 4 ] DEBUG FXGLAssetLoaderServi - Loading from file system: file:/C:/Users/emili/OneDrive/Escritorio/UP/Septimo%20cuatrimestre/programacion%20concurrente/corte%203/Simulador-restaurante/target/classes/assets/textures/wood_floor.jpg
18:03:50.795 [FXGL Background Thread 4 ] DEBUG FXGLAssetLoaderServi - Loading from file system: file:/C:/Users/emili/OneDrive/Escritorio/UP/Septimo%20cuatrimestre/programacion%20concurrente/corte%203/Simulador-restaurante/target/classes/assets/textures/receptionist.png
18:03:50.801 [FXGL Background Thread 4 ] DEBUG FXGLAssetLoaderServi - Loading from file system: file:/C:/Users/emili/OneDrive/Escritorio/UP/Septimo%20cuatrimestre/programacion%20concurrente/corte%203/Simulador-restaurante/target/classes/assets/textures/table.png
18:03:50.804 [JavaFX Application Thread] DEBUG FXGLApplication      - Registering font factories with UI factory
18:03:50.818 [FXGL Background Thread 4 ] DEBUG FXGLAssetLoaderServi - Loading from file system: file:/C:/Users/emili/OneDrive/Escritorio/UP/Septimo%20cuatrimestre/programacion%20concurrente/corte%203/Simulador-restaurante/target/classes/assets/textures/chef.png
18:03:50.825 [FXGL Background Thread 4 ] INFO  FXGLApplication      - Game initialization took: 0.074 sec
18:03:50.901 [JavaFX Application Thread] DEBUG Input                - Clearing active input actions
18:03:50.910 [JavaFX Application Thread] DEBUG GameApplicationServi - Removing overlay from FXGLLoadingScene and adding to GameScene
18:03:50.911 [JavaFX Application Thread] DEBUG PrimaryStageWindow   - FXGLLoadingScene -> GameScene
18:03:51.235 [FXGL Background Thread 2 ] INFO  UpdaterService       - Your current version:  17.3
18:03:51.235 [FXGL Background Thread 2 ] INFO  UpdaterService       - Latest stable version: 21.1
18:03:53.226 [JavaFX Application Thread] DEBUG FXGLApplication      - Exiting FXGL
18:03:53.226 [JavaFX Application Thread] DEBUG LoopRunner           - Stopping loop
18:03:53.226 [JavaFX Application Thread] DEBUG SystemBundleService  - Saving FXGL system data
18:03:53.228 [JavaFX Application Thread] DEBUG FileSystemAccess     - Writing to: C:\Users\emili\OneDrive\Escritorio\UP\Septimo cuatrimestre\programacion concurrente\corte 3\Simulador-restaurante\system\fxgl.bundle
18:03:53.230 [JavaFX Application Thread] DEBUG Async                - Shutting down background threads
18:03:53.230 [JavaFX Application Thread] DEBUG PrimaryStageWindow   - Closing main window
18:03:53.245 [JavaFX Application Thread] DEBUG Logger               - Closing Logger
